-- The C compiler identification is GNU 7.5.0
-- The CXX compiler identification is GNU 7.5.0
-- Check for working C compiler: /usr/bin/cc
-- Check for working C compiler: /usr/bin/cc -- works
-- Detecting C compiler ABI info
-- Detecting C compiler ABI info - done
-- Detecting C compile features
-- Detecting C compile features - done
-- Check for working CXX compiler: /usr/bin/c++
-- Check for working CXX compiler: /usr/bin/c++ -- works
-- Detecting CXX compiler ABI info
-- Detecting CXX compiler ABI info - done
-- Detecting CXX compile features
-- Detecting CXX compile features - done
-- Found ament_cmake: 0.7.5 (/opt/ros/dashing/share/ament_cmake/cmake)
-- Found PythonInterp: /usr/bin/python3 (found suitable version "3.6.9", minimum required is "3") 
-- Using PYTHON_EXECUTABLE: /usr/bin/python3
-- Found rclcpp: 0.7.14 (/opt/ros/dashing/share/rclcpp/cmake)
-- Found rosidl_adapter: 0.7.9 (/opt/ros/dashing/share/rosidl_adapter/cmake)
-- Found rmw_implementation_cmake: 0.7.2 (/opt/ros/dashing/share/rmw_implementation_cmake/cmake)
-- Using RMW implementation 'rmw_fastrtps_cpp' as default
-- Looking for pthread.h
-- Looking for pthread.h - found
-- Looking for pthread_create
-- Looking for pthread_create - not found
-- Looking for pthread_create in pthreads
-- Looking for pthread_create in pthreads - not found
-- Looking for pthread_create in pthread
-- Looking for pthread_create in pthread - found
-- Found Threads: TRUE  
-- Found std_msgs: 0.7.0 (/opt/ros/dashing/share/std_msgs/cmake)
-- Found sensor_msgs: 0.7.0 (/opt/ros/dashing/share/sensor_msgs/cmake)
-- Configuring done
-- Generating done
-- Build files have been written to: /home/vdr/ros2/build/subpub
[35m[1mScanning dependencies of target talker[0m
[35m[1mScanning dependencies of target listener[0m
[ 25%] [32mBuilding CXX object CMakeFiles/talker.dir/src/talker.cpp.o[0m
[ 50%] [32mBuilding CXX object CMakeFiles/listener.dir/src/listener.cpp.o[0m
[ 75%] [32m[1mLinking CXX executable talker[0m
[ 75%] Built target talker
[100%] [32m[1mLinking CXX executable listener[0m
[100%] Built target listener
[100%] Built target talker
[100%] Built target listener
[36mInstall the project...[0m
-- Install configuration: ""
-- Installing: /home/vdr/ros2/install/subpub/lib/subpub/talker
-- Set runtime path of "/home/vdr/ros2/install/subpub/lib/subpub/talker" to ""
-- Installing: /home/vdr/ros2/install/subpub/lib/subpub/listener
-- Set runtime path of "/home/vdr/ros2/install/subpub/lib/subpub/listener" to ""
-- Installing: /home/vdr/ros2/install/subpub/share/ament_index/resource_index/package_run_dependencies/subpub
-- Installing: /home/vdr/ros2/install/subpub/share/ament_index/resource_index/parent_prefix_path/subpub
-- Installing: /home/vdr/ros2/install/subpub/share/subpub/environment/ament_prefix_path.sh
-- Installing: /home/vdr/ros2/install/subpub/share/subpub/environment/path.sh
-- Installing: /home/vdr/ros2/install/subpub/share/subpub/local_setup.bash
-- Installing: /home/vdr/ros2/install/subpub/share/subpub/local_setup.sh
-- Installing: /home/vdr/ros2/install/subpub/share/subpub/local_setup.zsh
-- Installing: /home/vdr/ros2/install/subpub/share/ament_index/resource_index/packages/subpub
-- Installing: /home/vdr/ros2/install/subpub/share/subpub/cmake/subpubConfig.cmake
-- Installing: /home/vdr/ros2/install/subpub/share/subpub/cmake/subpubConfig-version.cmake
-- Installing: /home/vdr/ros2/install/subpub/share/subpub/package.xml
