[0.064s] Invoking command in '/home/frederik/git/20gr560/ros_ws/build/turtlesim': CMAKE_PREFIX_PATH=${CMAKE_PREFIX_PATH}:/home/frederik/ros2_foxy/install/ros2bag:/home/frederik/ros2_foxy/install/tracetools_launch:/home/frederik/ros2_foxy/install/topic_monitor:/home/frederik/ros2_foxy/install/examples_tf2_py:/home/frederik/ros2_foxy/install/sros2:/home/frederik/ros2_foxy/install/rqt_topic:/home/frederik/ros2_foxy/install/rqt_reconfigure:/home/frederik/ros2_foxy/install/rqt_action:/home/frederik/ros2_foxy/install/rqt:/home/frederik/ros2_foxy/install/rqt_graph:/home/frederik/ros2_foxy/install/rqt_gui_py:/home/frederik/ros2_foxy/install/rqt_gui:/home/frederik/ros2_foxy/install/ros2trace:/home/frederik/ros2_foxy/install/ros2topic:/home/frederik/ros2_foxy/install/ros2test:/home/frederik/ros2_foxy/install/ros2component:/home/frederik/ros2_foxy/install/ros2param:/home/frederik/ros2_foxy/install/ros2lifecycle:/home/frederik/ros2_foxy/install/ros2service:/home/frederik/ros2_foxy/install/ros2run:/home/frederik/ros2_foxy/install/ros2launch:/home/frederik/ros2_foxy/install/ros2pkg:/home/frederik/ros2_foxy/install/ros2node:/home/frederik/ros2_foxy/install/ros2multicast:/home/frederik/ros2_foxy/install/ros2interface:/home/frederik/ros2_foxy/install/ros2doctor:/home/frederik/ros2_foxy/install/ros2action:/home/frederik/ros2_foxy/install/ros2cli:/home/frederik/ros2_foxy/install/quality_of_service_demo_py:/home/frederik/ros2_foxy/install/launch_testing_ros:/home/frederik/ros2_foxy/install/launch_ros:/home/frederik/ros2_foxy/install/examples_rclpy_minimal_subscriber:/home/frederik/ros2_foxy/install/examples_rclpy_minimal_service:/home/frederik/ros2_foxy/install/examples_rclpy_minimal_publisher:/home/frederik/ros2_foxy/install/examples_rclpy_minimal_client:/home/frederik/ros2_foxy/install/examples_rclpy_minimal_action_server:/home/frederik/ros2_foxy/install/examples_rclpy_minimal_action_client:/home/frederik/ros2_foxy/install/examples_rclpy_executors:/home/frederik/ros2_foxy/install/demo_nodes_py:/home/frederik/ros2_foxy/install/action_tutorials_py:/home/frederik/ros2_foxy/install/ament_uncrustify:/home/frederik/ros2_foxy/install/tracetools_trace:/home/frederik/ros2_foxy/install/tracetools_read:/home/frederik/ros2_foxy/install/test_launch_ros:/home/frederik/ros2_foxy/install/rpyutils:/home/frederik/ros2_foxy/install/rosidl_runtime_py:/home/frederik/ros2_foxy/install/launch_yaml:/home/frederik/ros2_foxy/install/launch_xml:/home/frederik/ros2_foxy/install/launch_testing:/home/frederik/ros2_foxy/install/launch:/home/frederik/ros2_foxy/install/osrf_pycommon:/home/frederik/ros2_foxy/install/domain_coordinator:/home/frederik/ros2_foxy/install/ament_xmllint:/home/frederik/ros2_foxy/install/ament_pyflakes:/home/frederik/ros2_foxy/install/ament_pycodestyle:/home/frederik/ros2_foxy/install/ament_pep257:/home/frederik/ros2_foxy/install/ament_pclint:/home/frederik/ros2_foxy/install/ament_package:/home/frederik/ros2_foxy/install/ament_mypy:/home/frederik/ros2_foxy/install/ament_lint_cmake:/home/frederik/ros2_foxy/install/ament_flake8:/home/frederik/ros2_foxy/install/ament_copyright:/home/frederik/ros2_foxy/install/ament_lint:/home/frederik/ros2_foxy/install/ament_index_python:/home/frederik/ros2_foxy/install/ament_cpplint:/home/frederik/ros2_foxy/install/ament_cppcheck:/home/frederik/ros2_foxy/install/ament_clang_tidy:/home/frederik/ros2_foxy/install/ament_clang_format /usr/bin/cmake /home/frederik/git/20gr560/ros_ws/src/ros_tutorials/turtlesim -DCMAKE_INSTALL_PREFIX=/home/frederik/git/20gr560/ros_ws/install/turtlesim
[0.199s] -- The C compiler identification is GNU 9.3.0
[0.341s] -- The CXX compiler identification is GNU 9.3.0
[0.364s] -- Check for working C compiler: /usr/bin/cc
[0.532s] -- Check for working C compiler: /usr/bin/cc -- works
[0.533s] -- Detecting C compiler ABI info
[0.695s] -- Detecting C compiler ABI info - done
[0.713s] -- Detecting C compile features
[0.714s] -- Detecting C compile features - done
[0.717s] -- Check for working CXX compiler: /usr/bin/c++
[0.890s] -- Check for working CXX compiler: /usr/bin/c++ -- works
[0.891s] -- Detecting CXX compiler ABI info
[1.079s] -- Detecting CXX compiler ABI info - done
[1.096s] -- Detecting CXX compile features
[1.097s] -- Detecting CXX compile features - done
[1.117s] -- Found ament_cmake: 0.9.6 (/home/frederik/ros2_foxy/install/ament_cmake/share/ament_cmake/cmake)
[1.676s] -- Found PythonInterp: /usr/bin/python3 (found suitable version "3.8.5", minimum required is "3") 
[1.677s] -- Using PYTHON_EXECUTABLE: /usr/bin/python3
[2.922s] -- Found ament_index_cpp: 1.0.0 (/home/frederik/ros2_foxy/install/ament_index_cpp/share/ament_index_cpp/cmake)
[2.936s] -- Found geometry_msgs: 2.0.3 (/home/frederik/ros2_foxy/install/geometry_msgs/share/geometry_msgs/cmake)
[3.129s] -- Using all available rosidl_typesupport_c: rosidl_typesupport_introspection_c;rosidl_typesupport_fastrtps_c
[3.179s] -- Found rosidl_adapter: 1.1.0 (/home/frederik/ros2_foxy/install/rosidl_adapter/share/rosidl_adapter/cmake)
[3.412s] -- Found FastRTPS: /home/frederik/ros2_foxy/install/fastrtps/include  
[3.671s] -- Using all available rosidl_typesupport_cpp: rosidl_typesupport_introspection_cpp;rosidl_typesupport_fastrtps_cpp
[3.882s] -- Found rclcpp: 2.1.0 (/home/frederik/ros2_foxy/install/rclcpp/share/rclcpp/cmake)
[4.089s] -- Found rmw_implementation_cmake: 1.0.1 (/home/frederik/ros2_foxy/install/rmw_implementation_cmake/share/rmw_implementation_cmake/cmake)
[4.145s] -- Using RMW implementation 'rmw_fastrtps_cpp' as default
[4.147s] -- Looking for pthread.h
[4.332s] -- Looking for pthread.h - found
[4.332s] -- Performing Test CMAKE_HAVE_LIBC_PTHREAD
[4.505s] -- Performing Test CMAKE_HAVE_LIBC_PTHREAD - Failed
[4.505s] -- Looking for pthread_create in pthreads
[4.651s] -- Looking for pthread_create in pthreads - not found
[4.651s] -- Looking for pthread_create in pthread
[4.819s] -- Looking for pthread_create in pthread - found
[4.820s] -- Found Threads: TRUE  
[5.109s] -- Found rclcpp_action: 2.1.0 (/home/frederik/ros2_foxy/install/rclcpp_action/share/rclcpp_action/cmake)
[5.239s] -- Found rosidl_default_generators: 1.0.0 (/home/frederik/ros2_foxy/install/rosidl_default_generators/share/rosidl_default_generators/cmake)
[5.386s] -- Found std_srvs: 2.0.3 (/home/frederik/ros2_foxy/install/std_srvs/share/std_srvs/cmake)
[5.877s] -- Found PythonInterp: /usr/bin/python3 (found version "3.8.5") 
[7.319s] -- Found ament_cmake_ros: 0.9.0 (/home/frederik/ros2_foxy/install/ament_cmake_ros/share/ament_cmake_ros/cmake)
[7.956s] -- Using all available rosidl_typesupport_c: rosidl_typesupport_introspection_c;rosidl_typesupport_fastrtps_c
[8.250s] -- Using all available rosidl_typesupport_cpp: rosidl_typesupport_introspection_cpp;rosidl_typesupport_fastrtps_cpp
[8.862s] -- Found PythonInterp: /usr/bin/python3 (found suitable version "3.8.5", minimum required is "3.5") 
[8.884s] -- Found python_cmake_module: 0.8.0 (/home/frederik/ros2_foxy/install/python_cmake_module/share/python_cmake_module/cmake)
[9.407s] -- Found PythonLibs: /usr/lib/x86_64-linux-gnu/libpython3.8.so (found suitable version "3.8.5", minimum required is "3.5") 
[9.407s] -- Using PYTHON_EXECUTABLE: /usr/bin/python3
[9.407s] -- Using PYTHON_INCLUDE_DIRS: /usr/include/python3.8
[9.407s] -- Using PYTHON_LIBRARIES: /usr/lib/x86_64-linux-gnu/libpython3.8.so
[9.884s] -- Found PythonExtra: .so  
[11.440s] -- Configuring done
[11.569s] -- Generating done
[11.573s] -- Build files have been written to: /home/frederik/git/20gr560/ros_ws/build/turtlesim
[11.586s] Invoked command in '/home/frederik/git/20gr560/ros_ws/build/turtlesim' returned '0': CMAKE_PREFIX_PATH=${CMAKE_PREFIX_PATH}:/home/frederik/ros2_foxy/install/ros2bag:/home/frederik/ros2_foxy/install/tracetools_launch:/home/frederik/ros2_foxy/install/topic_monitor:/home/frederik/ros2_foxy/install/examples_tf2_py:/home/frederik/ros2_foxy/install/sros2:/home/frederik/ros2_foxy/install/rqt_topic:/home/frederik/ros2_foxy/install/rqt_reconfigure:/home/frederik/ros2_foxy/install/rqt_action:/home/frederik/ros2_foxy/install/rqt:/home/frederik/ros2_foxy/install/rqt_graph:/home/frederik/ros2_foxy/install/rqt_gui_py:/home/frederik/ros2_foxy/install/rqt_gui:/home/frederik/ros2_foxy/install/ros2trace:/home/frederik/ros2_foxy/install/ros2topic:/home/frederik/ros2_foxy/install/ros2test:/home/frederik/ros2_foxy/install/ros2component:/home/frederik/ros2_foxy/install/ros2param:/home/frederik/ros2_foxy/install/ros2lifecycle:/home/frederik/ros2_foxy/install/ros2service:/home/frederik/ros2_foxy/install/ros2run:/home/frederik/ros2_foxy/install/ros2launch:/home/frederik/ros2_foxy/install/ros2pkg:/home/frederik/ros2_foxy/install/ros2node:/home/frederik/ros2_foxy/install/ros2multicast:/home/frederik/ros2_foxy/install/ros2interface:/home/frederik/ros2_foxy/install/ros2doctor:/home/frederik/ros2_foxy/install/ros2action:/home/frederik/ros2_foxy/install/ros2cli:/home/frederik/ros2_foxy/install/quality_of_service_demo_py:/home/frederik/ros2_foxy/install/launch_testing_ros:/home/frederik/ros2_foxy/install/launch_ros:/home/frederik/ros2_foxy/install/examples_rclpy_minimal_subscriber:/home/frederik/ros2_foxy/install/examples_rclpy_minimal_service:/home/frederik/ros2_foxy/install/examples_rclpy_minimal_publisher:/home/frederik/ros2_foxy/install/examples_rclpy_minimal_client:/home/frederik/ros2_foxy/install/examples_rclpy_minimal_action_server:/home/frederik/ros2_foxy/install/examples_rclpy_minimal_action_client:/home/frederik/ros2_foxy/install/examples_rclpy_executors:/home/frederik/ros2_foxy/install/demo_nodes_py:/home/frederik/ros2_foxy/install/action_tutorials_py:/home/frederik/ros2_foxy/install/ament_uncrustify:/home/frederik/ros2_foxy/install/tracetools_trace:/home/frederik/ros2_foxy/install/tracetools_read:/home/frederik/ros2_foxy/install/test_launch_ros:/home/frederik/ros2_foxy/install/rpyutils:/home/frederik/ros2_foxy/install/rosidl_runtime_py:/home/frederik/ros2_foxy/install/launch_yaml:/home/frederik/ros2_foxy/install/launch_xml:/home/frederik/ros2_foxy/install/launch_testing:/home/frederik/ros2_foxy/install/launch:/home/frederik/ros2_foxy/install/osrf_pycommon:/home/frederik/ros2_foxy/install/domain_coordinator:/home/frederik/ros2_foxy/install/ament_xmllint:/home/frederik/ros2_foxy/install/ament_pyflakes:/home/frederik/ros2_foxy/install/ament_pycodestyle:/home/frederik/ros2_foxy/install/ament_pep257:/home/frederik/ros2_foxy/install/ament_pclint:/home/frederik/ros2_foxy/install/ament_package:/home/frederik/ros2_foxy/install/ament_mypy:/home/frederik/ros2_foxy/install/ament_lint_cmake:/home/frederik/ros2_foxy/install/ament_flake8:/home/frederik/ros2_foxy/install/ament_copyright:/home/frederik/ros2_foxy/install/ament_lint:/home/frederik/ros2_foxy/install/ament_index_python:/home/frederik/ros2_foxy/install/ament_cpplint:/home/frederik/ros2_foxy/install/ament_cppcheck:/home/frederik/ros2_foxy/install/ament_clang_tidy:/home/frederik/ros2_foxy/install/ament_clang_format /usr/bin/cmake /home/frederik/git/20gr560/ros_ws/src/ros_tutorials/turtlesim -DCMAKE_INSTALL_PREFIX=/home/frederik/git/20gr560/ros_ws/install/turtlesim
[11.591s] Invoking command in '/home/frederik/git/20gr560/ros_ws/build/turtlesim': CMAKE_PREFIX_PATH=${CMAKE_PREFIX_PATH}:/home/frederik/ros2_foxy/install/ros2bag:/home/frederik/ros2_foxy/install/tracetools_launch:/home/frederik/ros2_foxy/install/topic_monitor:/home/frederik/ros2_foxy/install/examples_tf2_py:/home/frederik/ros2_foxy/install/sros2:/home/frederik/ros2_foxy/install/rqt_topic:/home/frederik/ros2_foxy/install/rqt_reconfigure:/home/frederik/ros2_foxy/install/rqt_action:/home/frederik/ros2_foxy/install/rqt:/home/frederik/ros2_foxy/install/rqt_graph:/home/frederik/ros2_foxy/install/rqt_gui_py:/home/frederik/ros2_foxy/install/rqt_gui:/home/frederik/ros2_foxy/install/ros2trace:/home/frederik/ros2_foxy/install/ros2topic:/home/frederik/ros2_foxy/install/ros2test:/home/frederik/ros2_foxy/install/ros2component:/home/frederik/ros2_foxy/install/ros2param:/home/frederik/ros2_foxy/install/ros2lifecycle:/home/frederik/ros2_foxy/install/ros2service:/home/frederik/ros2_foxy/install/ros2run:/home/frederik/ros2_foxy/install/ros2launch:/home/frederik/ros2_foxy/install/ros2pkg:/home/frederik/ros2_foxy/install/ros2node:/home/frederik/ros2_foxy/install/ros2multicast:/home/frederik/ros2_foxy/install/ros2interface:/home/frederik/ros2_foxy/install/ros2doctor:/home/frederik/ros2_foxy/install/ros2action:/home/frederik/ros2_foxy/install/ros2cli:/home/frederik/ros2_foxy/install/quality_of_service_demo_py:/home/frederik/ros2_foxy/install/launch_testing_ros:/home/frederik/ros2_foxy/install/launch_ros:/home/frederik/ros2_foxy/install/examples_rclpy_minimal_subscriber:/home/frederik/ros2_foxy/install/examples_rclpy_minimal_service:/home/frederik/ros2_foxy/install/examples_rclpy_minimal_publisher:/home/frederik/ros2_foxy/install/examples_rclpy_minimal_client:/home/frederik/ros2_foxy/install/examples_rclpy_minimal_action_server:/home/frederik/ros2_foxy/install/examples_rclpy_minimal_action_client:/home/frederik/ros2_foxy/install/examples_rclpy_executors:/home/frederik/ros2_foxy/install/demo_nodes_py:/home/frederik/ros2_foxy/install/action_tutorials_py:/home/frederik/ros2_foxy/install/ament_uncrustify:/home/frederik/ros2_foxy/install/tracetools_trace:/home/frederik/ros2_foxy/install/tracetools_read:/home/frederik/ros2_foxy/install/test_launch_ros:/home/frederik/ros2_foxy/install/rpyutils:/home/frederik/ros2_foxy/install/rosidl_runtime_py:/home/frederik/ros2_foxy/install/launch_yaml:/home/frederik/ros2_foxy/install/launch_xml:/home/frederik/ros2_foxy/install/launch_testing:/home/frederik/ros2_foxy/install/launch:/home/frederik/ros2_foxy/install/osrf_pycommon:/home/frederik/ros2_foxy/install/domain_coordinator:/home/frederik/ros2_foxy/install/ament_xmllint:/home/frederik/ros2_foxy/install/ament_pyflakes:/home/frederik/ros2_foxy/install/ament_pycodestyle:/home/frederik/ros2_foxy/install/ament_pep257:/home/frederik/ros2_foxy/install/ament_pclint:/home/frederik/ros2_foxy/install/ament_package:/home/frederik/ros2_foxy/install/ament_mypy:/home/frederik/ros2_foxy/install/ament_lint_cmake:/home/frederik/ros2_foxy/install/ament_flake8:/home/frederik/ros2_foxy/install/ament_copyright:/home/frederik/ros2_foxy/install/ament_lint:/home/frederik/ros2_foxy/install/ament_index_python:/home/frederik/ros2_foxy/install/ament_cpplint:/home/frederik/ros2_foxy/install/ament_cppcheck:/home/frederik/ros2_foxy/install/ament_clang_tidy:/home/frederik/ros2_foxy/install/ament_clang_format /usr/bin/cmake --build /home/frederik/git/20gr560/ros_ws/build/turtlesim -- -j4 -l4
[11.732s] [  1%] [34m[1mGenerating C code for ROS interfaces[0m
[11.732s] [35m[1mScanning dependencies of target turtlesim__cpp[0m
[11.773s] [  2%] [34m[1mGenerating C++ code for ROS interfaces[0m
[13.981s] [  2%] Built target turtlesim__cpp
[14.025s] [  3%] [34m[1mGenerating C++ type support dispatch for ROS interfaces[0m
[14.025s] [  4%] [34m[1mGenerating C++ type support for eProsima Fast-RTPS[0m
[14.045s] [  5%] [34m[1mGenerating C++ introspection for ROS interfaces[0m
[14.050s] [35m[1mScanning dependencies of target turtlesim__rosidl_generator_c[0m
[14.105s] [  6%] [32mBuilding C object CMakeFiles/turtlesim__rosidl_generator_c.dir/rosidl_generator_c/turtlesim/action/detail/rotate_absolute__functions.c.o[0m
[14.346s] [  7%] [32mBuilding C object CMakeFiles/turtlesim__rosidl_generator_c.dir/rosidl_generator_c/turtlesim/msg/detail/color__functions.c.o[0m
[14.470s] [  8%] [32mBuilding C object CMakeFiles/turtlesim__rosidl_generator_c.dir/rosidl_generator_c/turtlesim/msg/detail/pose__functions.c.o[0m
[14.597s] [  9%] [32mBuilding C object CMakeFiles/turtlesim__rosidl_generator_c.dir/rosidl_generator_c/turtlesim/srv/detail/kill__functions.c.o[0m
[14.751s] [ 10%] [32mBuilding C object CMakeFiles/turtlesim__rosidl_generator_c.dir/rosidl_generator_c/turtlesim/srv/detail/set_pen__functions.c.o[0m
[14.887s] [ 11%] [32mBuilding C object CMakeFiles/turtlesim__rosidl_generator_c.dir/rosidl_generator_c/turtlesim/srv/detail/spawn__functions.c.o[0m
[15.043s] [ 12%] [32mBuilding C object CMakeFiles/turtlesim__rosidl_generator_c.dir/rosidl_generator_c/turtlesim/srv/detail/teleport_absolute__functions.c.o[0m
[15.182s] [ 13%] [32mBuilding C object CMakeFiles/turtlesim__rosidl_generator_c.dir/rosidl_generator_c/turtlesim/srv/detail/teleport_relative__functions.c.o[0m
[15.310s] [ 14%] [32m[1mLinking C shared library libturtlesim__rosidl_generator_c.so[0m
[15.438s] [ 14%] Built target turtlesim__rosidl_generator_c
[15.475s] [ 15%] [34m[1mGenerating C type support dispatch for ROS interfaces[0m
[16.506s] [35m[1mScanning dependencies of target turtlesim__rosidl_typesupport_cpp[0m
[16.577s] [ 16%] [32mBuilding CXX object CMakeFiles/turtlesim__rosidl_typesupport_cpp.dir/rosidl_typesupport_cpp/turtlesim/action/rotate_absolute__type_support.cpp.o[0m
[16.839s] [35m[1mScanning dependencies of target turtlesim__rosidl_typesupport_introspection_cpp[0m
[16.897s] [ 17%] [32mBuilding CXX object CMakeFiles/turtlesim__rosidl_typesupport_introspection_cpp.dir/rosidl_typesupport_introspection_cpp/turtlesim/action/detail/rotate_absolute__type_support.cpp.o[0m
[17.358s] [35m[1mScanning dependencies of target turtlesim__rosidl_typesupport_fastrtps_cpp[0m
[17.455s] [ 18%] [32mBuilding CXX object CMakeFiles/turtlesim__rosidl_typesupport_fastrtps_cpp.dir/rosidl_typesupport_fastrtps_cpp/turtlesim/action/detail/dds_fastrtps/rotate_absolute__type_support.cpp.o[0m
[17.488s] [ 19%] [32mBuilding CXX object CMakeFiles/turtlesim__rosidl_typesupport_cpp.dir/rosidl_typesupport_cpp/turtlesim/msg/color__type_support.cpp.o[0m
[17.733s] [ 20%] [32mBuilding CXX object CMakeFiles/turtlesim__rosidl_typesupport_introspection_cpp.dir/rosidl_typesupport_introspection_cpp/turtlesim/msg/detail/color__type_support.cpp.o[0m
[17.914s] [35m[1mScanning dependencies of target turtlesim__rosidl_typesupport_c[0m
[17.982s] [ 21%] [32mBuilding CXX object CMakeFiles/turtlesim__rosidl_typesupport_c.dir/rosidl_typesupport_c/turtlesim/action/rotate_absolute__type_support.cpp.o[0m
[18.141s] [ 22%] [32mBuilding CXX object CMakeFiles/turtlesim__rosidl_typesupport_c.dir/rosidl_typesupport_c/turtlesim/msg/color__type_support.cpp.o[0m
[18.231s] [ 23%] [32mBuilding CXX object CMakeFiles/turtlesim__rosidl_typesupport_c.dir/rosidl_typesupport_c/turtlesim/msg/pose__type_support.cpp.o[0m
[18.232s] [ 24%] [32mBuilding CXX object CMakeFiles/turtlesim__rosidl_typesupport_cpp.dir/rosidl_typesupport_cpp/turtlesim/msg/pose__type_support.cpp.o[0m
[18.337s] [ 25%] [32mBuilding CXX object CMakeFiles/turtlesim__rosidl_typesupport_c.dir/rosidl_typesupport_c/turtlesim/srv/kill__type_support.cpp.o[0m
[18.438s] [ 26%] [32mBuilding CXX object CMakeFiles/turtlesim__rosidl_typesupport_c.dir/rosidl_typesupport_c/turtlesim/srv/set_pen__type_support.cpp.o[0m
[18.493s] [ 27%] [32mBuilding CXX object CMakeFiles/turtlesim__rosidl_typesupport_introspection_cpp.dir/rosidl_typesupport_introspection_cpp/turtlesim/msg/detail/pose__type_support.cpp.o[0m
[18.549s] [ 28%] [32mBuilding CXX object CMakeFiles/turtlesim__rosidl_typesupport_c.dir/rosidl_typesupport_c/turtlesim/srv/spawn__type_support.cpp.o[0m
[18.648s] [ 29%] [32mBuilding CXX object CMakeFiles/turtlesim__rosidl_typesupport_c.dir/rosidl_typesupport_c/turtlesim/srv/teleport_absolute__type_support.cpp.o[0m
[18.664s] [ 30%] [32mBuilding CXX object CMakeFiles/turtlesim__rosidl_typesupport_fastrtps_cpp.dir/rosidl_typesupport_fastrtps_cpp/turtlesim/msg/detail/dds_fastrtps/color__type_support.cpp.o[0m
[18.744s] [ 31%] [32mBuilding CXX object CMakeFiles/turtlesim__rosidl_typesupport_c.dir/rosidl_typesupport_c/turtlesim/srv/teleport_relative__type_support.cpp.o[0m
[18.844s] [ 32%] [32m[1mLinking CXX shared library libturtlesim__rosidl_typesupport_c.so[0m
[18.971s] [ 32%] Built target turtlesim__rosidl_typesupport_c
[18.985s] [ 33%] [32mBuilding CXX object CMakeFiles/turtlesim__rosidl_typesupport_cpp.dir/rosidl_typesupport_cpp/turtlesim/srv/kill__type_support.cpp.o[0m
[19.015s] [ 34%] [34m[1mGenerating C introspection for ROS interfaces[0m
[19.212s] [ 35%] [32mBuilding CXX object CMakeFiles/turtlesim__rosidl_typesupport_introspection_cpp.dir/rosidl_typesupport_introspection_cpp/turtlesim/srv/detail/kill__type_support.cpp.o[0m
[19.698s] [ 36%] [32mBuilding CXX object CMakeFiles/turtlesim__rosidl_typesupport_fastrtps_cpp.dir/rosidl_typesupport_fastrtps_cpp/turtlesim/msg/detail/dds_fastrtps/pose__type_support.cpp.o[0m
[19.767s] [ 37%] [32mBuilding CXX object CMakeFiles/turtlesim__rosidl_typesupport_cpp.dir/rosidl_typesupport_cpp/turtlesim/srv/set_pen__type_support.cpp.o[0m
[19.944s] [ 38%] [32mBuilding CXX object CMakeFiles/turtlesim__rosidl_typesupport_introspection_cpp.dir/rosidl_typesupport_introspection_cpp/turtlesim/srv/detail/set_pen__type_support.cpp.o[0m
[20.532s] [ 39%] [32mBuilding CXX object CMakeFiles/turtlesim__rosidl_typesupport_cpp.dir/rosidl_typesupport_cpp/turtlesim/srv/spawn__type_support.cpp.o[0m
[20.677s] [ 40%] [32mBuilding CXX object CMakeFiles/turtlesim__rosidl_typesupport_introspection_cpp.dir/rosidl_typesupport_introspection_cpp/turtlesim/srv/detail/spawn__type_support.cpp.o[0m
[20.743s] [ 41%] [32mBuilding CXX object CMakeFiles/turtlesim__rosidl_typesupport_fastrtps_cpp.dir/rosidl_typesupport_fastrtps_cpp/turtlesim/srv/detail/dds_fastrtps/kill__type_support.cpp.o[0m
[21.337s] [ 42%] [32mBuilding CXX object CMakeFiles/turtlesim__rosidl_typesupport_cpp.dir/rosidl_typesupport_cpp/turtlesim/srv/teleport_absolute__type_support.cpp.o[0m
[21.416s] [ 43%] [32mBuilding CXX object CMakeFiles/turtlesim__rosidl_typesupport_introspection_cpp.dir/rosidl_typesupport_introspection_cpp/turtlesim/srv/detail/teleport_absolute__type_support.cpp.o[0m
[21.793s] [ 44%] [32mBuilding CXX object CMakeFiles/turtlesim__rosidl_typesupport_fastrtps_cpp.dir/rosidl_typesupport_fastrtps_cpp/turtlesim/srv/detail/dds_fastrtps/set_pen__type_support.cpp.o[0m
[22.091s] [ 45%] [32mBuilding CXX object CMakeFiles/turtlesim__rosidl_typesupport_cpp.dir/rosidl_typesupport_cpp/turtlesim/srv/teleport_relative__type_support.cpp.o[0m
[22.153s] [ 46%] [32mBuilding CXX object CMakeFiles/turtlesim__rosidl_typesupport_introspection_cpp.dir/rosidl_typesupport_introspection_cpp/turtlesim/srv/detail/teleport_relative__type_support.cpp.o[0m
[22.289s] [35m[1mScanning dependencies of target turtlesim__rosidl_typesupport_introspection_c[0m
[22.367s] [ 47%] [32mBuilding C object CMakeFiles/turtlesim__rosidl_typesupport_introspection_c.dir/rosidl_typesupport_introspection_c/turtlesim/action/detail/rotate_absolute__type_support.c.o[0m
[22.514s] [ 48%] [32mBuilding C object CMakeFiles/turtlesim__rosidl_typesupport_introspection_c.dir/rosidl_typesupport_introspection_c/turtlesim/msg/detail/color__type_support.c.o[0m
[22.633s] [ 49%] [32mBuilding C object CMakeFiles/turtlesim__rosidl_typesupport_introspection_c.dir/rosidl_typesupport_introspection_c/turtlesim/msg/detail/pose__type_support.c.o[0m
[22.764s] [ 50%] [32mBuilding C object CMakeFiles/turtlesim__rosidl_typesupport_introspection_c.dir/rosidl_typesupport_introspection_c/turtlesim/srv/detail/kill__type_support.c.o[0m
[22.804s] [ 51%] [32m[1mLinking CXX shared library libturtlesim__rosidl_typesupport_cpp.so[0m
[22.858s] [ 52%] [32mBuilding CXX object CMakeFiles/turtlesim__rosidl_typesupport_fastrtps_cpp.dir/rosidl_typesupport_fastrtps_cpp/turtlesim/srv/detail/dds_fastrtps/spawn__type_support.cpp.o[0m
[22.884s] [ 53%] [32mBuilding C object CMakeFiles/turtlesim__rosidl_typesupport_introspection_c.dir/rosidl_typesupport_introspection_c/turtlesim/srv/detail/set_pen__type_support.c.o[0m
[22.903s] [ 54%] [32m[1mLinking CXX shared library libturtlesim__rosidl_typesupport_introspection_cpp.so[0m
[22.928s] [ 54%] Built target turtlesim__rosidl_typesupport_cpp
[22.965s] [ 55%] [32mBuilding C object CMakeFiles/turtlesim__rosidl_typesupport_introspection_c.dir/rosidl_typesupport_introspection_c/turtlesim/srv/detail/spawn__type_support.c.o[0m
[23.003s] [ 56%] [32mBuilding C object CMakeFiles/turtlesim__rosidl_typesupport_introspection_c.dir/rosidl_typesupport_introspection_c/turtlesim/srv/detail/teleport_absolute__type_support.c.o[0m
[23.066s] [ 57%] [32mBuilding C object CMakeFiles/turtlesim__rosidl_typesupport_introspection_c.dir/rosidl_typesupport_introspection_c/turtlesim/srv/detail/teleport_relative__type_support.c.o[0m
[23.113s] [ 57%] Built target turtlesim__rosidl_typesupport_introspection_cpp
[23.123s] [ 58%] [32mBuilding CXX object CMakeFiles/turtlesim__rosidl_typesupport_fastrtps_cpp.dir/rosidl_typesupport_fastrtps_cpp/turtlesim/srv/detail/dds_fastrtps/teleport_absolute__type_support.cpp.o[0m
[23.153s] [ 59%] [32mBuilding CXX object CMakeFiles/turtlesim__rosidl_typesupport_fastrtps_cpp.dir/rosidl_typesupport_fastrtps_cpp/turtlesim/srv/detail/dds_fastrtps/teleport_relative__type_support.cpp.o[0m
[23.173s] [ 60%] [32m[1mLinking C shared library libturtlesim__rosidl_typesupport_introspection_c.so[0m
[23.292s] [ 60%] Built target turtlesim__rosidl_typesupport_introspection_c
[24.055s] [ 61%] [32m[1mLinking CXX shared library libturtlesim__rosidl_typesupport_fastrtps_cpp.so[0m
[24.212s] [ 61%] Built target turtlesim__rosidl_typesupport_fastrtps_cpp
[24.247s] [ 62%] [34m[1mGenerating C type support for eProsima Fast-RTPS[0m
[25.787s] [35m[1mScanning dependencies of target turtlesim__rosidl_typesupport_fastrtps_c[0m
[25.860s] [ 63%] [32mBuilding CXX object CMakeFiles/turtlesim__rosidl_typesupport_fastrtps_c.dir/rosidl_typesupport_fastrtps_c/turtlesim/msg/detail/color__type_support_c.cpp.o[0m
[25.861s] [ 64%] [32mBuilding CXX object CMakeFiles/turtlesim__rosidl_typesupport_fastrtps_c.dir/rosidl_typesupport_fastrtps_c/turtlesim/msg/detail/pose__type_support_c.cpp.o[0m
[25.865s] [ 65%] [32mBuilding CXX object CMakeFiles/turtlesim__rosidl_typesupport_fastrtps_c.dir/rosidl_typesupport_fastrtps_c/turtlesim/action/detail/rotate_absolute__type_support_c.cpp.o[0m
[25.865s] [ 66%] [32mBuilding CXX object CMakeFiles/turtlesim__rosidl_typesupport_fastrtps_c.dir/rosidl_typesupport_fastrtps_c/turtlesim/srv/detail/kill__type_support_c.cpp.o[0m
[26.756s] [ 67%] [32mBuilding CXX object CMakeFiles/turtlesim__rosidl_typesupport_fastrtps_c.dir/rosidl_typesupport_fastrtps_c/turtlesim/srv/detail/set_pen__type_support_c.cpp.o[0m
[26.810s] [ 68%] [32mBuilding CXX object CMakeFiles/turtlesim__rosidl_typesupport_fastrtps_c.dir/rosidl_typesupport_fastrtps_c/turtlesim/srv/detail/spawn__type_support_c.cpp.o[0m
[26.857s] [ 69%] [32mBuilding CXX object CMakeFiles/turtlesim__rosidl_typesupport_fastrtps_c.dir/rosidl_typesupport_fastrtps_c/turtlesim/srv/detail/teleport_absolute__type_support_c.cpp.o[0m
[26.865s] [ 70%] [32mBuilding CXX object CMakeFiles/turtlesim__rosidl_typesupport_fastrtps_c.dir/rosidl_typesupport_fastrtps_c/turtlesim/srv/detail/teleport_relative__type_support_c.cpp.o[0m
[27.800s] [ 71%] [32m[1mLinking CXX shared library libturtlesim__rosidl_typesupport_fastrtps_c.so[0m
[27.946s] [ 71%] Built target turtlesim__rosidl_typesupport_fastrtps_c
[27.985s] [35m[1mScanning dependencies of target turtlesim[0m
[28.018s] [ 71%] Built target turtlesim
[28.058s] [35m[1mScanning dependencies of target mimic[0m
[28.058s] [35m[1mScanning dependencies of target turtlesim__py[0m
[28.058s] [35m[1mScanning dependencies of target draw_square[0m
[28.058s] [35m[1mScanning dependencies of target turtle_teleop_key[0m
[28.117s] [ 72%] [34m[1mGenerating Python code for ROS interfaces[0m
[28.175s] [ 73%] [32mBuilding CXX object CMakeFiles/mimic.dir/tutorials/mimic.cpp.o[0m
[28.190s] [ 74%] [32mBuilding CXX object CMakeFiles/draw_square.dir/tutorials/draw_square.cpp.o[0m
[28.209s] [ 75%] [32mBuilding CXX object CMakeFiles/turtle_teleop_key.dir/tutorials/teleop_turtle_key.cpp.o[0m
[34.422s] [ 75%] Built target turtlesim__py
[34.464s] [ 76%] [34m[1mGenerating include/turtlesim/moc_turtle_frame.cpp[0m
[34.588s] [35m[1mScanning dependencies of target turtlesim_node[0m
[34.817s] [ 77%] [32mBuilding CXX object CMakeFiles/turtlesim_node.dir/src/turtlesim.cpp.o[0m
[37.635s] [ 78%] [32m[1mLinking CXX executable turtle_teleop_key[0m
[38.692s] [ 78%] Built target turtle_teleop_key
[38.738s] [35m[1mScanning dependencies of target turtlesim__python[0m
[38.867s] [ 79%] [32mBuilding C object CMakeFiles/turtlesim__python.dir/rosidl_generator_py/turtlesim/action/_rotate_absolute_s.c.o[0m
[39.239s] [ 80%] [32mBuilding C object CMakeFiles/turtlesim__python.dir/rosidl_generator_py/turtlesim/msg/_color_s.c.o[0m
[39.510s] [ 81%] [32mBuilding C object CMakeFiles/turtlesim__python.dir/rosidl_generator_py/turtlesim/msg/_pose_s.c.o[0m
[39.766s] [ 82%] [32mBuilding C object CMakeFiles/turtlesim__python.dir/rosidl_generator_py/turtlesim/srv/_kill_s.c.o[0m
[40.020s] [ 83%] [32mBuilding C object CMakeFiles/turtlesim__python.dir/rosidl_generator_py/turtlesim/srv/_set_pen_s.c.o[0m
[40.292s] [ 84%] [32mBuilding C object CMakeFiles/turtlesim__python.dir/rosidl_generator_py/turtlesim/srv/_spawn_s.c.o[0m
[40.566s] [ 85%] [32m[1mLinking CXX executable mimic[0m
[40.573s] [ 86%] [32mBuilding C object CMakeFiles/turtlesim__python.dir/rosidl_generator_py/turtlesim/srv/_teleport_absolute_s.c.o[0m
[40.604s] [ 87%] [32m[1mLinking CXX executable draw_square[0m
[40.845s] [ 88%] [32mBuilding C object CMakeFiles/turtlesim__python.dir/rosidl_generator_py/turtlesim/srv/_teleport_relative_s.c.o[0m
[41.101s] [ 89%] [32m[1mLinking C shared library rosidl_generator_py/turtlesim/libturtlesim__python.so[0m
[41.253s] [ 89%] Built target turtlesim__python
[41.291s] [ 90%] [32mBuilding CXX object CMakeFiles/turtlesim_node.dir/src/turtle.cpp.o[0m
[41.686s] [ 91%] [32mBuilding CXX object CMakeFiles/turtlesim_node.dir/src/turtle_frame.cpp.o[0m
[41.780s] [ 91%] Built target draw_square
[41.823s] [35m[1mScanning dependencies of target turtlesim__rosidl_typesupport_fastrtps_c__pyext[0m
[41.867s] [ 91%] Built target mimic
[41.899s] [ 92%] [32mBuilding C object CMakeFiles/turtlesim__rosidl_typesupport_fastrtps_c__pyext.dir/rosidl_generator_py/turtlesim/_turtlesim_s.ep.rosidl_typesupport_fastrtps_c.c.o[0m
[41.910s] [35m[1mScanning dependencies of target turtlesim__rosidl_typesupport_introspection_c__pyext[0m
[41.992s] [ 93%] [32mBuilding C object CMakeFiles/turtlesim__rosidl_typesupport_introspection_c__pyext.dir/rosidl_generator_py/turtlesim/_turtlesim_s.ep.rosidl_typesupport_introspection_c.c.o[0m
[42.299s] [ 94%] [32m[1mLinking CXX shared library rosidl_generator_py/turtlesim/turtlesim_s__rosidl_typesupport_fastrtps_c.cpython-38-x86_64-linux-gnu.so[0m
[42.450s] [ 95%] [32m[1mLinking C shared library rosidl_generator_py/turtlesim/turtlesim_s__rosidl_typesupport_introspection_c.cpython-38-x86_64-linux-gnu.so[0m
[42.471s] [ 95%] Built target turtlesim__rosidl_typesupport_fastrtps_c__pyext
[42.516s] [35m[1mScanning dependencies of target turtlesim__rosidl_typesupport_c__pyext[0m
[42.586s] [ 95%] Built target turtlesim__rosidl_typesupport_introspection_c__pyext
[42.586s] [ 96%] [32mBuilding C object CMakeFiles/turtlesim__rosidl_typesupport_c__pyext.dir/rosidl_generator_py/turtlesim/_turtlesim_s.ep.rosidl_typesupport_c.c.o[0m
[42.626s] [ 97%] [32mBuilding CXX object CMakeFiles/turtlesim_node.dir/include/turtlesim/moc_turtle_frame.cpp.o[0m
[42.979s] [ 98%] [32m[1mLinking C shared library rosidl_generator_py/turtlesim/turtlesim_s__rosidl_typesupport_c.cpython-38-x86_64-linux-gnu.so[0m
[43.103s] [ 98%] Built target turtlesim__rosidl_typesupport_c__pyext
[54.861s] [100%] [32m[1mLinking CXX executable turtlesim_node[0m
[56.923s] [100%] Built target turtlesim_node
[56.957s] Invoked command in '/home/frederik/git/20gr560/ros_ws/build/turtlesim' returned '0': CMAKE_PREFIX_PATH=${CMAKE_PREFIX_PATH}:/home/frederik/ros2_foxy/install/ros2bag:/home/frederik/ros2_foxy/install/tracetools_launch:/home/frederik/ros2_foxy/install/topic_monitor:/home/frederik/ros2_foxy/install/examples_tf2_py:/home/frederik/ros2_foxy/install/sros2:/home/frederik/ros2_foxy/install/rqt_topic:/home/frederik/ros2_foxy/install/rqt_reconfigure:/home/frederik/ros2_foxy/install/rqt_action:/home/frederik/ros2_foxy/install/rqt:/home/frederik/ros2_foxy/install/rqt_graph:/home/frederik/ros2_foxy/install/rqt_gui_py:/home/frederik/ros2_foxy/install/rqt_gui:/home/frederik/ros2_foxy/install/ros2trace:/home/frederik/ros2_foxy/install/ros2topic:/home/frederik/ros2_foxy/install/ros2test:/home/frederik/ros2_foxy/install/ros2component:/home/frederik/ros2_foxy/install/ros2param:/home/frederik/ros2_foxy/install/ros2lifecycle:/home/frederik/ros2_foxy/install/ros2service:/home/frederik/ros2_foxy/install/ros2run:/home/frederik/ros2_foxy/install/ros2launch:/home/frederik/ros2_foxy/install/ros2pkg:/home/frederik/ros2_foxy/install/ros2node:/home/frederik/ros2_foxy/install/ros2multicast:/home/frederik/ros2_foxy/install/ros2interface:/home/frederik/ros2_foxy/install/ros2doctor:/home/frederik/ros2_foxy/install/ros2action:/home/frederik/ros2_foxy/install/ros2cli:/home/frederik/ros2_foxy/install/quality_of_service_demo_py:/home/frederik/ros2_foxy/install/launch_testing_ros:/home/frederik/ros2_foxy/install/launch_ros:/home/frederik/ros2_foxy/install/examples_rclpy_minimal_subscriber:/home/frederik/ros2_foxy/install/examples_rclpy_minimal_service:/home/frederik/ros2_foxy/install/examples_rclpy_minimal_publisher:/home/frederik/ros2_foxy/install/examples_rclpy_minimal_client:/home/frederik/ros2_foxy/install/examples_rclpy_minimal_action_server:/home/frederik/ros2_foxy/install/examples_rclpy_minimal_action_client:/home/frederik/ros2_foxy/install/examples_rclpy_executors:/home/frederik/ros2_foxy/install/demo_nodes_py:/home/frederik/ros2_foxy/install/action_tutorials_py:/home/frederik/ros2_foxy/install/ament_uncrustify:/home/frederik/ros2_foxy/install/tracetools_trace:/home/frederik/ros2_foxy/install/tracetools_read:/home/frederik/ros2_foxy/install/test_launch_ros:/home/frederik/ros2_foxy/install/rpyutils:/home/frederik/ros2_foxy/install/rosidl_runtime_py:/home/frederik/ros2_foxy/install/launch_yaml:/home/frederik/ros2_foxy/install/launch_xml:/home/frederik/ros2_foxy/install/launch_testing:/home/frederik/ros2_foxy/install/launch:/home/frederik/ros2_foxy/install/osrf_pycommon:/home/frederik/ros2_foxy/install/domain_coordinator:/home/frederik/ros2_foxy/install/ament_xmllint:/home/frederik/ros2_foxy/install/ament_pyflakes:/home/frederik/ros2_foxy/install/ament_pycodestyle:/home/frederik/ros2_foxy/install/ament_pep257:/home/frederik/ros2_foxy/install/ament_pclint:/home/frederik/ros2_foxy/install/ament_package:/home/frederik/ros2_foxy/install/ament_mypy:/home/frederik/ros2_foxy/install/ament_lint_cmake:/home/frederik/ros2_foxy/install/ament_flake8:/home/frederik/ros2_foxy/install/ament_copyright:/home/frederik/ros2_foxy/install/ament_lint:/home/frederik/ros2_foxy/install/ament_index_python:/home/frederik/ros2_foxy/install/ament_cpplint:/home/frederik/ros2_foxy/install/ament_cppcheck:/home/frederik/ros2_foxy/install/ament_clang_tidy:/home/frederik/ros2_foxy/install/ament_clang_format /usr/bin/cmake --build /home/frederik/git/20gr560/ros_ws/build/turtlesim -- -j4 -l4
[57.987s] Invoking command in '/home/frederik/git/20gr560/ros_ws/build/turtlesim': CMAKE_PREFIX_PATH=${CMAKE_PREFIX_PATH}:/home/frederik/ros2_foxy/install/ros2bag:/home/frederik/ros2_foxy/install/tracetools_launch:/home/frederik/ros2_foxy/install/topic_monitor:/home/frederik/ros2_foxy/install/examples_tf2_py:/home/frederik/ros2_foxy/install/sros2:/home/frederik/ros2_foxy/install/rqt_topic:/home/frederik/ros2_foxy/install/rqt_reconfigure:/home/frederik/ros2_foxy/install/rqt_action:/home/frederik/ros2_foxy/install/rqt:/home/frederik/ros2_foxy/install/rqt_graph:/home/frederik/ros2_foxy/install/rqt_gui_py:/home/frederik/ros2_foxy/install/rqt_gui:/home/frederik/ros2_foxy/install/ros2trace:/home/frederik/ros2_foxy/install/ros2topic:/home/frederik/ros2_foxy/install/ros2test:/home/frederik/ros2_foxy/install/ros2component:/home/frederik/ros2_foxy/install/ros2param:/home/frederik/ros2_foxy/install/ros2lifecycle:/home/frederik/ros2_foxy/install/ros2service:/home/frederik/ros2_foxy/install/ros2run:/home/frederik/ros2_foxy/install/ros2launch:/home/frederik/ros2_foxy/install/ros2pkg:/home/frederik/ros2_foxy/install/ros2node:/home/frederik/ros2_foxy/install/ros2multicast:/home/frederik/ros2_foxy/install/ros2interface:/home/frederik/ros2_foxy/install/ros2doctor:/home/frederik/ros2_foxy/install/ros2action:/home/frederik/ros2_foxy/install/ros2cli:/home/frederik/ros2_foxy/install/quality_of_service_demo_py:/home/frederik/ros2_foxy/install/launch_testing_ros:/home/frederik/ros2_foxy/install/launch_ros:/home/frederik/ros2_foxy/install/examples_rclpy_minimal_subscriber:/home/frederik/ros2_foxy/install/examples_rclpy_minimal_service:/home/frederik/ros2_foxy/install/examples_rclpy_minimal_publisher:/home/frederik/ros2_foxy/install/examples_rclpy_minimal_client:/home/frederik/ros2_foxy/install/examples_rclpy_minimal_action_server:/home/frederik/ros2_foxy/install/examples_rclpy_minimal_action_client:/home/frederik/ros2_foxy/install/examples_rclpy_executors:/home/frederik/ros2_foxy/install/demo_nodes_py:/home/frederik/ros2_foxy/install/action_tutorials_py:/home/frederik/ros2_foxy/install/ament_uncrustify:/home/frederik/ros2_foxy/install/tracetools_trace:/home/frederik/ros2_foxy/install/tracetools_read:/home/frederik/ros2_foxy/install/test_launch_ros:/home/frederik/ros2_foxy/install/rpyutils:/home/frederik/ros2_foxy/install/rosidl_runtime_py:/home/frederik/ros2_foxy/install/launch_yaml:/home/frederik/ros2_foxy/install/launch_xml:/home/frederik/ros2_foxy/install/launch_testing:/home/frederik/ros2_foxy/install/launch:/home/frederik/ros2_foxy/install/osrf_pycommon:/home/frederik/ros2_foxy/install/domain_coordinator:/home/frederik/ros2_foxy/install/ament_xmllint:/home/frederik/ros2_foxy/install/ament_pyflakes:/home/frederik/ros2_foxy/install/ament_pycodestyle:/home/frederik/ros2_foxy/install/ament_pep257:/home/frederik/ros2_foxy/install/ament_pclint:/home/frederik/ros2_foxy/install/ament_package:/home/frederik/ros2_foxy/install/ament_mypy:/home/frederik/ros2_foxy/install/ament_lint_cmake:/home/frederik/ros2_foxy/install/ament_flake8:/home/frederik/ros2_foxy/install/ament_copyright:/home/frederik/ros2_foxy/install/ament_lint:/home/frederik/ros2_foxy/install/ament_index_python:/home/frederik/ros2_foxy/install/ament_cpplint:/home/frederik/ros2_foxy/install/ament_cppcheck:/home/frederik/ros2_foxy/install/ament_clang_tidy:/home/frederik/ros2_foxy/install/ament_clang_format /usr/bin/cmake --install /home/frederik/git/20gr560/ros_ws/build/turtlesim
[58.011s] -- Install configuration: ""
[58.012s] -- Installing: /home/frederik/git/20gr560/ros_ws/install/turtlesim/share/ament_index/resource_index/rosidl_interfaces/turtlesim
[58.012s] -- Installing: /home/frederik/git/20gr560/ros_ws/install/turtlesim/include/turtlesim
[58.012s] -- Installing: /home/frederik/git/20gr560/ros_ws/install/turtlesim/include/turtlesim/action
[58.013s] -- Installing: /home/frederik/git/20gr560/ros_ws/install/turtlesim/include/turtlesim/action/detail
[58.013s] -- Installing: /home/frederik/git/20gr560/ros_ws/install/turtlesim/include/turtlesim/action/detail/rotate_absolute__struct.h
[58.013s] -- Installing: /home/frederik/git/20gr560/ros_ws/install/turtlesim/include/turtlesim/action/detail/rotate_absolute__functions.h
[58.013s] -- Installing: /home/frederik/git/20gr560/ros_ws/install/turtlesim/include/turtlesim/action/detail/rotate_absolute__functions.c
[58.013s] -- Installing: /home/frederik/git/20gr560/ros_ws/install/turtlesim/include/turtlesim/action/detail/rotate_absolute__type_support.h
[58.014s] -- Installing: /home/frederik/git/20gr560/ros_ws/install/turtlesim/include/turtlesim/action/rotate_absolute.h
[58.014s] -- Installing: /home/frederik/git/20gr560/ros_ws/install/turtlesim/include/turtlesim/msg
[58.014s] -- Installing: /home/frederik/git/20gr560/ros_ws/install/turtlesim/include/turtlesim/msg/color.h
[58.014s] -- Installing: /home/frederik/git/20gr560/ros_ws/install/turtlesim/include/turtlesim/msg/rosidl_generator_c__visibility_control.h
[58.014s] -- Installing: /home/frederik/git/20gr560/ros_ws/install/turtlesim/include/turtlesim/msg/detail
[58.015s] -- Installing: /home/frederik/git/20gr560/ros_ws/install/turtlesim/include/turtlesim/msg/detail/color__struct.h
[58.015s] -- Installing: /home/frederik/git/20gr560/ros_ws/install/turtlesim/include/turtlesim/msg/detail/color__functions.h
[58.015s] -- Installing: /home/frederik/git/20gr560/ros_ws/install/turtlesim/include/turtlesim/msg/detail/pose__struct.h
[58.015s] -- Installing: /home/frederik/git/20gr560/ros_ws/install/turtlesim/include/turtlesim/msg/detail/color__functions.c
[58.015s] -- Installing: /home/frederik/git/20gr560/ros_ws/install/turtlesim/include/turtlesim/msg/detail/pose__type_support.h
[58.016s] -- Installing: /home/frederik/git/20gr560/ros_ws/install/turtlesim/include/turtlesim/msg/detail/color__type_support.h
[58.016s] -- Installing: /home/frederik/git/20gr560/ros_ws/install/turtlesim/include/turtlesim/msg/detail/pose__functions.c
[58.016s] -- Installing: /home/frederik/git/20gr560/ros_ws/install/turtlesim/include/turtlesim/msg/detail/pose__functions.h
[58.016s] -- Installing: /home/frederik/git/20gr560/ros_ws/install/turtlesim/include/turtlesim/msg/pose.h
[58.016s] -- Installing: /home/frederik/git/20gr560/ros_ws/install/turtlesim/include/turtlesim/srv
[58.017s] -- Installing: /home/frederik/git/20gr560/ros_ws/install/turtlesim/include/turtlesim/srv/kill.h
[58.017s] -- Installing: /home/frederik/git/20gr560/ros_ws/install/turtlesim/include/turtlesim/srv/spawn.h
[58.017s] -- Installing: /home/frederik/git/20gr560/ros_ws/install/turtlesim/include/turtlesim/srv/teleport_relative.h
[58.017s] -- Installing: /home/frederik/git/20gr560/ros_ws/install/turtlesim/include/turtlesim/srv/set_pen.h
[58.017s] -- Installing: /home/frederik/git/20gr560/ros_ws/install/turtlesim/include/turtlesim/srv/detail
[58.018s] -- Installing: /home/frederik/git/20gr560/ros_ws/install/turtlesim/include/turtlesim/srv/detail/kill__struct.h
[58.018s] -- Installing: /home/frederik/git/20gr560/ros_ws/install/turtlesim/include/turtlesim/srv/detail/teleport_absolute__struct.h
[58.018s] -- Installing: /home/frederik/git/20gr560/ros_ws/install/turtlesim/include/turtlesim/srv/detail/teleport_absolute__functions.c
[58.018s] -- Installing: /home/frederik/git/20gr560/ros_ws/install/turtlesim/include/turtlesim/srv/detail/kill__functions.c
[58.018s] -- Installing: /home/frederik/git/20gr560/ros_ws/install/turtlesim/include/turtlesim/srv/detail/teleport_relative__type_support.h
[58.019s] -- Installing: /home/frederik/git/20gr560/ros_ws/install/turtlesim/include/turtlesim/srv/detail/kill__type_support.h
[58.019s] -- Installing: /home/frederik/git/20gr560/ros_ws/install/turtlesim/include/turtlesim/srv/detail/set_pen__functions.c
[58.019s] -- Installing: /home/frederik/git/20gr560/ros_ws/install/turtlesim/include/turtlesim/srv/detail/spawn__functions.c
[58.019s] -- Installing: /home/frederik/git/20gr560/ros_ws/install/turtlesim/include/turtlesim/srv/detail/spawn__struct.h
[58.019s] -- Installing: /home/frederik/git/20gr560/ros_ws/install/turtlesim/include/turtlesim/srv/detail/set_pen__struct.h
[58.020s] -- Installing: /home/frederik/git/20gr560/ros_ws/install/turtlesim/include/turtlesim/srv/detail/spawn__functions.h
[58.020s] -- Installing: /home/frederik/git/20gr560/ros_ws/install/turtlesim/include/turtlesim/srv/detail/teleport_relative__struct.h
[58.020s] -- Installing: /home/frederik/git/20gr560/ros_ws/install/turtlesim/include/turtlesim/srv/detail/kill__functions.h
[58.020s] -- Installing: /home/frederik/git/20gr560/ros_ws/install/turtlesim/include/turtlesim/srv/detail/spawn__type_support.h
[58.020s] -- Installing: /home/frederik/git/20gr560/ros_ws/install/turtlesim/include/turtlesim/srv/detail/teleport_relative__functions.c
[58.020s] -- Installing: /home/frederik/git/20gr560/ros_ws/install/turtlesim/include/turtlesim/srv/detail/set_pen__functions.h
[58.021s] -- Installing: /home/frederik/git/20gr560/ros_ws/install/turtlesim/include/turtlesim/srv/detail/teleport_absolute__functions.h
[58.021s] -- Installing: /home/frederik/git/20gr560/ros_ws/install/turtlesim/include/turtlesim/srv/detail/teleport_relative__functions.h
[58.021s] -- Installing: /home/frederik/git/20gr560/ros_ws/install/turtlesim/include/turtlesim/srv/detail/set_pen__type_support.h
[58.021s] -- Installing: /home/frederik/git/20gr560/ros_ws/install/turtlesim/include/turtlesim/srv/detail/teleport_absolute__type_support.h
[58.021s] -- Installing: /home/frederik/git/20gr560/ros_ws/install/turtlesim/include/turtlesim/srv/teleport_absolute.h
[58.022s] -- Installing: /home/frederik/git/20gr560/ros_ws/install/turtlesim/share/turtlesim/environment/library_path.sh
[58.022s] -- Installing: /home/frederik/git/20gr560/ros_ws/install/turtlesim/share/turtlesim/environment/library_path.dsv
[58.022s] -- Installing: /home/frederik/git/20gr560/ros_ws/install/turtlesim/lib/libturtlesim__rosidl_generator_c.so
[58.022s] -- Set runtime path of "/home/frederik/git/20gr560/ros_ws/install/turtlesim/lib/libturtlesim__rosidl_generator_c.so" to ""
[58.022s] -- Up-to-date: /home/frederik/git/20gr560/ros_ws/install/turtlesim/include/turtlesim
[58.023s] -- Up-to-date: /home/frederik/git/20gr560/ros_ws/install/turtlesim/include/turtlesim/action
[58.023s] -- Up-to-date: /home/frederik/git/20gr560/ros_ws/install/turtlesim/include/turtlesim/action/detail
[58.023s] -- Installing: /home/frederik/git/20gr560/ros_ws/install/turtlesim/include/turtlesim/action/detail/rotate_absolute__type_support.c
[58.023s] -- Installing: /home/frederik/git/20gr560/ros_ws/install/turtlesim/include/turtlesim/action/detail/rotate_absolute__rosidl_typesupport_introspection_c.h
[58.023s] -- Up-to-date: /home/frederik/git/20gr560/ros_ws/install/turtlesim/include/turtlesim/msg
[58.024s] -- Installing: /home/frederik/git/20gr560/ros_ws/install/turtlesim/include/turtlesim/msg/rosidl_typesupport_introspection_c__visibility_control.h
[58.024s] -- Up-to-date: /home/frederik/git/20gr560/ros_ws/install/turtlesim/include/turtlesim/msg/detail
[58.024s] -- Installing: /home/frederik/git/20gr560/ros_ws/install/turtlesim/include/turtlesim/msg/detail/pose__rosidl_typesupport_introspection_c.h
[58.024s] -- Installing: /home/frederik/git/20gr560/ros_ws/install/turtlesim/include/turtlesim/msg/detail/color__rosidl_typesupport_introspection_c.h
[58.024s] -- Installing: /home/frederik/git/20gr560/ros_ws/install/turtlesim/include/turtlesim/msg/detail/pose__type_support.c
[58.025s] -- Installing: /home/frederik/git/20gr560/ros_ws/install/turtlesim/include/turtlesim/msg/detail/color__type_support.c
[58.025s] -- Up-to-date: /home/frederik/git/20gr560/ros_ws/install/turtlesim/include/turtlesim/srv
[58.025s] -- Up-to-date: /home/frederik/git/20gr560/ros_ws/install/turtlesim/include/turtlesim/srv/detail
[58.025s] -- Installing: /home/frederik/git/20gr560/ros_ws/install/turtlesim/include/turtlesim/srv/detail/teleport_absolute__type_support.c
[58.025s] -- Installing: /home/frederik/git/20gr560/ros_ws/install/turtlesim/include/turtlesim/srv/detail/spawn__type_support.c
[58.026s] -- Installing: /home/frederik/git/20gr560/ros_ws/install/turtlesim/include/turtlesim/srv/detail/set_pen__type_support.c
[58.026s] -- Installing: /home/frederik/git/20gr560/ros_ws/install/turtlesim/include/turtlesim/srv/detail/kill__type_support.c
[58.026s] -- Installing: /home/frederik/git/20gr560/ros_ws/install/turtlesim/include/turtlesim/srv/detail/spawn__rosidl_typesupport_introspection_c.h
[58.026s] -- Installing: /home/frederik/git/20gr560/ros_ws/install/turtlesim/include/turtlesim/srv/detail/teleport_relative__type_support.c
[58.026s] -- Installing: /home/frederik/git/20gr560/ros_ws/install/turtlesim/include/turtlesim/srv/detail/teleport_relative__rosidl_typesupport_introspection_c.h
[58.026s] -- Installing: /home/frederik/git/20gr560/ros_ws/install/turtlesim/include/turtlesim/srv/detail/teleport_absolute__rosidl_typesupport_introspection_c.h
[58.027s] -- Installing: /home/frederik/git/20gr560/ros_ws/install/turtlesim/include/turtlesim/srv/detail/kill__rosidl_typesupport_introspection_c.h
[58.027s] -- Installing: /home/frederik/git/20gr560/ros_ws/install/turtlesim/include/turtlesim/srv/detail/set_pen__rosidl_typesupport_introspection_c.h
[58.027s] -- Installing: /home/frederik/git/20gr560/ros_ws/install/turtlesim/lib/libturtlesim__rosidl_typesupport_introspection_c.so
[58.027s] -- Set runtime path of "/home/frederik/git/20gr560/ros_ws/install/turtlesim/lib/libturtlesim__rosidl_typesupport_introspection_c.so" to ""
[58.027s] -- Up-to-date: /home/frederik/git/20gr560/ros_ws/install/turtlesim/include/turtlesim
[58.027s] -- Up-to-date: /home/frederik/git/20gr560/ros_ws/install/turtlesim/include/turtlesim/action
[58.028s] -- Up-to-date: /home/frederik/git/20gr560/ros_ws/install/turtlesim/include/turtlesim/action/detail
[58.028s] -- Installing: /home/frederik/git/20gr560/ros_ws/install/turtlesim/include/turtlesim/action/detail/rotate_absolute__rosidl_typesupport_fastrtps_c.h
[58.028s] -- Up-to-date: /home/frederik/git/20gr560/ros_ws/install/turtlesim/include/turtlesim/msg
[58.028s] -- Installing: /home/frederik/git/20gr560/ros_ws/install/turtlesim/include/turtlesim/msg/rosidl_typesupport_fastrtps_c__visibility_control.h
[58.028s] -- Up-to-date: /home/frederik/git/20gr560/ros_ws/install/turtlesim/include/turtlesim/msg/detail
[58.029s] -- Installing: /home/frederik/git/20gr560/ros_ws/install/turtlesim/include/turtlesim/msg/detail/color__rosidl_typesupport_fastrtps_c.h
[58.029s] -- Installing: /home/frederik/git/20gr560/ros_ws/install/turtlesim/include/turtlesim/msg/detail/pose__rosidl_typesupport_fastrtps_c.h
[58.029s] -- Up-to-date: /home/frederik/git/20gr560/ros_ws/install/turtlesim/include/turtlesim/srv
[58.029s] -- Up-to-date: /home/frederik/git/20gr560/ros_ws/install/turtlesim/include/turtlesim/srv/detail
[58.029s] -- Installing: /home/frederik/git/20gr560/ros_ws/install/turtlesim/include/turtlesim/srv/detail/teleport_absolute__rosidl_typesupport_fastrtps_c.h
[58.030s] -- Installing: /home/frederik/git/20gr560/ros_ws/install/turtlesim/include/turtlesim/srv/detail/kill__rosidl_typesupport_fastrtps_c.h
[58.030s] -- Installing: /home/frederik/git/20gr560/ros_ws/install/turtlesim/include/turtlesim/srv/detail/teleport_relative__rosidl_typesupport_fastrtps_c.h
[58.030s] -- Installing: /home/frederik/git/20gr560/ros_ws/install/turtlesim/include/turtlesim/srv/detail/spawn__rosidl_typesupport_fastrtps_c.h
[58.030s] -- Installing: /home/frederik/git/20gr560/ros_ws/install/turtlesim/include/turtlesim/srv/detail/set_pen__rosidl_typesupport_fastrtps_c.h
[58.030s] -- Installing: /home/frederik/git/20gr560/ros_ws/install/turtlesim/lib/libturtlesim__rosidl_typesupport_fastrtps_c.so
[58.031s] -- Set runtime path of "/home/frederik/git/20gr560/ros_ws/install/turtlesim/lib/libturtlesim__rosidl_typesupport_fastrtps_c.so" to ""
[58.031s] -- Up-to-date: /home/frederik/git/20gr560/ros_ws/install/turtlesim/include/turtlesim
[58.031s] -- Up-to-date: /home/frederik/git/20gr560/ros_ws/install/turtlesim/include/turtlesim/action
[58.031s] -- Up-to-date: /home/frederik/git/20gr560/ros_ws/install/turtlesim/include/turtlesim/action/detail
[58.031s] -- Installing: /home/frederik/git/20gr560/ros_ws/install/turtlesim/include/turtlesim/action/detail/dds_fastrtps
[58.032s] -- Installing: /home/frederik/git/20gr560/ros_ws/install/turtlesim/include/turtlesim/action/detail/rotate_absolute__rosidl_typesupport_fastrtps_cpp.hpp
[58.032s] -- Up-to-date: /home/frederik/git/20gr560/ros_ws/install/turtlesim/include/turtlesim/msg
[58.032s] -- Installing: /home/frederik/git/20gr560/ros_ws/install/turtlesim/include/turtlesim/msg/rosidl_typesupport_fastrtps_cpp__visibility_control.h
[58.032s] -- Up-to-date: /home/frederik/git/20gr560/ros_ws/install/turtlesim/include/turtlesim/msg/detail
[58.032s] -- Installing: /home/frederik/git/20gr560/ros_ws/install/turtlesim/include/turtlesim/msg/detail/color__rosidl_typesupport_fastrtps_cpp.hpp
[58.033s] -- Installing: /home/frederik/git/20gr560/ros_ws/install/turtlesim/include/turtlesim/msg/detail/dds_fastrtps
[58.033s] -- Installing: /home/frederik/git/20gr560/ros_ws/install/turtlesim/include/turtlesim/msg/detail/pose__rosidl_typesupport_fastrtps_cpp.hpp
[58.033s] -- Up-to-date: /home/frederik/git/20gr560/ros_ws/install/turtlesim/include/turtlesim/srv
[58.033s] -- Up-to-date: /home/frederik/git/20gr560/ros_ws/install/turtlesim/include/turtlesim/srv/detail
[58.033s] -- Installing: /home/frederik/git/20gr560/ros_ws/install/turtlesim/include/turtlesim/srv/detail/spawn__rosidl_typesupport_fastrtps_cpp.hpp
[58.033s] -- Installing: /home/frederik/git/20gr560/ros_ws/install/turtlesim/include/turtlesim/srv/detail/dds_fastrtps
[58.034s] -- Installing: /home/frederik/git/20gr560/ros_ws/install/turtlesim/include/turtlesim/srv/detail/teleport_absolute__rosidl_typesupport_fastrtps_cpp.hpp
[58.034s] -- Installing: /home/frederik/git/20gr560/ros_ws/install/turtlesim/include/turtlesim/srv/detail/teleport_relative__rosidl_typesupport_fastrtps_cpp.hpp
[58.034s] -- Installing: /home/frederik/git/20gr560/ros_ws/install/turtlesim/include/turtlesim/srv/detail/kill__rosidl_typesupport_fastrtps_cpp.hpp
[58.034s] -- Installing: /home/frederik/git/20gr560/ros_ws/install/turtlesim/include/turtlesim/srv/detail/set_pen__rosidl_typesupport_fastrtps_cpp.hpp
[58.034s] -- Installing: /home/frederik/git/20gr560/ros_ws/install/turtlesim/lib/libturtlesim__rosidl_typesupport_fastrtps_cpp.so
[58.035s] -- Set runtime path of "/home/frederik/git/20gr560/ros_ws/install/turtlesim/lib/libturtlesim__rosidl_typesupport_fastrtps_cpp.so" to ""
[58.035s] -- Installing: /home/frederik/git/20gr560/ros_ws/install/turtlesim/lib/libturtlesim__rosidl_typesupport_c.so
[58.035s] -- Set runtime path of "/home/frederik/git/20gr560/ros_ws/install/turtlesim/lib/libturtlesim__rosidl_typesupport_c.so" to ""
[58.035s] -- Up-to-date: /home/frederik/git/20gr560/ros_ws/install/turtlesim/include/turtlesim
[58.035s] -- Up-to-date: /home/frederik/git/20gr560/ros_ws/install/turtlesim/include/turtlesim/action
[58.036s] -- Up-to-date: /home/frederik/git/20gr560/ros_ws/install/turtlesim/include/turtlesim/action/detail
[58.036s] -- Installing: /home/frederik/git/20gr560/ros_ws/install/turtlesim/include/turtlesim/action/detail/rotate_absolute__builder.hpp
[58.036s] -- Installing: /home/frederik/git/20gr560/ros_ws/install/turtlesim/include/turtlesim/action/detail/rotate_absolute__struct.hpp
[58.036s] -- Installing: /home/frederik/git/20gr560/ros_ws/install/turtlesim/include/turtlesim/action/detail/rotate_absolute__traits.hpp
[58.036s] -- Installing: /home/frederik/git/20gr560/ros_ws/install/turtlesim/include/turtlesim/action/rotate_absolute.hpp
[58.037s] -- Up-to-date: /home/frederik/git/20gr560/ros_ws/install/turtlesim/include/turtlesim/msg
[58.037s] -- Installing: /home/frederik/git/20gr560/ros_ws/install/turtlesim/include/turtlesim/msg/color.hpp
[58.037s] -- Up-to-date: /home/frederik/git/20gr560/ros_ws/install/turtlesim/include/turtlesim/msg/detail
[58.037s] -- Installing: /home/frederik/git/20gr560/ros_ws/install/turtlesim/include/turtlesim/msg/detail/color__struct.hpp
[58.037s] -- Installing: /home/frederik/git/20gr560/ros_ws/install/turtlesim/include/turtlesim/msg/detail/pose__builder.hpp
[58.038s] -- Installing: /home/frederik/git/20gr560/ros_ws/install/turtlesim/include/turtlesim/msg/detail/pose__struct.hpp
[58.038s] -- Installing: /home/frederik/git/20gr560/ros_ws/install/turtlesim/include/turtlesim/msg/detail/color__traits.hpp
[58.038s] -- Installing: /home/frederik/git/20gr560/ros_ws/install/turtlesim/include/turtlesim/msg/detail/color__builder.hpp
[58.038s] -- Installing: /home/frederik/git/20gr560/ros_ws/install/turtlesim/include/turtlesim/msg/detail/pose__traits.hpp
[58.038s] -- Installing: /home/frederik/git/20gr560/ros_ws/install/turtlesim/include/turtlesim/msg/pose.hpp
[58.039s] -- Up-to-date: /home/frederik/git/20gr560/ros_ws/install/turtlesim/include/turtlesim/srv
[58.039s] -- Installing: /home/frederik/git/20gr560/ros_ws/install/turtlesim/include/turtlesim/srv/teleport_absolute.hpp
[58.039s] -- Installing: /home/frederik/git/20gr560/ros_ws/install/turtlesim/include/turtlesim/srv/teleport_relative.hpp
[58.039s] -- Installing: /home/frederik/git/20gr560/ros_ws/install/turtlesim/include/turtlesim/srv/spawn.hpp
[58.039s] -- Up-to-date: /home/frederik/git/20gr560/ros_ws/install/turtlesim/include/turtlesim/srv/detail
[58.039s] -- Installing: /home/frederik/git/20gr560/ros_ws/install/turtlesim/include/turtlesim/srv/detail/teleport_relative__builder.hpp
[58.040s] -- Installing: /home/frederik/git/20gr560/ros_ws/install/turtlesim/include/turtlesim/srv/detail/kill__traits.hpp
[58.040s] -- Installing: /home/frederik/git/20gr560/ros_ws/install/turtlesim/include/turtlesim/srv/detail/teleport_relative__traits.hpp
[58.040s] -- Installing: /home/frederik/git/20gr560/ros_ws/install/turtlesim/include/turtlesim/srv/detail/set_pen__traits.hpp
[58.040s] -- Installing: /home/frederik/git/20gr560/ros_ws/install/turtlesim/include/turtlesim/srv/detail/teleport_absolute__builder.hpp
[58.040s] -- Installing: /home/frederik/git/20gr560/ros_ws/install/turtlesim/include/turtlesim/srv/detail/teleport_absolute__struct.hpp
[58.041s] -- Installing: /home/frederik/git/20gr560/ros_ws/install/turtlesim/include/turtlesim/srv/detail/spawn__struct.hpp
[58.041s] -- Installing: /home/frederik/git/20gr560/ros_ws/install/turtlesim/include/turtlesim/srv/detail/spawn__traits.hpp
[58.041s] -- Installing: /home/frederik/git/20gr560/ros_ws/install/turtlesim/include/turtlesim/srv/detail/teleport_relative__struct.hpp
[58.041s] -- Installing: /home/frederik/git/20gr560/ros_ws/install/turtlesim/include/turtlesim/srv/detail/kill__builder.hpp
[58.041s] -- Installing: /home/frederik/git/20gr560/ros_ws/install/turtlesim/include/turtlesim/srv/detail/kill__struct.hpp
[58.042s] -- Installing: /home/frederik/git/20gr560/ros_ws/install/turtlesim/include/turtlesim/srv/detail/set_pen__builder.hpp
[58.042s] -- Installing: /home/frederik/git/20gr560/ros_ws/install/turtlesim/include/turtlesim/srv/detail/teleport_absolute__traits.hpp
[58.042s] -- Installing: /home/frederik/git/20gr560/ros_ws/install/turtlesim/include/turtlesim/srv/detail/spawn__builder.hpp
[58.042s] -- Installing: /home/frederik/git/20gr560/ros_ws/install/turtlesim/include/turtlesim/srv/detail/set_pen__struct.hpp
[58.042s] -- Installing: /home/frederik/git/20gr560/ros_ws/install/turtlesim/include/turtlesim/srv/set_pen.hpp
[58.043s] -- Installing: /home/frederik/git/20gr560/ros_ws/install/turtlesim/include/turtlesim/srv/kill.hpp
[58.043s] -- Up-to-date: /home/frederik/git/20gr560/ros_ws/install/turtlesim/include/turtlesim
[58.043s] -- Up-to-date: /home/frederik/git/20gr560/ros_ws/install/turtlesim/include/turtlesim/action
[58.043s] -- Up-to-date: /home/frederik/git/20gr560/ros_ws/install/turtlesim/include/turtlesim/action/detail
[58.043s] -- Installing: /home/frederik/git/20gr560/ros_ws/install/turtlesim/include/turtlesim/action/detail/rotate_absolute__type_support.cpp
[58.044s] -- Installing: /home/frederik/git/20gr560/ros_ws/install/turtlesim/include/turtlesim/action/detail/rotate_absolute__rosidl_typesupport_introspection_cpp.hpp
[58.044s] -- Up-to-date: /home/frederik/git/20gr560/ros_ws/install/turtlesim/include/turtlesim/msg
[58.044s] -- Up-to-date: /home/frederik/git/20gr560/ros_ws/install/turtlesim/include/turtlesim/msg/detail
[58.044s] -- Installing: /home/frederik/git/20gr560/ros_ws/install/turtlesim/include/turtlesim/msg/detail/pose__rosidl_typesupport_introspection_cpp.hpp
[58.044s] -- Installing: /home/frederik/git/20gr560/ros_ws/install/turtlesim/include/turtlesim/msg/detail/color__rosidl_typesupport_introspection_cpp.hpp
[58.044s] -- Installing: /home/frederik/git/20gr560/ros_ws/install/turtlesim/include/turtlesim/msg/detail/pose__type_support.cpp
[58.045s] -- Installing: /home/frederik/git/20gr560/ros_ws/install/turtlesim/include/turtlesim/msg/detail/color__type_support.cpp
[58.045s] -- Up-to-date: /home/frederik/git/20gr560/ros_ws/install/turtlesim/include/turtlesim/srv
[58.045s] -- Up-to-date: /home/frederik/git/20gr560/ros_ws/install/turtlesim/include/turtlesim/srv/detail
[58.045s] -- Installing: /home/frederik/git/20gr560/ros_ws/install/turtlesim/include/turtlesim/srv/detail/set_pen__rosidl_typesupport_introspection_cpp.hpp
[58.045s] -- Installing: /home/frederik/git/20gr560/ros_ws/install/turtlesim/include/turtlesim/srv/detail/teleport_relative__type_support.cpp
[58.046s] -- Installing: /home/frederik/git/20gr560/ros_ws/install/turtlesim/include/turtlesim/srv/detail/set_pen__type_support.cpp
[58.046s] -- Installing: /home/frederik/git/20gr560/ros_ws/install/turtlesim/include/turtlesim/srv/detail/kill__rosidl_typesupport_introspection_cpp.hpp
[58.046s] -- Installing: /home/frederik/git/20gr560/ros_ws/install/turtlesim/include/turtlesim/srv/detail/teleport_relative__rosidl_typesupport_introspection_cpp.hpp
[58.046s] -- Installing: /home/frederik/git/20gr560/ros_ws/install/turtlesim/include/turtlesim/srv/detail/spawn__rosidl_typesupport_introspection_cpp.hpp
[58.046s] -- Installing: /home/frederik/git/20gr560/ros_ws/install/turtlesim/include/turtlesim/srv/detail/teleport_absolute__type_support.cpp
[58.046s] -- Installing: /home/frederik/git/20gr560/ros_ws/install/turtlesim/include/turtlesim/srv/detail/teleport_absolute__rosidl_typesupport_introspection_cpp.hpp
[58.047s] -- Installing: /home/frederik/git/20gr560/ros_ws/install/turtlesim/include/turtlesim/srv/detail/spawn__type_support.cpp
[58.047s] -- Installing: /home/frederik/git/20gr560/ros_ws/install/turtlesim/include/turtlesim/srv/detail/kill__type_support.cpp
[58.047s] -- Installing: /home/frederik/git/20gr560/ros_ws/install/turtlesim/lib/libturtlesim__rosidl_typesupport_introspection_cpp.so
[58.047s] -- Set runtime path of "/home/frederik/git/20gr560/ros_ws/install/turtlesim/lib/libturtlesim__rosidl_typesupport_introspection_cpp.so" to ""
[58.047s] -- Installing: /home/frederik/git/20gr560/ros_ws/install/turtlesim/lib/libturtlesim__rosidl_typesupport_cpp.so
[58.047s] -- Set runtime path of "/home/frederik/git/20gr560/ros_ws/install/turtlesim/lib/libturtlesim__rosidl_typesupport_cpp.so" to ""
[58.047s] -- Installing: /home/frederik/git/20gr560/ros_ws/install/turtlesim/share/turtlesim/environment/pythonpath.sh
[58.048s] -- Installing: /home/frederik/git/20gr560/ros_ws/install/turtlesim/share/turtlesim/environment/pythonpath.dsv
[58.048s] -- Installing: /home/frederik/git/20gr560/ros_ws/install/turtlesim/lib/python3.8/site-packages/turtlesim/__init__.py
[58.591s] Compiling '/home/frederik/git/20gr560/ros_ws/install/turtlesim/lib/python3.8/site-packages/turtlesim/__init__.py'...
[58.597s] -- Installing: /home/frederik/git/20gr560/ros_ws/install/turtlesim/lib/python3.8/site-packages/turtlesim/action
[58.597s] -- Installing: /home/frederik/git/20gr560/ros_ws/install/turtlesim/lib/python3.8/site-packages/turtlesim/action/__init__.py
[58.597s] -- Installing: /home/frederik/git/20gr560/ros_ws/install/turtlesim/lib/python3.8/site-packages/turtlesim/action/_rotate_absolute.py
[58.597s] -- Installing: /home/frederik/git/20gr560/ros_ws/install/turtlesim/lib/python3.8/site-packages/turtlesim/action/_rotate_absolute_s.c
[58.598s] -- Installing: /home/frederik/git/20gr560/ros_ws/install/turtlesim/lib/python3.8/site-packages/turtlesim/msg
[58.598s] -- Installing: /home/frederik/git/20gr560/ros_ws/install/turtlesim/lib/python3.8/site-packages/turtlesim/msg/_color_s.c
[58.598s] -- Installing: /home/frederik/git/20gr560/ros_ws/install/turtlesim/lib/python3.8/site-packages/turtlesim/msg/__init__.py
[58.598s] -- Installing: /home/frederik/git/20gr560/ros_ws/install/turtlesim/lib/python3.8/site-packages/turtlesim/msg/_pose_s.c
[58.598s] -- Installing: /home/frederik/git/20gr560/ros_ws/install/turtlesim/lib/python3.8/site-packages/turtlesim/msg/_pose.py
[58.599s] -- Installing: /home/frederik/git/20gr560/ros_ws/install/turtlesim/lib/python3.8/site-packages/turtlesim/msg/_color.py
[58.599s] -- Installing: /home/frederik/git/20gr560/ros_ws/install/turtlesim/lib/python3.8/site-packages/turtlesim/srv
[58.599s] -- Installing: /home/frederik/git/20gr560/ros_ws/install/turtlesim/lib/python3.8/site-packages/turtlesim/srv/__init__.py
[58.599s] -- Installing: /home/frederik/git/20gr560/ros_ws/install/turtlesim/lib/python3.8/site-packages/turtlesim/srv/_set_pen_s.c
[58.599s] -- Installing: /home/frederik/git/20gr560/ros_ws/install/turtlesim/lib/python3.8/site-packages/turtlesim/srv/_spawn_s.c
[58.599s] -- Installing: /home/frederik/git/20gr560/ros_ws/install/turtlesim/lib/python3.8/site-packages/turtlesim/srv/_teleport_relative_s.c
[58.599s] -- Installing: /home/frederik/git/20gr560/ros_ws/install/turtlesim/lib/python3.8/site-packages/turtlesim/srv/_kill_s.c
[58.599s] -- Installing: /home/frederik/git/20gr560/ros_ws/install/turtlesim/lib/python3.8/site-packages/turtlesim/srv/_spawn.py
[58.600s] -- Installing: /home/frederik/git/20gr560/ros_ws/install/turtlesim/lib/python3.8/site-packages/turtlesim/srv/_teleport_absolute_s.c
[58.600s] -- Installing: /home/frederik/git/20gr560/ros_ws/install/turtlesim/lib/python3.8/site-packages/turtlesim/srv/_set_pen.py
[58.600s] -- Installing: /home/frederik/git/20gr560/ros_ws/install/turtlesim/lib/python3.8/site-packages/turtlesim/srv/_kill.py
[58.600s] -- Installing: /home/frederik/git/20gr560/ros_ws/install/turtlesim/lib/python3.8/site-packages/turtlesim/srv/_teleport_relative.py
[58.600s] -- Installing: /home/frederik/git/20gr560/ros_ws/install/turtlesim/lib/python3.8/site-packages/turtlesim/srv/_teleport_absolute.py
[58.600s] -- Installing: /home/frederik/git/20gr560/ros_ws/install/turtlesim/lib/python3.8/site-packages/turtlesim/turtlesim_s__rosidl_typesupport_introspection_c.cpython-38-x86_64-linux-gnu.so
[58.601s] -- Set runtime path of "/home/frederik/git/20gr560/ros_ws/install/turtlesim/lib/python3.8/site-packages/turtlesim/turtlesim_s__rosidl_typesupport_introspection_c.cpython-38-x86_64-linux-gnu.so" to ""
[58.601s] -- Installing: /home/frederik/git/20gr560/ros_ws/install/turtlesim/lib/python3.8/site-packages/turtlesim/turtlesim_s__rosidl_typesupport_fastrtps_c.cpython-38-x86_64-linux-gnu.so
[58.602s] -- Set runtime path of "/home/frederik/git/20gr560/ros_ws/install/turtlesim/lib/python3.8/site-packages/turtlesim/turtlesim_s__rosidl_typesupport_fastrtps_c.cpython-38-x86_64-linux-gnu.so" to ""
[58.602s] -- Installing: /home/frederik/git/20gr560/ros_ws/install/turtlesim/lib/python3.8/site-packages/turtlesim/turtlesim_s__rosidl_typesupport_c.cpython-38-x86_64-linux-gnu.so
[58.603s] -- Set runtime path of "/home/frederik/git/20gr560/ros_ws/install/turtlesim/lib/python3.8/site-packages/turtlesim/turtlesim_s__rosidl_typesupport_c.cpython-38-x86_64-linux-gnu.so" to ""
[58.603s] -- Installing: /home/frederik/git/20gr560/ros_ws/install/turtlesim/lib/libturtlesim__python.so
[58.604s] -- Set runtime path of "/home/frederik/git/20gr560/ros_ws/install/turtlesim/lib/libturtlesim__python.so" to ""
[58.604s] -- Installing: /home/frederik/git/20gr560/ros_ws/install/turtlesim/share/turtlesim/action/RotateAbsolute.idl
[58.604s] -- Installing: /home/frederik/git/20gr560/ros_ws/install/turtlesim/share/turtlesim/msg/Color.idl
[58.604s] -- Installing: /home/frederik/git/20gr560/ros_ws/install/turtlesim/share/turtlesim/msg/Pose.idl
[58.605s] -- Installing: /home/frederik/git/20gr560/ros_ws/install/turtlesim/share/turtlesim/srv/Kill.idl
[58.605s] -- Installing: /home/frederik/git/20gr560/ros_ws/install/turtlesim/share/turtlesim/srv/SetPen.idl
[58.605s] -- Installing: /home/frederik/git/20gr560/ros_ws/install/turtlesim/share/turtlesim/srv/Spawn.idl
[58.606s] -- Installing: /home/frederik/git/20gr560/ros_ws/install/turtlesim/share/turtlesim/srv/TeleportAbsolute.idl
[58.606s] -- Installing: /home/frederik/git/20gr560/ros_ws/install/turtlesim/share/turtlesim/srv/TeleportRelative.idl
[58.606s] -- Installing: /home/frederik/git/20gr560/ros_ws/install/turtlesim/share/turtlesim/action/RotateAbsolute.action
[58.607s] -- Installing: /home/frederik/git/20gr560/ros_ws/install/turtlesim/share/turtlesim/msg/Color.msg
[58.607s] -- Installing: /home/frederik/git/20gr560/ros_ws/install/turtlesim/share/turtlesim/msg/Pose.msg
[58.607s] -- Installing: /home/frederik/git/20gr560/ros_ws/install/turtlesim/share/turtlesim/srv/Kill.srv
[58.607s] -- Installing: /home/frederik/git/20gr560/ros_ws/install/turtlesim/share/turtlesim/srv/Kill_Request.msg
[58.607s] -- Installing: /home/frederik/git/20gr560/ros_ws/install/turtlesim/share/turtlesim/srv/Kill_Response.msg
[58.608s] -- Installing: /home/frederik/git/20gr560/ros_ws/install/turtlesim/share/turtlesim/srv/SetPen.srv
[58.608s] -- Installing: /home/frederik/git/20gr560/ros_ws/install/turtlesim/share/turtlesim/srv/SetPen_Request.msg
[58.608s] -- Installing: /home/frederik/git/20gr560/ros_ws/install/turtlesim/share/turtlesim/srv/SetPen_Response.msg
[58.608s] -- Installing: /home/frederik/git/20gr560/ros_ws/install/turtlesim/share/turtlesim/srv/Spawn.srv
[58.609s] -- Installing: /home/frederik/git/20gr560/ros_ws/install/turtlesim/share/turtlesim/srv/Spawn_Request.msg
[58.609s] -- Installing: /home/frederik/git/20gr560/ros_ws/install/turtlesim/share/turtlesim/srv/Spawn_Response.msg
[58.609s] -- Installing: /home/frederik/git/20gr560/ros_ws/install/turtlesim/share/turtlesim/srv/TeleportAbsolute.srv
[58.609s] -- Installing: /home/frederik/git/20gr560/ros_ws/install/turtlesim/share/turtlesim/srv/TeleportAbsolute_Request.msg
[58.610s] -- Installing: /home/frederik/git/20gr560/ros_ws/install/turtlesim/share/turtlesim/srv/TeleportAbsolute_Response.msg
[58.610s] -- Installing: /home/frederik/git/20gr560/ros_ws/install/turtlesim/share/turtlesim/srv/TeleportRelative.srv
[58.610s] -- Installing: /home/frederik/git/20gr560/ros_ws/install/turtlesim/share/turtlesim/srv/TeleportRelative_Request.msg
[58.610s] -- Installing: /home/frederik/git/20gr560/ros_ws/install/turtlesim/share/turtlesim/srv/TeleportRelative_Response.msg
[58.610s] -- Installing: /home/frederik/git/20gr560/ros_ws/install/turtlesim/lib/turtlesim/turtlesim_node
[58.616s] -- Set runtime path of "/home/frederik/git/20gr560/ros_ws/install/turtlesim/lib/turtlesim/turtlesim_node" to ""
[58.617s] -- Installing: /home/frederik/git/20gr560/ros_ws/install/turtlesim/lib/turtlesim/turtle_teleop_key
[58.619s] -- Set runtime path of "/home/frederik/git/20gr560/ros_ws/install/turtlesim/lib/turtlesim/turtle_teleop_key" to ""
[58.619s] -- Installing: /home/frederik/git/20gr560/ros_ws/install/turtlesim/lib/turtlesim/draw_square
[58.622s] -- Set runtime path of "/home/frederik/git/20gr560/ros_ws/install/turtlesim/lib/turtlesim/draw_square" to ""
[58.622s] -- Installing: /home/frederik/git/20gr560/ros_ws/install/turtlesim/lib/turtlesim/mimic
[58.625s] -- Set runtime path of "/home/frederik/git/20gr560/ros_ws/install/turtlesim/lib/turtlesim/mimic" to ""
[58.625s] -- Installing: /home/frederik/git/20gr560/ros_ws/install/turtlesim/share/turtlesim/images
[58.625s] -- Installing: /home/frederik/git/20gr560/ros_ws/install/turtlesim/share/turtlesim/images/eloquent.png
[58.625s] -- Installing: /home/frederik/git/20gr560/ros_ws/install/turtlesim/share/turtlesim/images/foxy.png
[58.626s] -- Installing: /home/frederik/git/20gr560/ros_ws/install/turtlesim/share/turtlesim/images/bouncy.png
[58.626s] -- Installing: /home/frederik/git/20gr560/ros_ws/install/turtlesim/share/turtlesim/images/ardent.png
[58.626s] -- Installing: /home/frederik/git/20gr560/ros_ws/install/turtlesim/share/turtlesim/images/dashing.png
[58.626s] -- Installing: /home/frederik/git/20gr560/ros_ws/install/turtlesim/share/turtlesim/images/crystal.png
[58.626s] -- Installing: /home/frederik/git/20gr560/ros_ws/install/turtlesim/share/turtlesim/launch
[58.626s] -- Installing: /home/frederik/git/20gr560/ros_ws/install/turtlesim/share/turtlesim/launch/multisim.launch.py
[58.626s] -- Installing: /home/frederik/git/20gr560/ros_ws/install/turtlesim/share/ament_index/resource_index/package_run_dependencies/turtlesim
[58.626s] -- Installing: /home/frederik/git/20gr560/ros_ws/install/turtlesim/share/ament_index/resource_index/parent_prefix_path/turtlesim
[58.627s] -- Installing: /home/frederik/git/20gr560/ros_ws/install/turtlesim/share/turtlesim/environment/ament_prefix_path.sh
[58.627s] -- Installing: /home/frederik/git/20gr560/ros_ws/install/turtlesim/share/turtlesim/environment/ament_prefix_path.dsv
[58.627s] -- Installing: /home/frederik/git/20gr560/ros_ws/install/turtlesim/share/turtlesim/environment/path.sh
[58.627s] -- Installing: /home/frederik/git/20gr560/ros_ws/install/turtlesim/share/turtlesim/environment/path.dsv
[58.627s] -- Installing: /home/frederik/git/20gr560/ros_ws/install/turtlesim/share/turtlesim/local_setup.bash
[58.627s] -- Installing: /home/frederik/git/20gr560/ros_ws/install/turtlesim/share/turtlesim/local_setup.sh
[58.627s] -- Installing: /home/frederik/git/20gr560/ros_ws/install/turtlesim/share/turtlesim/local_setup.zsh
[58.628s] -- Installing: /home/frederik/git/20gr560/ros_ws/install/turtlesim/share/turtlesim/local_setup.dsv
[58.628s] -- Installing: /home/frederik/git/20gr560/ros_ws/install/turtlesim/share/turtlesim/package.dsv
[58.628s] -- Installing: /home/frederik/git/20gr560/ros_ws/install/turtlesim/share/ament_index/resource_index/packages/turtlesim
[58.628s] -- Installing: /home/frederik/git/20gr560/ros_ws/install/turtlesim/share/turtlesim/cmake/turtlesim__rosidl_generator_cExport.cmake
[58.628s] -- Installing: /home/frederik/git/20gr560/ros_ws/install/turtlesim/share/turtlesim/cmake/turtlesim__rosidl_generator_cExport-noconfig.cmake
[58.629s] -- Installing: /home/frederik/git/20gr560/ros_ws/install/turtlesim/share/turtlesim/cmake/turtlesim__rosidl_typesupport_introspection_cExport.cmake
[58.629s] -- Installing: /home/frederik/git/20gr560/ros_ws/install/turtlesim/share/turtlesim/cmake/turtlesim__rosidl_typesupport_introspection_cExport-noconfig.cmake
[58.629s] -- Installing: /home/frederik/git/20gr560/ros_ws/install/turtlesim/share/turtlesim/cmake/turtlesim__rosidl_typesupport_cExport.cmake
[58.629s] -- Installing: /home/frederik/git/20gr560/ros_ws/install/turtlesim/share/turtlesim/cmake/turtlesim__rosidl_typesupport_cExport-noconfig.cmake
[58.629s] -- Installing: /home/frederik/git/20gr560/ros_ws/install/turtlesim/share/turtlesim/cmake/turtlesim__rosidl_generator_cppExport.cmake
[58.630s] -- Installing: /home/frederik/git/20gr560/ros_ws/install/turtlesim/share/turtlesim/cmake/turtlesim__rosidl_typesupport_introspection_cppExport.cmake
[58.630s] -- Installing: /home/frederik/git/20gr560/ros_ws/install/turtlesim/share/turtlesim/cmake/turtlesim__rosidl_typesupport_introspection_cppExport-noconfig.cmake
[58.630s] -- Installing: /home/frederik/git/20gr560/ros_ws/install/turtlesim/share/turtlesim/cmake/turtlesim__rosidl_typesupport_cppExport.cmake
[58.630s] -- Installing: /home/frederik/git/20gr560/ros_ws/install/turtlesim/share/turtlesim/cmake/turtlesim__rosidl_typesupport_cppExport-noconfig.cmake
[58.631s] -- Installing: /home/frederik/git/20gr560/ros_ws/install/turtlesim/share/turtlesim/cmake/rosidl_cmake-extras.cmake
[58.631s] -- Installing: /home/frederik/git/20gr560/ros_ws/install/turtlesim/share/turtlesim/cmake/ament_cmake_export_dependencies-extras.cmake
[58.631s] -- Installing: /home/frederik/git/20gr560/ros_ws/install/turtlesim/share/turtlesim/cmake/ament_cmake_export_libraries-extras.cmake
[58.631s] -- Installing: /home/frederik/git/20gr560/ros_ws/install/turtlesim/share/turtlesim/cmake/ament_cmake_export_targets-extras.cmake
[58.631s] -- Installing: /home/frederik/git/20gr560/ros_ws/install/turtlesim/share/turtlesim/cmake/ament_cmake_export_include_directories-extras.cmake
[58.631s] -- Installing: /home/frederik/git/20gr560/ros_ws/install/turtlesim/share/turtlesim/cmake/rosidl_cmake_export_typesupport_targets-extras.cmake
[58.632s] -- Installing: /home/frederik/git/20gr560/ros_ws/install/turtlesim/share/turtlesim/cmake/rosidl_cmake_export_typesupport_libraries-extras.cmake
[58.632s] -- Installing: /home/frederik/git/20gr560/ros_ws/install/turtlesim/share/turtlesim/cmake/turtlesimConfig.cmake
[58.632s] -- Installing: /home/frederik/git/20gr560/ros_ws/install/turtlesim/share/turtlesim/cmake/turtlesimConfig-version.cmake
[58.632s] -- Installing: /home/frederik/git/20gr560/ros_ws/install/turtlesim/share/turtlesim/package.xml
[58.638s] Invoked command in '/home/frederik/git/20gr560/ros_ws/build/turtlesim' returned '0': CMAKE_PREFIX_PATH=${CMAKE_PREFIX_PATH}:/home/frederik/ros2_foxy/install/ros2bag:/home/frederik/ros2_foxy/install/tracetools_launch:/home/frederik/ros2_foxy/install/topic_monitor:/home/frederik/ros2_foxy/install/examples_tf2_py:/home/frederik/ros2_foxy/install/sros2:/home/frederik/ros2_foxy/install/rqt_topic:/home/frederik/ros2_foxy/install/rqt_reconfigure:/home/frederik/ros2_foxy/install/rqt_action:/home/frederik/ros2_foxy/install/rqt:/home/frederik/ros2_foxy/install/rqt_graph:/home/frederik/ros2_foxy/install/rqt_gui_py:/home/frederik/ros2_foxy/install/rqt_gui:/home/frederik/ros2_foxy/install/ros2trace:/home/frederik/ros2_foxy/install/ros2topic:/home/frederik/ros2_foxy/install/ros2test:/home/frederik/ros2_foxy/install/ros2component:/home/frederik/ros2_foxy/install/ros2param:/home/frederik/ros2_foxy/install/ros2lifecycle:/home/frederik/ros2_foxy/install/ros2service:/home/frederik/ros2_foxy/install/ros2run:/home/frederik/ros2_foxy/install/ros2launch:/home/frederik/ros2_foxy/install/ros2pkg:/home/frederik/ros2_foxy/install/ros2node:/home/frederik/ros2_foxy/install/ros2multicast:/home/frederik/ros2_foxy/install/ros2interface:/home/frederik/ros2_foxy/install/ros2doctor:/home/frederik/ros2_foxy/install/ros2action:/home/frederik/ros2_foxy/install/ros2cli:/home/frederik/ros2_foxy/install/quality_of_service_demo_py:/home/frederik/ros2_foxy/install/launch_testing_ros:/home/frederik/ros2_foxy/install/launch_ros:/home/frederik/ros2_foxy/install/examples_rclpy_minimal_subscriber:/home/frederik/ros2_foxy/install/examples_rclpy_minimal_service:/home/frederik/ros2_foxy/install/examples_rclpy_minimal_publisher:/home/frederik/ros2_foxy/install/examples_rclpy_minimal_client:/home/frederik/ros2_foxy/install/examples_rclpy_minimal_action_server:/home/frederik/ros2_foxy/install/examples_rclpy_minimal_action_client:/home/frederik/ros2_foxy/install/examples_rclpy_executors:/home/frederik/ros2_foxy/install/demo_nodes_py:/home/frederik/ros2_foxy/install/action_tutorials_py:/home/frederik/ros2_foxy/install/ament_uncrustify:/home/frederik/ros2_foxy/install/tracetools_trace:/home/frederik/ros2_foxy/install/tracetools_read:/home/frederik/ros2_foxy/install/test_launch_ros:/home/frederik/ros2_foxy/install/rpyutils:/home/frederik/ros2_foxy/install/rosidl_runtime_py:/home/frederik/ros2_foxy/install/launch_yaml:/home/frederik/ros2_foxy/install/launch_xml:/home/frederik/ros2_foxy/install/launch_testing:/home/frederik/ros2_foxy/install/launch:/home/frederik/ros2_foxy/install/osrf_pycommon:/home/frederik/ros2_foxy/install/domain_coordinator:/home/frederik/ros2_foxy/install/ament_xmllint:/home/frederik/ros2_foxy/install/ament_pyflakes:/home/frederik/ros2_foxy/install/ament_pycodestyle:/home/frederik/ros2_foxy/install/ament_pep257:/home/frederik/ros2_foxy/install/ament_pclint:/home/frederik/ros2_foxy/install/ament_package:/home/frederik/ros2_foxy/install/ament_mypy:/home/frederik/ros2_foxy/install/ament_lint_cmake:/home/frederik/ros2_foxy/install/ament_flake8:/home/frederik/ros2_foxy/install/ament_copyright:/home/frederik/ros2_foxy/install/ament_lint:/home/frederik/ros2_foxy/install/ament_index_python:/home/frederik/ros2_foxy/install/ament_cpplint:/home/frederik/ros2_foxy/install/ament_cppcheck:/home/frederik/ros2_foxy/install/ament_clang_tidy:/home/frederik/ros2_foxy/install/ament_clang_format /usr/bin/cmake --install /home/frederik/git/20gr560/ros_ws/build/turtlesim
