In file included from [01m[K/opt/ros/dashing/include/rclcpp/service.hpp:33:0[m[K,
                 from [01m[K/opt/ros/dashing/include/rclcpp/callback_group.hpp:25[m[K,
                 from [01m[K/opt/ros/dashing/include/rclcpp/any_executable.hpp:20[m[K,
                 from [01m[K/opt/ros/dashing/include/rclcpp/memory_strategy.hpp:24[m[K,
                 from [01m[K/opt/ros/dashing/include/rclcpp/memory_strategies.hpp:18[m[K,
                 from [01m[K/opt/ros/dashing/include/rclcpp/executor.hpp:33[m[K,
                 from [01m[K/opt/ros/dashing/include/rclcpp/executors/multi_threaded_executor.hpp:24[m[K,
                 from [01m[K/opt/ros/dashing/include/rclcpp/executors.hpp:21[m[K,
                 from [01m[K/opt/ros/dashing/include/rclcpp/rclcpp.hpp:144[m[K,
                 from [01m[K/home/vdr/ros2/src/subpub/src/scanner.cpp:5[m[K:
[01m[K/home/vdr/ros2/src/subpub/src/scanner.cpp:[m[K In function ‘[01m[Kint main(int, char**)[m[K’:
[01m[K/home/vdr/ros2/src/subpub/src/scanner.cpp:67:17:[m[K [01;31m[Kerror: [m[Kinvalid use of ‘[01m[Kthis[m[K’ in non-member function
     RCLCPP_INFO([01;31m[Kt[m[Khis->get_logger(), "Welcome to poggers!");
                 [01;31m[K^[m[K
[01m[K/opt/ros/dashing/include/rclcpp/logging.hpp:215:86:[m[K [01;36m[Knote: [m[Kin definition of macro ‘[01m[KRCLCPP_INFO[m[K’
       ::std::is_same<typename std::remove_reference<typename std::remove_cv<decltype([01;36m[Klogger[m[K)>::type>::type, \
                                                                                      [01;36m[K^~~~~~[m[K
[01m[K/home/vdr/ros2/src/subpub/src/scanner.cpp:67:17:[m[K [01;31m[Kerror: [m[Kinvalid use of ‘[01m[Kthis[m[K’ in non-member function
     RCLCPP_INFO([01;31m[Kt[m[Khis->get_logger(), "Welcome to poggers!");
                 [01;31m[K^[m[K
[01m[K/opt/ros/dashing/include/rclcpp/logging.hpp:215:86:[m[K [01;36m[Knote: [m[Kin definition of macro ‘[01m[KRCLCPP_INFO[m[K’
       ::std::is_same<typename std::remove_reference<typename std::remove_cv<decltype([01;36m[Klogger[m[K)>::type>::type, \
                                                                                      [01;36m[K^~~~~~[m[K
[01m[K/opt/ros/dashing/include/rclcpp/logging.hpp:215:93:[m[K [01;31m[Kerror: [m[Ktemplate argument 1 is invalid
       ::std::is_same<typename std::remove_reference<typename std::remove_cv<decltype(logger)[01;31m[K>[m[K::type>::type, \
                                                                                             [01;31m[K^[m[K
[01m[K/home/vdr/ros2/src/subpub/src/scanner.cpp:67:5:[m[K [01;36m[Knote: [m[Kin expansion of macro ‘[01m[KRCLCPP_INFO[m[K’
     [01;36m[KRCLCPP_INFO[m[K(this->get_logger(), "Welcome to poggers!");
     [01;36m[K^~~~~~~~~~~[m[K
[01m[K/opt/ros/dashing/include/rclcpp/logging.hpp:215:100:[m[K [01;31m[Kerror: [m[Ktemplate argument 1 is invalid
       ::std::is_same<typename std::remove_reference<typename std::remove_cv<decltype(logger)>::type[01;31m[K>[m[K::type, \
                                                                                                    [01;31m[K^[m[K
[01m[K/home/vdr/ros2/src/subpub/src/scanner.cpp:67:5:[m[K [01;36m[Knote: [m[Kin expansion of macro ‘[01m[KRCLCPP_INFO[m[K’
     [01;36m[KRCLCPP_INFO[m[K(this->get_logger(), "Welcome to poggers!");
     [01;36m[K^~~~~~~~~~~[m[K
[01m[K/opt/ros/dashing/include/rclcpp/logging.hpp:216:32:[m[K [01;31m[Kerror: [m[Ktemplate argument 1 is invalid
       typename ::rclcpp::Logger[01;31m[K>[m[K::value, \
                                [01;31m[K^[m[K
[01m[K/home/vdr/ros2/src/subpub/src/scanner.cpp:67:5:[m[K [01;36m[Knote: [m[Kin expansion of macro ‘[01m[KRCLCPP_INFO[m[K’
     [01;36m[KRCLCPP_INFO[m[K(this->get_logger(), "Welcome to poggers!");
     [01;36m[K^~~~~~~~~~~[m[K
In file included from [01m[K/opt/ros/dashing/include/rclcpp/client.hpp:39:0[m[K,
                 from [01m[K/opt/ros/dashing/include/rclcpp/callback_group.hpp:23[m[K,
                 from [01m[K/opt/ros/dashing/include/rclcpp/any_executable.hpp:20[m[K,
                 from [01m[K/opt/ros/dashing/include/rclcpp/memory_strategy.hpp:24[m[K,
                 from [01m[K/opt/ros/dashing/include/rclcpp/memory_strategies.hpp:18[m[K,
                 from [01m[K/opt/ros/dashing/include/rclcpp/executor.hpp:33[m[K,
                 from [01m[K/opt/ros/dashing/include/rclcpp/executors/multi_threaded_executor.hpp:24[m[K,
                 from [01m[K/opt/ros/dashing/include/rclcpp/executors.hpp:21[m[K,
                 from [01m[K/opt/ros/dashing/include/rclcpp/rclcpp.hpp:144[m[K,
                 from [01m[K/home/vdr/ros2/src/subpub/src/scanner.cpp:5[m[K:
[01m[K/home/vdr/ros2/src/subpub/src/scanner.cpp:67:17:[m[K [01;31m[Kerror: [m[Kinvalid use of ‘[01m[Kthis[m[K’ in non-member function
     RCLCPP_INFO([01;31m[Kt[m[Khis->get_logger(), "Welcome to poggers!");
                 [01;31m[K^[m[K
[01m[K/opt/ros/dashing/include/rcutils/logging_macros.h:70:47:[m[K [01;36m[Knote: [m[Kin definition of macro ‘[01m[KRCUTILS_LOG_COND_NAMED[m[K’
     if (rcutils_logging_logger_is_enabled_for([01;36m[Kname[m[K, severity)) { \
                                               [01;36m[K^~~~[m[K
[01m[K/opt/ros/dashing/include/rclcpp/logging.hpp:218:5:[m[K [01;36m[Knote: [m[Kin expansion of macro ‘[01m[KRCUTILS_LOG_INFO_NAMED[m[K’
     [01;36m[KRCUTILS_LOG_INFO_NAMED[m[K( \
     [01;36m[K^~~~~~~~~~~~~~~~~~~~~~[m[K
[01m[K/home/vdr/ros2/src/subpub/src/scanner.cpp:67:5:[m[K [01;36m[Knote: [m[Kin expansion of macro ‘[01m[KRCLCPP_INFO[m[K’
     [01;36m[KRCLCPP_INFO[m[K(this->get_logger(), "Welcome to poggers!");
     [01;36m[K^~~~~~~~~~~[m[K
[01m[K/home/vdr/ros2/src/subpub/src/scanner.cpp:67:17:[m[K [01;31m[Kerror: [m[Kinvalid use of ‘[01m[Kthis[m[K’ in non-member function
     RCLCPP_INFO([01;31m[Kt[m[Khis->get_logger(), "Welcome to poggers!");
                 [01;31m[K^[m[K
[01m[K/opt/ros/dashing/include/rcutils/logging_macros.h:72:58:[m[K [01;36m[Knote: [m[Kin definition of macro ‘[01m[KRCUTILS_LOG_COND_NAMED[m[K’
       rcutils_log(&__rcutils_logging_location, severity, [01;36m[Kname[m[K, __VA_ARGS__); \
                                                          [01;36m[K^~~~[m[K
[01m[K/opt/ros/dashing/include/rclcpp/logging.hpp:218:5:[m[K [01;36m[Knote: [m[Kin expansion of macro ‘[01m[KRCUTILS_LOG_INFO_NAMED[m[K’
     [01;36m[KRCUTILS_LOG_INFO_NAMED[m[K( \
     [01;36m[K^~~~~~~~~~~~~~~~~~~~~~[m[K
[01m[K/home/vdr/ros2/src/subpub/src/scanner.cpp:67:5:[m[K [01;36m[Knote: [m[Kin expansion of macro ‘[01m[KRCLCPP_INFO[m[K’
     [01;36m[KRCLCPP_INFO[m[K(this->get_logger(), "Welcome to poggers!");
     [01;36m[K^~~~~~~~~~~[m[K
make[2]: *** [CMakeFiles/scanner.dir/src/scanner.cpp.o] Error 1
make[1]: *** [CMakeFiles/scanner.dir/all] Error 2
make: *** [all] Error 2
