[0.012s] Invoking command in '/home/vdr/ros2/build/subpub': CMAKE_PREFIX_PATH=${CMAKE_PREFIX_PATH}:/opt/ros/dashing /usr/bin/cmake --build /home/vdr/ros2/build/subpub -- -j8 -l8
[0.047s] [35m[1mScanning dependencies of target scanner[0m
[0.059s] [ 66%] Built target listener
[0.059s] [ 66%] Built target talker
[0.067s] [ 83%] [32mBuilding CXX object CMakeFiles/scanner.dir/src/scanner.cpp.o[0m
[0.795s] In file included from [01m[K/opt/ros/dashing/include/rclcpp/service.hpp:33:0[m[K,
[0.795s]                  from [01m[K/opt/ros/dashing/include/rclcpp/callback_group.hpp:25[m[K,
[0.796s]                  from [01m[K/opt/ros/dashing/include/rclcpp/any_executable.hpp:20[m[K,
[0.796s]                  from [01m[K/opt/ros/dashing/include/rclcpp/memory_strategy.hpp:24[m[K,
[0.796s]                  from [01m[K/opt/ros/dashing/include/rclcpp/memory_strategies.hpp:18[m[K,
[0.796s]                  from [01m[K/opt/ros/dashing/include/rclcpp/executor.hpp:33[m[K,
[0.796s]                  from [01m[K/opt/ros/dashing/include/rclcpp/executors/multi_threaded_executor.hpp:24[m[K,
[0.796s]                  from [01m[K/opt/ros/dashing/include/rclcpp/executors.hpp:21[m[K,
[0.796s]                  from [01m[K/opt/ros/dashing/include/rclcpp/rclcpp.hpp:144[m[K,
[0.796s]                  from [01m[K/home/vdr/ros2/src/subpub/src/scanner.cpp:5[m[K:
[0.796s] [01m[K/home/vdr/ros2/src/subpub/src/scanner.cpp:[m[K In function ‘[01m[Kint main(int, char**)[m[K’:
[0.796s] [01m[K/home/vdr/ros2/src/subpub/src/scanner.cpp:67:17:[m[K [01;31m[Kerror: [m[Kinvalid use of ‘[01m[Kthis[m[K’ in non-member function
[0.796s]      RCLCPP_INFO([01;31m[Kt[m[Khis->get_logger(), "Welcome to poggers!");
[0.796s]                  [01;31m[K^[m[K
[0.796s] [01m[K/opt/ros/dashing/include/rclcpp/logging.hpp:215:86:[m[K [01;36m[Knote: [m[Kin definition of macro ‘[01m[KRCLCPP_INFO[m[K’
[0.796s]        ::std::is_same<typename std::remove_reference<typename std::remove_cv<decltype([01;36m[Klogger[m[K)>::type>::type, \
[0.797s]                                                                                       [01;36m[K^~~~~~[m[K
[0.797s] [01m[K/home/vdr/ros2/src/subpub/src/scanner.cpp:67:17:[m[K [01;31m[Kerror: [m[Kinvalid use of ‘[01m[Kthis[m[K’ in non-member function
[0.797s]      RCLCPP_INFO([01;31m[Kt[m[Khis->get_logger(), "Welcome to poggers!");
[0.797s]                  [01;31m[K^[m[K
[0.797s] [01m[K/opt/ros/dashing/include/rclcpp/logging.hpp:215:86:[m[K [01;36m[Knote: [m[Kin definition of macro ‘[01m[KRCLCPP_INFO[m[K’
[0.797s]        ::std::is_same<typename std::remove_reference<typename std::remove_cv<decltype([01;36m[Klogger[m[K)>::type>::type, \
[0.797s]                                                                                       [01;36m[K^~~~~~[m[K
[0.797s] [01m[K/opt/ros/dashing/include/rclcpp/logging.hpp:215:93:[m[K [01;31m[Kerror: [m[Ktemplate argument 1 is invalid
[0.797s]        ::std::is_same<typename std::remove_reference<typename std::remove_cv<decltype(logger)[01;31m[K>[m[K::type>::type, \
[0.797s]                                                                                              [01;31m[K^[m[K
[0.797s] [01m[K/home/vdr/ros2/src/subpub/src/scanner.cpp:67:5:[m[K [01;36m[Knote: [m[Kin expansion of macro ‘[01m[KRCLCPP_INFO[m[K’
[0.797s]      [01;36m[KRCLCPP_INFO[m[K(this->get_logger(), "Welcome to poggers!");
[0.797s]      [01;36m[K^~~~~~~~~~~[m[K
[0.797s] [01m[K/opt/ros/dashing/include/rclcpp/logging.hpp:215:100:[m[K [01;31m[Kerror: [m[Ktemplate argument 1 is invalid
[0.797s]        ::std::is_same<typename std::remove_reference<typename std::remove_cv<decltype(logger)>::type[01;31m[K>[m[K::type, \
[0.797s]                                                                                                     [01;31m[K^[m[K
[0.797s] [01m[K/home/vdr/ros2/src/subpub/src/scanner.cpp:67:5:[m[K [01;36m[Knote: [m[Kin expansion of macro ‘[01m[KRCLCPP_INFO[m[K’
[0.798s]      [01;36m[KRCLCPP_INFO[m[K(this->get_logger(), "Welcome to poggers!");
[0.798s]      [01;36m[K^~~~~~~~~~~[m[K
[0.798s] [01m[K/opt/ros/dashing/include/rclcpp/logging.hpp:216:32:[m[K [01;31m[Kerror: [m[Ktemplate argument 1 is invalid
[0.798s]        typename ::rclcpp::Logger[01;31m[K>[m[K::value, \
[0.798s]                                 [01;31m[K^[m[K
[0.798s] [01m[K/home/vdr/ros2/src/subpub/src/scanner.cpp:67:5:[m[K [01;36m[Knote: [m[Kin expansion of macro ‘[01m[KRCLCPP_INFO[m[K’
[0.798s]      [01;36m[KRCLCPP_INFO[m[K(this->get_logger(), "Welcome to poggers!");
[0.798s]      [01;36m[K^~~~~~~~~~~[m[K
[0.798s] In file included from [01m[K/opt/ros/dashing/include/rclcpp/client.hpp:39:0[m[K,
[0.798s]                  from [01m[K/opt/ros/dashing/include/rclcpp/callback_group.hpp:23[m[K,
[0.798s]                  from [01m[K/opt/ros/dashing/include/rclcpp/any_executable.hpp:20[m[K,
[0.798s]                  from [01m[K/opt/ros/dashing/include/rclcpp/memory_strategy.hpp:24[m[K,
[0.798s]                  from [01m[K/opt/ros/dashing/include/rclcpp/memory_strategies.hpp:18[m[K,
[0.798s]                  from [01m[K/opt/ros/dashing/include/rclcpp/executor.hpp:33[m[K,
[0.798s]                  from [01m[K/opt/ros/dashing/include/rclcpp/executors/multi_threaded_executor.hpp:24[m[K,
[0.798s]                  from [01m[K/opt/ros/dashing/include/rclcpp/executors.hpp:21[m[K,
[0.798s]                  from [01m[K/opt/ros/dashing/include/rclcpp/rclcpp.hpp:144[m[K,
[0.799s]                  from [01m[K/home/vdr/ros2/src/subpub/src/scanner.cpp:5[m[K:
[0.799s] [01m[K/home/vdr/ros2/src/subpub/src/scanner.cpp:67:17:[m[K [01;31m[Kerror: [m[Kinvalid use of ‘[01m[Kthis[m[K’ in non-member function
[0.799s]      RCLCPP_INFO([01;31m[Kt[m[Khis->get_logger(), "Welcome to poggers!");
[0.799s]                  [01;31m[K^[m[K
[0.799s] [01m[K/opt/ros/dashing/include/rcutils/logging_macros.h:70:47:[m[K [01;36m[Knote: [m[Kin definition of macro ‘[01m[KRCUTILS_LOG_COND_NAMED[m[K’
[0.799s]      if (rcutils_logging_logger_is_enabled_for([01;36m[Kname[m[K, severity)) { \
[0.799s]                                                [01;36m[K^~~~[m[K
[0.799s] [01m[K/opt/ros/dashing/include/rclcpp/logging.hpp:218:5:[m[K [01;36m[Knote: [m[Kin expansion of macro ‘[01m[KRCUTILS_LOG_INFO_NAMED[m[K’
[0.799s]      [01;36m[KRCUTILS_LOG_INFO_NAMED[m[K( \
[0.799s]      [01;36m[K^~~~~~~~~~~~~~~~~~~~~~[m[K
[0.799s] [01m[K/home/vdr/ros2/src/subpub/src/scanner.cpp:67:5:[m[K [01;36m[Knote: [m[Kin expansion of macro ‘[01m[KRCLCPP_INFO[m[K’
[0.799s]      [01;36m[KRCLCPP_INFO[m[K(this->get_logger(), "Welcome to poggers!");
[0.799s]      [01;36m[K^~~~~~~~~~~[m[K
[0.799s] [01m[K/home/vdr/ros2/src/subpub/src/scanner.cpp:67:17:[m[K [01;31m[Kerror: [m[Kinvalid use of ‘[01m[Kthis[m[K’ in non-member function
[0.799s]      RCLCPP_INFO([01;31m[Kt[m[Khis->get_logger(), "Welcome to poggers!");
[0.799s]                  [01;31m[K^[m[K
[0.799s] [01m[K/opt/ros/dashing/include/rcutils/logging_macros.h:72:58:[m[K [01;36m[Knote: [m[Kin definition of macro ‘[01m[KRCUTILS_LOG_COND_NAMED[m[K’
[0.799s]        rcutils_log(&__rcutils_logging_location, severity, [01;36m[Kname[m[K, __VA_ARGS__); \
[0.800s]                                                           [01;36m[K^~~~[m[K
[0.800s] [01m[K/opt/ros/dashing/include/rclcpp/logging.hpp:218:5:[m[K [01;36m[Knote: [m[Kin expansion of macro ‘[01m[KRCUTILS_LOG_INFO_NAMED[m[K’
[0.800s]      [01;36m[KRCUTILS_LOG_INFO_NAMED[m[K( \
[0.800s]      [01;36m[K^~~~~~~~~~~~~~~~~~~~~~[m[K
[0.800s] [01m[K/home/vdr/ros2/src/subpub/src/scanner.cpp:67:5:[m[K [01;36m[Knote: [m[Kin expansion of macro ‘[01m[KRCLCPP_INFO[m[K’
[0.800s]      [01;36m[KRCLCPP_INFO[m[K(this->get_logger(), "Welcome to poggers!");
[0.800s]      [01;36m[K^~~~~~~~~~~[m[K
[1.342s] CMakeFiles/scanner.dir/build.make:62: recipe for target 'CMakeFiles/scanner.dir/src/scanner.cpp.o' failed
[1.342s] make[2]: *** [CMakeFiles/scanner.dir/src/scanner.cpp.o] Error 1
[1.343s] make[1]: *** [CMakeFiles/scanner.dir/all] Error 2
[1.343s] CMakeFiles/Makefile2:173: recipe for target 'CMakeFiles/scanner.dir/all' failed
[1.343s] Makefile:140: recipe for target 'all' failed
[1.343s] make: *** [all] Error 2
[1.344s] Invoked command in '/home/vdr/ros2/build/subpub' returned '2': CMAKE_PREFIX_PATH=${CMAKE_PREFIX_PATH}:/opt/ros/dashing /usr/bin/cmake --build /home/vdr/ros2/build/subpub -- -j8 -l8
