[0.012s] Invoking command in '/home/vdr/ros2/build/subpub': CMAKE_PREFIX_PATH=${CMAKE_PREFIX_PATH}:/opt/ros/dashing /usr/bin/cmake --build /home/vdr/ros2/build/subpub -- -j8 -l8
[0.048s] [35m[1mScanning dependencies of target scanner[0m
[0.060s] [ 33%] Built target listener
[0.061s] [ 66%] Built target talker
[0.069s] [ 83%] [32mBuilding CXX object CMakeFiles/scanner.dir/src/scanner.cpp.o[0m
[0.784s] [01m[K/home/vdr/ros2/src/subpub/src/scanner.cpp:[m[K In member function ‘[01m[Kvoid Poggers::topic_callback(sensor_msgs::msg::LaserScan_<std::allocator<void> >::SharedPtr) const[m[K’:
[0.784s] [01m[K/home/vdr/ros2/src/subpub/src/scanner.cpp:33:31:[m[K [01;31m[Kerror: [m[Kno match for ‘[01m[Koperator=[m[K’ (operand types are ‘[01m[Kstd_msgs::msg::Header_<std::allocator<void> >::_stamp_type {aka builtin_interfaces::msg::Time_<std::allocator<void> >}[m[K’ and ‘[01m[Kint[m[K’)
[0.784s]          marker.header.stamp = [01;31m[K0[m[K;
[0.784s]                                [01;31m[K^[m[K
[0.784s] In file included from [01m[K/opt/ros/dashing/include/builtin_interfaces/msg/time.hpp:7:0[m[K,
[0.784s]                  from [01m[K/opt/ros/dashing/include/rclcpp/time.hpp:18[m[K,
[0.784s]                  from [01m[K/opt/ros/dashing/include/rclcpp/clock.hpp:21[m[K,
[0.784s]                  from [01m[K/opt/ros/dashing/include/rclcpp/timer.hpp:26[m[K,
[0.785s]                  from [01m[K/opt/ros/dashing/include/rclcpp/callback_group.hpp:27[m[K,
[0.785s]                  from [01m[K/opt/ros/dashing/include/rclcpp/any_executable.hpp:20[m[K,
[0.785s]                  from [01m[K/opt/ros/dashing/include/rclcpp/memory_strategy.hpp:24[m[K,
[0.785s]                  from [01m[K/opt/ros/dashing/include/rclcpp/memory_strategies.hpp:18[m[K,
[0.785s]                  from [01m[K/opt/ros/dashing/include/rclcpp/executor.hpp:33[m[K,
[0.785s]                  from [01m[K/opt/ros/dashing/include/rclcpp/executors/multi_threaded_executor.hpp:24[m[K,
[0.785s]                  from [01m[K/opt/ros/dashing/include/rclcpp/executors.hpp:21[m[K,
[0.785s]                  from [01m[K/opt/ros/dashing/include/rclcpp/rclcpp.hpp:144[m[K,
[0.785s]                  from [01m[K/home/vdr/ros2/src/subpub/src/scanner.cpp:5[m[K:
[0.785s] [01m[K/opt/ros/dashing/include/builtin_interfaces/msg/time__struct.hpp:41:8:[m[K [01;36m[Knote: [m[Kcandidate: constexpr builtin_interfaces::msg::Time_<std::allocator<void> >& builtin_interfaces::msg::Time_<std::allocator<void> >::operator=(const builtin_interfaces::msg::Time_<std::allocator<void> >&)
[0.785s]  struct [01;36m[KTime_[m[K
[0.785s]         [01;36m[K^~~~~[m[K
[0.785s] [01m[K/opt/ros/dashing/include/builtin_interfaces/msg/time__struct.hpp:41:8:[m[K [01;36m[Knote: [m[K  no known conversion for argument 1 from ‘[01m[Kint[m[K’ to ‘[01m[Kconst builtin_interfaces::msg::Time_<std::allocator<void> >&[m[K’
[0.785s] [01m[K/opt/ros/dashing/include/builtin_interfaces/msg/time__struct.hpp:41:8:[m[K [01;36m[Knote: [m[Kcandidate: constexpr builtin_interfaces::msg::Time_<std::allocator<void> >& builtin_interfaces::msg::Time_<std::allocator<void> >::operator=(builtin_interfaces::msg::Time_<std::allocator<void> >&&)
[0.785s] [01m[K/opt/ros/dashing/include/builtin_interfaces/msg/time__struct.hpp:41:8:[m[K [01;36m[Knote: [m[K  no known conversion for argument 1 from ‘[01m[Kint[m[K’ to ‘[01m[Kbuiltin_interfaces::msg::Time_<std::allocator<void> >&&[m[K’
[1.345s] make[2]: *** [CMakeFiles/scanner.dir/src/scanner.cpp.o] Error 1
[1.346s] CMakeFiles/scanner.dir/build.make:62: recipe for target 'CMakeFiles/scanner.dir/src/scanner.cpp.o' failed
[1.346s] CMakeFiles/Makefile2:173: recipe for target 'CMakeFiles/scanner.dir/all' failed
[1.346s] make[1]: *** [CMakeFiles/scanner.dir/all] Error 2
[1.346s] make: *** [all] Error 2
[1.346s] Makefile:140: recipe for target 'all' failed
[1.350s] Invoked command in '/home/vdr/ros2/build/subpub' returned '2': CMAKE_PREFIX_PATH=${CMAKE_PREFIX_PATH}:/opt/ros/dashing /usr/bin/cmake --build /home/vdr/ros2/build/subpub -- -j8 -l8
