[2.719s] DEBUG:colcon:Command line arguments: ['/usr/bin/colcon', 'build']
[2.719s] DEBUG:colcon:Parsed command line arguments: Namespace(ament_cmake_args=None, base_paths=['.'], build_base='build', catkin_cmake_args=None, catkin_skip_building_tests=False, cmake_args=None, cmake_clean_cache=False, cmake_clean_first=False, cmake_force_configure=False, cmake_target=None, cmake_target_skip_unavailable=False, continue_on_error=False, event_handlers=None, executor='parallel', ignore_user_meta=False, install_base='install', log_base=None, log_level=None, main=<bound method BuildVerb.main of <colcon_core.verb.build.BuildVerb object at 0x7f96eedc9cf8>>, merge_install=False, metas=['./colcon.meta'], packages_above=None, packages_above_and_dependencies=None, packages_above_depth=None, packages_end=None, packages_ignore=None, packages_ignore_regex=None, packages_select=None, packages_select_build_failed=False, packages_select_by_dep=None, packages_select_regex=None, packages_select_test_failures=False, packages_skip=None, packages_skip_build_finished=False, packages_skip_by_dep=None, packages_skip_regex=None, packages_skip_test_passed=False, packages_skip_up_to=None, packages_start=None, packages_up_to=None, packages_up_to_regex=None, parallel_workers=8, paths=None, symlink_install=False, test_result_base=None, verb_extension=<colcon_core.verb.build.BuildVerb object at 0x7f96eedc9cf8>, verb_name='build', verb_parser=<colcon_defaults.argument_parser.defaults.DefaultArgumentsDecorator object at 0x7f96eeb1b0b8>)
[2.788s] Level 1:colcon.colcon_core.package_discovery:discover_packages(colcon_meta) check parameters
[2.788s] Level 1:colcon.colcon_core.package_discovery:discover_packages(recursive) check parameters
[2.788s] Level 1:colcon.colcon_core.package_discovery:discover_packages(ignore) check parameters
[2.789s] Level 1:colcon.colcon_core.package_discovery:discover_packages(path) check parameters
[2.789s] Level 1:colcon.colcon_core.package_discovery:discover_packages(colcon_meta) discover
[2.790s] Level 1:colcon.colcon_core.package_discovery:discover_packages(recursive) discover
[2.790s] INFO:colcon.colcon_core.package_discovery:Crawling recursively for packages in '/home/vdr/ros2'
[2.790s] Level 1:colcon.colcon_core.package_identification:_identify(.) by extensions ['ignore', 'ignore_ament_install']
[2.791s] Level 1:colcon.colcon_core.package_identification:_identify(.) by extension 'ignore'
[2.791s] Level 1:colcon.colcon_core.package_identification:_identify(.) by extension 'ignore_ament_install'
[2.791s] Level 1:colcon.colcon_core.package_identification:_identify(.) by extensions ['colcon_pkg']
[2.792s] Level 1:colcon.colcon_core.package_identification:_identify(.) by extension 'colcon_pkg'
[2.792s] Level 1:colcon.colcon_core.package_identification:_identify(.) by extensions ['colcon_meta']
[2.792s] Level 1:colcon.colcon_core.package_identification:_identify(.) by extension 'colcon_meta'
[2.792s] Level 1:colcon.colcon_core.package_identification:_identify(.) by extensions ['ros']
[2.792s] Level 1:colcon.colcon_core.package_identification:_identify(.) by extension 'ros'
[2.888s] Level 1:colcon.colcon_core.package_identification:_identify(.) by extensions ['cmake', 'python']
[2.889s] Level 1:colcon.colcon_core.package_identification:_identify(.) by extension 'cmake'
[2.889s] Level 1:colcon.colcon_core.package_identification:_identify(.) by extension 'python'
[2.889s] Level 1:colcon.colcon_core.package_identification:_identify(.) by extensions ['python_setup_py']
[2.889s] Level 1:colcon.colcon_core.package_identification:_identify(.) by extension 'python_setup_py'
[2.890s] Level 1:colcon.colcon_core.package_identification:_identify(build) by extensions ['ignore', 'ignore_ament_install']
[2.890s] Level 1:colcon.colcon_core.package_identification:_identify(build) by extension 'ignore'
[2.890s] Level 1:colcon.colcon_core.package_identification:_identify(build) ignored
[2.891s] Level 1:colcon.colcon_core.package_identification:_identify(install) by extensions ['ignore', 'ignore_ament_install']
[2.892s] Level 1:colcon.colcon_core.package_identification:_identify(install) by extension 'ignore'
[2.892s] Level 1:colcon.colcon_core.package_identification:_identify(install) ignored
[2.892s] Level 1:colcon.colcon_core.package_identification:_identify(log) by extensions ['ignore', 'ignore_ament_install']
[2.893s] Level 1:colcon.colcon_core.package_identification:_identify(log) by extension 'ignore'
[2.893s] Level 1:colcon.colcon_core.package_identification:_identify(log) ignored
[2.893s] Level 1:colcon.colcon_core.package_identification:_identify(src) by extensions ['ignore', 'ignore_ament_install']
[2.893s] Level 1:colcon.colcon_core.package_identification:_identify(src) by extension 'ignore'
[2.893s] Level 1:colcon.colcon_core.package_identification:_identify(src) by extension 'ignore_ament_install'
[2.894s] Level 1:colcon.colcon_core.package_identification:_identify(src) by extensions ['colcon_pkg']
[2.894s] Level 1:colcon.colcon_core.package_identification:_identify(src) by extension 'colcon_pkg'
[2.894s] Level 1:colcon.colcon_core.package_identification:_identify(src) by extensions ['colcon_meta']
[2.894s] Level 1:colcon.colcon_core.package_identification:_identify(src) by extension 'colcon_meta'
[2.894s] Level 1:colcon.colcon_core.package_identification:_identify(src) by extensions ['ros']
[2.894s] Level 1:colcon.colcon_core.package_identification:_identify(src) by extension 'ros'
[2.894s] Level 1:colcon.colcon_core.package_identification:_identify(src) by extensions ['cmake', 'python']
[2.894s] Level 1:colcon.colcon_core.package_identification:_identify(src) by extension 'cmake'
[2.895s] Level 1:colcon.colcon_core.package_identification:_identify(src) by extension 'python'
[2.895s] Level 1:colcon.colcon_core.package_identification:_identify(src) by extensions ['python_setup_py']
[2.895s] Level 1:colcon.colcon_core.package_identification:_identify(src) by extension 'python_setup_py'
[2.895s] Level 1:colcon.colcon_core.package_identification:_identify(src/slam_toolbox) by extensions ['ignore', 'ignore_ament_install']
[2.896s] Level 1:colcon.colcon_core.package_identification:_identify(src/slam_toolbox) by extension 'ignore'
[2.896s] Level 1:colcon.colcon_core.package_identification:_identify(src/slam_toolbox) by extension 'ignore_ament_install'
[2.896s] Level 1:colcon.colcon_core.package_identification:_identify(src/slam_toolbox) by extensions ['colcon_pkg']
[2.896s] Level 1:colcon.colcon_core.package_identification:_identify(src/slam_toolbox) by extension 'colcon_pkg'
[2.896s] Level 1:colcon.colcon_core.package_identification:_identify(src/slam_toolbox) by extensions ['colcon_meta']
[2.896s] Level 1:colcon.colcon_core.package_identification:_identify(src/slam_toolbox) by extension 'colcon_meta'
[2.897s] Level 1:colcon.colcon_core.package_identification:_identify(src/slam_toolbox) by extensions ['ros']
[2.897s] Level 1:colcon.colcon_core.package_identification:_identify(src/slam_toolbox) by extension 'ros'
[2.946s] DEBUG:colcon.colcon_core.package_identification:Package 'src/slam_toolbox' with type 'ros.ament_cmake' and name 'slam_toolbox'
[2.947s] Level 1:colcon.colcon_core.package_identification:_identify(src/subpub) by extensions ['ignore', 'ignore_ament_install']
[2.947s] Level 1:colcon.colcon_core.package_identification:_identify(src/subpub) by extension 'ignore'
[2.947s] Level 1:colcon.colcon_core.package_identification:_identify(src/subpub) by extension 'ignore_ament_install'
[2.948s] Level 1:colcon.colcon_core.package_identification:_identify(src/subpub) by extensions ['colcon_pkg']
[2.948s] Level 1:colcon.colcon_core.package_identification:_identify(src/subpub) by extension 'colcon_pkg'
[2.948s] Level 1:colcon.colcon_core.package_identification:_identify(src/subpub) by extensions ['colcon_meta']
[2.948s] Level 1:colcon.colcon_core.package_identification:_identify(src/subpub) by extension 'colcon_meta'
[2.949s] Level 1:colcon.colcon_core.package_identification:_identify(src/subpub) by extensions ['ros']
[2.949s] Level 1:colcon.colcon_core.package_identification:_identify(src/subpub) by extension 'ros'
[2.972s] DEBUG:colcon.colcon_core.package_identification:Package 'src/subpub' with type 'ros.ament_cmake' and name 'subpub'
[2.973s] Level 1:colcon.colcon_core.package_discovery:discover_packages(recursive) using defaults
[2.973s] Level 1:colcon.colcon_core.package_discovery:discover_packages(ignore) discover
[2.974s] Level 1:colcon.colcon_core.package_discovery:discover_packages(ignore) using defaults
[2.974s] Level 1:colcon.colcon_core.package_discovery:discover_packages(path) discover
[2.974s] Level 1:colcon.colcon_core.package_discovery:discover_packages(path) using defaults
[3.132s] Level 5:colcon.colcon_core.verb:set package 'slam_toolbox' build argument 'cmake_args' from command line to 'None'
[3.132s] Level 5:colcon.colcon_core.verb:set package 'slam_toolbox' build argument 'cmake_target' from command line to 'None'
[3.132s] Level 5:colcon.colcon_core.verb:set package 'slam_toolbox' build argument 'cmake_target_skip_unavailable' from command line to 'False'
[3.132s] Level 5:colcon.colcon_core.verb:set package 'slam_toolbox' build argument 'cmake_clean_cache' from command line to 'False'
[3.132s] Level 5:colcon.colcon_core.verb:set package 'slam_toolbox' build argument 'cmake_clean_first' from command line to 'False'
[3.132s] Level 5:colcon.colcon_core.verb:set package 'slam_toolbox' build argument 'cmake_force_configure' from command line to 'False'
[3.132s] Level 5:colcon.colcon_core.verb:set package 'slam_toolbox' build argument 'ament_cmake_args' from command line to 'None'
[3.133s] Level 5:colcon.colcon_core.verb:set package 'slam_toolbox' build argument 'catkin_cmake_args' from command line to 'None'
[3.133s] Level 5:colcon.colcon_core.verb:set package 'slam_toolbox' build argument 'catkin_skip_building_tests' from command line to 'False'
[3.133s] DEBUG:colcon.colcon_core.verb:Building package 'slam_toolbox' with the following arguments: {'ament_cmake_args': None, 'build_base': '/home/vdr/ros2/build/slam_toolbox', 'catkin_cmake_args': None, 'catkin_skip_building_tests': False, 'cmake_args': None, 'cmake_clean_cache': False, 'cmake_clean_first': False, 'cmake_force_configure': False, 'cmake_target': None, 'cmake_target_skip_unavailable': False, 'install_base': '/home/vdr/ros2/install/slam_toolbox', 'merge_install': False, 'path': '/home/vdr/ros2/src/slam_toolbox', 'symlink_install': False, 'test_result_base': None}
[3.136s] Level 5:colcon.colcon_core.verb:set package 'subpub' build argument 'cmake_args' from command line to 'None'
[3.136s] Level 5:colcon.colcon_core.verb:set package 'subpub' build argument 'cmake_target' from command line to 'None'
[3.136s] Level 5:colcon.colcon_core.verb:set package 'subpub' build argument 'cmake_target_skip_unavailable' from command line to 'False'
[3.136s] Level 5:colcon.colcon_core.verb:set package 'subpub' build argument 'cmake_clean_cache' from command line to 'False'
[3.136s] Level 5:colcon.colcon_core.verb:set package 'subpub' build argument 'cmake_clean_first' from command line to 'False'
[3.136s] Level 5:colcon.colcon_core.verb:set package 'subpub' build argument 'cmake_force_configure' from command line to 'False'
[3.136s] Level 5:colcon.colcon_core.verb:set package 'subpub' build argument 'ament_cmake_args' from command line to 'None'
[3.136s] Level 5:colcon.colcon_core.verb:set package 'subpub' build argument 'catkin_cmake_args' from command line to 'None'
[3.136s] Level 5:colcon.colcon_core.verb:set package 'subpub' build argument 'catkin_skip_building_tests' from command line to 'False'
[3.137s] DEBUG:colcon.colcon_core.verb:Building package 'subpub' with the following arguments: {'ament_cmake_args': None, 'build_base': '/home/vdr/ros2/build/subpub', 'catkin_cmake_args': None, 'catkin_skip_building_tests': False, 'cmake_args': None, 'cmake_clean_cache': False, 'cmake_clean_first': False, 'cmake_force_configure': False, 'cmake_target': None, 'cmake_target_skip_unavailable': False, 'install_base': '/home/vdr/ros2/install/subpub', 'merge_install': False, 'path': '/home/vdr/ros2/src/subpub', 'symlink_install': False, 'test_result_base': None}
[3.137s] INFO:colcon.colcon_core.executor:Executing jobs using 'parallel' executor
[3.139s] DEBUG:colcon.colcon_parallel_executor.executor.parallel:run_until_complete
[3.140s] INFO:colcon.colcon_ros.task.ament_cmake.build:Building ROS package in '/home/vdr/ros2/src/slam_toolbox' with build type 'ament_cmake'
[3.140s] INFO:colcon.colcon_cmake.task.cmake.build:Building CMake package in '/home/vdr/ros2/src/slam_toolbox'
[3.204s] INFO:colcon.colcon_core.plugin_system:Skipping extension 'colcon_core.shell.bat': Not used on non-Windows systems
[3.205s] INFO:colcon.colcon_core.shell:Skip shell extension 'powershell' for command environment: Not usable outside of PowerShell
[3.205s] DEBUG:colcon.colcon_core.shell:Skip shell extension 'dsv' for command environment
[3.217s] DEBUG:colcon.colcon_core.shell:Ignoring prefix path '/opt/ros/dashing'
[3.225s] INFO:colcon.colcon_ros.task.ament_cmake.build:Building ROS package in '/home/vdr/ros2/src/subpub' with build type 'ament_cmake'
[3.226s] INFO:colcon.colcon_cmake.task.cmake.build:Building CMake package in '/home/vdr/ros2/src/subpub'
[3.229s] INFO:colcon.colcon_core.shell:Skip shell extension 'powershell' for command environment: Not usable outside of PowerShell
[3.230s] DEBUG:colcon.colcon_core.shell:Skip shell extension 'dsv' for command environment
[3.238s] DEBUG:colcon.colcon_core.shell:Ignoring prefix path '/opt/ros/dashing'
[3.283s] DEBUG:colcon.colcon_core.event_handler.log_command:Invoking command in '/home/vdr/ros2/build/slam_toolbox': CMAKE_PREFIX_PATH=${CMAKE_PREFIX_PATH}:/opt/ros/dashing /usr/bin/cmake /home/vdr/ros2/src/slam_toolbox -DCMAKE_INSTALL_PREFIX=/home/vdr/ros2/install/slam_toolbox
[3.338s] DEBUG:colcon.colcon_core.event_handler.log_command:Invoking command in '/home/vdr/ros2/build/subpub': CMAKE_PREFIX_PATH=${CMAKE_PREFIX_PATH}:/opt/ros/dashing /usr/bin/cmake --build /home/vdr/ros2/build/subpub -- -j8 -l8
[4.639s] DEBUG:colcon.colcon_core.event_handler.log_command:Invoked command in '/home/vdr/ros2/build/subpub' returned '0': CMAKE_PREFIX_PATH=${CMAKE_PREFIX_PATH}:/opt/ros/dashing /usr/bin/cmake --build /home/vdr/ros2/build/subpub -- -j8 -l8
[4.682s] DEBUG:colcon.colcon_core.event_handler.log_command:Invoking command in '/home/vdr/ros2/build/subpub': CMAKE_PREFIX_PATH=${CMAKE_PREFIX_PATH}:/opt/ros/dashing /usr/bin/cmake --build /home/vdr/ros2/build/subpub --target install -- -j8 -l8
[4.850s] Level 1:colcon.colcon_core.environment:create_environment_scripts_only(subpub)
[4.854s] DEBUG:colcon.colcon_core.event_handler.log_command:Invoked command in '/home/vdr/ros2/build/subpub' returned '0': CMAKE_PREFIX_PATH=${CMAKE_PREFIX_PATH}:/opt/ros/dashing /usr/bin/cmake --build /home/vdr/ros2/build/subpub --target install -- -j8 -l8
[4.899s] Level 1:colcon.colcon_core.environment:checking '/home/vdr/ros2/install/subpub' for CMake module files
[4.901s] Level 1:colcon.colcon_core.environment:checking '/home/vdr/ros2/install/subpub' for CMake config files
[4.902s] Level 1:colcon.colcon_core.shell:create_environment_hook('subpub', 'cmake_prefix_path')
[4.904s] INFO:colcon.colcon_core.shell:Creating environment hook '/home/vdr/ros2/install/subpub/share/subpub/hook/cmake_prefix_path.ps1'
[4.927s] INFO:colcon.colcon_core.shell:Creating environment descriptor '/home/vdr/ros2/install/subpub/share/subpub/hook/cmake_prefix_path.dsv'
[4.929s] INFO:colcon.colcon_core.shell:Creating environment hook '/home/vdr/ros2/install/subpub/share/subpub/hook/cmake_prefix_path.sh'
[4.934s] Level 1:colcon.colcon_core.environment:checking '/home/vdr/ros2/install/subpub/lib'
[4.934s] Level 1:colcon.colcon_core.environment:checking '/home/vdr/ros2/install/subpub/bin'
[4.935s] Level 1:colcon.colcon_core.environment:checking '/home/vdr/ros2/install/subpub/lib/pkgconfig/subpub.pc'
[4.935s] Level 1:colcon.colcon_core.environment:checking '/home/vdr/ros2/install/subpub/lib/python3.6/site-packages'
[4.937s] INFO:colcon.colcon_core.shell:Creating package script '/home/vdr/ros2/install/subpub/share/subpub/package.ps1'
[4.941s] INFO:colcon.colcon_core.shell:Creating package descriptor '/home/vdr/ros2/install/subpub/share/subpub/package.dsv'
[4.943s] INFO:colcon.colcon_core.shell:Creating package script '/home/vdr/ros2/install/subpub/share/subpub/package.sh'
[4.968s] INFO:colcon.colcon_core.shell:Creating package script '/home/vdr/ros2/install/subpub/share/subpub/package.bash'
[4.970s] INFO:colcon.colcon_core.shell:Creating package script '/home/vdr/ros2/install/subpub/share/subpub/package.zsh'
[4.972s] Level 1:colcon.colcon_core.environment:create_file_with_runtime_dependencies(/home/vdr/ros2/install/subpub/share/colcon-core/packages/subpub)
[4.998s] Level 1:colcon.colcon_core.environment:create_environment_scripts_only(subpub)
[4.999s] Level 1:colcon.colcon_core.environment:checking '/home/vdr/ros2/install/subpub' for CMake module files
[4.999s] Level 1:colcon.colcon_core.environment:checking '/home/vdr/ros2/install/subpub' for CMake config files
[4.999s] Level 1:colcon.colcon_core.shell:create_environment_hook('subpub', 'cmake_prefix_path')
[5.000s] INFO:colcon.colcon_core.shell:Creating environment hook '/home/vdr/ros2/install/subpub/share/subpub/hook/cmake_prefix_path.ps1'
[5.000s] INFO:colcon.colcon_core.shell:Creating environment descriptor '/home/vdr/ros2/install/subpub/share/subpub/hook/cmake_prefix_path.dsv'
[5.001s] INFO:colcon.colcon_core.shell:Creating environment hook '/home/vdr/ros2/install/subpub/share/subpub/hook/cmake_prefix_path.sh'
[5.001s] Level 1:colcon.colcon_core.environment:checking '/home/vdr/ros2/install/subpub/lib'
[5.001s] Level 1:colcon.colcon_core.environment:checking '/home/vdr/ros2/install/subpub/bin'
[5.001s] Level 1:colcon.colcon_core.environment:checking '/home/vdr/ros2/install/subpub/lib/pkgconfig/subpub.pc'
[5.002s] Level 1:colcon.colcon_core.environment:checking '/home/vdr/ros2/install/subpub/lib/python3.6/site-packages'
[5.002s] INFO:colcon.colcon_core.shell:Creating package script '/home/vdr/ros2/install/subpub/share/subpub/package.ps1'
[5.002s] INFO:colcon.colcon_core.shell:Creating package descriptor '/home/vdr/ros2/install/subpub/share/subpub/package.dsv'
[5.003s] INFO:colcon.colcon_core.shell:Creating package script '/home/vdr/ros2/install/subpub/share/subpub/package.sh'
[5.003s] INFO:colcon.colcon_core.shell:Creating package script '/home/vdr/ros2/install/subpub/share/subpub/package.bash'
[5.003s] INFO:colcon.colcon_core.shell:Creating package script '/home/vdr/ros2/install/subpub/share/subpub/package.zsh'
[5.004s] Level 1:colcon.colcon_core.environment:create_file_with_runtime_dependencies(/home/vdr/ros2/install/subpub/share/colcon-core/packages/subpub)
[8.111s] DEBUG:colcon.colcon_core.event_handler.log_command:Invoked command in '/home/vdr/ros2/build/slam_toolbox' returned '1': CMAKE_PREFIX_PATH=${CMAKE_PREFIX_PATH}:/opt/ros/dashing /usr/bin/cmake /home/vdr/ros2/src/slam_toolbox -DCMAKE_INSTALL_PREFIX=/home/vdr/ros2/install/slam_toolbox
[8.132s] Level 1:colcon.colcon_core.environment:create_environment_scripts_only(slam_toolbox)
[8.134s] Level 1:colcon.colcon_core.environment:checking '/home/vdr/ros2/install/slam_toolbox' for CMake module files
[8.135s] Level 1:colcon.colcon_core.environment:checking '/home/vdr/ros2/install/slam_toolbox' for CMake config files
[8.136s] Level 1:colcon.colcon_core.environment:checking '/home/vdr/ros2/install/slam_toolbox/bin'
[8.136s] Level 1:colcon.colcon_core.environment:checking '/home/vdr/ros2/install/slam_toolbox/lib/pkgconfig/slam_toolbox.pc'
[8.136s] Level 1:colcon.colcon_core.environment:checking '/home/vdr/ros2/install/slam_toolbox/lib/python3.6/site-packages'
[8.137s] INFO:colcon.colcon_core.shell:Creating package script '/home/vdr/ros2/install/slam_toolbox/share/slam_toolbox/package.ps1'
[8.138s] INFO:colcon.colcon_core.shell:Creating package descriptor '/home/vdr/ros2/install/slam_toolbox/share/slam_toolbox/package.dsv'
[8.139s] INFO:colcon.colcon_core.shell:Creating package script '/home/vdr/ros2/install/slam_toolbox/share/slam_toolbox/package.sh'
[8.139s] INFO:colcon.colcon_core.shell:Creating package script '/home/vdr/ros2/install/slam_toolbox/share/slam_toolbox/package.bash'
[8.139s] INFO:colcon.colcon_core.shell:Creating package script '/home/vdr/ros2/install/slam_toolbox/share/slam_toolbox/package.zsh'
[8.140s] Level 1:colcon.colcon_core.environment:create_file_with_runtime_dependencies(/home/vdr/ros2/install/slam_toolbox/share/colcon-core/packages/slam_toolbox)
[8.151s] DEBUG:colcon.colcon_parallel_executor.executor.parallel:closing loop
[8.151s] DEBUG:colcon.colcon_parallel_executor.executor.parallel:loop closed
[8.152s] DEBUG:colcon.colcon_parallel_executor.executor.parallel:run_until_complete finished with '1'
[8.152s] DEBUG:colcon.colcon_core.event_reactor:joining thread
[8.272s] INFO:colcon.colcon_core.plugin_system:Skipping extension 'colcon_notification.desktop_notification.terminal_notifier': Not used on non-Darwin systems
[8.273s] INFO:colcon.colcon_core.plugin_system:Skipping extension 'colcon_notification.desktop_notification.win32': Not used on non-Windows systems
[8.273s] INFO:colcon.colcon_notification.desktop_notification:Sending desktop notification using 'notify2'
[8.281s] DEBUG:colcon.colcon_core.event_reactor:joined thread
[8.284s] INFO:colcon.colcon_core.shell:Creating prefix script '/home/vdr/ros2/install/local_setup.ps1'
[8.313s] INFO:colcon.colcon_core.shell:Creating prefix util module '/home/vdr/ros2/install/_local_setup_util_ps1.py'
[8.331s] INFO:colcon.colcon_core.shell:Creating prefix chain script '/home/vdr/ros2/install/setup.ps1'
[8.333s] INFO:colcon.colcon_core.shell:Creating prefix script '/home/vdr/ros2/install/local_setup.sh'
[8.340s] INFO:colcon.colcon_core.shell:Creating prefix util module '/home/vdr/ros2/install/_local_setup_util_sh.py'
[8.341s] INFO:colcon.colcon_core.shell:Creating prefix chain script '/home/vdr/ros2/install/setup.sh'
[8.343s] INFO:colcon.colcon_core.shell:Creating prefix script '/home/vdr/ros2/install/local_setup.bash'
[8.365s] INFO:colcon.colcon_core.shell:Creating prefix chain script '/home/vdr/ros2/install/setup.bash'
[8.367s] INFO:colcon.colcon_core.shell:Creating prefix script '/home/vdr/ros2/install/local_setup.zsh'
[8.368s] INFO:colcon.colcon_core.shell:Creating prefix chain script '/home/vdr/ros2/install/setup.zsh'
