[0.038s] Invoking command in '/home/frederik/git/20gr560/ros_ws/build/turtlesim': /usr/bin/cmake --build /home/frederik/git/20gr560/ros_ws/build/turtlesim -- -j4 -l4
[0.418s] [  1%] Built target turtlesim__cpp
[0.431s] [ 11%] Built target turtlesim__rosidl_generator_c
[0.484s] [ 21%] Built target turtlesim__rosidl_typesupport_introspection_cpp
[0.488s] [ 31%] Built target turtlesim__rosidl_typesupport_cpp
[0.497s] [ 41%] Built target turtlesim__rosidl_typesupport_fastrtps_cpp
[0.502s] [ 51%] Built target turtlesim__rosidl_typesupport_c
[0.538s] [ 61%] Built target turtlesim__rosidl_typesupport_introspection_c
[0.549s] [ 71%] Built target turtlesim__rosidl_typesupport_fastrtps_c
[0.574s] [ 71%] Built target turtlesim
[0.622s] [ 72%] Built target turtlesim__py
[0.706s] [ 74%] Built target mimic
[0.717s] [ 76%] Built target draw_square
[0.720s] [ 78%] Built target turtle_teleop_key
[0.726s] [ 84%] Built target turtlesim_node
[0.768s] [ 93%] Built target turtlesim__python
[0.808s] [ 95%] Built target turtlesim__rosidl_typesupport_introspection_c__pyext
[0.817s] [ 97%] Built target turtlesim__rosidl_typesupport_c__pyext
[0.817s] [100%] Built target turtlesim__rosidl_typesupport_fastrtps_c__pyext
[0.831s] Invoked command in '/home/frederik/git/20gr560/ros_ws/build/turtlesim' returned '0': /usr/bin/cmake --build /home/frederik/git/20gr560/ros_ws/build/turtlesim -- -j4 -l4
[0.991s] Invoking command in '/home/frederik/git/20gr560/ros_ws/build/turtlesim': /usr/bin/cmake --install /home/frederik/git/20gr560/ros_ws/build/turtlesim
[1.007s] -- Install configuration: ""
[1.007s] -- Up-to-date: /home/frederik/git/20gr560/ros_ws/install/turtlesim/share/ament_index/resource_index/rosidl_interfaces/turtlesim
[1.007s] -- Up-to-date: /home/frederik/git/20gr560/ros_ws/install/turtlesim/include/turtlesim
[1.008s] -- Up-to-date: /home/frederik/git/20gr560/ros_ws/install/turtlesim/include/turtlesim/action
[1.008s] -- Up-to-date: /home/frederik/git/20gr560/ros_ws/install/turtlesim/include/turtlesim/action/detail
[1.008s] -- Up-to-date: /home/frederik/git/20gr560/ros_ws/install/turtlesim/include/turtlesim/action/detail/rotate_absolute__struct.h
[1.008s] -- Up-to-date: /home/frederik/git/20gr560/ros_ws/install/turtlesim/include/turtlesim/action/detail/rotate_absolute__functions.h
[1.009s] -- Up-to-date: /home/frederik/git/20gr560/ros_ws/install/turtlesim/include/turtlesim/action/detail/rotate_absolute__functions.c
[1.009s] -- Up-to-date: /home/frederik/git/20gr560/ros_ws/install/turtlesim/include/turtlesim/action/detail/rotate_absolute__type_support.h
[1.009s] -- Up-to-date: /home/frederik/git/20gr560/ros_ws/install/turtlesim/include/turtlesim/action/rotate_absolute.h
[1.009s] -- Up-to-date: /home/frederik/git/20gr560/ros_ws/install/turtlesim/include/turtlesim/msg
[1.010s] -- Up-to-date: /home/frederik/git/20gr560/ros_ws/install/turtlesim/include/turtlesim/msg/color.h
[1.010s] -- Up-to-date: /home/frederik/git/20gr560/ros_ws/install/turtlesim/include/turtlesim/msg/rosidl_generator_c__visibility_control.h
[1.010s] -- Up-to-date: /home/frederik/git/20gr560/ros_ws/install/turtlesim/include/turtlesim/msg/detail
[1.010s] -- Up-to-date: /home/frederik/git/20gr560/ros_ws/install/turtlesim/include/turtlesim/msg/detail/color__struct.h
[1.010s] -- Up-to-date: /home/frederik/git/20gr560/ros_ws/install/turtlesim/include/turtlesim/msg/detail/color__functions.h
[1.010s] -- Up-to-date: /home/frederik/git/20gr560/ros_ws/install/turtlesim/include/turtlesim/msg/detail/pose__struct.h
[1.010s] -- Up-to-date: /home/frederik/git/20gr560/ros_ws/install/turtlesim/include/turtlesim/msg/detail/color__functions.c
[1.010s] -- Up-to-date: /home/frederik/git/20gr560/ros_ws/install/turtlesim/include/turtlesim/msg/detail/pose__type_support.h
[1.011s] -- Up-to-date: /home/frederik/git/20gr560/ros_ws/install/turtlesim/include/turtlesim/msg/detail/color__type_support.h
[1.011s] -- Up-to-date: /home/frederik/git/20gr560/ros_ws/install/turtlesim/include/turtlesim/msg/detail/pose__functions.c
[1.011s] -- Up-to-date: /home/frederik/git/20gr560/ros_ws/install/turtlesim/include/turtlesim/msg/detail/pose__functions.h
[1.011s] -- Up-to-date: /home/frederik/git/20gr560/ros_ws/install/turtlesim/include/turtlesim/msg/pose.h
[1.011s] -- Up-to-date: /home/frederik/git/20gr560/ros_ws/install/turtlesim/include/turtlesim/srv
[1.011s] -- Up-to-date: /home/frederik/git/20gr560/ros_ws/install/turtlesim/include/turtlesim/srv/kill.h
[1.011s] -- Up-to-date: /home/frederik/git/20gr560/ros_ws/install/turtlesim/include/turtlesim/srv/spawn.h
[1.011s] -- Up-to-date: /home/frederik/git/20gr560/ros_ws/install/turtlesim/include/turtlesim/srv/teleport_relative.h
[1.011s] -- Up-to-date: /home/frederik/git/20gr560/ros_ws/install/turtlesim/include/turtlesim/srv/set_pen.h
[1.012s] -- Up-to-date: /home/frederik/git/20gr560/ros_ws/install/turtlesim/include/turtlesim/srv/detail
[1.012s] -- Up-to-date: /home/frederik/git/20gr560/ros_ws/install/turtlesim/include/turtlesim/srv/detail/kill__struct.h
[1.012s] -- Up-to-date: /home/frederik/git/20gr560/ros_ws/install/turtlesim/include/turtlesim/srv/detail/teleport_absolute__struct.h
[1.012s] -- Up-to-date: /home/frederik/git/20gr560/ros_ws/install/turtlesim/include/turtlesim/srv/detail/teleport_absolute__functions.c
[1.013s] -- Up-to-date: /home/frederik/git/20gr560/ros_ws/install/turtlesim/include/turtlesim/srv/detail/kill__functions.c
[1.013s] -- Up-to-date: /home/frederik/git/20gr560/ros_ws/install/turtlesim/include/turtlesim/srv/detail/teleport_relative__type_support.h
[1.013s] -- Up-to-date: /home/frederik/git/20gr560/ros_ws/install/turtlesim/include/turtlesim/srv/detail/kill__type_support.h
[1.013s] -- Up-to-date: /home/frederik/git/20gr560/ros_ws/install/turtlesim/include/turtlesim/srv/detail/set_pen__functions.c
[1.013s] -- Up-to-date: /home/frederik/git/20gr560/ros_ws/install/turtlesim/include/turtlesim/srv/detail/spawn__functions.c
[1.013s] -- Up-to-date: /home/frederik/git/20gr560/ros_ws/install/turtlesim/include/turtlesim/srv/detail/spawn__struct.h
[1.013s] -- Up-to-date: /home/frederik/git/20gr560/ros_ws/install/turtlesim/include/turtlesim/srv/detail/set_pen__struct.h
[1.013s] -- Up-to-date: /home/frederik/git/20gr560/ros_ws/install/turtlesim/include/turtlesim/srv/detail/spawn__functions.h
[1.014s] -- Up-to-date: /home/frederik/git/20gr560/ros_ws/install/turtlesim/include/turtlesim/srv/detail/teleport_relative__struct.h
[1.014s] -- Up-to-date: /home/frederik/git/20gr560/ros_ws/install/turtlesim/include/turtlesim/srv/detail/kill__functions.h
[1.014s] -- Up-to-date: /home/frederik/git/20gr560/ros_ws/install/turtlesim/include/turtlesim/srv/detail/spawn__type_support.h
[1.014s] -- Up-to-date: /home/frederik/git/20gr560/ros_ws/install/turtlesim/include/turtlesim/srv/detail/teleport_relative__functions.c
[1.014s] -- Up-to-date: /home/frederik/git/20gr560/ros_ws/install/turtlesim/include/turtlesim/srv/detail/set_pen__functions.h
[1.015s] -- Up-to-date: /home/frederik/git/20gr560/ros_ws/install/turtlesim/include/turtlesim/srv/detail/teleport_absolute__functions.h
[1.015s] -- Up-to-date: /home/frederik/git/20gr560/ros_ws/install/turtlesim/include/turtlesim/srv/detail/teleport_relative__functions.h
[1.015s] -- Up-to-date: /home/frederik/git/20gr560/ros_ws/install/turtlesim/include/turtlesim/srv/detail/set_pen__type_support.h
[1.016s] -- Up-to-date: /home/frederik/git/20gr560/ros_ws/install/turtlesim/include/turtlesim/srv/detail/teleport_absolute__type_support.h
[1.016s] -- Up-to-date: /home/frederik/git/20gr560/ros_ws/install/turtlesim/include/turtlesim/srv/teleport_absolute.h
[1.016s] -- Up-to-date: /home/frederik/git/20gr560/ros_ws/install/turtlesim/share/turtlesim/environment/library_path.sh
[1.016s] -- Up-to-date: /home/frederik/git/20gr560/ros_ws/install/turtlesim/share/turtlesim/environment/library_path.dsv
[1.016s] -- Up-to-date: /home/frederik/git/20gr560/ros_ws/install/turtlesim/lib/libturtlesim__rosidl_generator_c.so
[1.016s] -- Up-to-date: /home/frederik/git/20gr560/ros_ws/install/turtlesim/include/turtlesim
[1.017s] -- Up-to-date: /home/frederik/git/20gr560/ros_ws/install/turtlesim/include/turtlesim/action
[1.017s] -- Up-to-date: /home/frederik/git/20gr560/ros_ws/install/turtlesim/include/turtlesim/action/detail
[1.017s] -- Up-to-date: /home/frederik/git/20gr560/ros_ws/install/turtlesim/include/turtlesim/action/detail/rotate_absolute__type_support.c
[1.017s] -- Up-to-date: /home/frederik/git/20gr560/ros_ws/install/turtlesim/include/turtlesim/action/detail/rotate_absolute__rosidl_typesupport_introspection_c.h
[1.017s] -- Up-to-date: /home/frederik/git/20gr560/ros_ws/install/turtlesim/include/turtlesim/msg
[1.017s] -- Up-to-date: /home/frederik/git/20gr560/ros_ws/install/turtlesim/include/turtlesim/msg/rosidl_typesupport_introspection_c__visibility_control.h
[1.018s] -- Up-to-date: /home/frederik/git/20gr560/ros_ws/install/turtlesim/include/turtlesim/msg/detail
[1.018s] -- Up-to-date: /home/frederik/git/20gr560/ros_ws/install/turtlesim/include/turtlesim/msg/detail/pose__rosidl_typesupport_introspection_c.h
[1.019s] -- Up-to-date: /home/frederik/git/20gr560/ros_ws/install/turtlesim/include/turtlesim/msg/detail/color__rosidl_typesupport_introspection_c.h
[1.019s] -- Up-to-date: /home/frederik/git/20gr560/ros_ws/install/turtlesim/include/turtlesim/msg/detail/pose__type_support.c
[1.019s] -- Up-to-date: /home/frederik/git/20gr560/ros_ws/install/turtlesim/include/turtlesim/msg/detail/color__type_support.c
[1.019s] -- Up-to-date: /home/frederik/git/20gr560/ros_ws/install/turtlesim/include/turtlesim/srv
[1.019s] -- Up-to-date: /home/frederik/git/20gr560/ros_ws/install/turtlesim/include/turtlesim/srv/detail
[1.019s] -- Up-to-date: /home/frederik/git/20gr560/ros_ws/install/turtlesim/include/turtlesim/srv/detail/teleport_absolute__type_support.c
[1.019s] -- Up-to-date: /home/frederik/git/20gr560/ros_ws/install/turtlesim/include/turtlesim/srv/detail/spawn__type_support.c
[1.020s] -- Up-to-date: /home/frederik/git/20gr560/ros_ws/install/turtlesim/include/turtlesim/srv/detail/set_pen__type_support.c
[1.020s] -- Up-to-date: /home/frederik/git/20gr560/ros_ws/install/turtlesim/include/turtlesim/srv/detail/kill__type_support.c
[1.020s] -- Up-to-date: /home/frederik/git/20gr560/ros_ws/install/turtlesim/include/turtlesim/srv/detail/spawn__rosidl_typesupport_introspection_c.h
[1.020s] -- Up-to-date: /home/frederik/git/20gr560/ros_ws/install/turtlesim/include/turtlesim/srv/detail/teleport_relative__type_support.c
[1.020s] -- Up-to-date: /home/frederik/git/20gr560/ros_ws/install/turtlesim/include/turtlesim/srv/detail/teleport_relative__rosidl_typesupport_introspection_c.h
[1.020s] -- Up-to-date: /home/frederik/git/20gr560/ros_ws/install/turtlesim/include/turtlesim/srv/detail/teleport_absolute__rosidl_typesupport_introspection_c.h
[1.020s] -- Up-to-date: /home/frederik/git/20gr560/ros_ws/install/turtlesim/include/turtlesim/srv/detail/kill__rosidl_typesupport_introspection_c.h
[1.020s] -- Up-to-date: /home/frederik/git/20gr560/ros_ws/install/turtlesim/include/turtlesim/srv/detail/set_pen__rosidl_typesupport_introspection_c.h
[1.021s] -- Up-to-date: /home/frederik/git/20gr560/ros_ws/install/turtlesim/lib/libturtlesim__rosidl_typesupport_introspection_c.so
[1.021s] -- Up-to-date: /home/frederik/git/20gr560/ros_ws/install/turtlesim/include/turtlesim
[1.021s] -- Up-to-date: /home/frederik/git/20gr560/ros_ws/install/turtlesim/include/turtlesim/action
[1.021s] -- Up-to-date: /home/frederik/git/20gr560/ros_ws/install/turtlesim/include/turtlesim/action/detail
[1.022s] -- Up-to-date: /home/frederik/git/20gr560/ros_ws/install/turtlesim/include/turtlesim/action/detail/rotate_absolute__rosidl_typesupport_fastrtps_c.h
[1.022s] -- Up-to-date: /home/frederik/git/20gr560/ros_ws/install/turtlesim/include/turtlesim/msg
[1.023s] -- Up-to-date: /home/frederik/git/20gr560/ros_ws/install/turtlesim/include/turtlesim/msg/rosidl_typesupport_fastrtps_c__visibility_control.h
[1.023s] -- Up-to-date: /home/frederik/git/20gr560/ros_ws/install/turtlesim/include/turtlesim/msg/detail
[1.023s] -- Up-to-date: /home/frederik/git/20gr560/ros_ws/install/turtlesim/include/turtlesim/msg/detail/color__rosidl_typesupport_fastrtps_c.h
[1.024s] -- Up-to-date: /home/frederik/git/20gr560/ros_ws/install/turtlesim/include/turtlesim/msg/detail/pose__rosidl_typesupport_fastrtps_c.h
[1.024s] -- Up-to-date: /home/frederik/git/20gr560/ros_ws/install/turtlesim/include/turtlesim/srv
[1.025s] -- Up-to-date: /home/frederik/git/20gr560/ros_ws/install/turtlesim/include/turtlesim/srv/detail
[1.025s] -- Up-to-date: /home/frederik/git/20gr560/ros_ws/install/turtlesim/include/turtlesim/srv/detail/teleport_absolute__rosidl_typesupport_fastrtps_c.h
[1.025s] -- Up-to-date: /home/frederik/git/20gr560/ros_ws/install/turtlesim/include/turtlesim/srv/detail/kill__rosidl_typesupport_fastrtps_c.h
[1.025s] -- Up-to-date: /home/frederik/git/20gr560/ros_ws/install/turtlesim/include/turtlesim/srv/detail/teleport_relative__rosidl_typesupport_fastrtps_c.h
[1.025s] -- Up-to-date: /home/frederik/git/20gr560/ros_ws/install/turtlesim/include/turtlesim/srv/detail/spawn__rosidl_typesupport_fastrtps_c.h
[1.025s] -- Up-to-date: /home/frederik/git/20gr560/ros_ws/install/turtlesim/include/turtlesim/srv/detail/set_pen__rosidl_typesupport_fastrtps_c.h
[1.025s] -- Up-to-date: /home/frederik/git/20gr560/ros_ws/install/turtlesim/lib/libturtlesim__rosidl_typesupport_fastrtps_c.so
[1.026s] -- Up-to-date: /home/frederik/git/20gr560/ros_ws/install/turtlesim/include/turtlesim
[1.026s] -- Up-to-date: /home/frederik/git/20gr560/ros_ws/install/turtlesim/include/turtlesim/action
[1.026s] -- Up-to-date: /home/frederik/git/20gr560/ros_ws/install/turtlesim/include/turtlesim/action/detail
[1.026s] -- Up-to-date: /home/frederik/git/20gr560/ros_ws/install/turtlesim/include/turtlesim/action/detail/dds_fastrtps
[1.026s] -- Up-to-date: /home/frederik/git/20gr560/ros_ws/install/turtlesim/include/turtlesim/action/detail/rotate_absolute__rosidl_typesupport_fastrtps_cpp.hpp
[1.026s] -- Up-to-date: /home/frederik/git/20gr560/ros_ws/install/turtlesim/include/turtlesim/msg
[1.026s] -- Up-to-date: /home/frederik/git/20gr560/ros_ws/install/turtlesim/include/turtlesim/msg/rosidl_typesupport_fastrtps_cpp__visibility_control.h
[1.026s] -- Up-to-date: /home/frederik/git/20gr560/ros_ws/install/turtlesim/include/turtlesim/msg/detail
[1.027s] -- Up-to-date: /home/frederik/git/20gr560/ros_ws/install/turtlesim/include/turtlesim/msg/detail/color__rosidl_typesupport_fastrtps_cpp.hpp
[1.027s] -- Up-to-date: /home/frederik/git/20gr560/ros_ws/install/turtlesim/include/turtlesim/msg/detail/dds_fastrtps
[1.027s] -- Up-to-date: /home/frederik/git/20gr560/ros_ws/install/turtlesim/include/turtlesim/msg/detail/pose__rosidl_typesupport_fastrtps_cpp.hpp
[1.027s] -- Up-to-date: /home/frederik/git/20gr560/ros_ws/install/turtlesim/include/turtlesim/srv
[1.028s] -- Up-to-date: /home/frederik/git/20gr560/ros_ws/install/turtlesim/include/turtlesim/srv/detail
[1.028s] -- Up-to-date: /home/frederik/git/20gr560/ros_ws/install/turtlesim/include/turtlesim/srv/detail/spawn__rosidl_typesupport_fastrtps_cpp.hpp
[1.028s] -- Up-to-date: /home/frederik/git/20gr560/ros_ws/install/turtlesim/include/turtlesim/srv/detail/dds_fastrtps
[1.028s] -- Up-to-date: /home/frederik/git/20gr560/ros_ws/install/turtlesim/include/turtlesim/srv/detail/teleport_absolute__rosidl_typesupport_fastrtps_cpp.hpp
[1.028s] -- Up-to-date: /home/frederik/git/20gr560/ros_ws/install/turtlesim/include/turtlesim/srv/detail/teleport_relative__rosidl_typesupport_fastrtps_cpp.hpp
[1.028s] -- Up-to-date: /home/frederik/git/20gr560/ros_ws/install/turtlesim/include/turtlesim/srv/detail/kill__rosidl_typesupport_fastrtps_cpp.hpp
[1.028s] -- Up-to-date: /home/frederik/git/20gr560/ros_ws/install/turtlesim/include/turtlesim/srv/detail/set_pen__rosidl_typesupport_fastrtps_cpp.hpp
[1.028s] -- Up-to-date: /home/frederik/git/20gr560/ros_ws/install/turtlesim/lib/libturtlesim__rosidl_typesupport_fastrtps_cpp.so
[1.029s] -- Up-to-date: /home/frederik/git/20gr560/ros_ws/install/turtlesim/lib/libturtlesim__rosidl_typesupport_c.so
[1.029s] -- Up-to-date: /home/frederik/git/20gr560/ros_ws/install/turtlesim/include/turtlesim
[1.029s] -- Up-to-date: /home/frederik/git/20gr560/ros_ws/install/turtlesim/include/turtlesim/action
[1.029s] -- Up-to-date: /home/frederik/git/20gr560/ros_ws/install/turtlesim/include/turtlesim/action/detail
[1.029s] -- Up-to-date: /home/frederik/git/20gr560/ros_ws/install/turtlesim/include/turtlesim/action/detail/rotate_absolute__builder.hpp
[1.029s] -- Up-to-date: /home/frederik/git/20gr560/ros_ws/install/turtlesim/include/turtlesim/action/detail/rotate_absolute__struct.hpp
[1.029s] -- Up-to-date: /home/frederik/git/20gr560/ros_ws/install/turtlesim/include/turtlesim/action/detail/rotate_absolute__traits.hpp
[1.029s] -- Up-to-date: /home/frederik/git/20gr560/ros_ws/install/turtlesim/include/turtlesim/action/rotate_absolute.hpp
[1.029s] -- Up-to-date: /home/frederik/git/20gr560/ros_ws/install/turtlesim/include/turtlesim/msg
[1.030s] -- Up-to-date: /home/frederik/git/20gr560/ros_ws/install/turtlesim/include/turtlesim/msg/color.hpp
[1.030s] -- Up-to-date: /home/frederik/git/20gr560/ros_ws/install/turtlesim/include/turtlesim/msg/detail
[1.030s] -- Up-to-date: /home/frederik/git/20gr560/ros_ws/install/turtlesim/include/turtlesim/msg/detail/color__struct.hpp
[1.030s] -- Up-to-date: /home/frederik/git/20gr560/ros_ws/install/turtlesim/include/turtlesim/msg/detail/pose__builder.hpp
[1.030s] -- Up-to-date: /home/frederik/git/20gr560/ros_ws/install/turtlesim/include/turtlesim/msg/detail/pose__struct.hpp
[1.030s] -- Up-to-date: /home/frederik/git/20gr560/ros_ws/install/turtlesim/include/turtlesim/msg/detail/color__traits.hpp
[1.030s] -- Up-to-date: /home/frederik/git/20gr560/ros_ws/install/turtlesim/include/turtlesim/msg/detail/color__builder.hpp
[1.030s] -- Up-to-date: /home/frederik/git/20gr560/ros_ws/install/turtlesim/include/turtlesim/msg/detail/pose__traits.hpp
[1.030s] -- Up-to-date: /home/frederik/git/20gr560/ros_ws/install/turtlesim/include/turtlesim/msg/pose.hpp
[1.030s] -- Up-to-date: /home/frederik/git/20gr560/ros_ws/install/turtlesim/include/turtlesim/srv
[1.030s] -- Up-to-date: /home/frederik/git/20gr560/ros_ws/install/turtlesim/include/turtlesim/srv/teleport_absolute.hpp
[1.031s] -- Up-to-date: /home/frederik/git/20gr560/ros_ws/install/turtlesim/include/turtlesim/srv/teleport_relative.hpp
[1.031s] -- Up-to-date: /home/frederik/git/20gr560/ros_ws/install/turtlesim/include/turtlesim/srv/spawn.hpp
[1.031s] -- Up-to-date: /home/frederik/git/20gr560/ros_ws/install/turtlesim/include/turtlesim/srv/detail
[1.031s] -- Up-to-date: /home/frederik/git/20gr560/ros_ws/install/turtlesim/include/turtlesim/srv/detail/teleport_relative__builder.hpp
[1.031s] -- Up-to-date: /home/frederik/git/20gr560/ros_ws/install/turtlesim/include/turtlesim/srv/detail/kill__traits.hpp
[1.031s] -- Up-to-date: /home/frederik/git/20gr560/ros_ws/install/turtlesim/include/turtlesim/srv/detail/teleport_relative__traits.hpp
[1.031s] -- Up-to-date: /home/frederik/git/20gr560/ros_ws/install/turtlesim/include/turtlesim/srv/detail/set_pen__traits.hpp
[1.031s] -- Up-to-date: /home/frederik/git/20gr560/ros_ws/install/turtlesim/include/turtlesim/srv/detail/teleport_absolute__builder.hpp
[1.031s] -- Up-to-date: /home/frederik/git/20gr560/ros_ws/install/turtlesim/include/turtlesim/srv/detail/teleport_absolute__struct.hpp
[1.031s] -- Up-to-date: /home/frederik/git/20gr560/ros_ws/install/turtlesim/include/turtlesim/srv/detail/spawn__struct.hpp
[1.032s] -- Up-to-date: /home/frederik/git/20gr560/ros_ws/install/turtlesim/include/turtlesim/srv/detail/spawn__traits.hpp
[1.032s] -- Up-to-date: /home/frederik/git/20gr560/ros_ws/install/turtlesim/include/turtlesim/srv/detail/teleport_relative__struct.hpp
[1.032s] -- Up-to-date: /home/frederik/git/20gr560/ros_ws/install/turtlesim/include/turtlesim/srv/detail/kill__builder.hpp
[1.032s] -- Up-to-date: /home/frederik/git/20gr560/ros_ws/install/turtlesim/include/turtlesim/srv/detail/kill__struct.hpp
[1.032s] -- Up-to-date: /home/frederik/git/20gr560/ros_ws/install/turtlesim/include/turtlesim/srv/detail/set_pen__builder.hpp
[1.032s] -- Up-to-date: /home/frederik/git/20gr560/ros_ws/install/turtlesim/include/turtlesim/srv/detail/teleport_absolute__traits.hpp
[1.032s] -- Up-to-date: /home/frederik/git/20gr560/ros_ws/install/turtlesim/include/turtlesim/srv/detail/spawn__builder.hpp
[1.032s] -- Up-to-date: /home/frederik/git/20gr560/ros_ws/install/turtlesim/include/turtlesim/srv/detail/set_pen__struct.hpp
[1.032s] -- Up-to-date: /home/frederik/git/20gr560/ros_ws/install/turtlesim/include/turtlesim/srv/set_pen.hpp
[1.032s] -- Up-to-date: /home/frederik/git/20gr560/ros_ws/install/turtlesim/include/turtlesim/srv/kill.hpp
[1.032s] -- Up-to-date: /home/frederik/git/20gr560/ros_ws/install/turtlesim/include/turtlesim
[1.033s] -- Up-to-date: /home/frederik/git/20gr560/ros_ws/install/turtlesim/include/turtlesim/action
[1.033s] -- Up-to-date: /home/frederik/git/20gr560/ros_ws/install/turtlesim/include/turtlesim/action/detail
[1.033s] -- Up-to-date: /home/frederik/git/20gr560/ros_ws/install/turtlesim/include/turtlesim/action/detail/rotate_absolute__type_support.cpp
[1.033s] -- Up-to-date: /home/frederik/git/20gr560/ros_ws/install/turtlesim/include/turtlesim/action/detail/rotate_absolute__rosidl_typesupport_introspection_cpp.hpp
[1.033s] -- Up-to-date: /home/frederik/git/20gr560/ros_ws/install/turtlesim/include/turtlesim/msg
[1.033s] -- Up-to-date: /home/frederik/git/20gr560/ros_ws/install/turtlesim/include/turtlesim/msg/detail
[1.033s] -- Up-to-date: /home/frederik/git/20gr560/ros_ws/install/turtlesim/include/turtlesim/msg/detail/pose__rosidl_typesupport_introspection_cpp.hpp
[1.033s] -- Up-to-date: /home/frederik/git/20gr560/ros_ws/install/turtlesim/include/turtlesim/msg/detail/color__rosidl_typesupport_introspection_cpp.hpp
[1.033s] -- Up-to-date: /home/frederik/git/20gr560/ros_ws/install/turtlesim/include/turtlesim/msg/detail/pose__type_support.cpp
[1.033s] -- Up-to-date: /home/frederik/git/20gr560/ros_ws/install/turtlesim/include/turtlesim/msg/detail/color__type_support.cpp
[1.033s] -- Up-to-date: /home/frederik/git/20gr560/ros_ws/install/turtlesim/include/turtlesim/srv
[1.034s] -- Up-to-date: /home/frederik/git/20gr560/ros_ws/install/turtlesim/include/turtlesim/srv/detail
[1.034s] -- Up-to-date: /home/frederik/git/20gr560/ros_ws/install/turtlesim/include/turtlesim/srv/detail/set_pen__rosidl_typesupport_introspection_cpp.hpp
[1.034s] -- Up-to-date: /home/frederik/git/20gr560/ros_ws/install/turtlesim/include/turtlesim/srv/detail/teleport_relative__type_support.cpp
[1.034s] -- Up-to-date: /home/frederik/git/20gr560/ros_ws/install/turtlesim/include/turtlesim/srv/detail/set_pen__type_support.cpp
[1.034s] -- Up-to-date: /home/frederik/git/20gr560/ros_ws/install/turtlesim/include/turtlesim/srv/detail/kill__rosidl_typesupport_introspection_cpp.hpp
[1.034s] -- Up-to-date: /home/frederik/git/20gr560/ros_ws/install/turtlesim/include/turtlesim/srv/detail/teleport_relative__rosidl_typesupport_introspection_cpp.hpp
[1.034s] -- Up-to-date: /home/frederik/git/20gr560/ros_ws/install/turtlesim/include/turtlesim/srv/detail/spawn__rosidl_typesupport_introspection_cpp.hpp
[1.034s] -- Up-to-date: /home/frederik/git/20gr560/ros_ws/install/turtlesim/include/turtlesim/srv/detail/teleport_absolute__type_support.cpp
[1.034s] -- Up-to-date: /home/frederik/git/20gr560/ros_ws/install/turtlesim/include/turtlesim/srv/detail/teleport_absolute__rosidl_typesupport_introspection_cpp.hpp
[1.034s] -- Up-to-date: /home/frederik/git/20gr560/ros_ws/install/turtlesim/include/turtlesim/srv/detail/spawn__type_support.cpp
[1.034s] -- Up-to-date: /home/frederik/git/20gr560/ros_ws/install/turtlesim/include/turtlesim/srv/detail/kill__type_support.cpp
[1.035s] -- Up-to-date: /home/frederik/git/20gr560/ros_ws/install/turtlesim/lib/libturtlesim__rosidl_typesupport_introspection_cpp.so
[1.035s] -- Up-to-date: /home/frederik/git/20gr560/ros_ws/install/turtlesim/lib/libturtlesim__rosidl_typesupport_cpp.so
[1.035s] -- Up-to-date: /home/frederik/git/20gr560/ros_ws/install/turtlesim/share/turtlesim/environment/pythonpath.sh
[1.035s] -- Up-to-date: /home/frederik/git/20gr560/ros_ws/install/turtlesim/share/turtlesim/environment/pythonpath.dsv
[1.035s] -- Up-to-date: /home/frederik/git/20gr560/ros_ws/install/turtlesim/lib/python3.8/site-packages/turtlesim/__init__.py
[1.075s] -- Up-to-date: /home/frederik/git/20gr560/ros_ws/install/turtlesim/lib/python3.8/site-packages/turtlesim/action
[1.075s] -- Up-to-date: /home/frederik/git/20gr560/ros_ws/install/turtlesim/lib/python3.8/site-packages/turtlesim/action/__init__.py
[1.076s] -- Up-to-date: /home/frederik/git/20gr560/ros_ws/install/turtlesim/lib/python3.8/site-packages/turtlesim/action/_rotate_absolute.py
[1.076s] -- Up-to-date: /home/frederik/git/20gr560/ros_ws/install/turtlesim/lib/python3.8/site-packages/turtlesim/action/_rotate_absolute_s.c
[1.076s] -- Up-to-date: /home/frederik/git/20gr560/ros_ws/install/turtlesim/lib/python3.8/site-packages/turtlesim/msg
[1.076s] -- Up-to-date: /home/frederik/git/20gr560/ros_ws/install/turtlesim/lib/python3.8/site-packages/turtlesim/msg/_color_s.c
[1.077s] -- Up-to-date: /home/frederik/git/20gr560/ros_ws/install/turtlesim/lib/python3.8/site-packages/turtlesim/msg/__init__.py
[1.077s] -- Up-to-date: /home/frederik/git/20gr560/ros_ws/install/turtlesim/lib/python3.8/site-packages/turtlesim/msg/_pose_s.c
[1.077s] -- Up-to-date: /home/frederik/git/20gr560/ros_ws/install/turtlesim/lib/python3.8/site-packages/turtlesim/msg/_pose.py
[1.077s] -- Up-to-date: /home/frederik/git/20gr560/ros_ws/install/turtlesim/lib/python3.8/site-packages/turtlesim/msg/_color.py
[1.077s] -- Up-to-date: /home/frederik/git/20gr560/ros_ws/install/turtlesim/lib/python3.8/site-packages/turtlesim/srv
[1.077s] -- Up-to-date: /home/frederik/git/20gr560/ros_ws/install/turtlesim/lib/python3.8/site-packages/turtlesim/srv/__init__.py
[1.077s] -- Up-to-date: /home/frederik/git/20gr560/ros_ws/install/turtlesim/lib/python3.8/site-packages/turtlesim/srv/_set_pen_s.c
[1.077s] -- Up-to-date: /home/frederik/git/20gr560/ros_ws/install/turtlesim/lib/python3.8/site-packages/turtlesim/srv/_spawn_s.c
[1.078s] -- Up-to-date: /home/frederik/git/20gr560/ros_ws/install/turtlesim/lib/python3.8/site-packages/turtlesim/srv/_teleport_relative_s.c
[1.078s] -- Up-to-date: /home/frederik/git/20gr560/ros_ws/install/turtlesim/lib/python3.8/site-packages/turtlesim/srv/_kill_s.c
[1.078s] -- Up-to-date: /home/frederik/git/20gr560/ros_ws/install/turtlesim/lib/python3.8/site-packages/turtlesim/srv/_spawn.py
[1.078s] -- Up-to-date: /home/frederik/git/20gr560/ros_ws/install/turtlesim/lib/python3.8/site-packages/turtlesim/srv/_teleport_absolute_s.c
[1.078s] -- Up-to-date: /home/frederik/git/20gr560/ros_ws/install/turtlesim/lib/python3.8/site-packages/turtlesim/srv/_set_pen.py
[1.078s] -- Up-to-date: /home/frederik/git/20gr560/ros_ws/install/turtlesim/lib/python3.8/site-packages/turtlesim/srv/_kill.py
[1.079s] -- Up-to-date: /home/frederik/git/20gr560/ros_ws/install/turtlesim/lib/python3.8/site-packages/turtlesim/srv/_teleport_relative.py
[1.079s] -- Up-to-date: /home/frederik/git/20gr560/ros_ws/install/turtlesim/lib/python3.8/site-packages/turtlesim/srv/_teleport_absolute.py
[1.079s] -- Up-to-date: /home/frederik/git/20gr560/ros_ws/install/turtlesim/lib/python3.8/site-packages/turtlesim/turtlesim_s__rosidl_typesupport_introspection_c.cpython-38-x86_64-linux-gnu.so
[1.080s] -- Up-to-date: /home/frederik/git/20gr560/ros_ws/install/turtlesim/lib/python3.8/site-packages/turtlesim/turtlesim_s__rosidl_typesupport_fastrtps_c.cpython-38-x86_64-linux-gnu.so
[1.081s] -- Up-to-date: /home/frederik/git/20gr560/ros_ws/install/turtlesim/lib/python3.8/site-packages/turtlesim/turtlesim_s__rosidl_typesupport_c.cpython-38-x86_64-linux-gnu.so
[1.082s] -- Up-to-date: /home/frederik/git/20gr560/ros_ws/install/turtlesim/lib/libturtlesim__python.so
[1.083s] -- Up-to-date: /home/frederik/git/20gr560/ros_ws/install/turtlesim/share/turtlesim/action/RotateAbsolute.idl
[1.083s] -- Up-to-date: /home/frederik/git/20gr560/ros_ws/install/turtlesim/share/turtlesim/msg/Color.idl
[1.083s] -- Up-to-date: /home/frederik/git/20gr560/ros_ws/install/turtlesim/share/turtlesim/msg/Pose.idl
[1.083s] -- Up-to-date: /home/frederik/git/20gr560/ros_ws/install/turtlesim/share/turtlesim/srv/Kill.idl
[1.084s] -- Up-to-date: /home/frederik/git/20gr560/ros_ws/install/turtlesim/share/turtlesim/srv/SetPen.idl
[1.084s] -- Up-to-date: /home/frederik/git/20gr560/ros_ws/install/turtlesim/share/turtlesim/srv/Spawn.idl
[1.084s] -- Up-to-date: /home/frederik/git/20gr560/ros_ws/install/turtlesim/share/turtlesim/srv/TeleportAbsolute.idl
[1.084s] -- Up-to-date: /home/frederik/git/20gr560/ros_ws/install/turtlesim/share/turtlesim/srv/TeleportRelative.idl
[1.085s] -- Up-to-date: /home/frederik/git/20gr560/ros_ws/install/turtlesim/share/turtlesim/action/RotateAbsolute.action
[1.085s] -- Up-to-date: /home/frederik/git/20gr560/ros_ws/install/turtlesim/share/turtlesim/msg/Color.msg
[1.085s] -- Up-to-date: /home/frederik/git/20gr560/ros_ws/install/turtlesim/share/turtlesim/msg/Pose.msg
[1.085s] -- Up-to-date: /home/frederik/git/20gr560/ros_ws/install/turtlesim/share/turtlesim/srv/Kill.srv
[1.085s] -- Up-to-date: /home/frederik/git/20gr560/ros_ws/install/turtlesim/share/turtlesim/srv/Kill_Request.msg
[1.085s] -- Up-to-date: /home/frederik/git/20gr560/ros_ws/install/turtlesim/share/turtlesim/srv/Kill_Response.msg
[1.086s] -- Up-to-date: /home/frederik/git/20gr560/ros_ws/install/turtlesim/share/turtlesim/srv/SetPen.srv
[1.086s] -- Up-to-date: /home/frederik/git/20gr560/ros_ws/install/turtlesim/share/turtlesim/srv/SetPen_Request.msg
[1.086s] -- Up-to-date: /home/frederik/git/20gr560/ros_ws/install/turtlesim/share/turtlesim/srv/SetPen_Response.msg
[1.086s] -- Up-to-date: /home/frederik/git/20gr560/ros_ws/install/turtlesim/share/turtlesim/srv/Spawn.srv
[1.086s] -- Up-to-date: /home/frederik/git/20gr560/ros_ws/install/turtlesim/share/turtlesim/srv/Spawn_Request.msg
[1.086s] -- Up-to-date: /home/frederik/git/20gr560/ros_ws/install/turtlesim/share/turtlesim/srv/Spawn_Response.msg
[1.086s] -- Up-to-date: /home/frederik/git/20gr560/ros_ws/install/turtlesim/share/turtlesim/srv/TeleportAbsolute.srv
[1.087s] -- Up-to-date: /home/frederik/git/20gr560/ros_ws/install/turtlesim/share/turtlesim/srv/TeleportAbsolute_Request.msg
[1.087s] -- Up-to-date: /home/frederik/git/20gr560/ros_ws/install/turtlesim/share/turtlesim/srv/TeleportAbsolute_Response.msg
[1.087s] -- Up-to-date: /home/frederik/git/20gr560/ros_ws/install/turtlesim/share/turtlesim/srv/TeleportRelative.srv
[1.087s] -- Up-to-date: /home/frederik/git/20gr560/ros_ws/install/turtlesim/share/turtlesim/srv/TeleportRelative_Request.msg
[1.087s] -- Up-to-date: /home/frederik/git/20gr560/ros_ws/install/turtlesim/share/turtlesim/srv/TeleportRelative_Response.msg
[1.087s] -- Up-to-date: /home/frederik/git/20gr560/ros_ws/install/turtlesim/lib/turtlesim/turtlesim_node
[1.088s] -- Up-to-date: /home/frederik/git/20gr560/ros_ws/install/turtlesim/lib/turtlesim/turtle_teleop_key
[1.088s] -- Up-to-date: /home/frederik/git/20gr560/ros_ws/install/turtlesim/lib/turtlesim/draw_square
[1.089s] -- Up-to-date: /home/frederik/git/20gr560/ros_ws/install/turtlesim/lib/turtlesim/mimic
[1.090s] -- Up-to-date: /home/frederik/git/20gr560/ros_ws/install/turtlesim/share/turtlesim/images
[1.090s] -- Up-to-date: /home/frederik/git/20gr560/ros_ws/install/turtlesim/share/turtlesim/images/eloquent.png
[1.091s] -- Up-to-date: /home/frederik/git/20gr560/ros_ws/install/turtlesim/share/turtlesim/images/foxy.png
[1.091s] -- Up-to-date: /home/frederik/git/20gr560/ros_ws/install/turtlesim/share/turtlesim/images/bouncy.png
[1.091s] -- Up-to-date: /home/frederik/git/20gr560/ros_ws/install/turtlesim/share/turtlesim/images/ardent.png
[1.091s] -- Up-to-date: /home/frederik/git/20gr560/ros_ws/install/turtlesim/share/turtlesim/images/dashing.png
[1.091s] -- Up-to-date: /home/frederik/git/20gr560/ros_ws/install/turtlesim/share/turtlesim/images/crystal.png
[1.091s] -- Up-to-date: /home/frederik/git/20gr560/ros_ws/install/turtlesim/share/turtlesim/launch
[1.091s] -- Up-to-date: /home/frederik/git/20gr560/ros_ws/install/turtlesim/share/turtlesim/launch/multisim.launch.py
[1.092s] -- Up-to-date: /home/frederik/git/20gr560/ros_ws/install/turtlesim/share/ament_index/resource_index/package_run_dependencies/turtlesim
[1.092s] -- Up-to-date: /home/frederik/git/20gr560/ros_ws/install/turtlesim/share/ament_index/resource_index/parent_prefix_path/turtlesim
[1.092s] -- Up-to-date: /home/frederik/git/20gr560/ros_ws/install/turtlesim/share/turtlesim/environment/ament_prefix_path.dsv
[1.093s] -- Up-to-date: /home/frederik/git/20gr560/ros_ws/install/turtlesim/share/turtlesim/environment/path.dsv
[1.093s] -- Up-to-date: /home/frederik/git/20gr560/ros_ws/install/turtlesim/share/turtlesim/local_setup.bash
[1.093s] -- Up-to-date: /home/frederik/git/20gr560/ros_ws/install/turtlesim/share/turtlesim/local_setup.sh
[1.093s] -- Up-to-date: /home/frederik/git/20gr560/ros_ws/install/turtlesim/share/turtlesim/local_setup.zsh
[1.093s] -- Up-to-date: /home/frederik/git/20gr560/ros_ws/install/turtlesim/share/turtlesim/local_setup.dsv
[1.093s] -- Installing: /home/frederik/git/20gr560/ros_ws/install/turtlesim/share/turtlesim/package.dsv
[1.094s] -- Up-to-date: /home/frederik/git/20gr560/ros_ws/install/turtlesim/share/ament_index/resource_index/packages/turtlesim
[1.096s] -- Up-to-date: /home/frederik/git/20gr560/ros_ws/install/turtlesim/share/turtlesim/cmake/turtlesim__rosidl_generator_cExport.cmake
[1.096s] -- Up-to-date: /home/frederik/git/20gr560/ros_ws/install/turtlesim/share/turtlesim/cmake/turtlesim__rosidl_generator_cExport-noconfig.cmake
[1.097s] -- Up-to-date: /home/frederik/git/20gr560/ros_ws/install/turtlesim/share/turtlesim/cmake/turtlesim__rosidl_typesupport_introspection_cExport.cmake
[1.097s] -- Up-to-date: /home/frederik/git/20gr560/ros_ws/install/turtlesim/share/turtlesim/cmake/turtlesim__rosidl_typesupport_introspection_cExport-noconfig.cmake
[1.097s] -- Up-to-date: /home/frederik/git/20gr560/ros_ws/install/turtlesim/share/turtlesim/cmake/turtlesim__rosidl_typesupport_cExport.cmake
[1.098s] -- Up-to-date: /home/frederik/git/20gr560/ros_ws/install/turtlesim/share/turtlesim/cmake/turtlesim__rosidl_typesupport_cExport-noconfig.cmake
[1.098s] -- Up-to-date: /home/frederik/git/20gr560/ros_ws/install/turtlesim/share/turtlesim/cmake/turtlesim__rosidl_generator_cppExport.cmake
[1.099s] -- Up-to-date: /home/frederik/git/20gr560/ros_ws/install/turtlesim/share/turtlesim/cmake/turtlesim__rosidl_typesupport_introspection_cppExport.cmake
[1.099s] -- Up-to-date: /home/frederik/git/20gr560/ros_ws/install/turtlesim/share/turtlesim/cmake/turtlesim__rosidl_typesupport_introspection_cppExport-noconfig.cmake
[1.100s] -- Up-to-date: /home/frederik/git/20gr560/ros_ws/install/turtlesim/share/turtlesim/cmake/turtlesim__rosidl_typesupport_cppExport.cmake
[1.100s] -- Up-to-date: /home/frederik/git/20gr560/ros_ws/install/turtlesim/share/turtlesim/cmake/turtlesim__rosidl_typesupport_cppExport-noconfig.cmake
[1.100s] -- Up-to-date: /home/frederik/git/20gr560/ros_ws/install/turtlesim/share/turtlesim/cmake/rosidl_cmake-extras.cmake
[1.101s] -- Up-to-date: /home/frederik/git/20gr560/ros_ws/install/turtlesim/share/turtlesim/cmake/ament_cmake_export_dependencies-extras.cmake
[1.101s] -- Up-to-date: /home/frederik/git/20gr560/ros_ws/install/turtlesim/share/turtlesim/cmake/ament_cmake_export_libraries-extras.cmake
[1.101s] -- Up-to-date: /home/frederik/git/20gr560/ros_ws/install/turtlesim/share/turtlesim/cmake/ament_cmake_export_targets-extras.cmake
[1.101s] -- Up-to-date: /home/frederik/git/20gr560/ros_ws/install/turtlesim/share/turtlesim/cmake/ament_cmake_export_include_directories-extras.cmake
[1.101s] -- Up-to-date: /home/frederik/git/20gr560/ros_ws/install/turtlesim/share/turtlesim/cmake/rosidl_cmake_export_typesupport_targets-extras.cmake
[1.102s] -- Up-to-date: /home/frederik/git/20gr560/ros_ws/install/turtlesim/share/turtlesim/cmake/rosidl_cmake_export_typesupport_libraries-extras.cmake
[1.102s] -- Up-to-date: /home/frederik/git/20gr560/ros_ws/install/turtlesim/share/turtlesim/cmake/turtlesimConfig.cmake
[1.102s] -- Up-to-date: /home/frederik/git/20gr560/ros_ws/install/turtlesim/share/turtlesim/cmake/turtlesimConfig-version.cmake
[1.102s] -- Up-to-date: /home/frederik/git/20gr560/ros_ws/install/turtlesim/share/turtlesim/package.xml
[1.107s] Invoked command in '/home/frederik/git/20gr560/ros_ws/build/turtlesim' returned '0': /usr/bin/cmake --install /home/frederik/git/20gr560/ros_ws/build/turtlesim
