[0.175s] DEBUG:colcon:Command line arguments: ['/usr/bin/colcon', 'build']
[0.175s] DEBUG:colcon:Parsed command line arguments: Namespace(ament_cmake_args=None, base_paths=['.'], build_base='build', catkin_cmake_args=None, catkin_skip_building_tests=False, cmake_args=None, cmake_clean_cache=False, cmake_clean_first=False, cmake_force_configure=False, cmake_target=None, cmake_target_skip_unavailable=False, continue_on_error=False, event_handlers=None, executor='parallel', ignore_user_meta=False, install_base='install', log_base=None, log_level=None, main=<bound method BuildVerb.main of <colcon_core.verb.build.BuildVerb object at 0x7f02ce03c3a0>>, merge_install=False, metas=['./colcon.meta'], packages_above=None, packages_above_and_dependencies=None, packages_above_depth=None, packages_end=None, packages_ignore=None, packages_ignore_regex=None, packages_select=None, packages_select_build_failed=False, packages_select_by_dep=None, packages_select_regex=None, packages_select_test_failures=False, packages_skip=None, packages_skip_build_finished=False, packages_skip_by_dep=None, packages_skip_regex=None, packages_skip_test_passed=False, packages_skip_up_to=None, packages_start=None, packages_up_to=None, packages_up_to_regex=None, parallel_workers=4, paths=None, symlink_install=False, test_result_base=None, verb_extension=<colcon_core.verb.build.BuildVerb object at 0x7f02ce03c3a0>, verb_name='build', verb_parser=<colcon_defaults.argument_parser.defaults.DefaultArgumentsDecorator object at 0x7f02ce03c8e0>)
[0.181s] Level 1:colcon.colcon_core.package_discovery:discover_packages(colcon_meta) check parameters
[0.181s] Level 1:colcon.colcon_core.package_discovery:discover_packages(recursive) check parameters
[0.181s] Level 1:colcon.colcon_core.package_discovery:discover_packages(ignore) check parameters
[0.181s] Level 1:colcon.colcon_core.package_discovery:discover_packages(path) check parameters
[0.181s] Level 1:colcon.colcon_core.package_discovery:discover_packages(colcon_meta) discover
[0.182s] Level 1:colcon.colcon_core.package_discovery:discover_packages(recursive) discover
[0.182s] INFO:colcon.colcon_core.package_discovery:Crawling recursively for packages in '/home/frederik/git/20gr560'
[0.182s] Level 1:colcon.colcon_core.package_identification:_identify(.) by extensions ['ignore', 'ignore_ament_install']
[0.182s] Level 1:colcon.colcon_core.package_identification:_identify(.) by extension 'ignore'
[0.182s] Level 1:colcon.colcon_core.package_identification:_identify(.) by extension 'ignore_ament_install'
[0.182s] Level 1:colcon.colcon_core.package_identification:_identify(.) by extensions ['colcon_pkg']
[0.182s] Level 1:colcon.colcon_core.package_identification:_identify(.) by extension 'colcon_pkg'
[0.182s] Level 1:colcon.colcon_core.package_identification:_identify(.) by extensions ['colcon_meta']
[0.182s] Level 1:colcon.colcon_core.package_identification:_identify(.) by extension 'colcon_meta'
[0.182s] Level 1:colcon.colcon_core.package_identification:_identify(.) by extensions ['ros']
[0.182s] Level 1:colcon.colcon_core.package_identification:_identify(.) by extension 'ros'
[0.194s] Level 1:colcon.colcon_core.package_identification:_identify(.) by extensions ['cmake', 'python']
[0.195s] Level 1:colcon.colcon_core.package_identification:_identify(.) by extension 'cmake'
[0.195s] Level 1:colcon.colcon_core.package_identification:_identify(.) by extension 'python'
[0.195s] Level 1:colcon.colcon_core.package_identification:_identify(.) by extensions ['python_setup_py']
[0.195s] Level 1:colcon.colcon_core.package_identification:_identify(.) by extension 'python_setup_py'
[0.195s] Level 1:colcon.colcon_core.package_identification:_identify(build) by extensions ['ignore', 'ignore_ament_install']
[0.195s] Level 1:colcon.colcon_core.package_identification:_identify(build) by extension 'ignore'
[0.195s] Level 1:colcon.colcon_core.package_identification:_identify(build) ignored
[0.195s] Level 1:colcon.colcon_core.package_identification:_identify(install) by extensions ['ignore', 'ignore_ament_install']
[0.195s] Level 1:colcon.colcon_core.package_identification:_identify(install) by extension 'ignore'
[0.195s] Level 1:colcon.colcon_core.package_identification:_identify(install) ignored
[0.195s] Level 1:colcon.colcon_core.package_identification:_identify(log) by extensions ['ignore', 'ignore_ament_install']
[0.196s] Level 1:colcon.colcon_core.package_identification:_identify(log) by extension 'ignore'
[0.196s] Level 1:colcon.colcon_core.package_identification:_identify(log) ignored
[0.196s] Level 1:colcon.colcon_core.package_identification:_identify(ros_ws) by extensions ['ignore', 'ignore_ament_install']
[0.196s] Level 1:colcon.colcon_core.package_identification:_identify(ros_ws) by extension 'ignore'
[0.196s] Level 1:colcon.colcon_core.package_identification:_identify(ros_ws) by extension 'ignore_ament_install'
[0.196s] Level 1:colcon.colcon_core.package_identification:_identify(ros_ws) by extensions ['colcon_pkg']
[0.196s] Level 1:colcon.colcon_core.package_identification:_identify(ros_ws) by extension 'colcon_pkg'
[0.196s] Level 1:colcon.colcon_core.package_identification:_identify(ros_ws) by extensions ['colcon_meta']
[0.196s] Level 1:colcon.colcon_core.package_identification:_identify(ros_ws) by extension 'colcon_meta'
[0.196s] Level 1:colcon.colcon_core.package_identification:_identify(ros_ws) by extensions ['ros']
[0.196s] Level 1:colcon.colcon_core.package_identification:_identify(ros_ws) by extension 'ros'
[0.196s] Level 1:colcon.colcon_core.package_identification:_identify(ros_ws) by extensions ['cmake', 'python']
[0.196s] Level 1:colcon.colcon_core.package_identification:_identify(ros_ws) by extension 'cmake'
[0.196s] Level 1:colcon.colcon_core.package_identification:_identify(ros_ws) by extension 'python'
[0.196s] Level 1:colcon.colcon_core.package_identification:_identify(ros_ws) by extensions ['python_setup_py']
[0.196s] Level 1:colcon.colcon_core.package_identification:_identify(ros_ws) by extension 'python_setup_py'
[0.197s] Level 1:colcon.colcon_core.package_identification:_identify(ros_ws/build) by extensions ['ignore', 'ignore_ament_install']
[0.197s] Level 1:colcon.colcon_core.package_identification:_identify(ros_ws/build) by extension 'ignore'
[0.197s] Level 1:colcon.colcon_core.package_identification:_identify(ros_ws/build) ignored
[0.197s] Level 1:colcon.colcon_core.package_identification:_identify(ros_ws/install) by extensions ['ignore', 'ignore_ament_install']
[0.197s] Level 1:colcon.colcon_core.package_identification:_identify(ros_ws/install) by extension 'ignore'
[0.197s] Level 1:colcon.colcon_core.package_identification:_identify(ros_ws/install) ignored
[0.197s] Level 1:colcon.colcon_core.package_identification:_identify(ros_ws/log) by extensions ['ignore', 'ignore_ament_install']
[0.197s] Level 1:colcon.colcon_core.package_identification:_identify(ros_ws/log) by extension 'ignore'
[0.197s] Level 1:colcon.colcon_core.package_identification:_identify(ros_ws/log) ignored
[0.197s] Level 1:colcon.colcon_core.package_identification:_identify(ros_ws/src) by extensions ['ignore', 'ignore_ament_install']
[0.197s] Level 1:colcon.colcon_core.package_identification:_identify(ros_ws/src) by extension 'ignore'
[0.197s] Level 1:colcon.colcon_core.package_identification:_identify(ros_ws/src) by extension 'ignore_ament_install'
[0.198s] Level 1:colcon.colcon_core.package_identification:_identify(ros_ws/src) by extensions ['colcon_pkg']
[0.198s] Level 1:colcon.colcon_core.package_identification:_identify(ros_ws/src) by extension 'colcon_pkg'
[0.198s] Level 1:colcon.colcon_core.package_identification:_identify(ros_ws/src) by extensions ['colcon_meta']
[0.198s] Level 1:colcon.colcon_core.package_identification:_identify(ros_ws/src) by extension 'colcon_meta'
[0.198s] Level 1:colcon.colcon_core.package_identification:_identify(ros_ws/src) by extensions ['ros']
[0.198s] Level 1:colcon.colcon_core.package_identification:_identify(ros_ws/src) by extension 'ros'
[0.198s] Level 1:colcon.colcon_core.package_identification:_identify(ros_ws/src) by extensions ['cmake', 'python']
[0.198s] Level 1:colcon.colcon_core.package_identification:_identify(ros_ws/src) by extension 'cmake'
[0.198s] Level 1:colcon.colcon_core.package_identification:_identify(ros_ws/src) by extension 'python'
[0.198s] Level 1:colcon.colcon_core.package_identification:_identify(ros_ws/src) by extensions ['python_setup_py']
[0.198s] Level 1:colcon.colcon_core.package_identification:_identify(ros_ws/src) by extension 'python_setup_py'
[0.198s] Level 1:colcon.colcon_core.package_identification:_identify(ros_ws/src/tpod_driver) by extensions ['ignore', 'ignore_ament_install']
[0.198s] Level 1:colcon.colcon_core.package_identification:_identify(ros_ws/src/tpod_driver) by extension 'ignore'
[0.198s] Level 1:colcon.colcon_core.package_identification:_identify(ros_ws/src/tpod_driver) by extension 'ignore_ament_install'
[0.198s] Level 1:colcon.colcon_core.package_identification:_identify(ros_ws/src/tpod_driver) by extensions ['colcon_pkg']
[0.198s] Level 1:colcon.colcon_core.package_identification:_identify(ros_ws/src/tpod_driver) by extension 'colcon_pkg'
[0.198s] Level 1:colcon.colcon_core.package_identification:_identify(ros_ws/src/tpod_driver) by extensions ['colcon_meta']
[0.199s] Level 1:colcon.colcon_core.package_identification:_identify(ros_ws/src/tpod_driver) by extension 'colcon_meta'
[0.199s] Level 1:colcon.colcon_core.package_identification:_identify(ros_ws/src/tpod_driver) by extensions ['ros']
[0.199s] Level 1:colcon.colcon_core.package_identification:_identify(ros_ws/src/tpod_driver) by extension 'ros'
[0.201s] DEBUG:colcon.colcon_core.package_identification:Package 'ros_ws/src/tpod_driver' with type 'ros.catkin' and name 'tpod_driver'
[0.201s] Level 1:colcon.colcon_core.package_discovery:discover_packages(recursive) using defaults
[0.201s] Level 1:colcon.colcon_core.package_discovery:discover_packages(ignore) discover
[0.201s] Level 1:colcon.colcon_core.package_discovery:discover_packages(ignore) using defaults
[0.201s] Level 1:colcon.colcon_core.package_discovery:discover_packages(path) discover
[0.201s] Level 1:colcon.colcon_core.package_discovery:discover_packages(path) using defaults
[0.224s] Level 5:colcon.colcon_core.verb:set package 'tpod_driver' build argument 'cmake_args' from command line to 'None'
[0.224s] Level 5:colcon.colcon_core.verb:set package 'tpod_driver' build argument 'cmake_target' from command line to 'None'
[0.224s] Level 5:colcon.colcon_core.verb:set package 'tpod_driver' build argument 'cmake_target_skip_unavailable' from command line to 'False'
[0.224s] Level 5:colcon.colcon_core.verb:set package 'tpod_driver' build argument 'cmake_clean_cache' from command line to 'False'
[0.224s] Level 5:colcon.colcon_core.verb:set package 'tpod_driver' build argument 'cmake_clean_first' from command line to 'False'
[0.224s] Level 5:colcon.colcon_core.verb:set package 'tpod_driver' build argument 'cmake_force_configure' from command line to 'False'
[0.224s] Level 5:colcon.colcon_core.verb:set package 'tpod_driver' build argument 'ament_cmake_args' from command line to 'None'
[0.224s] Level 5:colcon.colcon_core.verb:set package 'tpod_driver' build argument 'catkin_cmake_args' from command line to 'None'
[0.224s] Level 5:colcon.colcon_core.verb:set package 'tpod_driver' build argument 'catkin_skip_building_tests' from command line to 'False'
[0.224s] DEBUG:colcon.colcon_core.verb:Building package 'tpod_driver' with the following arguments: {'ament_cmake_args': None, 'build_base': '/home/frederik/git/20gr560/build/tpod_driver', 'catkin_cmake_args': None, 'catkin_skip_building_tests': False, 'cmake_args': None, 'cmake_clean_cache': False, 'cmake_clean_first': False, 'cmake_force_configure': False, 'cmake_target': None, 'cmake_target_skip_unavailable': False, 'install_base': '/home/frederik/git/20gr560/install/tpod_driver', 'merge_install': False, 'path': '/home/frederik/git/20gr560/ros_ws/src/tpod_driver', 'symlink_install': False, 'test_result_base': None}
[0.225s] INFO:colcon.colcon_core.executor:Executing jobs using 'parallel' executor
[0.227s] DEBUG:colcon.colcon_parallel_executor.executor.parallel:run_until_complete
[0.228s] INFO:colcon.colcon_ros.task.catkin.build:Building ROS package in '/home/frederik/git/20gr560/ros_ws/src/tpod_driver' with build type 'catkin'
[0.228s] INFO:colcon.colcon_cmake.task.cmake.build:Building CMake package in '/home/frederik/git/20gr560/ros_ws/src/tpod_driver'
[0.232s] INFO:colcon.colcon_core.plugin_system:Skipping extension 'colcon_core.shell.bat': Not used on non-Windows systems
[0.232s] INFO:colcon.colcon_core.shell:Skip shell extension 'powershell' for command environment: Not usable outside of PowerShell
[0.232s] DEBUG:colcon.colcon_core.shell:Skip shell extension 'dsv' for command environment
[0.235s] DEBUG:colcon.colcon_core.shell:Ignoring prefix path '/opt/ros/noetic'
[0.243s] DEBUG:colcon.colcon_core.event_handler.log_command:Invoking command in '/home/frederik/git/20gr560/build/tpod_driver': /usr/bin/cmake /home/frederik/git/20gr560/ros_ws/src/tpod_driver -DCATKIN_INSTALL_INTO_PREFIX_ROOT=0 -DCMAKE_INSTALL_PREFIX=/home/frederik/git/20gr560/install/tpod_driver
[2.249s] DEBUG:colcon.colcon_core.event_handler.log_command:Invoked command in '/home/frederik/git/20gr560/build/tpod_driver' returned '0': /usr/bin/cmake /home/frederik/git/20gr560/ros_ws/src/tpod_driver -DCATKIN_INSTALL_INTO_PREFIX_ROOT=0 -DCMAKE_INSTALL_PREFIX=/home/frederik/git/20gr560/install/tpod_driver
[2.254s] DEBUG:colcon.colcon_core.event_handler.log_command:Invoking command in '/home/frederik/git/20gr560/build/tpod_driver': /usr/bin/cmake --build /home/frederik/git/20gr560/build/tpod_driver -- -j4 -l4
[8.211s] DEBUG:colcon.colcon_core.event_handler.log_command:Invoked command in '/home/frederik/git/20gr560/build/tpod_driver' returned '0': /usr/bin/cmake --build /home/frederik/git/20gr560/build/tpod_driver -- -j4 -l4
[8.274s] DEBUG:colcon.colcon_core.event_handler.log_command:Invoking command in '/home/frederik/git/20gr560/build/tpod_driver': /usr/bin/cmake --build /home/frederik/git/20gr560/build/tpod_driver --target tests -- -j4 -l4
[8.384s] DEBUG:colcon.colcon_core.event_handler.log_command:Invoked command in '/home/frederik/git/20gr560/build/tpod_driver' returned '0': /usr/bin/cmake --build /home/frederik/git/20gr560/build/tpod_driver --target tests -- -j4 -l4
[8.453s] DEBUG:colcon.colcon_core.event_handler.log_command:Invoking command in '/home/frederik/git/20gr560/build/tpod_driver': /usr/bin/cmake --install /home/frederik/git/20gr560/build/tpod_driver
[8.468s] DEBUG:colcon.colcon_core.event_handler.log_command:Invoked command in '/home/frederik/git/20gr560/build/tpod_driver' returned '0': /usr/bin/cmake --install /home/frederik/git/20gr560/build/tpod_driver
[8.507s] Level 1:colcon.colcon_core.shell:create_environment_hook('tpod_driver', 'ros_package_path')
[8.508s] INFO:colcon.colcon_core.shell:Creating environment hook '/home/frederik/git/20gr560/install/tpod_driver/share/tpod_driver/hook/ros_package_path.ps1'
[8.510s] INFO:colcon.colcon_core.shell:Creating environment descriptor '/home/frederik/git/20gr560/install/tpod_driver/share/tpod_driver/hook/ros_package_path.dsv'
[8.510s] INFO:colcon.colcon_core.shell:Creating environment hook '/home/frederik/git/20gr560/install/tpod_driver/share/tpod_driver/hook/ros_package_path.sh'
[8.512s] Level 1:colcon.colcon_ros.task.catkin:checking '/home/frederik/git/20gr560/install/tpod_driver/lib/python3/dist-packages'
[8.512s] Level 1:colcon.colcon_core.shell:create_environment_hook('tpod_driver', 'pkg_config_path')
[8.513s] INFO:colcon.colcon_core.shell:Creating environment hook '/home/frederik/git/20gr560/install/tpod_driver/share/tpod_driver/hook/pkg_config_path.ps1'
[8.514s] INFO:colcon.colcon_core.shell:Creating environment descriptor '/home/frederik/git/20gr560/install/tpod_driver/share/tpod_driver/hook/pkg_config_path.dsv'
[8.514s] INFO:colcon.colcon_core.shell:Creating environment hook '/home/frederik/git/20gr560/install/tpod_driver/share/tpod_driver/hook/pkg_config_path.sh'
[8.518s] Level 1:colcon.colcon_core.shell:create_environment_hook('tpod_driver', 'pkg_config_path_multiarch')
[8.519s] INFO:colcon.colcon_core.shell:Creating environment hook '/home/frederik/git/20gr560/install/tpod_driver/share/tpod_driver/hook/pkg_config_path_multiarch.ps1'
[8.520s] INFO:colcon.colcon_core.shell:Creating environment descriptor '/home/frederik/git/20gr560/install/tpod_driver/share/tpod_driver/hook/pkg_config_path_multiarch.dsv'
[8.520s] INFO:colcon.colcon_core.shell:Creating environment hook '/home/frederik/git/20gr560/install/tpod_driver/share/tpod_driver/hook/pkg_config_path_multiarch.sh'
[8.522s] Level 1:colcon.colcon_core.environment:create_environment_scripts_only(tpod_driver)
[8.526s] Level 1:colcon.colcon_core.environment:checking '/home/frederik/git/20gr560/install/tpod_driver' for CMake module files
[8.526s] Level 1:colcon.colcon_core.environment:checking '/home/frederik/git/20gr560/install/tpod_driver' for CMake config files
[8.526s] Level 1:colcon.colcon_core.shell:create_environment_hook('tpod_driver', 'cmake_prefix_path')
[8.527s] INFO:colcon.colcon_core.shell:Creating environment hook '/home/frederik/git/20gr560/install/tpod_driver/share/tpod_driver/hook/cmake_prefix_path.ps1'
[8.527s] INFO:colcon.colcon_core.shell:Creating environment descriptor '/home/frederik/git/20gr560/install/tpod_driver/share/tpod_driver/hook/cmake_prefix_path.dsv'
[8.528s] INFO:colcon.colcon_core.shell:Creating environment hook '/home/frederik/git/20gr560/install/tpod_driver/share/tpod_driver/hook/cmake_prefix_path.sh'
[8.528s] Level 1:colcon.colcon_core.environment:checking '/home/frederik/git/20gr560/install/tpod_driver/lib'
[8.528s] Level 1:colcon.colcon_core.environment:checking '/home/frederik/git/20gr560/install/tpod_driver/bin'
[8.528s] Level 1:colcon.colcon_core.environment:checking '/home/frederik/git/20gr560/install/tpod_driver/lib/pkgconfig/tpod_driver.pc'
[8.528s] Level 1:colcon.colcon_core.shell:create_environment_hook('tpod_driver', 'pkg_config')
[8.529s] INFO:colcon.colcon_core.shell:Creating environment hook '/home/frederik/git/20gr560/install/tpod_driver/share/tpod_driver/hook/pkg_config.ps1'
[8.529s] INFO:colcon.colcon_core.shell:Creating environment descriptor '/home/frederik/git/20gr560/install/tpod_driver/share/tpod_driver/hook/pkg_config.dsv'
[8.530s] INFO:colcon.colcon_core.shell:Creating environment hook '/home/frederik/git/20gr560/install/tpod_driver/share/tpod_driver/hook/pkg_config.sh'
[8.530s] Level 1:colcon.colcon_core.environment:checking '/home/frederik/git/20gr560/install/tpod_driver/lib/python3.8/site-packages'
[8.531s] INFO:colcon.colcon_core.shell:Creating package script '/home/frederik/git/20gr560/install/tpod_driver/share/tpod_driver/package.ps1'
[8.532s] INFO:colcon.colcon_core.shell:Creating package descriptor '/home/frederik/git/20gr560/install/tpod_driver/share/tpod_driver/package.dsv'
[8.533s] INFO:colcon.colcon_core.shell:Creating package script '/home/frederik/git/20gr560/install/tpod_driver/share/tpod_driver/package.sh'
[8.534s] INFO:colcon.colcon_core.shell:Creating package script '/home/frederik/git/20gr560/install/tpod_driver/share/tpod_driver/package.bash'
[8.534s] INFO:colcon.colcon_core.shell:Creating package script '/home/frederik/git/20gr560/install/tpod_driver/share/tpod_driver/package.zsh'
[8.535s] Level 1:colcon.colcon_core.environment:create_file_with_runtime_dependencies(/home/frederik/git/20gr560/install/tpod_driver/share/colcon-core/packages/tpod_driver)
[8.535s] DEBUG:colcon.colcon_parallel_executor.executor.parallel:closing loop
[8.536s] DEBUG:colcon.colcon_parallel_executor.executor.parallel:loop closed
[8.536s] DEBUG:colcon.colcon_parallel_executor.executor.parallel:run_until_complete finished with '0'
[8.537s] DEBUG:colcon.colcon_core.event_reactor:joining thread
[8.545s] INFO:colcon.colcon_core.plugin_system:Skipping extension 'colcon_notification.desktop_notification.terminal_notifier': Not used on non-Darwin systems
[8.545s] INFO:colcon.colcon_core.plugin_system:Skipping extension 'colcon_notification.desktop_notification.win32': Not used on non-Windows systems
[8.545s] INFO:colcon.colcon_notification.desktop_notification:Sending desktop notification using 'notify2'
[8.570s] DEBUG:colcon.colcon_core.event_reactor:joined thread
[8.571s] INFO:colcon.colcon_core.shell:Creating prefix script '/home/frederik/git/20gr560/install/local_setup.ps1'
[8.572s] INFO:colcon.colcon_core.shell:Creating prefix util module '/home/frederik/git/20gr560/install/_local_setup_util_ps1.py'
[8.573s] INFO:colcon.colcon_core.shell:Creating prefix chain script '/home/frederik/git/20gr560/install/setup.ps1'
[8.577s] INFO:colcon.colcon_core.shell:Creating prefix script '/home/frederik/git/20gr560/install/local_setup.sh'
[8.578s] INFO:colcon.colcon_core.shell:Creating prefix util module '/home/frederik/git/20gr560/install/_local_setup_util_sh.py'
[8.579s] INFO:colcon.colcon_core.shell:Creating prefix chain script '/home/frederik/git/20gr560/install/setup.sh'
[8.583s] INFO:colcon.colcon_core.shell:Creating prefix script '/home/frederik/git/20gr560/install/local_setup.bash'
[8.584s] INFO:colcon.colcon_core.shell:Creating prefix chain script '/home/frederik/git/20gr560/install/setup.bash'
[8.587s] INFO:colcon.colcon_core.shell:Creating prefix script '/home/frederik/git/20gr560/install/local_setup.zsh'
[8.587s] INFO:colcon.colcon_core.shell:Creating prefix chain script '/home/frederik/git/20gr560/install/setup.zsh'
