[0.013s] Invoking command in '/home/vdr/ros2/build/subpub': CMAKE_PREFIX_PATH=${CMAKE_PREFIX_PATH}:/opt/ros/dashing /usr/bin/cmake --build /home/vdr/ros2/build/subpub -- -j8 -l8
[0.050s] [35m[1mScanning dependencies of target scanner[0m
[0.067s] [ 33%] Built target listener
[0.067s] [ 66%] Built target talker
[0.069s] [ 83%] [32mBuilding CXX object CMakeFiles/scanner.dir/src/scanner.cpp.o[0m
[0.791s] [01m[K/home/vdr/ros2/src/subpub/src/scanner.cpp:[m[K In member function ‘[01m[Kvoid Poggers::topic_callback(sensor_msgs::msg::LaserScan_<std::allocator<void> >::SharedPtr) const[m[K’:
[0.792s] [01m[K/home/vdr/ros2/src/subpub/src/scanner.cpp:30:22:[m[K [01;35m[Kwarning: [m[Kcomparison between signed and unsigned integer expressions [[01;35m[K-Wsign-compare[m[K]
[0.792s]          for(int i=0;[01;35m[Ki<scan->ranges.size()[m[K;i++){
[0.792s]                      [01;35m[K~^~~~~~~~~~~~~~~~~~~~[m[K
[0.792s] [01m[K/home/vdr/ros2/src/subpub/src/scanner.cpp:29:15:[m[K [01;35m[Kwarning: [m[Kunused variable ‘[01m[Ks[m[K’ [[01;35m[K-Wunused-variable[m[K]
[0.792s]          float [01;35m[Ks[m[K[179];
[0.792s]                [01;35m[K^[m[K
[1.793s] [100%] [32m[1mLinking CXX executable scanner[0m
[1.922s] [100%] Built target scanner
[1.931s] Invoked command in '/home/vdr/ros2/build/subpub' returned '0': CMAKE_PREFIX_PATH=${CMAKE_PREFIX_PATH}:/opt/ros/dashing /usr/bin/cmake --build /home/vdr/ros2/build/subpub -- -j8 -l8
[1.964s] Invoking command in '/home/vdr/ros2/build/subpub': CMAKE_PREFIX_PATH=${CMAKE_PREFIX_PATH}:/opt/ros/dashing /usr/bin/cmake --build /home/vdr/ros2/build/subpub --target install -- -j8 -l8
[2.010s] [ 33%] Built target scanner
[2.016s] [ 66%] Built target talker
[2.016s] [100%] Built target listener
[2.033s] [36mInstall the project...[0m
[2.041s] -- Install configuration: ""
[2.041s] -- Up-to-date: /home/vdr/ros2/install/subpub/lib/subpub/talker
[2.041s] -- Up-to-date: /home/vdr/ros2/install/subpub/lib/subpub/listener
[2.042s] -- Installing: /home/vdr/ros2/install/subpub/lib/subpub/scanner
[2.043s] -- Set runtime path of "/home/vdr/ros2/install/subpub/lib/subpub/scanner" to ""
[2.043s] -- Up-to-date: /home/vdr/ros2/install/subpub/share/ament_index/resource_index/package_run_dependencies/subpub
[2.043s] -- Up-to-date: /home/vdr/ros2/install/subpub/share/ament_index/resource_index/parent_prefix_path/subpub
[2.043s] -- Up-to-date: /home/vdr/ros2/install/subpub/share/subpub/environment/ament_prefix_path.sh
[2.043s] -- Up-to-date: /home/vdr/ros2/install/subpub/share/subpub/environment/path.sh
[2.043s] -- Up-to-date: /home/vdr/ros2/install/subpub/share/subpub/local_setup.bash
[2.043s] -- Up-to-date: /home/vdr/ros2/install/subpub/share/subpub/local_setup.sh
[2.043s] -- Up-to-date: /home/vdr/ros2/install/subpub/share/subpub/local_setup.zsh
[2.043s] -- Up-to-date: /home/vdr/ros2/install/subpub/share/ament_index/resource_index/packages/subpub
[2.043s] -- Up-to-date: /home/vdr/ros2/install/subpub/share/subpub/cmake/subpubConfig.cmake
[2.043s] -- Up-to-date: /home/vdr/ros2/install/subpub/share/subpub/cmake/subpubConfig-version.cmake
[2.043s] -- Up-to-date: /home/vdr/ros2/install/subpub/share/subpub/package.xml
[2.046s] Invoked command in '/home/vdr/ros2/build/subpub' returned '0': CMAKE_PREFIX_PATH=${CMAKE_PREFIX_PATH}:/opt/ros/dashing /usr/bin/cmake --build /home/vdr/ros2/build/subpub --target install -- -j8 -l8
