[0.013s] Invoking command in '/home/vdr/ros2/build/subpub': CMAKE_PREFIX_PATH=${CMAKE_PREFIX_PATH}:/opt/ros/dashing /usr/bin/cmake --build /home/vdr/ros2/build/subpub -- -j8 -l8
[0.033s] -- Found ament_cmake: 0.7.5 (/opt/ros/dashing/share/ament_cmake/cmake)
[0.053s] -- Using PYTHON_EXECUTABLE: /usr/bin/python3
[0.196s] -- Found rclcpp: 0.7.14 (/opt/ros/dashing/share/rclcpp/cmake)
[0.207s] -- Found rosidl_adapter: 0.7.9 (/opt/ros/dashing/share/rosidl_adapter/cmake)
[0.231s] -- Found rmw_implementation_cmake: 0.7.2 (/opt/ros/dashing/share/rmw_implementation_cmake/cmake)
[0.232s] -- Using RMW implementation 'rmw_fastrtps_cpp' as default
[0.253s] -- Found std_msgs: 0.7.0 (/opt/ros/dashing/share/std_msgs/cmake)
[0.257s] -- Found sensor_msgs: 0.7.0 (/opt/ros/dashing/share/sensor_msgs/cmake)
[0.371s] -- Configuring done
[0.401s] -- Generating done
[0.402s] -- Build files have been written to: /home/vdr/ros2/build/subpub
[0.434s] [ 33%] Built target talker
[0.440s] [ 83%] [32m[1mLinking CXX executable scanner[0m
[0.440s] [ 83%] Built target listener
[0.586s] [100%] Built target scanner
[0.596s] Invoked command in '/home/vdr/ros2/build/subpub' returned '0': CMAKE_PREFIX_PATH=${CMAKE_PREFIX_PATH}:/opt/ros/dashing /usr/bin/cmake --build /home/vdr/ros2/build/subpub -- -j8 -l8
[0.629s] Invoking command in '/home/vdr/ros2/build/subpub': CMAKE_PREFIX_PATH=${CMAKE_PREFIX_PATH}:/opt/ros/dashing /usr/bin/cmake --build /home/vdr/ros2/build/subpub --target install -- -j8 -l8
[0.692s] [ 33%] Built target talker
[0.695s] [ 66%] Built target listener
[0.695s] [100%] Built target scanner
[0.713s] [36mInstall the project...[0m
[0.721s] -- Install configuration: ""
[0.721s] -- Up-to-date: /home/vdr/ros2/install/subpub/lib/subpub/talker
[0.722s] -- Up-to-date: /home/vdr/ros2/install/subpub/lib/subpub/listener
[0.722s] -- Installing: /home/vdr/ros2/install/subpub/lib/subpub/scanner
[0.723s] -- Set runtime path of "/home/vdr/ros2/install/subpub/lib/subpub/scanner" to ""
[0.723s] -- Up-to-date: /home/vdr/ros2/install/subpub/share/ament_index/resource_index/package_run_dependencies/subpub
[0.723s] -- Installing: /home/vdr/ros2/install/subpub/share/ament_index/resource_index/parent_prefix_path/subpub
[0.724s] -- Up-to-date: /home/vdr/ros2/install/subpub/share/subpub/environment/ament_prefix_path.sh
[0.724s] -- Up-to-date: /home/vdr/ros2/install/subpub/share/subpub/environment/path.sh
[0.724s] -- Up-to-date: /home/vdr/ros2/install/subpub/share/subpub/local_setup.bash
[0.724s] -- Up-to-date: /home/vdr/ros2/install/subpub/share/subpub/local_setup.sh
[0.724s] -- Up-to-date: /home/vdr/ros2/install/subpub/share/subpub/local_setup.zsh
[0.724s] -- Up-to-date: /home/vdr/ros2/install/subpub/share/ament_index/resource_index/packages/subpub
[0.724s] -- Up-to-date: /home/vdr/ros2/install/subpub/share/subpub/cmake/subpubConfig.cmake
[0.724s] -- Up-to-date: /home/vdr/ros2/install/subpub/share/subpub/cmake/subpubConfig-version.cmake
[0.724s] -- Up-to-date: /home/vdr/ros2/install/subpub/share/subpub/package.xml
[0.726s] Invoked command in '/home/vdr/ros2/build/subpub' returned '0': CMAKE_PREFIX_PATH=${CMAKE_PREFIX_PATH}:/opt/ros/dashing /usr/bin/cmake --build /home/vdr/ros2/build/subpub --target install -- -j8 -l8
