-- Found rmw: 0.7.2 (/opt/ros/dashing/share/rmw/cmake)
-- Using PYTHON_EXECUTABLE: /usr/bin/python3
-- Override CMake install command with custom implementation using symlinks instead of copying resources
-- Found rosidl_adapter: 0.7.9 (/opt/ros/dashing/share/rosidl_adapter/cmake)
-- Found rclcpp: 0.7.14 (/opt/ros/dashing/share/rclcpp/cmake)
-- Found rmw_implementation_cmake: 0.7.2 (/opt/ros/dashing/share/rmw_implementation_cmake/cmake)
-- Using RMW implementation 'rmw_fastrtps_cpp' as default
-- Found std_msgs: 0.7.0 (/opt/ros/dashing/share/std_msgs/cmake)
-- Found ament_lint_auto: 0.7.12 (/opt/ros/dashing/share/ament_lint_auto/cmake)
-- Found diagnostic_msgs: 0.7.0 (/opt/ros/dashing/share/diagnostic_msgs/cmake)
-- Found python_cmake_module: 0.7.10 (/opt/ros/dashing/share/python_cmake_module/cmake)
-- Found PythonInterp: /usr/bin/python3 (found suitable version "3.6.9", minimum required is "3.5") 
-- Found PythonLibs: /usr/lib/x86_64-linux-gnu/libpython3.6m.so (found suitable version "3.6.9", minimum required is "3.5") 
-- Using PYTHON_EXECUTABLE: /usr/bin/python3
-- Using PYTHON_INCLUDE_DIRS: /usr/include/python3.6m
-- Using PYTHON_LIBRARIES: /usr/lib/x86_64-linux-gnu/libpython3.6m.so
-- Found PythonExtra: .so  
-- Added test 'copyright' to check for copyright in CMake / C / C++ / Python code
-- Added test 'cppcheck' to perform static code analysis on C / C++ code
-- Configured cppcheck include dirs: 
-- Added test 'cpplint' to check C / C++ code against the Google style
-- Added test 'flake8' to check Python code syntax and style conventions
-- Added test 'lint_cmake' to check CMake code style
-- Added test 'pep257' to check Python code against some of the style conventions in PEP 257
-- Added test 'uncrustify' to check C / C++ code style
-- Added test 'xmllint' to check XML markup files
-- Found action_msgs: 0.7.4 (/opt/ros/dashing/share/action_msgs/cmake)
-- Found action_tutorials: 0.7.9 (/opt/ros/dashing/share/action_tutorials/cmake)
-- Found actionlib_msgs: 0.7.0 (/opt/ros/dashing/share/actionlib_msgs/cmake)
-- Found builtin_interfaces: 0.7.4 (/opt/ros/dashing/share/builtin_interfaces/cmake)
-- Found composition_interfaces: 0.7.4 (/opt/ros/dashing/share/composition_interfaces/cmake)
-- Found diagnostic_msgs: 0.7.0 (/opt/ros/dashing/share/diagnostic_msgs/cmake)
-- Found example_interfaces: 0.7.1 (/opt/ros/dashing/share/example_interfaces/cmake)
-- Found geometry_msgs: 0.7.0 (/opt/ros/dashing/share/geometry_msgs/cmake)
-- Found lifecycle_msgs: 0.7.4 (/opt/ros/dashing/share/lifecycle_msgs/cmake)
-- Found logging_demo: 0.7.9 (/opt/ros/dashing/share/logging_demo/cmake)
-- Found map_msgs: 2.0.2 (/opt/ros/dashing/share/map_msgs/cmake)
-- Found nav_msgs: 0.7.0 (/opt/ros/dashing/share/nav_msgs/cmake)
-- Found pendulum_msgs: 0.7.9 (/opt/ros/dashing/share/pendulum_msgs/cmake)
-- Found rcl_interfaces: 0.7.4 (/opt/ros/dashing/share/rcl_interfaces/cmake)
-- Found rosgraph_msgs: 0.7.4 (/opt/ros/dashing/share/rosgraph_msgs/cmake)
-- Found rqt_py_common: 1.0.5 (/opt/ros/dashing/share/rqt_py_common/cmake)
-- Found sensor_msgs: 0.7.0 (/opt/ros/dashing/share/sensor_msgs/cmake)
-- Found shape_msgs: 0.7.0 (/opt/ros/dashing/share/shape_msgs/cmake)
-- Found std_msgs: 0.7.0 (/opt/ros/dashing/share/std_msgs/cmake)
-- Found std_srvs: 0.7.0 (/opt/ros/dashing/share/std_srvs/cmake)
-- Found stereo_msgs: 0.7.0 (/opt/ros/dashing/share/stereo_msgs/cmake)
-- Found tf2_msgs: 0.11.6 (/opt/ros/dashing/share/tf2_msgs/cmake)
-- Found trajectory_msgs: 0.7.0 (/opt/ros/dashing/share/trajectory_msgs/cmake)
-- Found turtlesim: 1.0.3 (/opt/ros/dashing/share/turtlesim/cmake)
-- Found unique_identifier_msgs: 2.1.1 (/opt/ros/dashing/share/unique_identifier_msgs/cmake)
-- Found visualization_msgs: 0.7.0 (/opt/ros/dashing/share/visualization_msgs/cmake)
-- Found OpenSSL: /usr/lib/x86_64-linux-gnu/libcrypto.so (found version "1.1.1") 
-- Found FastRTPS: /opt/ros/dashing/include  
-- Configuring done
-- Generating done
-- Build files have been written to: /home/vdr/ros_bridge/build/ros1_bridge
[35m[1mScanning dependencies of target test_ros2_client_cpp[0m
[35m[1mScanning dependencies of target simple_bridge_2_to_1[0m
[35m[1mScanning dependencies of target test_ros1_client[0m
[35m[1mScanning dependencies of target simple_bridge_1_to_2[0m
[35m[1mScanning dependencies of target simple_bridge[0m
[35m[1mScanning dependencies of target test_ros1_server[0m
[35m[1mScanning dependencies of target test_ros2_server_cpp[0m
[  1%] [34m[1mGenerating factories for interface types[0m
[  1%] [32mBuilding CXX object CMakeFiles/test_ros2_client_cpp.dir/test/test_ros2_client.cpp.o[0m
[  1%] [32mBuilding CXX object CMakeFiles/test_ros2_server_cpp.dir/test/test_ros2_server.cpp.o[0m
[  2%] [32mBuilding CXX object CMakeFiles/test_ros1_server.dir/test/test_ros1_server.cpp.o[0m
[  2%] [32mBuilding CXX object CMakeFiles/test_ros1_client.dir/test/test_ros1_client.cpp.o[0m
[  2%] [32mBuilding CXX object CMakeFiles/simple_bridge_2_to_1.dir/src/simple_bridge_2_to_1.cpp.o[0m
[  2%] [32mBuilding CXX object CMakeFiles/simple_bridge.dir/src/simple_bridge.cpp.o[0m
[  2%] [32mBuilding CXX object CMakeFiles/simple_bridge_1_to_2.dir/src/simple_bridge_1_to_2.cpp.o[0m
[  3%] [32m[1mLinking CXX executable test_ros2_server_cpp[0m
[  4%] [32m[1mLinking CXX executable test_ros2_client_cpp[0m
[  4%] Built target test_ros2_server_cpp
[  4%] Built target test_ros2_client_cpp
[35m[1mScanning dependencies of target ros1_bridge[0m
[  5%] [32m[1mLinking CXX executable test_ros1_client[0m
[  5%] [32m[1mLinking CXX executable test_ros1_server[0m
[  6%] [32mBuilding CXX object CMakeFiles/ros1_bridge.dir/src/bridge.cpp.o[0m
[  6%] [32mBuilding CXX object CMakeFiles/ros1_bridge.dir/src/builtin_interfaces_factories.cpp.o[0m
[  6%] [32mBuilding CXX object CMakeFiles/ros1_bridge.dir/src/convert_builtin_interfaces.cpp.o[0m
[  6%] Built target test_ros1_client
[  6%] Built target test_ros1_server
[  7%] [32mBuilding CXX object CMakeFiles/ros1_bridge.dir/generated/get_mappings.cpp.o[0m
[  7%] [32mBuilding CXX object CMakeFiles/ros1_bridge.dir/generated/get_factory.cpp.o[0m
[  9%] [32mBuilding CXX object CMakeFiles/ros1_bridge.dir/generated/action_msgs_factories.cpp.o[0m
[  9%] [32mBuilding CXX object CMakeFiles/ros1_bridge.dir/generated/action_msgs__msg__GoalInfo__factories.cpp.o[0m
[  9%] [32m[1mLinking CXX executable simple_bridge_1_to_2[0m
[  9%] Built target simple_bridge_1_to_2
[  9%] [32mBuilding CXX object CMakeFiles/ros1_bridge.dir/generated/action_msgs__msg__GoalStatus__factories.cpp.o[0m
[ 10%] [32m[1mLinking CXX executable simple_bridge[0m
[ 10%] [32m[1mLinking CXX executable simple_bridge_2_to_1[0m
[ 10%] Built target simple_bridge
[ 10%] Built target simple_bridge_2_to_1
[ 10%] [32mBuilding CXX object CMakeFiles/ros1_bridge.dir/generated/action_msgs__msg__GoalStatusArray__factories.cpp.o[0m
[ 11%] [32mBuilding CXX object CMakeFiles/ros1_bridge.dir/generated/action_msgs__srv__CancelGoal__factories.cpp.o[0m
[ 11%] [32mBuilding CXX object CMakeFiles/ros1_bridge.dir/generated/action_tutorials_factories.cpp.o[0m
[ 12%] [32mBuilding CXX object CMakeFiles/ros1_bridge.dir/generated/actionlib_msgs_factories.cpp.o[0m
[ 12%] [32mBuilding CXX object CMakeFiles/ros1_bridge.dir/generated/actionlib_msgs__msg__GoalID__factories.cpp.o[0m
[ 12%] [32mBuilding CXX object CMakeFiles/ros1_bridge.dir/generated/actionlib_msgs__msg__GoalStatus__factories.cpp.o[0m
[ 13%] [32mBuilding CXX object CMakeFiles/ros1_bridge.dir/generated/actionlib_msgs__msg__GoalStatusArray__factories.cpp.o[0m
[ 13%] [32mBuilding CXX object CMakeFiles/ros1_bridge.dir/generated/composition_interfaces_factories.cpp.o[0m
[ 14%] [32mBuilding CXX object CMakeFiles/ros1_bridge.dir/generated/composition_interfaces__srv__LoadNode__factories.cpp.o[0m
[ 14%] [32mBuilding CXX object CMakeFiles/ros1_bridge.dir/generated/composition_interfaces__srv__ListNodes__factories.cpp.o[0m
[ 15%] [32mBuilding CXX object CMakeFiles/ros1_bridge.dir/generated/composition_interfaces__srv__UnloadNode__factories.cpp.o[0m
[ 15%] [32mBuilding CXX object CMakeFiles/ros1_bridge.dir/generated/diagnostic_msgs_factories.cpp.o[0m
[ 16%] [32mBuilding CXX object CMakeFiles/ros1_bridge.dir/generated/diagnostic_msgs__msg__KeyValue__factories.cpp.o[0m
[ 16%] [32mBuilding CXX object CMakeFiles/ros1_bridge.dir/generated/diagnostic_msgs__msg__DiagnosticArray__factories.cpp.o[0m
[ 16%] [32mBuilding CXX object CMakeFiles/ros1_bridge.dir/generated/diagnostic_msgs__msg__DiagnosticStatus__factories.cpp.o[0m
[ 17%] [32mBuilding CXX object CMakeFiles/ros1_bridge.dir/generated/diagnostic_msgs__srv__AddDiagnostics__factories.cpp.o[0m
[ 17%] [32mBuilding CXX object CMakeFiles/ros1_bridge.dir/generated/diagnostic_msgs__srv__SelfTest__factories.cpp.o[0m
[ 17%] [32mBuilding CXX object CMakeFiles/ros1_bridge.dir/generated/example_interfaces_factories.cpp.o[0m
[ 18%] [32mBuilding CXX object CMakeFiles/ros1_bridge.dir/generated/example_interfaces__srv__AddTwoInts__factories.cpp.o[0m
[ 18%] [32mBuilding CXX object CMakeFiles/ros1_bridge.dir/generated/geometry_msgs_factories.cpp.o[0m
[ 22%] [32mBuilding CXX object CMakeFiles/ros1_bridge.dir/generated/geometry_msgs__msg__AccelStamped__factories.cpp.o[0m
[ 22%] [32mBuilding CXX object CMakeFiles/ros1_bridge.dir/generated/geometry_msgs__msg__AccelWithCovarianceStamped__factories.cpp.o[0m
[ 22%] [32mBuilding CXX object CMakeFiles/ros1_bridge.dir/generated/geometry_msgs__msg__Accel__factories.cpp.o[0m
[ 22%] [32mBuilding CXX object CMakeFiles/ros1_bridge.dir/generated/geometry_msgs__msg__AccelWithCovariance__factories.cpp.o[0m
[ 22%] [32mBuilding CXX object CMakeFiles/ros1_bridge.dir/generated/geometry_msgs__msg__Inertia__factories.cpp.o[0m
[ 22%] [32mBuilding CXX object CMakeFiles/ros1_bridge.dir/generated/geometry_msgs__msg__Point__factories.cpp.o[0m
[ 22%] [32mBuilding CXX object CMakeFiles/ros1_bridge.dir/generated/geometry_msgs__msg__Point32__factories.cpp.o[0m
[ 22%] [32mBuilding CXX object CMakeFiles/ros1_bridge.dir/generated/geometry_msgs__msg__InertiaStamped__factories.cpp.o[0m
[ 24%] [32mBuilding CXX object CMakeFiles/ros1_bridge.dir/generated/geometry_msgs__msg__Polygon__factories.cpp.o[0m
[ 24%] [32mBuilding CXX object CMakeFiles/ros1_bridge.dir/generated/geometry_msgs__msg__PointStamped__factories.cpp.o[0m
[ 24%] [32mBuilding CXX object CMakeFiles/ros1_bridge.dir/generated/geometry_msgs__msg__PoseArray__factories.cpp.o[0m
[ 25%] [32mBuilding CXX object CMakeFiles/ros1_bridge.dir/generated/geometry_msgs__msg__PolygonStamped__factories.cpp.o[0m
[ 25%] [32mBuilding CXX object CMakeFiles/ros1_bridge.dir/generated/geometry_msgs__msg__Pose2D__factories.cpp.o[0m
[ 24%] [32mBuilding CXX object CMakeFiles/ros1_bridge.dir/generated/geometry_msgs__msg__PoseWithCovariance__factories.cpp.o[0m
[ 24%] [32mBuilding CXX object CMakeFiles/ros1_bridge.dir/generated/geometry_msgs__msg__Pose__factories.cpp.o[0m
[ 25%] [32mBuilding CXX object CMakeFiles/ros1_bridge.dir/generated/geometry_msgs__msg__PoseStamped__factories.cpp.o[0m
[ 26%] [32mBuilding CXX object CMakeFiles/ros1_bridge.dir/generated/geometry_msgs__msg__PoseWithCovarianceStamped__factories.cpp.o[0m
[ 26%] [32mBuilding CXX object CMakeFiles/ros1_bridge.dir/generated/geometry_msgs__msg__Quaternion__factories.cpp.o[0m
[ 26%] [32mBuilding CXX object CMakeFiles/ros1_bridge.dir/generated/geometry_msgs__msg__QuaternionStamped__factories.cpp.o[0m
[ 27%] [32mBuilding CXX object CMakeFiles/ros1_bridge.dir/generated/geometry_msgs__msg__Transform__factories.cpp.o[0m
[ 27%] [32mBuilding CXX object CMakeFiles/ros1_bridge.dir/generated/geometry_msgs__msg__TransformStamped__factories.cpp.o[0m
[ 27%] [32mBuilding CXX object CMakeFiles/ros1_bridge.dir/generated/geometry_msgs__msg__Twist__factories.cpp.o[0m
[ 28%] [32mBuilding CXX object CMakeFiles/ros1_bridge.dir/generated/geometry_msgs__msg__TwistStamped__factories.cpp.o[0m
[ 28%] [32mBuilding CXX object CMakeFiles/ros1_bridge.dir/generated/geometry_msgs__msg__TwistWithCovariance__factories.cpp.o[0m
[ 29%] [32mBuilding CXX object CMakeFiles/ros1_bridge.dir/generated/geometry_msgs__msg__TwistWithCovarianceStamped__factories.cpp.o[0m
[ 29%] [32mBuilding CXX object CMakeFiles/ros1_bridge.dir/generated/geometry_msgs__msg__Vector3__factories.cpp.o[0m
[ 30%] [32mBuilding CXX object CMakeFiles/ros1_bridge.dir/generated/geometry_msgs__msg__Vector3Stamped__factories.cpp.o[0m
[ 30%] [32mBuilding CXX object CMakeFiles/ros1_bridge.dir/generated/geometry_msgs__msg__Wrench__factories.cpp.o[0m
[ 30%] [32mBuilding CXX object CMakeFiles/ros1_bridge.dir/generated/geometry_msgs__msg__WrenchStamped__factories.cpp.o[0m
[ 31%] [32mBuilding CXX object CMakeFiles/ros1_bridge.dir/generated/lifecycle_msgs_factories.cpp.o[0m
[ 31%] [32mBuilding CXX object CMakeFiles/ros1_bridge.dir/generated/lifecycle_msgs__msg__State__factories.cpp.o[0m
[ 32%] [32mBuilding CXX object CMakeFiles/ros1_bridge.dir/generated/lifecycle_msgs__msg__Transition__factories.cpp.o[0m
[ 32%] [32mBuilding CXX object CMakeFiles/ros1_bridge.dir/generated/lifecycle_msgs__msg__TransitionDescription__factories.cpp.o[0m
[ 32%] [32mBuilding CXX object CMakeFiles/ros1_bridge.dir/generated/lifecycle_msgs__msg__TransitionEvent__factories.cpp.o[0m
[ 33%] [32mBuilding CXX object CMakeFiles/ros1_bridge.dir/generated/lifecycle_msgs__srv__ChangeState__factories.cpp.o[0m
[ 33%] [32mBuilding CXX object CMakeFiles/ros1_bridge.dir/generated/lifecycle_msgs__srv__GetAvailableStates__factories.cpp.o[0m
[ 34%] [32mBuilding CXX object CMakeFiles/ros1_bridge.dir/generated/lifecycle_msgs__srv__GetAvailableTransitions__factories.cpp.o[0m
[ 34%] [32mBuilding CXX object CMakeFiles/ros1_bridge.dir/generated/lifecycle_msgs__srv__GetState__factories.cpp.o[0m
[ 35%] [32mBuilding CXX object CMakeFiles/ros1_bridge.dir/generated/logging_demo_factories.cpp.o[0m
[ 35%] [32mBuilding CXX object CMakeFiles/ros1_bridge.dir/generated/logging_demo__srv__ConfigLogger__factories.cpp.o[0m
[ 35%] [32mBuilding CXX object CMakeFiles/ros1_bridge.dir/generated/map_msgs_factories.cpp.o[0m
[ 36%] [32mBuilding CXX object CMakeFiles/ros1_bridge.dir/generated/map_msgs__msg__OccupancyGridUpdate__factories.cpp.o[0m
[ 36%] [32mBuilding CXX object CMakeFiles/ros1_bridge.dir/generated/map_msgs__msg__PointCloud2Update__factories.cpp.o[0m
[ 37%] [32mBuilding CXX object CMakeFiles/ros1_bridge.dir/generated/map_msgs__msg__ProjectedMapInfo__factories.cpp.o[0m
[ 37%] [32mBuilding CXX object CMakeFiles/ros1_bridge.dir/generated/map_msgs__msg__ProjectedMap__factories.cpp.o[0m
[ 37%] [32mBuilding CXX object CMakeFiles/ros1_bridge.dir/generated/map_msgs__srv__GetMapROI__factories.cpp.o[0m
[ 38%] [32mBuilding CXX object CMakeFiles/ros1_bridge.dir/generated/map_msgs__srv__GetPointMapROI__factories.cpp.o[0m
[ 38%] [32mBuilding CXX object CMakeFiles/ros1_bridge.dir/generated/map_msgs__srv__GetPointMap__factories.cpp.o[0m
[ 39%] [32mBuilding CXX object CMakeFiles/ros1_bridge.dir/generated/map_msgs__srv__ProjectedMapsInfo__factories.cpp.o[0m
[ 39%] [32mBuilding CXX object CMakeFiles/ros1_bridge.dir/generated/map_msgs__srv__SaveMap__factories.cpp.o[0m
[ 40%] [32mBuilding CXX object CMakeFiles/ros1_bridge.dir/generated/map_msgs__srv__SetMapProjections__factories.cpp.o[0m
[ 40%] [32mBuilding CXX object CMakeFiles/ros1_bridge.dir/generated/nav_msgs_factories.cpp.o[0m
[ 40%] [32mBuilding CXX object CMakeFiles/ros1_bridge.dir/generated/nav_msgs__msg__GridCells__factories.cpp.o[0m
[ 41%] [32mBuilding CXX object CMakeFiles/ros1_bridge.dir/generated/nav_msgs__msg__MapMetaData__factories.cpp.o[0m
[ 41%] [32mBuilding CXX object CMakeFiles/ros1_bridge.dir/generated/nav_msgs__msg__OccupancyGrid__factories.cpp.o[0m
[ 42%] [32mBuilding CXX object CMakeFiles/ros1_bridge.dir/generated/nav_msgs__msg__Odometry__factories.cpp.o[0m
[ 42%] [32mBuilding CXX object CMakeFiles/ros1_bridge.dir/generated/nav_msgs__msg__Path__factories.cpp.o[0m
[ 42%] [32mBuilding CXX object CMakeFiles/ros1_bridge.dir/generated/nav_msgs__srv__GetMap__factories.cpp.o[0m
[ 43%] [32mBuilding CXX object CMakeFiles/ros1_bridge.dir/generated/nav_msgs__srv__GetPlan__factories.cpp.o[0m
[ 43%] [32mBuilding CXX object CMakeFiles/ros1_bridge.dir/generated/nav_msgs__srv__SetMap__factories.cpp.o[0m
[ 44%] [32mBuilding CXX object CMakeFiles/ros1_bridge.dir/generated/pendulum_msgs_factories.cpp.o[0m
[ 44%] [32mBuilding CXX object CMakeFiles/ros1_bridge.dir/generated/pendulum_msgs__msg__JointState__factories.cpp.o[0m
[ 45%] [32mBuilding CXX object CMakeFiles/ros1_bridge.dir/generated/pendulum_msgs__msg__JointCommand__factories.cpp.o[0m
[ 45%] [32mBuilding CXX object CMakeFiles/ros1_bridge.dir/generated/pendulum_msgs__msg__RttestResults__factories.cpp.o[0m
[ 45%] [32mBuilding CXX object CMakeFiles/ros1_bridge.dir/generated/rcl_interfaces_factories.cpp.o[0m
[ 46%] [32mBuilding CXX object CMakeFiles/ros1_bridge.dir/generated/rcl_interfaces__msg__FloatingPointRange__factories.cpp.o[0m
[ 46%] [32mBuilding CXX object CMakeFiles/ros1_bridge.dir/generated/rcl_interfaces__msg__IntegerRange__factories.cpp.o[0m
[ 47%] [32mBuilding CXX object CMakeFiles/ros1_bridge.dir/generated/rcl_interfaces__msg__IntraProcessMessage__factories.cpp.o[0m
[ 47%] [32mBuilding CXX object CMakeFiles/ros1_bridge.dir/generated/rcl_interfaces__msg__ListParametersResult__factories.cpp.o[0m
[ 47%] [32mBuilding CXX object CMakeFiles/ros1_bridge.dir/generated/rcl_interfaces__msg__Log__factories.cpp.o[0m
[ 48%] [32mBuilding CXX object CMakeFiles/ros1_bridge.dir/generated/rcl_interfaces__msg__ParameterDescriptor__factories.cpp.o[0m
[ 48%] [32mBuilding CXX object CMakeFiles/ros1_bridge.dir/generated/rcl_interfaces__msg__ParameterEventDescriptors__factories.cpp.o[0m
[ 49%] [32mBuilding CXX object CMakeFiles/ros1_bridge.dir/generated/rcl_interfaces__msg__ParameterEvent__factories.cpp.o[0m
[ 49%] [32mBuilding CXX object CMakeFiles/ros1_bridge.dir/generated/rcl_interfaces__msg__Parameter__factories.cpp.o[0m
[ 50%] [32mBuilding CXX object CMakeFiles/ros1_bridge.dir/generated/rcl_interfaces__msg__ParameterType__factories.cpp.o[0m
[ 50%] [32mBuilding CXX object CMakeFiles/ros1_bridge.dir/generated/rcl_interfaces__msg__ParameterValue__factories.cpp.o[0m
[ 50%] [32mBuilding CXX object CMakeFiles/ros1_bridge.dir/generated/rcl_interfaces__msg__SetParametersResult__factories.cpp.o[0m
[ 51%] [32mBuilding CXX object CMakeFiles/ros1_bridge.dir/generated/rcl_interfaces__srv__DescribeParameters__factories.cpp.o[0m
[ 51%] [32mBuilding CXX object CMakeFiles/ros1_bridge.dir/generated/rcl_interfaces__srv__GetParameters__factories.cpp.o[0m
[ 52%] [32mBuilding CXX object CMakeFiles/ros1_bridge.dir/generated/rcl_interfaces__srv__GetParameterTypes__factories.cpp.o[0m
[ 52%] [32mBuilding CXX object CMakeFiles/ros1_bridge.dir/generated/rcl_interfaces__srv__ListParameters__factories.cpp.o[0m
[ 52%] [32mBuilding CXX object CMakeFiles/ros1_bridge.dir/generated/rcl_interfaces__srv__SetParametersAtomically__factories.cpp.o[0m
[ 53%] [32mBuilding CXX object CMakeFiles/ros1_bridge.dir/generated/rcl_interfaces__srv__SetParameters__factories.cpp.o[0m
[ 53%] [32mBuilding CXX object CMakeFiles/ros1_bridge.dir/generated/rosgraph_msgs_factories.cpp.o[0m
[ 54%] [32mBuilding CXX object CMakeFiles/ros1_bridge.dir/generated/rosgraph_msgs__msg__Clock__factories.cpp.o[0m
[ 54%] [32mBuilding CXX object CMakeFiles/ros1_bridge.dir/generated/rqt_py_common_factories.cpp.o[0m
[ 55%] [32mBuilding CXX object CMakeFiles/ros1_bridge.dir/generated/rqt_py_common__msg__Val__factories.cpp.o[0m
[ 55%] [32mBuilding CXX object CMakeFiles/ros1_bridge.dir/generated/rqt_py_common__msg__ArrayVal__factories.cpp.o[0m
[ 55%] [32mBuilding CXX object CMakeFiles/ros1_bridge.dir/generated/rqt_py_common__srv__AddTwoInts__factories.cpp.o[0m
[ 56%] [32mBuilding CXX object CMakeFiles/ros1_bridge.dir/generated/sensor_msgs_factories.cpp.o[0m
[ 56%] [32mBuilding CXX object CMakeFiles/ros1_bridge.dir/generated/sensor_msgs__msg__BatteryState__factories.cpp.o[0m
[ 57%] [32mBuilding CXX object CMakeFiles/ros1_bridge.dir/generated/sensor_msgs__msg__CameraInfo__factories.cpp.o[0m
[ 57%] [32mBuilding CXX object CMakeFiles/ros1_bridge.dir/generated/sensor_msgs__msg__ChannelFloat32__factories.cpp.o[0m
[ 57%] [32mBuilding CXX object CMakeFiles/ros1_bridge.dir/generated/sensor_msgs__msg__CompressedImage__factories.cpp.o[0m
[ 58%] [32mBuilding CXX object CMakeFiles/ros1_bridge.dir/generated/sensor_msgs__msg__FluidPressure__factories.cpp.o[0m
[ 58%] [32mBuilding CXX object CMakeFiles/ros1_bridge.dir/generated/sensor_msgs__msg__Illuminance__factories.cpp.o[0m
[ 59%] [32mBuilding CXX object CMakeFiles/ros1_bridge.dir/generated/sensor_msgs__msg__Image__factories.cpp.o[0m
[ 59%] [32mBuilding CXX object CMakeFiles/ros1_bridge.dir/generated/sensor_msgs__msg__Imu__factories.cpp.o[0m
[ 60%] [32mBuilding CXX object CMakeFiles/ros1_bridge.dir/generated/sensor_msgs__msg__JointState__factories.cpp.o[0m
[ 60%] [32mBuilding CXX object CMakeFiles/ros1_bridge.dir/generated/sensor_msgs__msg__Joy__factories.cpp.o[0m
[ 60%] [32mBuilding CXX object CMakeFiles/ros1_bridge.dir/generated/sensor_msgs__msg__JoyFeedback__factories.cpp.o[0m
[ 61%] [32mBuilding CXX object CMakeFiles/ros1_bridge.dir/generated/sensor_msgs__msg__JoyFeedbackArray__factories.cpp.o[0m
[ 61%] [32mBuilding CXX object CMakeFiles/ros1_bridge.dir/generated/sensor_msgs__msg__LaserEcho__factories.cpp.o[0m
[ 62%] [32mBuilding CXX object CMakeFiles/ros1_bridge.dir/generated/sensor_msgs__msg__LaserScan__factories.cpp.o[0m
[ 62%] [32mBuilding CXX object CMakeFiles/ros1_bridge.dir/generated/sensor_msgs__msg__MagneticField__factories.cpp.o[0m
[ 62%] [32mBuilding CXX object CMakeFiles/ros1_bridge.dir/generated/sensor_msgs__msg__MultiDOFJointState__factories.cpp.o[0m
[ 63%] [32mBuilding CXX object CMakeFiles/ros1_bridge.dir/generated/sensor_msgs__msg__MultiEchoLaserScan__factories.cpp.o[0m
[ 63%] [32mBuilding CXX object CMakeFiles/ros1_bridge.dir/generated/sensor_msgs__msg__NavSatFix__factories.cpp.o[0m
[ 64%] [32mBuilding CXX object CMakeFiles/ros1_bridge.dir/generated/sensor_msgs__msg__NavSatStatus__factories.cpp.o[0m
[ 64%] [32mBuilding CXX object CMakeFiles/ros1_bridge.dir/generated/sensor_msgs__msg__PointCloud__factories.cpp.o[0m
[ 65%] [32mBuilding CXX object CMakeFiles/ros1_bridge.dir/generated/sensor_msgs__msg__PointCloud2__factories.cpp.o[0m
[ 65%] [32mBuilding CXX object CMakeFiles/ros1_bridge.dir/generated/sensor_msgs__msg__PointField__factories.cpp.o[0m
[ 65%] [32mBuilding CXX object CMakeFiles/ros1_bridge.dir/generated/sensor_msgs__msg__Range__factories.cpp.o[0m
[ 66%] [32mBuilding CXX object CMakeFiles/ros1_bridge.dir/generated/sensor_msgs__msg__RegionOfInterest__factories.cpp.o[0m
[ 66%] [32mBuilding CXX object CMakeFiles/ros1_bridge.dir/generated/sensor_msgs__msg__RelativeHumidity__factories.cpp.o[0m
[ 67%] [32mBuilding CXX object CMakeFiles/ros1_bridge.dir/generated/sensor_msgs__msg__Temperature__factories.cpp.o[0m
[ 67%] [32mBuilding CXX object CMakeFiles/ros1_bridge.dir/generated/sensor_msgs__msg__TimeReference__factories.cpp.o[0m
[ 68%] [32mBuilding CXX object CMakeFiles/ros1_bridge.dir/generated/shape_msgs_factories.cpp.o[0m
[ 68%] [32mBuilding CXX object CMakeFiles/ros1_bridge.dir/generated/sensor_msgs__srv__SetCameraInfo__factories.cpp.o[0m
[ 68%] [32mBuilding CXX object CMakeFiles/ros1_bridge.dir/generated/shape_msgs__msg__Mesh__factories.cpp.o[0m
[ 69%] [32mBuilding CXX object CMakeFiles/ros1_bridge.dir/generated/shape_msgs__msg__MeshTriangle__factories.cpp.o[0m
[ 69%] [32mBuilding CXX object CMakeFiles/ros1_bridge.dir/generated/shape_msgs__msg__Plane__factories.cpp.o[0m
[ 70%] [32mBuilding CXX object CMakeFiles/ros1_bridge.dir/generated/shape_msgs__msg__SolidPrimitive__factories.cpp.o[0m
[ 70%] [32mBuilding CXX object CMakeFiles/ros1_bridge.dir/generated/std_msgs_factories.cpp.o[0m
[ 70%] [32mBuilding CXX object CMakeFiles/ros1_bridge.dir/generated/std_msgs__msg__Bool__factories.cpp.o[0m
[ 71%] [32mBuilding CXX object CMakeFiles/ros1_bridge.dir/generated/std_msgs__msg__Byte__factories.cpp.o[0m
[ 71%] [32mBuilding CXX object CMakeFiles/ros1_bridge.dir/generated/std_msgs__msg__ByteMultiArray__factories.cpp.o[0m
[ 72%] [32mBuilding CXX object CMakeFiles/ros1_bridge.dir/generated/std_msgs__msg__Char__factories.cpp.o[0m
[ 72%] [32mBuilding CXX object CMakeFiles/ros1_bridge.dir/generated/std_msgs__msg__ColorRGBA__factories.cpp.o[0m
[ 72%] [32mBuilding CXX object CMakeFiles/ros1_bridge.dir/generated/std_msgs__msg__Empty__factories.cpp.o[0m
[ 73%] [32mBuilding CXX object CMakeFiles/ros1_bridge.dir/generated/std_msgs__msg__Float32__factories.cpp.o[0m
[ 73%] [32mBuilding CXX object CMakeFiles/ros1_bridge.dir/generated/std_msgs__msg__Float32MultiArray__factories.cpp.o[0m
[ 73%] [32mBuilding CXX object CMakeFiles/ros1_bridge.dir/generated/std_msgs__msg__Int32MultiArray__factories.cpp.o[0m
[ 75%] [32mBuilding CXX object CMakeFiles/ros1_bridge.dir/generated/std_msgs__msg__Int64__factories.cpp.o[0m
[ 75%] [32mBuilding CXX object CMakeFiles/ros1_bridge.dir/generated/std_msgs__msg__Int32__factories.cpp.o[0m
[ 75%] [32mBuilding CXX object CMakeFiles/ros1_bridge.dir/generated/std_msgs__msg__Int16__factories.cpp.o[0m
[ 75%] [32mBuilding CXX object CMakeFiles/ros1_bridge.dir/generated/std_msgs__msg__Int16MultiArray__factories.cpp.o[0m
[ 76%] [32mBuilding CXX object CMakeFiles/ros1_bridge.dir/generated/std_msgs__msg__Float64MultiArray__factories.cpp.o[0m
[ 76%] [32mBuilding CXX object CMakeFiles/ros1_bridge.dir/generated/std_msgs__msg__Header__factories.cpp.o[0m
[ 77%] [32mBuilding CXX object CMakeFiles/ros1_bridge.dir/generated/std_msgs__msg__Float64__factories.cpp.o[0m
[ 77%] [32mBuilding CXX object CMakeFiles/ros1_bridge.dir/generated/std_msgs__msg__Int64MultiArray__factories.cpp.o[0m
[ 77%] [32mBuilding CXX object CMakeFiles/ros1_bridge.dir/generated/std_msgs__msg__Int8__factories.cpp.o[0m
[ 78%] [32mBuilding CXX object CMakeFiles/ros1_bridge.dir/generated/std_msgs__msg__Int8MultiArray__factories.cpp.o[0m
[ 78%] [32mBuilding CXX object CMakeFiles/ros1_bridge.dir/generated/std_msgs__msg__MultiArrayDimension__factories.cpp.o[0m
[ 79%] [32mBuilding CXX object CMakeFiles/ros1_bridge.dir/generated/std_msgs__msg__MultiArrayLayout__factories.cpp.o[0m
[ 79%] [32mBuilding CXX object CMakeFiles/ros1_bridge.dir/generated/std_msgs__msg__String__factories.cpp.o[0m
[ 80%] [32mBuilding CXX object CMakeFiles/ros1_bridge.dir/generated/std_msgs__msg__UInt16__factories.cpp.o[0m
[ 80%] [32mBuilding CXX object CMakeFiles/ros1_bridge.dir/generated/std_msgs__msg__UInt16MultiArray__factories.cpp.o[0m
[ 81%] [32mBuilding CXX object CMakeFiles/ros1_bridge.dir/generated/std_srvs_factories.cpp.o[0m
[ 81%] [32mBuilding CXX object CMakeFiles/ros1_bridge.dir/generated/std_srvs__srv__Empty__factories.cpp.o[0m
[ 82%] [32mBuilding CXX object CMakeFiles/ros1_bridge.dir/generated/std_srvs__srv__SetBool__factories.cpp.o[0m
[ 82%] [32mBuilding CXX object CMakeFiles/ros1_bridge.dir/generated/std_msgs__msg__UInt8MultiArray__factories.cpp.o[0m
[ 82%] [32mBuilding CXX object CMakeFiles/ros1_bridge.dir/generated/std_srvs__srv__Trigger__factories.cpp.o[0m
[ 82%] [32mBuilding CXX object CMakeFiles/ros1_bridge.dir/generated/std_msgs__msg__UInt8__factories.cpp.o[0m
[ 83%] [32mBuilding CXX object CMakeFiles/ros1_bridge.dir/generated/std_msgs__msg__UInt64__factories.cpp.o[0m
[ 83%] [32mBuilding CXX object CMakeFiles/ros1_bridge.dir/generated/std_msgs__msg__UInt64MultiArray__factories.cpp.o[0m
[ 84%] [32mBuilding CXX object CMakeFiles/ros1_bridge.dir/generated/stereo_msgs_factories.cpp.o[0m
[ 85%] [32mBuilding CXX object CMakeFiles/ros1_bridge.dir/generated/std_msgs__msg__UInt32MultiArray__factories.cpp.o[0m
[ 85%] [32mBuilding CXX object CMakeFiles/ros1_bridge.dir/generated/stereo_msgs__msg__DisparityImage__factories.cpp.o[0m
[ 85%] [32mBuilding CXX object CMakeFiles/ros1_bridge.dir/generated/std_msgs__msg__UInt32__factories.cpp.o[0m
[ 85%] [32mBuilding CXX object CMakeFiles/ros1_bridge.dir/generated/tf2_msgs_factories.cpp.o[0m
[ 86%] [32mBuilding CXX object CMakeFiles/ros1_bridge.dir/generated/tf2_msgs__msg__TF2Error__factories.cpp.o[0m
[ 86%] [32mBuilding CXX object CMakeFiles/ros1_bridge.dir/generated/tf2_msgs__msg__TFMessage__factories.cpp.o[0m
[ 87%] [32mBuilding CXX object CMakeFiles/ros1_bridge.dir/generated/tf2_msgs__srv__FrameGraph__factories.cpp.o[0m
[ 87%] [32mBuilding CXX object CMakeFiles/ros1_bridge.dir/generated/trajectory_msgs_factories.cpp.o[0m
[ 87%] [32mBuilding CXX object CMakeFiles/ros1_bridge.dir/generated/trajectory_msgs__msg__JointTrajectory__factories.cpp.o[0m
[ 87%] [32mBuilding CXX object CMakeFiles/ros1_bridge.dir/generated/turtlesim__srv__Kill__factories.cpp.o[0m
[ 88%] [32mBuilding CXX object CMakeFiles/ros1_bridge.dir/generated/turtlesim__srv__SetPen__factories.cpp.o[0m
[ 88%] [32mBuilding CXX object CMakeFiles/ros1_bridge.dir/generated/turtlesim__srv__Spawn__factories.cpp.o[0m
[ 88%] [32mBuilding CXX object CMakeFiles/ros1_bridge.dir/generated/turtlesim__msg__Pose__factories.cpp.o[0m
[ 89%] [32mBuilding CXX object CMakeFiles/ros1_bridge.dir/generated/turtlesim__msg__Color__factories.cpp.o[0m
[ 90%] [32mBuilding CXX object CMakeFiles/ros1_bridge.dir/generated/turtlesim__srv__TeleportAbsolute__factories.cpp.o[0m
[ 90%] [32mBuilding CXX object CMakeFiles/ros1_bridge.dir/generated/turtlesim_factories.cpp.o[0m
[ 90%] [32mBuilding CXX object CMakeFiles/ros1_bridge.dir/generated/turtlesim__srv__TeleportRelative__factories.cpp.o[0m
[ 91%] [32mBuilding CXX object CMakeFiles/ros1_bridge.dir/generated/unique_identifier_msgs__msg__UUID__factories.cpp.o[0m
[ 91%] [32mBuilding CXX object CMakeFiles/ros1_bridge.dir/generated/visualization_msgs_factories.cpp.o[0m
[ 91%] [32mBuilding CXX object CMakeFiles/ros1_bridge.dir/generated/unique_identifier_msgs_factories.cpp.o[0m
[ 92%] [32mBuilding CXX object CMakeFiles/ros1_bridge.dir/generated/trajectory_msgs__msg__MultiDOFJointTrajectoryPoint__factories.cpp.o[0m
[ 92%] [32mBuilding CXX object CMakeFiles/ros1_bridge.dir/generated/visualization_msgs__msg__InteractiveMarker__factories.cpp.o[0m
[ 93%] [32mBuilding CXX object CMakeFiles/ros1_bridge.dir/generated/visualization_msgs__msg__InteractiveMarkerControl__factories.cpp.o[0m
[ 94%] [32mBuilding CXX object CMakeFiles/ros1_bridge.dir/generated/visualization_msgs__msg__ImageMarker__factories.cpp.o[0m
[ 94%] [32mBuilding CXX object CMakeFiles/ros1_bridge.dir/generated/visualization_msgs__msg__InteractiveMarkerFeedback__factories.cpp.o[0m
[ 94%] [32mBuilding CXX object CMakeFiles/ros1_bridge.dir/generated/trajectory_msgs__msg__MultiDOFJointTrajectory__factories.cpp.o[0m
[ 94%] [32mBuilding CXX object CMakeFiles/ros1_bridge.dir/generated/visualization_msgs__msg__InteractiveMarkerInit__factories.cpp.o[0m
[ 95%] [32mBuilding CXX object CMakeFiles/ros1_bridge.dir/generated/visualization_msgs__msg__InteractiveMarkerPose__factories.cpp.o[0m
[ 95%] [32mBuilding CXX object CMakeFiles/ros1_bridge.dir/generated/visualization_msgs__msg__MenuEntry__factories.cpp.o[0m
[ 96%] [32mBuilding CXX object CMakeFiles/ros1_bridge.dir/generated/visualization_msgs__msg__InteractiveMarkerUpdate__factories.cpp.o[0m
[ 96%] [32mBuilding CXX object CMakeFiles/ros1_bridge.dir/generated/visualization_msgs__msg__MarkerArray__factories.cpp.o[0m
[ 96%] [32mBuilding CXX object CMakeFiles/ros1_bridge.dir/generated/visualization_msgs__msg__Marker__factories.cpp.o[0m
[ 97%] [32mBuilding CXX object CMakeFiles/ros1_bridge.dir/generated/trajectory_msgs__msg__JointTrajectoryPoint__factories.cpp.o[0m
[ 98%] [32m[1mLinking CXX shared library libros1_bridge.so[0m
[ 98%] Built target ros1_bridge
[35m[1mScanning dependencies of target static_bridge[0m
[35m[1mScanning dependencies of target dynamic_bridge[0m
[35m[1mScanning dependencies of target parameter_bridge[0m
[ 99%] [32mBuilding CXX object CMakeFiles/parameter_bridge.dir/src/parameter_bridge.cpp.o[0m
[100%] [32mBuilding CXX object CMakeFiles/static_bridge.dir/src/static_bridge.cpp.o[0m
[100%] [32mBuilding CXX object CMakeFiles/dynamic_bridge.dir/src/dynamic_bridge.cpp.o[0m
[100%] [32m[1mLinking CXX executable static_bridge[0m
[100%] [32m[1mLinking CXX executable parameter_bridge[0m
[100%] [32m[1mLinking CXX executable dynamic_bridge[0m
[100%] Built target static_bridge
[100%] Built target parameter_bridge
[100%] Built target dynamic_bridge
[  1%] Built target test_ros1_client
[  2%] Built target test_ros2_client_cpp
[  3%] Built target test_ros1_server
[  4%] Built target test_ros2_server_cpp
[  5%] Built target simple_bridge
[  6%] Built target simple_bridge_1_to_2
[  6%] Built target simple_bridge_2_to_1
[ 98%] Built target ros1_bridge
[ 99%] Built target parameter_bridge
[100%] Built target static_bridge
[100%] Built target dynamic_bridge
[36mInstall the project...[0m
-- Install configuration: ""
-- Execute custom install script
-- Symlinking: /home/vdr/ros_bridge/install/ros1_bridge/share/ros1_bridge/environment/library_path.sh
-- Symlinking: /home/vdr/ros_bridge/install/ros1_bridge/share/ros1_bridge/environment/pythonpath.sh
-- Symlinking: /home/vdr/ros_bridge/install/ros1_bridge/lib/python3.6/site-packages/ros1_bridge/__init__.py
-- Symlinking: /home/vdr/ros_bridge/install/ros1_bridge/share/ament_index/resource_index/package_run_dependencies/ros1_bridge
-- Symlinking: /home/vdr/ros_bridge/install/ros1_bridge/share/ament_index/resource_index/parent_prefix_path/ros1_bridge
-- Symlinking: /home/vdr/ros_bridge/install/ros1_bridge/share/ros1_bridge/environment/ament_prefix_path.sh
-- Symlinking: /home/vdr/ros_bridge/install/ros1_bridge/share/ros1_bridge/environment/path.sh
-- Symlinking: /home/vdr/ros_bridge/install/ros1_bridge/share/ros1_bridge/local_setup.bash
-- Symlinking: /home/vdr/ros_bridge/install/ros1_bridge/share/ros1_bridge/local_setup.sh
-- Symlinking: /home/vdr/ros_bridge/install/ros1_bridge/share/ros1_bridge/local_setup.zsh
-- Symlinking: /home/vdr/ros_bridge/install/ros1_bridge/share/ament_index/resource_index/packages/ros1_bridge
-- Symlinking: /home/vdr/ros_bridge/install/ros1_bridge/share/ros1_bridge/cmake/find_ros1_package.cmake
-- Symlinking: /home/vdr/ros_bridge/install/ros1_bridge/share/ros1_bridge/cmake/find_ros1_interface_packages.cmake
-- Symlinking: /home/vdr/ros_bridge/install/ros1_bridge/share/ros1_bridge/cmake/ament_cmake_export_include_directories-extras.cmake
-- Symlinking: /home/vdr/ros_bridge/install/ros1_bridge/share/ros1_bridge/cmake/ament_cmake_export_libraries-extras.cmake
-- Symlinking: /home/vdr/ros_bridge/install/ros1_bridge/share/ros1_bridge/cmake/ros1_bridgeConfig.cmake
-- Symlinking: /home/vdr/ros_bridge/install/ros1_bridge/share/ros1_bridge/cmake/ros1_bridgeConfig-version.cmake
-- Symlinking: /home/vdr/ros_bridge/install/ros1_bridge/share/ros1_bridge/package.xml
-- Symlinking: /home/vdr/ros_bridge/install/ros1_bridge/lib/ros1_bridge/simple_bridge_1_to_2
-- Symlinking: /home/vdr/ros_bridge/install/ros1_bridge/lib/ros1_bridge/simple_bridge_2_to_1
-- Symlinking: /home/vdr/ros_bridge/install/ros1_bridge/lib/ros1_bridge/simple_bridge
-- Symlinking: /home/vdr/ros_bridge/install/ros1_bridge/lib/libros1_bridge.so
-- Symlinking: /home/vdr/ros_bridge/install/ros1_bridge/lib/ros1_bridge/static_bridge
-- Symlinking: /home/vdr/ros_bridge/install/ros1_bridge/lib/ros1_bridge/parameter_bridge
-- Symlinking: /home/vdr/ros_bridge/install/ros1_bridge/lib/ros1_bridge/dynamic_bridge
-- Symlinking: /home/vdr/ros_bridge/install/ros1_bridge/lib/ros1_bridge/test_ros2_client_cpp
-- Symlinking: /home/vdr/ros_bridge/install/ros1_bridge/lib/ros1_bridge/test_ros2_server_cpp
-- Symlinking: /home/vdr/ros_bridge/install/ros1_bridge/lib/ros1_bridge/generate_factories/ros1_bridge_generate_factories
-- Up-to-date symlink: /home/vdr/ros_bridge/install/ros1_bridge/share/ros1_bridge/cmake/find_ros1_interface_packages.cmake
-- Up-to-date symlink: /home/vdr/ros_bridge/install/ros1_bridge/share/ros1_bridge/cmake/find_ros1_package.cmake
-- Symlinking: /home/vdr/ros_bridge/install/ros1_bridge/include/ros1_bridge/bridge.hpp
-- Symlinking: /home/vdr/ros_bridge/install/ros1_bridge/include/ros1_bridge/builtin_interfaces_factories.hpp
-- Symlinking: /home/vdr/ros_bridge/install/ros1_bridge/include/ros1_bridge/convert_builtin_interfaces.hpp
-- Symlinking: /home/vdr/ros_bridge/install/ros1_bridge/include/ros1_bridge/convert_decl.hpp
-- Symlinking: /home/vdr/ros_bridge/install/ros1_bridge/include/ros1_bridge/factory.hpp
-- Symlinking: /home/vdr/ros_bridge/install/ros1_bridge/include/ros1_bridge/factory_interface.hpp
-- Symlinking: /home/vdr/ros_bridge/install/ros1_bridge/share/ros1_bridge/resource/get_factory.cpp.em
-- Symlinking: /home/vdr/ros_bridge/install/ros1_bridge/share/ros1_bridge/resource/get_mappings.cpp.em
-- Symlinking: /home/vdr/ros_bridge/install/ros1_bridge/share/ros1_bridge/resource/interface_factories.cpp.em
-- Symlinking: /home/vdr/ros_bridge/install/ros1_bridge/share/ros1_bridge/resource/pkg_factories.cpp.em
-- Symlinking: /home/vdr/ros_bridge/install/ros1_bridge/share/ros1_bridge/resource/pkg_factories.hpp.em
Listing '/home/vdr/ros_bridge/install/ros1_bridge/lib/python3.6/site-packages/ros1_bridge'...
Compiling '/home/vdr/ros_bridge/install/ros1_bridge/lib/python3.6/site-packages/ros1_bridge/__init__.py'...
