[0.038s] Invoking command in '/home/frederik/git/20gr560/ros_ws/build/ros2_tpod': /usr/bin/cmake --build /home/frederik/git/20gr560/ros_ws/build/ros2_tpod -- -j4 -l4
[0.223s] [100%] Built target ros2_tpod
[0.241s] Invoked command in '/home/frederik/git/20gr560/ros_ws/build/ros2_tpod' returned '0': /usr/bin/cmake --build /home/frederik/git/20gr560/ros_ws/build/ros2_tpod -- -j4 -l4
[0.276s] Invoking command in '/home/frederik/git/20gr560/ros_ws/build/ros2_tpod': /usr/bin/cmake --install /home/frederik/git/20gr560/ros_ws/build/ros2_tpod
[0.289s] -- Install configuration: ""
[0.292s] -- Up-to-date: /home/frederik/git/20gr560/ros_ws/install/ros2_tpod/lib/ros2_tpod/ros2_tpod
[0.293s] -- Up-to-date: /home/frederik/git/20gr560/ros_ws/install/ros2_tpod/share/ament_index/resource_index/package_run_dependencies/ros2_tpod
[0.293s] -- Up-to-date: /home/frederik/git/20gr560/ros_ws/install/ros2_tpod/share/ament_index/resource_index/parent_prefix_path/ros2_tpod
[0.294s] -- Up-to-date: /home/frederik/git/20gr560/ros_ws/install/ros2_tpod/share/ros2_tpod/environment/ament_prefix_path.dsv
[0.294s] -- Up-to-date: /home/frederik/git/20gr560/ros_ws/install/ros2_tpod/share/ros2_tpod/environment/path.dsv
[0.294s] -- Up-to-date: /home/frederik/git/20gr560/ros_ws/install/ros2_tpod/share/ros2_tpod/local_setup.bash
[0.295s] -- Up-to-date: /home/frederik/git/20gr560/ros_ws/install/ros2_tpod/share/ros2_tpod/local_setup.sh
[0.295s] -- Up-to-date: /home/frederik/git/20gr560/ros_ws/install/ros2_tpod/share/ros2_tpod/local_setup.zsh
[0.295s] -- Up-to-date: /home/frederik/git/20gr560/ros_ws/install/ros2_tpod/share/ros2_tpod/local_setup.dsv
[0.295s] -- Up-to-date: /home/frederik/git/20gr560/ros_ws/install/ros2_tpod/share/ros2_tpod/package.dsv
[0.295s] -- Up-to-date: /home/frederik/git/20gr560/ros_ws/install/ros2_tpod/share/ament_index/resource_index/packages/ros2_tpod
[0.296s] -- Up-to-date: /home/frederik/git/20gr560/ros_ws/install/ros2_tpod/share/ros2_tpod/cmake/ros2_tpodConfig.cmake
[0.296s] -- Up-to-date: /home/frederik/git/20gr560/ros_ws/install/ros2_tpod/share/ros2_tpod/cmake/ros2_tpodConfig-version.cmake
[0.296s] -- Up-to-date: /home/frederik/git/20gr560/ros_ws/install/ros2_tpod/share/ros2_tpod/package.xml
[0.300s] Invoked command in '/home/frederik/git/20gr560/ros_ws/build/ros2_tpod' returned '0': /usr/bin/cmake --install /home/frederik/git/20gr560/ros_ws/build/ros2_tpod
