[01m[K/home/vdr/ros2/src/subpub/src/scanner.cpp:67:38:[m[K [01;35m[Kwarning: [m[KISO C++11 requires at least one argument for the "..." in a variadic macro
     RCLCPP_INFO("Welcome to poggers!"[01;35m[K)[m[K;
                                      [01;35m[K^[m[K
In file included from [01m[K/opt/ros/dashing/include/rclcpp/service.hpp:33:0[m[K,
                 from [01m[K/opt/ros/dashing/include/rclcpp/callback_group.hpp:25[m[K,
                 from [01m[K/opt/ros/dashing/include/rclcpp/any_executable.hpp:20[m[K,
                 from [01m[K/opt/ros/dashing/include/rclcpp/memory_strategy.hpp:24[m[K,
                 from [01m[K/opt/ros/dashing/include/rclcpp/memory_strategies.hpp:18[m[K,
                 from [01m[K/opt/ros/dashing/include/rclcpp/executor.hpp:33[m[K,
                 from [01m[K/opt/ros/dashing/include/rclcpp/executors/multi_threaded_executor.hpp:24[m[K,
                 from [01m[K/opt/ros/dashing/include/rclcpp/executors.hpp:21[m[K,
                 from [01m[K/opt/ros/dashing/include/rclcpp/rclcpp.hpp:144[m[K,
                 from [01m[K/home/vdr/ros2/src/subpub/src/scanner.cpp:5[m[K:
[01m[K/home/vdr/ros2/src/subpub/src/scanner.cpp:[m[K In function ‘[01m[Kint main(int, char**)[m[K’:
[01m[K/opt/ros/dashing/include/rclcpp/logging.hpp:214:5:[m[K [01;31m[Kerror: [m[Kstatic assertion failed: First argument to logging macros must be an rclcpp::Logger
     [01;31m[Ks[m[Ktatic_assert( \
     [01;31m[K^[m[K
[01m[K/home/vdr/ros2/src/subpub/src/scanner.cpp:67:5:[m[K [01;36m[Knote: [m[Kin expansion of macro ‘[01m[KRCLCPP_INFO[m[K’
     [01;36m[KRCLCPP_INFO[m[K("Welcome to poggers!");
     [01;36m[K^~~~~~~~~~~[m[K
In file included from [01m[K/opt/ros/dashing/include/rclcpp/client.hpp:39:0[m[K,
                 from [01m[K/opt/ros/dashing/include/rclcpp/callback_group.hpp:23[m[K,
                 from [01m[K/opt/ros/dashing/include/rclcpp/any_executable.hpp:20[m[K,
                 from [01m[K/opt/ros/dashing/include/rclcpp/memory_strategy.hpp:24[m[K,
                 from [01m[K/opt/ros/dashing/include/rclcpp/memory_strategies.hpp:18[m[K,
                 from [01m[K/opt/ros/dashing/include/rclcpp/executor.hpp:33[m[K,
                 from [01m[K/opt/ros/dashing/include/rclcpp/executors/multi_threaded_executor.hpp:24[m[K,
                 from [01m[K/opt/ros/dashing/include/rclcpp/executors.hpp:21[m[K,
                 from [01m[K/opt/ros/dashing/include/rclcpp/rclcpp.hpp:144[m[K,
                 from [01m[K/home/vdr/ros2/src/subpub/src/scanner.cpp:5[m[K:
[01m[K/opt/ros/dashing/include/rclcpp/logging.hpp:219:14:[m[K [01;31m[Kerror: [m[Krequest for member ‘[01m[Kget_name[m[K’ in ‘[01m[K"Welcome to poggers!"[m[K’, which is of non-class type ‘[01m[Kconst char [20][m[K’
       logger.[01;31m[Kg[m[Ket_name(), \
              [01;31m[K^[m[K
[01m[K/opt/ros/dashing/include/rcutils/logging_macros.h:70:47:[m[K [01;36m[Knote: [m[Kin definition of macro ‘[01m[KRCUTILS_LOG_COND_NAMED[m[K’
     if (rcutils_logging_logger_is_enabled_for([01;36m[Kname[m[K, severity)) { \
                                               [01;36m[K^~~~[m[K
[01m[K/opt/ros/dashing/include/rclcpp/logging.hpp:218:5:[m[K [01;36m[Knote: [m[Kin expansion of macro ‘[01m[KRCUTILS_LOG_INFO_NAMED[m[K’
     [01;36m[KRCUTILS_LOG_INFO_NAMED[m[K( \
     [01;36m[K^~~~~~~~~~~~~~~~~~~~~~[m[K
[01m[K/home/vdr/ros2/src/subpub/src/scanner.cpp:67:5:[m[K [01;36m[Knote: [m[Kin expansion of macro ‘[01m[KRCLCPP_INFO[m[K’
     [01;36m[KRCLCPP_INFO[m[K("Welcome to poggers!");
     [01;36m[K^~~~~~~~~~~[m[K
[01m[K/opt/ros/dashing/include/rclcpp/logging.hpp:219:14:[m[K [01;31m[Kerror: [m[Krequest for member ‘[01m[Kget_name[m[K’ in ‘[01m[K"Welcome to poggers!"[m[K’, which is of non-class type ‘[01m[Kconst char [20][m[K’
       logger.[01;31m[Kg[m[Ket_name(), \
              [01;31m[K^[m[K
[01m[K/opt/ros/dashing/include/rcutils/logging_macros.h:72:58:[m[K [01;36m[Knote: [m[Kin definition of macro ‘[01m[KRCUTILS_LOG_COND_NAMED[m[K’
       rcutils_log(&__rcutils_logging_location, severity, [01;36m[Kname[m[K, __VA_ARGS__); \
                                                          [01;36m[K^~~~[m[K
[01m[K/opt/ros/dashing/include/rclcpp/logging.hpp:218:5:[m[K [01;36m[Knote: [m[Kin expansion of macro ‘[01m[KRCUTILS_LOG_INFO_NAMED[m[K’
     [01;36m[KRCUTILS_LOG_INFO_NAMED[m[K( \
     [01;36m[K^~~~~~~~~~~~~~~~~~~~~~[m[K
[01m[K/home/vdr/ros2/src/subpub/src/scanner.cpp:67:5:[m[K [01;36m[Knote: [m[Kin expansion of macro ‘[01m[KRCLCPP_INFO[m[K’
     [01;36m[KRCLCPP_INFO[m[K("Welcome to poggers!");
     [01;36m[K^~~~~~~~~~~[m[K
[01m[K/opt/ros/dashing/include/rclcpp/logging.hpp:220:61:[m[K [01;31m[Kerror: [m[Kno matching function for call to ‘[01m[Kget_c_string()[m[K’
       rclcpp::get_c_string(RCLCPP_FIRST_ARG(__VA_ARGS__, "")[01;31m[K)[m[K, \
                                                             [01;31m[K^[m[K
[01m[K/opt/ros/dashing/include/rcutils/logging_macros.h:72:64:[m[K [01;36m[Knote: [m[Kin definition of macro ‘[01m[KRCUTILS_LOG_COND_NAMED[m[K’
       rcutils_log(&__rcutils_logging_location, severity, name, [01;36m[K__VA_ARGS__[m[K); \
                                                                [01;36m[K^~~~~~~~~~~[m[K
[01m[K/opt/ros/dashing/include/rclcpp/logging.hpp:218:5:[m[K [01;36m[Knote: [m[Kin expansion of macro ‘[01m[KRCUTILS_LOG_INFO_NAMED[m[K’
     [01;36m[KRCUTILS_LOG_INFO_NAMED[m[K( \
     [01;36m[K^~~~~~~~~~~~~~~~~~~~~~[m[K
[01m[K/home/vdr/ros2/src/subpub/src/scanner.cpp:67:5:[m[K [01;36m[Knote: [m[Kin expansion of macro ‘[01m[KRCLCPP_INFO[m[K’
     [01;36m[KRCLCPP_INFO[m[K("Welcome to poggers!");
     [01;36m[K^~~~~~~~~~~[m[K
In file included from [01m[K/opt/ros/dashing/include/rclcpp/client.hpp:35:0[m[K,
                 from [01m[K/opt/ros/dashing/include/rclcpp/callback_group.hpp:23[m[K,
                 from [01m[K/opt/ros/dashing/include/rclcpp/any_executable.hpp:20[m[K,
                 from [01m[K/opt/ros/dashing/include/rclcpp/memory_strategy.hpp:24[m[K,
                 from [01m[K/opt/ros/dashing/include/rclcpp/memory_strategies.hpp:18[m[K,
                 from [01m[K/opt/ros/dashing/include/rclcpp/executor.hpp:33[m[K,
                 from [01m[K/opt/ros/dashing/include/rclcpp/executors/multi_threaded_executor.hpp:24[m[K,
                 from [01m[K/opt/ros/dashing/include/rclcpp/executors.hpp:21[m[K,
                 from [01m[K/opt/ros/dashing/include/rclcpp/rclcpp.hpp:144[m[K,
                 from [01m[K/home/vdr/ros2/src/subpub/src/scanner.cpp:5[m[K:
[01m[K/opt/ros/dashing/include/rclcpp/utilities.hpp:294:1:[m[K [01;36m[Knote: [m[Kcandidate: const char* rclcpp::get_c_string(const char*)
 [01;36m[Kget_c_string[m[K(const char * string_in);
 [01;36m[K^~~~~~~~~~~~[m[K
[01m[K/opt/ros/dashing/include/rclcpp/utilities.hpp:294:1:[m[K [01;36m[Knote: [m[K  candidate expects 1 argument, 0 provided
[01m[K/opt/ros/dashing/include/rclcpp/utilities.hpp:303:1:[m[K [01;36m[Knote: [m[Kcandidate: const char* rclcpp::get_c_string(const string&)
 [01;36m[Kget_c_string[m[K(const std::string & string_in);
 [01;36m[K^~~~~~~~~~~~[m[K
[01m[K/opt/ros/dashing/include/rclcpp/utilities.hpp:303:1:[m[K [01;36m[Knote: [m[K  candidate expects 1 argument, 0 provided
make[2]: *** [CMakeFiles/scanner.dir/src/scanner.cpp.o] Error 1
make[1]: *** [CMakeFiles/scanner.dir/all] Error 2
make: *** [all] Error 2
