[0.184s] Invoking command in '/home/vdr/ros2/build/subpub': CMAKE_PREFIX_PATH=${CMAKE_PREFIX_PATH}:/opt/ros/dashing /usr/bin/cmake --build /home/vdr/ros2/build/subpub -- -j8 -l8
[1.946s] [ 33%] Built target talker
[2.012s] [35m[1mScanning dependencies of target scanner[0m
[2.020s] [ 66%] Built target listener
[2.084s] [ 83%] [32mBuilding CXX object CMakeFiles/scanner.dir/src/scanner.cpp.o[0m
[5.897s] [100%] [32m[1mLinking CXX executable scanner[0m
[6.786s] [100%] Built target scanner
[6.796s] Invoked command in '/home/vdr/ros2/build/subpub' returned '0': CMAKE_PREFIX_PATH=${CMAKE_PREFIX_PATH}:/opt/ros/dashing /usr/bin/cmake --build /home/vdr/ros2/build/subpub -- -j8 -l8
[6.830s] Invoking command in '/home/vdr/ros2/build/subpub': CMAKE_PREFIX_PATH=${CMAKE_PREFIX_PATH}:/opt/ros/dashing /usr/bin/cmake --build /home/vdr/ros2/build/subpub --target install -- -j8 -l8
[6.878s] [ 66%] Built target listener
[6.878s] [ 66%] Built target talker
[6.878s] [100%] Built target scanner
[6.895s] [36mInstall the project...[0m
[6.913s] -- Install configuration: ""
[6.931s] -- Up-to-date: /home/vdr/ros2/install/subpub/lib/subpub/talker
[6.934s] -- Up-to-date: /home/vdr/ros2/install/subpub/lib/subpub/listener
[6.935s] -- Installing: /home/vdr/ros2/install/subpub/lib/subpub/scanner
[6.936s] -- Set runtime path of "/home/vdr/ros2/install/subpub/lib/subpub/scanner" to ""
[6.948s] -- Up-to-date: /home/vdr/ros2/install/subpub/share/ament_index/resource_index/package_run_dependencies/subpub
[6.949s] -- Up-to-date: /home/vdr/ros2/install/subpub/share/ament_index/resource_index/parent_prefix_path/subpub
[6.951s] -- Up-to-date: /home/vdr/ros2/install/subpub/share/subpub/environment/ament_prefix_path.sh
[6.951s] -- Up-to-date: /home/vdr/ros2/install/subpub/share/subpub/environment/path.sh
[6.951s] -- Up-to-date: /home/vdr/ros2/install/subpub/share/subpub/local_setup.bash
[6.951s] -- Up-to-date: /home/vdr/ros2/install/subpub/share/subpub/local_setup.sh
[6.951s] -- Up-to-date: /home/vdr/ros2/install/subpub/share/subpub/local_setup.zsh
[6.951s] -- Up-to-date: /home/vdr/ros2/install/subpub/share/ament_index/resource_index/packages/subpub
[6.952s] -- Up-to-date: /home/vdr/ros2/install/subpub/share/subpub/cmake/subpubConfig.cmake
[6.952s] -- Up-to-date: /home/vdr/ros2/install/subpub/share/subpub/cmake/subpubConfig-version.cmake
[6.952s] -- Up-to-date: /home/vdr/ros2/install/subpub/share/subpub/package.xml
[6.956s] Invoked command in '/home/vdr/ros2/build/subpub' returned '0': CMAKE_PREFIX_PATH=${CMAKE_PREFIX_PATH}:/opt/ros/dashing /usr/bin/cmake --build /home/vdr/ros2/build/subpub --target install -- -j8 -l8
