-- The C compiler identification is GNU 7.5.0
-- The CXX compiler identification is GNU 7.5.0
-- Check for working C compiler: /usr/bin/cc
-- Check for working C compiler: /usr/bin/cc -- works
-- Detecting C compiler ABI info
-- Detecting C compiler ABI info - done
-- Detecting C compile features
-- Detecting C compile features - done
-- Check for working CXX compiler: /usr/bin/c++
-- Check for working CXX compiler: /usr/bin/c++ -- works
-- Detecting CXX compiler ABI info
-- Detecting CXX compiler ABI info - done
-- Detecting CXX compile features
-- Detecting CXX compile features - done
-- Found rmw: 0.7.2 (/opt/ros/dashing/share/rmw/cmake)
-- Found PythonInterp: /usr/bin/python3 (found suitable version "3.6.9", minimum required is "3") 
-- Using PYTHON_EXECUTABLE: /usr/bin/python3
-- Override CMake install command with custom implementation using symlinks instead of copying resources
-- Found rosidl_adapter: 0.7.9 (/opt/ros/dashing/share/rosidl_adapter/cmake)
-- Found rclcpp: 0.7.14 (/opt/ros/dashing/share/rclcpp/cmake)
-- Found rmw_implementation_cmake: 0.7.2 (/opt/ros/dashing/share/rmw_implementation_cmake/cmake)
-- Using RMW implementation 'rmw_fastrtps_cpp' as default
-- Looking for pthread.h
-- Looking for pthread.h - found
-- Looking for pthread_create
-- Looking for pthread_create - not found
-- Looking for pthread_create in pthreads
-- Looking for pthread_create in pthreads - not found
-- Looking for pthread_create in pthread
-- Looking for pthread_create in pthread - found
-- Found Threads: TRUE  
-- Found std_msgs: 0.7.0 (/opt/ros/dashing/share/std_msgs/cmake)
-- Found PkgConfig: /usr/bin/pkg-config (found version "0.29.1") 
-- Checking for module 'roscpp'
--   Found roscpp, version 1.14.9
-- Checking for module 'std_msgs'
--   Found std_msgs, version 0.5.12
-- Checking for module 'actionlib'
--   Found actionlib, version 1.12.1
-- Checking for module 'actionlib_msgs'
--   Found actionlib_msgs, version 1.12.7
-- Checking for module 'actionlib_tutorials'
--   Found actionlib_tutorials, version 0.1.11
-- Checking for module 'bond'
--   Found bond, version 1.8.5
-- Checking for module 'control_msgs'
--   Found control_msgs, version 1.5.1
-- Checking for module 'controller_manager_msgs'
--   Found controller_manager_msgs, version 0.18.2
-- Checking for module 'diagnostic_msgs'
--   Found diagnostic_msgs, version 1.12.7
-- Checking for module 'dynamic_reconfigure'
--   Found dynamic_reconfigure, version 1.6.3
-- Checking for module 'gazebo_msgs'
--   Found gazebo_msgs, version 2.8.7
-- Checking for module 'geometry_msgs'
--   Found geometry_msgs, version 1.12.7
-- Checking for module 'map_msgs'
--   Found map_msgs, version 1.13.0
-- Checking for module 'nav_msgs'
--   Found nav_msgs, version 1.12.7
-- Checking for module 'pcl_msgs'
--   Found pcl_msgs, version 0.2.0
-- Checking for module 'rosgraph_msgs'
--   Found rosgraph_msgs, version 1.11.2
-- Checking for module 'rospy_tutorials'
--   Found rospy_tutorials, version 0.9.3
-- Checking for module 'sensor_msgs'
--   Found sensor_msgs, version 1.12.7
-- Checking for module 'shape_msgs'
--   Found shape_msgs, version 1.12.7
-- Checking for module 'smach_msgs'
--   Found smach_msgs, version 2.0.1
-- Checking for module 'stereo_msgs'
--   Found stereo_msgs, version 1.12.7
-- Checking for module 'tf'
--   Found tf, version 1.12.1
-- Checking for module 'tf2_msgs'
--   Found tf2_msgs, version 0.6.5
-- Checking for module 'theora_image_transport'
--   Found theora_image_transport, version 1.9.5
-- Checking for module 'trajectory_msgs'
--   Found trajectory_msgs, version 1.12.7
-- Checking for module 'turtle_actionlib'
--   Found turtle_actionlib, version 0.1.11
-- Checking for module 'turtlesim'
--   Found turtlesim, version 0.9.3
-- Checking for module 'visualization_msgs'
--   Found visualization_msgs, version 1.12.7
-- Checking for module 'control_toolbox'
--   Found control_toolbox, version 1.18.2
-- Checking for module 'laser_assembler'
--   Found laser_assembler, version 1.7.7
-- Checking for module 'polled_camera'
--   Found polled_camera, version 1.11.13
-- Checking for module 'roscpp_tutorials'
--   Found roscpp_tutorials, version 0.9.3
-- Checking for module 'rviz'
--   Found rviz, version 1.13.13
-- Checking for module 'std_srvs'
--   Found std_srvs, version 1.11.2
-- Checking for module 'topic_tools'
--   Found topic_tools, version 1.14.9
-- Found ament_lint_auto: 0.7.12 (/opt/ros/dashing/share/ament_lint_auto/cmake)
-- Found diagnostic_msgs: 0.7.0 (/opt/ros/dashing/share/diagnostic_msgs/cmake)
-- Checking for module 'roslaunch'
--   Found roslaunch, version 1.14.9
-- Added test 'copyright' to check for copyright in CMake / C / C++ / Python code
-- Added test 'cppcheck' to perform static code analysis on C / C++ code
-- Configured cppcheck include dirs: 
-- Added test 'cpplint' to check C / C++ code against the Google style
-- Added test 'flake8' to check Python code syntax and style conventions
-- Added test 'lint_cmake' to check CMake code style
-- Added test 'pep257' to check Python code against some of the style conventions in PEP 257
-- Added test 'uncrustify' to check C / C++ code style
-- Added test 'xmllint' to check XML markup files
-- Found action_msgs: 0.7.4 (/opt/ros/dashing/share/action_msgs/cmake)
-- Found action_tutorials: 0.7.9 (/opt/ros/dashing/share/action_tutorials/cmake)
-- Found actionlib_msgs: 0.7.0 (/opt/ros/dashing/share/actionlib_msgs/cmake)
-- Found builtin_interfaces: 0.7.4 (/opt/ros/dashing/share/builtin_interfaces/cmake)
-- Found composition_interfaces: 0.7.4 (/opt/ros/dashing/share/composition_interfaces/cmake)
-- Found diagnostic_msgs: 0.7.0 (/opt/ros/dashing/share/diagnostic_msgs/cmake)
-- Found example_interfaces: 0.7.1 (/opt/ros/dashing/share/example_interfaces/cmake)
-- Found geometry_msgs: 0.7.0 (/opt/ros/dashing/share/geometry_msgs/cmake)
-- Found lifecycle_msgs: 0.7.4 (/opt/ros/dashing/share/lifecycle_msgs/cmake)
-- Found logging_demo: 0.7.9 (/opt/ros/dashing/share/logging_demo/cmake)
-- Found map_msgs: 2.0.2 (/opt/ros/dashing/share/map_msgs/cmake)
-- Found nav_msgs: 0.7.0 (/opt/ros/dashing/share/nav_msgs/cmake)
-- Found pendulum_msgs: 0.7.9 (/opt/ros/dashing/share/pendulum_msgs/cmake)
-- Found rcl_interfaces: 0.7.4 (/opt/ros/dashing/share/rcl_interfaces/cmake)
-- Found rosgraph_msgs: 0.7.4 (/opt/ros/dashing/share/rosgraph_msgs/cmake)
-- Found rqt_py_common: 1.0.5 (/opt/ros/dashing/share/rqt_py_common/cmake)
-- Found sensor_msgs: 0.7.0 (/opt/ros/dashing/share/sensor_msgs/cmake)
-- Found shape_msgs: 0.7.0 (/opt/ros/dashing/share/shape_msgs/cmake)
-- Found std_msgs: 0.7.0 (/opt/ros/dashing/share/std_msgs/cmake)
-- Found std_srvs: 0.7.0 (/opt/ros/dashing/share/std_srvs/cmake)
-- Found stereo_msgs: 0.7.0 (/opt/ros/dashing/share/stereo_msgs/cmake)
-- Found tf2_msgs: 0.11.6 (/opt/ros/dashing/share/tf2_msgs/cmake)
-- Found trajectory_msgs: 0.7.0 (/opt/ros/dashing/share/trajectory_msgs/cmake)
-- Found turtlesim: 1.0.3 (/opt/ros/dashing/share/turtlesim/cmake)
-- Found unique_identifier_msgs: 2.1.1 (/opt/ros/dashing/share/unique_identifier_msgs/cmake)
-- Found visualization_msgs: 0.7.0 (/opt/ros/dashing/share/visualization_msgs/cmake)
-- Configuring incomplete, errors occurred!
See also "/home/vdr/ros_bridge/build/ros1_bridge/CMakeFiles/CMakeOutput.log".
See also "/home/vdr/ros_bridge/build/ros1_bridge/CMakeFiles/CMakeError.log".
