[0.119s] Invoking command in '/home/vdr/ros_bridge/build/ros1_bridge': CMAKE_PREFIX_PATH=/opt/ros/dashing:${CMAKE_PREFIX_PATH} /usr/bin/cmake /home/vdr/ros_bridge/src/ros1_bridge -DAMENT_CMAKE_SYMLINK_INSTALL=1 -DCMAKE_INSTALL_PREFIX=/home/vdr/ros_bridge/install/ros1_bridge
[1.760s] -- The C compiler identification is GNU 7.5.0
[2.401s] -- The CXX compiler identification is GNU 7.5.0
[2.409s] -- Check for working C compiler: /usr/bin/cc
[2.564s] -- Check for working C compiler: /usr/bin/cc -- works
[2.566s] -- Detecting C compiler ABI info
[2.687s] -- Detecting C compiler ABI info - done
[2.696s] -- Detecting C compile features
[2.924s] -- Detecting C compile features - done
[2.928s] -- Check for working CXX compiler: /usr/bin/c++
[3.003s] -- Check for working CXX compiler: /usr/bin/c++ -- works
[3.004s] -- Detecting CXX compiler ABI info
[3.080s] -- Detecting CXX compiler ABI info - done
[3.085s] -- Detecting CXX compile features
[3.405s] -- Detecting CXX compile features - done
[3.407s] -- Found rmw: 0.7.2 (/opt/ros/dashing/share/rmw/cmake)
[3.448s] -- Found PythonInterp: /usr/bin/python3 (found suitable version "3.6.9", minimum required is "3") 
[3.448s] -- Using PYTHON_EXECUTABLE: /usr/bin/python3
[3.614s] -- Override CMake install command with custom implementation using symlinks instead of copying resources
[3.670s] -- Found rosidl_adapter: 0.7.9 (/opt/ros/dashing/share/rosidl_adapter/cmake)
[3.677s] -- Found rclcpp: 0.7.14 (/opt/ros/dashing/share/rclcpp/cmake)
[3.717s] -- Found rmw_implementation_cmake: 0.7.2 (/opt/ros/dashing/share/rmw_implementation_cmake/cmake)
[3.718s] -- Using RMW implementation 'rmw_fastrtps_cpp' as default
[3.723s] -- Looking for pthread.h
[4.043s] -- Looking for pthread.h - found
[4.044s] -- Looking for pthread_create
[4.108s] -- Looking for pthread_create - not found
[4.108s] -- Looking for pthread_create in pthreads
[4.161s] -- Looking for pthread_create in pthreads - not found
[4.161s] -- Looking for pthread_create in pthread
[4.224s] -- Looking for pthread_create in pthread - found
[4.225s] -- Found Threads: TRUE  
[4.245s] -- Found std_msgs: 0.7.0 (/opt/ros/dashing/share/std_msgs/cmake)
[4.262s] -- Found PkgConfig: /usr/bin/pkg-config (found version "0.29.1") 
[4.265s] -- Checking for module 'roscpp'
[4.450s] --   Found roscpp, version 1.14.9
[4.600s] -- Checking for module 'std_msgs'
[4.633s] --   Found std_msgs, version 0.5.12
[5.191s] -- Checking for module 'actionlib'
[5.226s] --   Found actionlib, version 1.12.1
[5.319s] -- Checking for module 'actionlib_msgs'
[5.352s] --   Found actionlib_msgs, version 1.12.7
[5.455s] -- Checking for module 'actionlib_tutorials'
[5.517s] --   Found actionlib_tutorials, version 0.1.11
[5.683s] -- Checking for module 'bond'
[5.751s] --   Found bond, version 1.8.5
[5.900s] -- Checking for module 'control_msgs'
[5.949s] --   Found control_msgs, version 1.5.1
[6.101s] -- Checking for module 'controller_manager_msgs'
[6.171s] --   Found controller_manager_msgs, version 0.18.2
[6.318s] -- Checking for module 'diagnostic_msgs'
[6.364s] --   Found diagnostic_msgs, version 1.12.7
[6.511s] -- Checking for module 'dynamic_reconfigure'
[6.569s] --   Found dynamic_reconfigure, version 1.6.3
[6.719s] -- Checking for module 'gazebo_msgs'
[6.817s] --   Found gazebo_msgs, version 2.8.7
[6.971s] -- Checking for module 'geometry_msgs'
[7.018s] --   Found geometry_msgs, version 1.12.7
[7.165s] -- Checking for module 'map_msgs'
[7.251s] --   Found map_msgs, version 1.13.0
[7.382s] -- Checking for module 'nav_msgs'
[7.415s] --   Found nav_msgs, version 1.12.7
[7.521s] -- Checking for module 'pcl_msgs'
[7.588s] --   Found pcl_msgs, version 0.2.0
[7.740s] -- Checking for module 'rosgraph_msgs'
[7.782s] --   Found rosgraph_msgs, version 1.11.2
[7.911s] -- Checking for module 'rospy_tutorials'
[7.970s] --   Found rospy_tutorials, version 0.9.3
[8.109s] -- Checking for module 'sensor_msgs'
[8.152s] --   Found sensor_msgs, version 1.12.7
[8.288s] -- Checking for module 'shape_msgs'
[8.353s] --   Found shape_msgs, version 1.12.7
[8.489s] -- Checking for module 'smach_msgs'
[8.555s] --   Found smach_msgs, version 2.0.1
[8.719s] -- Checking for module 'stereo_msgs'
[8.782s] --   Found stereo_msgs, version 1.12.7
[8.934s] -- Checking for module 'tf'
[9.110s] --   Found tf, version 1.12.1
[9.302s] -- Checking for module 'tf2_msgs'
[9.348s] --   Found tf2_msgs, version 0.6.5
[9.505s] -- Checking for module 'theora_image_transport'
[9.572s] --   Found theora_image_transport, version 1.9.5
[9.717s] -- Checking for module 'trajectory_msgs'
[9.751s] --   Found trajectory_msgs, version 1.12.7
[9.858s] -- Checking for module 'turtle_actionlib'
[9.921s] --   Found turtle_actionlib, version 0.1.11
[10.059s] -- Checking for module 'turtlesim'
[10.107s] --   Found turtlesim, version 0.9.3
[10.259s] -- Checking for module 'visualization_msgs'
[10.307s] --   Found visualization_msgs, version 1.12.7
[10.452s] -- Checking for module 'control_toolbox'
[10.530s] --   Found control_toolbox, version 1.18.2
[10.688s] -- Checking for module 'laser_assembler'
[10.814s] --   Found laser_assembler, version 1.7.7
[10.930s] -- Checking for module 'polled_camera'
[10.988s] --   Found polled_camera, version 1.11.13
[11.157s] -- Checking for module 'roscpp_tutorials'
[11.202s] --   Found roscpp_tutorials, version 0.9.3
[11.338s] -- Checking for module 'rviz'
[11.411s] --   Found rviz, version 1.13.13
[11.583s] -- Checking for module 'std_srvs'
[11.608s] --   Found std_srvs, version 1.11.2
[11.684s] -- Checking for module 'topic_tools'
[11.713s] --   Found topic_tools, version 1.14.9
[11.806s] -- Found ament_lint_auto: 0.7.12 (/opt/ros/dashing/share/ament_lint_auto/cmake)
[11.810s] -- Found diagnostic_msgs: 0.7.0 (/opt/ros/dashing/share/diagnostic_msgs/cmake)
[11.834s] -- Checking for module 'roslaunch'
[11.868s] --   Found roslaunch, version 1.14.9
[12.082s] -- Added test 'copyright' to check for copyright in CMake / C / C++ / Python code
[12.086s] -- Added test 'cppcheck' to perform static code analysis on C / C++ code
[12.086s] -- Configured cppcheck include dirs: 
[12.089s] -- Added test 'cpplint' to check C / C++ code against the Google style
[12.090s] -- Added test 'flake8' to check Python code syntax and style conventions
[12.091s] -- Added test 'lint_cmake' to check CMake code style
[12.091s] -- Added test 'pep257' to check Python code against some of the style conventions in PEP 257
[12.094s] -- Added test 'uncrustify' to check C / C++ code style
[12.095s] -- Added test 'xmllint' to check XML markup files
[12.108s] -- Found action_msgs: 0.7.4 (/opt/ros/dashing/share/action_msgs/cmake)
[12.113s] -- Found action_tutorials: 0.7.9 (/opt/ros/dashing/share/action_tutorials/cmake)
[12.119s] -- Found actionlib_msgs: 0.7.0 (/opt/ros/dashing/share/actionlib_msgs/cmake)
[12.119s] -- Found builtin_interfaces: 0.7.4 (/opt/ros/dashing/share/builtin_interfaces/cmake)
[12.124s] -- Found composition_interfaces: 0.7.4 (/opt/ros/dashing/share/composition_interfaces/cmake)
[12.124s] -- Found diagnostic_msgs: 0.7.0 (/opt/ros/dashing/share/diagnostic_msgs/cmake)
[12.130s] -- Found example_interfaces: 0.7.1 (/opt/ros/dashing/share/example_interfaces/cmake)
[12.136s] -- Found geometry_msgs: 0.7.0 (/opt/ros/dashing/share/geometry_msgs/cmake)
[12.140s] -- Found lifecycle_msgs: 0.7.4 (/opt/ros/dashing/share/lifecycle_msgs/cmake)
[12.143s] -- Found logging_demo: 0.7.9 (/opt/ros/dashing/share/logging_demo/cmake)
[12.180s] -- Found map_msgs: 2.0.2 (/opt/ros/dashing/share/map_msgs/cmake)
[12.180s] -- Found nav_msgs: 0.7.0 (/opt/ros/dashing/share/nav_msgs/cmake)
[12.184s] -- Found pendulum_msgs: 0.7.9 (/opt/ros/dashing/share/pendulum_msgs/cmake)
[12.184s] -- Found rcl_interfaces: 0.7.4 (/opt/ros/dashing/share/rcl_interfaces/cmake)
[12.185s] -- Found rosgraph_msgs: 0.7.4 (/opt/ros/dashing/share/rosgraph_msgs/cmake)
[12.188s] -- Found rqt_py_common: 1.0.5 (/opt/ros/dashing/share/rqt_py_common/cmake)
[12.188s] -- Found sensor_msgs: 0.7.0 (/opt/ros/dashing/share/sensor_msgs/cmake)
[12.195s] -- Found shape_msgs: 0.7.0 (/opt/ros/dashing/share/shape_msgs/cmake)
[12.195s] -- Found std_msgs: 0.7.0 (/opt/ros/dashing/share/std_msgs/cmake)
[12.201s] -- Found std_srvs: 0.7.0 (/opt/ros/dashing/share/std_srvs/cmake)
[12.213s] -- Found stereo_msgs: 0.7.0 (/opt/ros/dashing/share/stereo_msgs/cmake)
[12.226s] -- Found tf2_msgs: 0.11.6 (/opt/ros/dashing/share/tf2_msgs/cmake)
[12.235s] -- Found trajectory_msgs: 0.7.0 (/opt/ros/dashing/share/trajectory_msgs/cmake)
[12.240s] -- Found turtlesim: 1.0.3 (/opt/ros/dashing/share/turtlesim/cmake)
[12.240s] -- Found unique_identifier_msgs: 2.1.1 (/opt/ros/dashing/share/unique_identifier_msgs/cmake)
[12.249s] -- Found visualization_msgs: 0.7.0 (/opt/ros/dashing/share/visualization_msgs/cmake)
[14.170s] CMake Error at CMakeLists.txt:258 (find_package):
[14.170s]   By not providing "Findlaunch_testing_ament_cmake.cmake" in
[14.170s]   CMAKE_MODULE_PATH this project has asked CMake to find a package
[14.170s]   configuration file provided by "launch_testing_ament_cmake", but CMake did
[14.170s]   not find one.
[14.170s] 
[14.170s]   Could not find a package configuration file provided by
[14.170s]   "launch_testing_ament_cmake" with any of the following names:
[14.170s] 
[14.170s]     launch_testing_ament_cmakeConfig.cmake
[14.170s]     launch_testing_ament_cmake-config.cmake
[14.170s] 
[14.170s]   Add the installation prefix of "launch_testing_ament_cmake" to
[14.170s]   CMAKE_PREFIX_PATH or set "launch_testing_ament_cmake_DIR" to a directory
[14.170s]   containing one of the above files.  If "launch_testing_ament_cmake"
[14.170s]   provides a separate development package or SDK, be sure it has been
[14.170s]   installed.
[14.170s] 
[14.170s] 
[14.171s] -- Configuring incomplete, errors occurred!
[14.171s] See also "/home/vdr/ros_bridge/build/ros1_bridge/CMakeFiles/CMakeOutput.log".
[14.171s] See also "/home/vdr/ros_bridge/build/ros1_bridge/CMakeFiles/CMakeError.log".
[14.176s] Invoked command in '/home/vdr/ros_bridge/build/ros1_bridge' returned '1': CMAKE_PREFIX_PATH=/opt/ros/dashing:${CMAKE_PREFIX_PATH} /usr/bin/cmake /home/vdr/ros_bridge/src/ros1_bridge -DAMENT_CMAKE_SYMLINK_INSTALL=1 -DCMAKE_INSTALL_PREFIX=/home/vdr/ros_bridge/install/ros1_bridge
