[0.010s] Invoking command in '/home/vdr/ros2/build/subpub': CMAKE_PREFIX_PATH=${CMAKE_PREFIX_PATH}:/opt/ros/dashing /usr/bin/cmake --build /home/vdr/ros2/build/subpub -- -j8 -l8
[0.051s] [35m[1mScanning dependencies of target scanner[0m
[0.063s] [ 66%] Built target talker
[0.063s] [ 66%] Built target listener
[0.078s] [ 83%] [32mBuilding CXX object CMakeFiles/scanner.dir/src/scanner.cpp.o[0m
[2.544s] [100%] [32m[1mLinking CXX executable scanner[0m
[3.728s] [100%] Built target scanner
[3.737s] Invoked command in '/home/vdr/ros2/build/subpub' returned '0': CMAKE_PREFIX_PATH=${CMAKE_PREFIX_PATH}:/opt/ros/dashing /usr/bin/cmake --build /home/vdr/ros2/build/subpub -- -j8 -l8
[3.770s] Invoking command in '/home/vdr/ros2/build/subpub': CMAKE_PREFIX_PATH=${CMAKE_PREFIX_PATH}:/opt/ros/dashing /usr/bin/cmake --build /home/vdr/ros2/build/subpub --target install -- -j8 -l8
[3.821s] [ 33%] Built target talker
[3.824s] [ 66%] Built target scanner
[3.827s] [100%] Built target listener
[3.843s] [36mInstall the project...[0m
[3.869s] -- Install configuration: ""
[3.887s] -- Up-to-date: /home/vdr/ros2/install/subpub/lib/subpub/talker
[3.890s] -- Up-to-date: /home/vdr/ros2/install/subpub/lib/subpub/listener
[3.896s] -- Installing: /home/vdr/ros2/install/subpub/lib/subpub/scanner
[3.898s] -- Set runtime path of "/home/vdr/ros2/install/subpub/lib/subpub/scanner" to ""
[3.898s] -- Up-to-date: /home/vdr/ros2/install/subpub/share/ament_index/resource_index/package_run_dependencies/subpub
[3.898s] -- Up-to-date: /home/vdr/ros2/install/subpub/share/ament_index/resource_index/parent_prefix_path/subpub
[3.898s] -- Up-to-date: /home/vdr/ros2/install/subpub/share/subpub/environment/ament_prefix_path.sh
[3.899s] -- Up-to-date: /home/vdr/ros2/install/subpub/share/subpub/environment/path.sh
[3.899s] -- Up-to-date: /home/vdr/ros2/install/subpub/share/subpub/local_setup.bash
[3.899s] -- Up-to-date: /home/vdr/ros2/install/subpub/share/subpub/local_setup.sh
[3.899s] -- Up-to-date: /home/vdr/ros2/install/subpub/share/subpub/local_setup.zsh
[3.899s] -- Up-to-date: /home/vdr/ros2/install/subpub/share/ament_index/resource_index/packages/subpub
[3.899s] -- Up-to-date: /home/vdr/ros2/install/subpub/share/subpub/cmake/subpubConfig.cmake
[3.899s] -- Up-to-date: /home/vdr/ros2/install/subpub/share/subpub/cmake/subpubConfig-version.cmake
[3.899s] -- Up-to-date: /home/vdr/ros2/install/subpub/share/subpub/package.xml
[3.903s] Invoked command in '/home/vdr/ros2/build/subpub' returned '0': CMAKE_PREFIX_PATH=${CMAKE_PREFIX_PATH}:/opt/ros/dashing /usr/bin/cmake --build /home/vdr/ros2/build/subpub --target install -- -j8 -l8
