[0.018s] Invoking command in '/home/vdr/ros2/build/subpub': CMAKE_PREFIX_PATH=${CMAKE_PREFIX_PATH}:/opt/ros/dashing /usr/bin/cmake --build /home/vdr/ros2/build/subpub -- -j8 -l8
[0.068s] [100%] Built target talker
[0.069s] [100%] Built target listener
[0.078s] Invoked command in '/home/vdr/ros2/build/subpub' returned '0': CMAKE_PREFIX_PATH=${CMAKE_PREFIX_PATH}:/opt/ros/dashing /usr/bin/cmake --build /home/vdr/ros2/build/subpub -- -j8 -l8
[0.113s] Invoking command in '/home/vdr/ros2/build/subpub': CMAKE_PREFIX_PATH=${CMAKE_PREFIX_PATH}:/opt/ros/dashing /usr/bin/cmake --build /home/vdr/ros2/build/subpub --target install -- -j8 -l8
[0.171s] [ 50%] Built target talker
[0.173s] [100%] Built target listener
[0.193s] [36mInstall the project...[0m
[0.216s] -- Install configuration: ""
[0.234s] -- Up-to-date: /home/vdr/ros2/install/subpub/lib/subpub/talker
[0.237s] -- Installing: /home/vdr/ros2/install/subpub/lib/subpub/listener
[0.237s] -- Set runtime path of "/home/vdr/ros2/install/subpub/lib/subpub/listener" to ""
[0.251s] -- Up-to-date: /home/vdr/ros2/install/subpub/share/ament_index/resource_index/package_run_dependencies/subpub
[0.252s] -- Up-to-date: /home/vdr/ros2/install/subpub/share/ament_index/resource_index/parent_prefix_path/subpub
[0.252s] -- Up-to-date: /home/vdr/ros2/install/subpub/share/subpub/environment/ament_prefix_path.sh
[0.252s] -- Up-to-date: /home/vdr/ros2/install/subpub/share/subpub/environment/path.sh
[0.252s] -- Up-to-date: /home/vdr/ros2/install/subpub/share/subpub/local_setup.bash
[0.252s] -- Up-to-date: /home/vdr/ros2/install/subpub/share/subpub/local_setup.sh
[0.252s] -- Up-to-date: /home/vdr/ros2/install/subpub/share/subpub/local_setup.zsh
[0.252s] -- Up-to-date: /home/vdr/ros2/install/subpub/share/ament_index/resource_index/packages/subpub
[0.253s] -- Up-to-date: /home/vdr/ros2/install/subpub/share/subpub/cmake/subpubConfig.cmake
[0.253s] -- Up-to-date: /home/vdr/ros2/install/subpub/share/subpub/cmake/subpubConfig-version.cmake
[0.253s] -- Up-to-date: /home/vdr/ros2/install/subpub/share/subpub/package.xml
[0.256s] Invoked command in '/home/vdr/ros2/build/subpub' returned '0': CMAKE_PREFIX_PATH=${CMAKE_PREFIX_PATH}:/opt/ros/dashing /usr/bin/cmake --build /home/vdr/ros2/build/subpub --target install -- -j8 -l8
