[0.012s] Invoking command in '/home/vdr/ros2/build/subpub': CMAKE_PREFIX_PATH=${CMAKE_PREFIX_PATH}:/opt/ros/dashing /usr/bin/cmake --build /home/vdr/ros2/build/subpub -- -j8 -l8
[0.053s] [35m[1mScanning dependencies of target scanner[0m
[0.065s] [ 66%] Built target talker
[0.065s] [ 66%] Built target listener
[0.076s] [ 83%] [32mBuilding CXX object CMakeFiles/scanner.dir/src/scanner.cpp.o[0m
[2.086s] [100%] [32m[1mLinking CXX executable scanner[0m
[2.233s] [100%] Built target scanner
[2.242s] Invoked command in '/home/vdr/ros2/build/subpub' returned '0': CMAKE_PREFIX_PATH=${CMAKE_PREFIX_PATH}:/opt/ros/dashing /usr/bin/cmake --build /home/vdr/ros2/build/subpub -- -j8 -l8
[2.276s] Invoking command in '/home/vdr/ros2/build/subpub': CMAKE_PREFIX_PATH=${CMAKE_PREFIX_PATH}:/opt/ros/dashing /usr/bin/cmake --build /home/vdr/ros2/build/subpub --target install -- -j8 -l8
[2.324s] [ 33%] Built target talker
[2.327s] [ 66%] Built target scanner
[2.328s] [100%] Built target listener
[2.346s] [36mInstall the project...[0m
[2.354s] -- Install configuration: ""
[2.354s] -- Up-to-date: /home/vdr/ros2/install/subpub/lib/subpub/talker
[2.355s] -- Up-to-date: /home/vdr/ros2/install/subpub/lib/subpub/listener
[2.355s] -- Installing: /home/vdr/ros2/install/subpub/lib/subpub/scanner
[2.356s] -- Set runtime path of "/home/vdr/ros2/install/subpub/lib/subpub/scanner" to ""
[2.356s] -- Up-to-date: /home/vdr/ros2/install/subpub/share/ament_index/resource_index/package_run_dependencies/subpub
[2.356s] -- Up-to-date: /home/vdr/ros2/install/subpub/share/ament_index/resource_index/parent_prefix_path/subpub
[2.356s] -- Up-to-date: /home/vdr/ros2/install/subpub/share/subpub/environment/ament_prefix_path.sh
[2.357s] -- Up-to-date: /home/vdr/ros2/install/subpub/share/subpub/environment/path.sh
[2.357s] -- Up-to-date: /home/vdr/ros2/install/subpub/share/subpub/local_setup.bash
[2.357s] -- Up-to-date: /home/vdr/ros2/install/subpub/share/subpub/local_setup.sh
[2.357s] -- Up-to-date: /home/vdr/ros2/install/subpub/share/subpub/local_setup.zsh
[2.357s] -- Up-to-date: /home/vdr/ros2/install/subpub/share/ament_index/resource_index/packages/subpub
[2.357s] -- Up-to-date: /home/vdr/ros2/install/subpub/share/subpub/cmake/subpubConfig.cmake
[2.357s] -- Up-to-date: /home/vdr/ros2/install/subpub/share/subpub/cmake/subpubConfig-version.cmake
[2.357s] -- Up-to-date: /home/vdr/ros2/install/subpub/share/subpub/package.xml
[2.360s] Invoked command in '/home/vdr/ros2/build/subpub' returned '0': CMAKE_PREFIX_PATH=${CMAKE_PREFIX_PATH}:/opt/ros/dashing /usr/bin/cmake --build /home/vdr/ros2/build/subpub --target install -- -j8 -l8
