[0.015s] Invoking command in '/home/vdr/ros2/build/slam_toolbox': CMAKE_PREFIX_PATH=${CMAKE_PREFIX_PATH}:/opt/ros/dashing /usr/bin/cmake /home/vdr/ros2/src/slam_toolbox -DCMAKE_INSTALL_PREFIX=/home/vdr/ros2/install/slam_toolbox
[0.029s] -- Found ament_cmake: 0.7.5 (/opt/ros/dashing/share/ament_cmake/cmake)
[0.053s] -- Using PYTHON_EXECUTABLE: /usr/bin/python3
[0.220s] -- Found message_filters: 3.1.3 (/opt/ros/dashing/share/message_filters/cmake)
[0.221s] -- Found nav_msgs: 0.7.0 (/opt/ros/dashing/share/nav_msgs/cmake)
[0.228s] -- Found rosidl_adapter: 0.7.9 (/opt/ros/dashing/share/rosidl_adapter/cmake)
[0.268s] -- Found rclcpp: 0.7.14 (/opt/ros/dashing/share/rclcpp/cmake)
[0.283s] -- Found rmw_implementation_cmake: 0.7.2 (/opt/ros/dashing/share/rmw_implementation_cmake/cmake)
[0.283s] -- Using RMW implementation 'rmw_fastrtps_cpp' as default
[0.305s] -- Found sensor_msgs: 0.7.0 (/opt/ros/dashing/share/sensor_msgs/cmake)
[0.315s] -- Found tf2: 0.11.6 (/opt/ros/dashing/share/tf2/cmake)
[0.317s] -- Found tf2_ros: 0.11.6 (/opt/ros/dashing/share/tf2_ros/cmake)
[0.354s] -- Found visualization_msgs: 0.7.0 (/opt/ros/dashing/share/visualization_msgs/cmake)
[0.362s] -- Found pluginlib: 2.3.3 (/opt/ros/dashing/share/pluginlib/cmake)
[0.363s] -- Found tinyxml2_vendor:  (/opt/ros/dashing/share/tinyxml2_vendor/cmake)
[0.372s] -- Found poco_vendor:  (/opt/ros/dashing/share/poco_vendor/cmake)
[0.376s] -- Found tf2_geometry_msgs: 0.11.6 (/opt/ros/dashing/share/tf2_geometry_msgs/cmake)
[0.378s] -- Found eigen3_cmake_module: 0.1.1 (/opt/ros/dashing/share/eigen3_cmake_module/cmake)
[0.393s] -- Found tf2_sensor_msgs: 0.11.6 (/opt/ros/dashing/share/tf2_sensor_msgs/cmake)
[0.463s] -- Found std_srvs: 0.7.0 (/opt/ros/dashing/share/std_srvs/cmake)
[0.549s] -- Found rosidl_default_generators: 0.7.0 (/opt/ros/dashing/share/rosidl_default_generators/cmake)
[1.363s] -- Found OpenSSL: /usr/lib/x86_64-linux-gnu/libcrypto.so (found version "1.1.1") 
[1.431s] -- Found FastRTPS: /opt/ros/dashing/include  
[1.542s] CMake Error at CMakeLists.txt:26 (find_package):
[1.542s]   By not providing "Findnav2_map_server.cmake" in CMAKE_MODULE_PATH this
[1.542s]   project has asked CMake to find a package configuration file provided by
[1.542s]   "nav2_map_server", but CMake did not find one.
[1.542s] 
[1.542s]   Could not find a package configuration file provided by "nav2_map_server"
[1.542s]   with any of the following names:
[1.542s] 
[1.542s]     nav2_map_serverConfig.cmake
[1.542s]     nav2_map_server-config.cmake
[1.542s] 
[1.543s]   Add the installation prefix of "nav2_map_server" to CMAKE_PREFIX_PATH or
[1.543s]   set "nav2_map_server_DIR" to a directory containing one of the above files.
[1.543s]   If "nav2_map_server" provides a separate development package or SDK, be
[1.543s]   sure it has been installed.
[1.543s] 
[1.543s] 
[1.543s] -- Configuring incomplete, errors occurred!
[1.543s] See also "/home/vdr/ros2/build/slam_toolbox/CMakeFiles/CMakeOutput.log".
[1.543s] See also "/home/vdr/ros2/build/slam_toolbox/CMakeFiles/CMakeError.log".
[1.547s] Invoked command in '/home/vdr/ros2/build/slam_toolbox' returned '1': CMAKE_PREFIX_PATH=${CMAKE_PREFIX_PATH}:/opt/ros/dashing /usr/bin/cmake /home/vdr/ros2/src/slam_toolbox -DCMAKE_INSTALL_PREFIX=/home/vdr/ros2/install/slam_toolbox
