-- Found ament_cmake: 0.7.5 (/opt/ros/dashing/share/ament_cmake/cmake)
-- Using PYTHON_EXECUTABLE: /usr/bin/python3
-- Found message_filters: 3.1.3 (/opt/ros/dashing/share/message_filters/cmake)
-- Found nav_msgs: 0.7.0 (/opt/ros/dashing/share/nav_msgs/cmake)
-- Found rosidl_adapter: 0.7.9 (/opt/ros/dashing/share/rosidl_adapter/cmake)
-- Found rclcpp: 0.7.14 (/opt/ros/dashing/share/rclcpp/cmake)
-- Found rmw_implementation_cmake: 0.7.2 (/opt/ros/dashing/share/rmw_implementation_cmake/cmake)
-- Using RMW implementation 'rmw_fastrtps_cpp' as default
-- Found sensor_msgs: 0.7.0 (/opt/ros/dashing/share/sensor_msgs/cmake)
-- Found tf2: 0.11.6 (/opt/ros/dashing/share/tf2/cmake)
-- Found tf2_ros: 0.11.6 (/opt/ros/dashing/share/tf2_ros/cmake)
-- Found visualization_msgs: 0.7.0 (/opt/ros/dashing/share/visualization_msgs/cmake)
-- Found pluginlib: 2.3.3 (/opt/ros/dashing/share/pluginlib/cmake)
-- Found tinyxml2_vendor:  (/opt/ros/dashing/share/tinyxml2_vendor/cmake)
-- Found poco_vendor:  (/opt/ros/dashing/share/poco_vendor/cmake)
-- Found tf2_geometry_msgs: 0.11.6 (/opt/ros/dashing/share/tf2_geometry_msgs/cmake)
-- Found eigen3_cmake_module: 0.1.1 (/opt/ros/dashing/share/eigen3_cmake_module/cmake)
-- Found tf2_sensor_msgs: 0.11.6 (/opt/ros/dashing/share/tf2_sensor_msgs/cmake)
-- Found std_srvs: 0.7.0 (/opt/ros/dashing/share/std_srvs/cmake)
-- Found rosidl_default_generators: 0.7.0 (/opt/ros/dashing/share/rosidl_default_generators/cmake)
-- Found nav2_map_server: 0.2.6 (/opt/ros/dashing/share/nav2_map_server/cmake)
-- Boost version: 1.65.1
-- Found the following Boost libraries:
--   system
--   serialization
--   filesystem
--   thread
--   chrono
--   date_time
--   atomic
-- A library with BLAS API found.
-- A library with LAPACK API found.
-- Found required Ceres dependency: Eigen version 3.3.4 in /usr/include/eigen3
-- Found required Ceres dependency: glog
-- Found required Ceres dependency: gflags
CMake Error at /usr/local/lib/cmake/Ceres/CeresConfig.cmake:85 (message):
  Failed to find Ceres - Missing requested Ceres components: [SuiteSparse]
  (components requested: [SuiteSparse]).  Detected Ceres version: 2.0.0
  installed in: /usr/local with components: [EigenSparse,
  SparseLinearAlgebraLibrary, LAPACK, SchurSpecializations, Multithreading].
Call Stack (most recent call first):
  /usr/local/lib/cmake/Ceres/CeresConfig.cmake:313 (ceres_report_not_found)
  CMakeLists.txt:73 (find_package)


CMake Error at CMakeLists.txt:73 (find_package):
  Found package configuration file:

    /usr/local/lib/cmake/Ceres/CeresConfig.cmake

  but it set Ceres_FOUND to FALSE so package "Ceres" is considered to be NOT
  FOUND.


-- Configuring incomplete, errors occurred!
See also "/home/vdr/ros2/build/slam_toolbox/CMakeFiles/CMakeOutput.log".
See also "/home/vdr/ros2/build/slam_toolbox/CMakeFiles/CMakeError.log".
