[0.017s] Invoking command in '/home/vdr/ros2/build/slam_toolbox': CMAKE_PREFIX_PATH=${CMAKE_PREFIX_PATH}:/opt/ros/dashing /usr/bin/cmake /home/vdr/ros2/src/slam_toolbox -DCMAKE_INSTALL_PREFIX=/home/vdr/ros2/install/slam_toolbox
[0.029s] -- Found ament_cmake: 0.7.5 (/opt/ros/dashing/share/ament_cmake/cmake)
[0.050s] -- Using PYTHON_EXECUTABLE: /usr/bin/python3
[0.207s] -- Found message_filters: 3.1.3 (/opt/ros/dashing/share/message_filters/cmake)
[0.208s] -- Found nav_msgs: 0.7.0 (/opt/ros/dashing/share/nav_msgs/cmake)
[0.222s] -- Found rosidl_adapter: 0.7.9 (/opt/ros/dashing/share/rosidl_adapter/cmake)
[0.255s] -- Found rclcpp: 0.7.14 (/opt/ros/dashing/share/rclcpp/cmake)
[0.262s] -- Found rmw_implementation_cmake: 0.7.2 (/opt/ros/dashing/share/rmw_implementation_cmake/cmake)
[0.263s] -- Using RMW implementation 'rmw_fastrtps_cpp' as default
[0.283s] -- Found sensor_msgs: 0.7.0 (/opt/ros/dashing/share/sensor_msgs/cmake)
[0.291s] -- Found tf2: 0.11.6 (/opt/ros/dashing/share/tf2/cmake)
[0.294s] -- Found tf2_ros: 0.11.6 (/opt/ros/dashing/share/tf2_ros/cmake)
[0.330s] -- Found visualization_msgs: 0.7.0 (/opt/ros/dashing/share/visualization_msgs/cmake)
[0.339s] -- Found pluginlib: 2.3.3 (/opt/ros/dashing/share/pluginlib/cmake)
[0.339s] -- Found tinyxml2_vendor:  (/opt/ros/dashing/share/tinyxml2_vendor/cmake)
[0.348s] -- Found poco_vendor:  (/opt/ros/dashing/share/poco_vendor/cmake)
[0.352s] -- Found tf2_geometry_msgs: 0.11.6 (/opt/ros/dashing/share/tf2_geometry_msgs/cmake)
[0.354s] -- Found eigen3_cmake_module: 0.1.1 (/opt/ros/dashing/share/eigen3_cmake_module/cmake)
[0.368s] -- Found tf2_sensor_msgs: 0.11.6 (/opt/ros/dashing/share/tf2_sensor_msgs/cmake)
[0.388s] -- Found std_srvs: 0.7.0 (/opt/ros/dashing/share/std_srvs/cmake)
[0.392s] -- Found rosidl_default_generators: 0.7.0 (/opt/ros/dashing/share/rosidl_default_generators/cmake)
[0.463s] -- Found nav2_map_server: 0.2.6 (/opt/ros/dashing/share/nav2_map_server/cmake)
[0.483s] -- Boost version: 1.65.1
[0.483s] -- Found the following Boost libraries:
[0.483s] --   system
[0.483s] --   serialization
[0.483s] --   filesystem
[0.483s] --   thread
[0.483s] --   chrono
[0.484s] --   date_time
[0.484s] --   atomic
[0.570s] -- A library with BLAS API found.
[0.575s] -- A library with LAPACK API found.
[0.576s] -- Found required Ceres dependency: Eigen version 3.3.4 in /usr/include/eigen3
[0.577s] -- Found required Ceres dependency: glog
[0.578s] -- Found required Ceres dependency: gflags
[0.579s] CMake Error at /usr/local/lib/cmake/Ceres/CeresConfig.cmake:85 (message):
[0.579s]   Failed to find Ceres - Missing requested Ceres components: [SuiteSparse]
[0.579s]   (components requested: [SuiteSparse]).  Detected Ceres version: 2.0.0
[0.579s]   installed in: /usr/local with components: [EigenSparse,
[0.579s]   SparseLinearAlgebraLibrary, LAPACK, SchurSpecializations, Multithreading].
[0.579s] Call Stack (most recent call first):
[0.579s]   /usr/local/lib/cmake/Ceres/CeresConfig.cmake:313 (ceres_report_not_found)
[0.579s]   CMakeLists.txt:73 (find_package)
[0.579s] 
[0.579s] 
[0.579s] CMake Error at CMakeLists.txt:73 (find_package):
[0.579s]   Found package configuration file:
[0.579s] 
[0.579s]     /usr/local/lib/cmake/Ceres/CeresConfig.cmake
[0.580s] 
[0.580s]   but it set Ceres_FOUND to FALSE so package "Ceres" is considered to be NOT
[0.580s]   FOUND.
[0.580s] 
[0.580s] 
[0.581s] -- Configuring incomplete, errors occurred!
[0.581s] See also "/home/vdr/ros2/build/slam_toolbox/CMakeFiles/CMakeOutput.log".
[0.581s] See also "/home/vdr/ros2/build/slam_toolbox/CMakeFiles/CMakeError.log".
[0.585s] Invoked command in '/home/vdr/ros2/build/slam_toolbox' returned '1': CMAKE_PREFIX_PATH=${CMAKE_PREFIX_PATH}:/opt/ros/dashing /usr/bin/cmake /home/vdr/ros2/src/slam_toolbox -DCMAKE_INSTALL_PREFIX=/home/vdr/ros2/install/slam_toolbox
