-- The C compiler identification is GNU 9.3.0
-- The CXX compiler identification is GNU 9.3.0
-- Check for working C compiler: /usr/bin/cc
-- Check for working C compiler: /usr/bin/cc -- works
-- Detecting C compiler ABI info
-- Detecting C compiler ABI info - done
-- Detecting C compile features
-- Detecting C compile features - done
-- Check for working CXX compiler: /usr/bin/c++
-- Check for working CXX compiler: /usr/bin/c++ -- works
-- Detecting CXX compiler ABI info
-- Detecting CXX compiler ABI info - done
-- Detecting CXX compile features
-- Detecting CXX compile features - done
-- Found ament_cmake: 0.9.6 (/home/frederik/ros2_foxy/install/ament_cmake/share/ament_cmake/cmake)
-- Found PythonInterp: /usr/bin/python3 (found suitable version "3.8.5", minimum required is "3") 
-- Using PYTHON_EXECUTABLE: /usr/bin/python3
-- Found ament_lint_auto: 0.9.5 (/home/frederik/ros2_foxy/install/ament_lint_auto/share/ament_lint_auto/cmake)
-- Added test 'copyright' to check source files copyright and LICENSE
-- Added test 'cppcheck' to perform static code analysis on C / C++ code
-- Configured cppcheck include dirs: $<BUILD_INTERFACE:/home/frederik/git/20gr560/ros_ws/src/manual_input_controller/include>
-- Configured cppcheck exclude dirs and/or files: 
-- Added test 'cpplint' to check C / C++ code against the Google style
-- Configured cpplint exclude dirs and/or files: 
-- Added test 'lint_cmake' to check CMake code style
-- Added test 'uncrustify' to check C / C++ code style
-- Configured uncrustify additional arguments: 
-- Added test 'xmllint' to check XML markup files
-- Configuring done
-- Generating done
-- Build files have been written to: /home/frederik/git/20gr560/ros_ws/src/build/manual_input_controller
[35m[1mScanning dependencies of target manual_input[0m
[ 50%] [32mBuilding CXX object CMakeFiles/manual_input.dir/src/manual_input.cpp.o[0m
[100%] [32m[1mLinking CXX executable manual_input[0m
[100%] Built target manual_input
-- Install configuration: ""
-- Installing: /home/frederik/git/20gr560/ros_ws/src/install/manual_input_controller/lib/manual_input_controller/manual_input
-- Installing: /home/frederik/git/20gr560/ros_ws/src/install/manual_input_controller/share/ament_index/resource_index/package_run_dependencies/manual_input_controller
-- Installing: /home/frederik/git/20gr560/ros_ws/src/install/manual_input_controller/share/ament_index/resource_index/parent_prefix_path/manual_input_controller
-- Installing: /home/frederik/git/20gr560/ros_ws/src/install/manual_input_controller/share/manual_input_controller/environment/ament_prefix_path.sh
-- Installing: /home/frederik/git/20gr560/ros_ws/src/install/manual_input_controller/share/manual_input_controller/environment/ament_prefix_path.dsv
-- Installing: /home/frederik/git/20gr560/ros_ws/src/install/manual_input_controller/share/manual_input_controller/environment/path.sh
-- Installing: /home/frederik/git/20gr560/ros_ws/src/install/manual_input_controller/share/manual_input_controller/environment/path.dsv
-- Installing: /home/frederik/git/20gr560/ros_ws/src/install/manual_input_controller/share/manual_input_controller/local_setup.bash
-- Installing: /home/frederik/git/20gr560/ros_ws/src/install/manual_input_controller/share/manual_input_controller/local_setup.sh
-- Installing: /home/frederik/git/20gr560/ros_ws/src/install/manual_input_controller/share/manual_input_controller/local_setup.zsh
-- Installing: /home/frederik/git/20gr560/ros_ws/src/install/manual_input_controller/share/manual_input_controller/local_setup.dsv
-- Installing: /home/frederik/git/20gr560/ros_ws/src/install/manual_input_controller/share/manual_input_controller/package.dsv
-- Installing: /home/frederik/git/20gr560/ros_ws/src/install/manual_input_controller/share/ament_index/resource_index/packages/manual_input_controller
-- Installing: /home/frederik/git/20gr560/ros_ws/src/install/manual_input_controller/share/manual_input_controller/cmake/manual_input_controllerConfig.cmake
-- Installing: /home/frederik/git/20gr560/ros_ws/src/install/manual_input_controller/share/manual_input_controller/cmake/manual_input_controllerConfig-version.cmake
-- Installing: /home/frederik/git/20gr560/ros_ws/src/install/manual_input_controller/share/manual_input_controller/package.xml
