[0.252s] Invoking command in '/home/vdr/ros2/build/slam_toolbox': CMAKE_PREFIX_PATH=${CMAKE_PREFIX_PATH}:/opt/ros/dashing /usr/bin/cmake /home/vdr/ros2/src/slam_toolbox -DCMAKE_INSTALL_PREFIX=/home/vdr/ros2/install/slam_toolbox
[0.653s] -- Found ament_cmake: 0.7.5 (/opt/ros/dashing/share/ament_cmake/cmake)
[0.780s] -- Using PYTHON_EXECUTABLE: /usr/bin/python3
[1.725s] -- Found message_filters: 3.1.3 (/opt/ros/dashing/share/message_filters/cmake)
[1.766s] -- Found nav_msgs: 0.7.0 (/opt/ros/dashing/share/nav_msgs/cmake)
[2.067s] -- Found rosidl_adapter: 0.7.9 (/opt/ros/dashing/share/rosidl_adapter/cmake)
[2.310s] -- Found rclcpp: 0.7.14 (/opt/ros/dashing/share/rclcpp/cmake)
[2.370s] -- Found rmw_implementation_cmake: 0.7.2 (/opt/ros/dashing/share/rmw_implementation_cmake/cmake)
[2.374s] -- Using RMW implementation 'rmw_fastrtps_cpp' as default
[2.659s] -- Found sensor_msgs: 0.7.0 (/opt/ros/dashing/share/sensor_msgs/cmake)
[2.686s] -- Found tf2: 0.11.6 (/opt/ros/dashing/share/tf2/cmake)
[2.775s] -- Found tf2_ros: 0.11.6 (/opt/ros/dashing/share/tf2_ros/cmake)
[2.927s] -- Found visualization_msgs: 0.7.0 (/opt/ros/dashing/share/visualization_msgs/cmake)
[2.957s] -- Found pluginlib: 2.3.3 (/opt/ros/dashing/share/pluginlib/cmake)
[2.970s] -- Found tinyxml2_vendor:  (/opt/ros/dashing/share/tinyxml2_vendor/cmake)
[3.184s] -- Found poco_vendor:  (/opt/ros/dashing/share/poco_vendor/cmake)
[3.347s] -- Found tf2_geometry_msgs: 0.11.6 (/opt/ros/dashing/share/tf2_geometry_msgs/cmake)
[3.369s] -- Found eigen3_cmake_module: 0.1.1 (/opt/ros/dashing/share/eigen3_cmake_module/cmake)
[3.497s] -- Found tf2_sensor_msgs: 0.11.6 (/opt/ros/dashing/share/tf2_sensor_msgs/cmake)
[3.627s] -- Found std_srvs: 0.7.0 (/opt/ros/dashing/share/std_srvs/cmake)
[3.665s] -- Found rosidl_default_generators: 0.7.0 (/opt/ros/dashing/share/rosidl_default_generators/cmake)
[4.122s] -- Found nav2_map_server: 0.2.6 (/opt/ros/dashing/share/nav2_map_server/cmake)
[4.455s] -- Boost version: 1.65.1
[4.455s] -- Found the following Boost libraries:
[4.456s] --   system
[4.456s] --   serialization
[4.456s] --   filesystem
[4.456s] --   thread
[4.457s] --   chrono
[4.457s] --   date_time
[4.457s] --   atomic
[4.938s] -- Found CSPARSE: /usr/include/suitesparse  
[4.992s] -- Found CHOLMOD: /usr/include/suitesparse  
[5.060s] -- A library with BLAS API found.
[5.071s] -- A library with LAPACK API found.
[5.126s] -- Found required Ceres dependency: Eigen version 3.3.4 in /usr/include/eigen3
[5.164s] -- Found required Ceres dependency: glog
[5.189s] -- Found required Ceres dependency: gflags
[5.241s] CMake Error at /usr/local/lib/cmake/Ceres/CeresConfig.cmake:85 (message):
[5.241s]   Failed to find Ceres - Missing requested Ceres components: [SuiteSparse]
[5.241s]   (components requested: [SuiteSparse]).  Detected Ceres version: 2.0.0
[5.242s]   installed in: /usr/local with components: [EigenSparse,
[5.242s]   SparseLinearAlgebraLibrary, LAPACK, SchurSpecializations, Multithreading].
[5.242s] Call Stack (most recent call first):
[5.242s]   /usr/local/lib/cmake/Ceres/CeresConfig.cmake:313 (ceres_report_not_found)
[5.243s]   CMakeLists.txt:73 (find_package)
[5.243s] 
[5.243s] 
[5.244s] CMake Error at CMakeLists.txt:73 (find_package):
[5.244s]   Found package configuration file:
[5.244s] 
[5.245s]     /usr/local/lib/cmake/Ceres/CeresConfig.cmake
[5.245s] 
[5.245s]   but it set Ceres_FOUND to FALSE so package "Ceres" is considered to be NOT
[5.246s]   FOUND.
[5.246s] 
[5.246s] 
[5.248s] -- Configuring incomplete, errors occurred!
[5.248s] See also "/home/vdr/ros2/build/slam_toolbox/CMakeFiles/CMakeOutput.log".
[5.249s] See also "/home/vdr/ros2/build/slam_toolbox/CMakeFiles/CMakeError.log".
[5.262s] Invoked command in '/home/vdr/ros2/build/slam_toolbox' returned '1': CMAKE_PREFIX_PATH=${CMAKE_PREFIX_PATH}:/opt/ros/dashing /usr/bin/cmake /home/vdr/ros2/src/slam_toolbox -DCMAKE_INSTALL_PREFIX=/home/vdr/ros2/install/slam_toolbox
