[0.399s] DEBUG:colcon:Command line arguments: ['/usr/bin/colcon', 'build', '--packages-select', 'tpod_driver']
[0.399s] DEBUG:colcon:Parsed command line arguments: Namespace(ament_cmake_args=None, base_paths=['.'], build_base='build', catkin_cmake_args=None, catkin_skip_building_tests=False, cmake_args=None, cmake_clean_cache=False, cmake_clean_first=False, cmake_force_configure=False, cmake_target=None, cmake_target_skip_unavailable=False, continue_on_error=False, event_handlers=None, executor='parallel', ignore_user_meta=False, install_base='install', log_base=None, log_level=None, main=<bound method BuildVerb.main of <colcon_core.verb.build.BuildVerb object at 0x7ff380b09520>>, merge_install=False, metas=['./colcon.meta'], packages_above=None, packages_above_and_dependencies=None, packages_above_depth=None, packages_end=None, packages_ignore=None, packages_ignore_regex=None, packages_select=['tpod_driver'], packages_select_build_failed=False, packages_select_by_dep=None, packages_select_regex=None, packages_select_test_failures=False, packages_skip=None, packages_skip_build_finished=False, packages_skip_by_dep=None, packages_skip_regex=None, packages_skip_test_passed=False, packages_skip_up_to=None, packages_start=None, packages_up_to=None, packages_up_to_regex=None, parallel_workers=4, paths=None, symlink_install=False, test_result_base=None, verb_extension=<colcon_core.verb.build.BuildVerb object at 0x7ff380b09520>, verb_name='build', verb_parser=<colcon_defaults.argument_parser.defaults.DefaultArgumentsDecorator object at 0x7ff380b09a60>)
[0.413s] Level 1:colcon.colcon_core.package_discovery:discover_packages(colcon_meta) check parameters
[0.413s] Level 1:colcon.colcon_core.package_discovery:discover_packages(recursive) check parameters
[0.413s] Level 1:colcon.colcon_core.package_discovery:discover_packages(ignore) check parameters
[0.413s] Level 1:colcon.colcon_core.package_discovery:discover_packages(path) check parameters
[0.413s] Level 1:colcon.colcon_core.package_discovery:discover_packages(colcon_meta) discover
[0.413s] Level 1:colcon.colcon_core.package_discovery:discover_packages(recursive) discover
[0.413s] INFO:colcon.colcon_core.package_discovery:Crawling recursively for packages in '/home/frederik/git/20gr560/ros_ws/src'
[0.413s] Level 1:colcon.colcon_core.package_identification:_identify(.) by extensions ['ignore', 'ignore_ament_install']
[0.413s] Level 1:colcon.colcon_core.package_identification:_identify(.) by extension 'ignore'
[0.414s] Level 1:colcon.colcon_core.package_identification:_identify(.) by extension 'ignore_ament_install'
[0.414s] Level 1:colcon.colcon_core.package_identification:_identify(.) by extensions ['colcon_pkg']
[0.414s] Level 1:colcon.colcon_core.package_identification:_identify(.) by extension 'colcon_pkg'
[0.414s] Level 1:colcon.colcon_core.package_identification:_identify(.) by extensions ['colcon_meta']
[0.414s] Level 1:colcon.colcon_core.package_identification:_identify(.) by extension 'colcon_meta'
[0.414s] Level 1:colcon.colcon_core.package_identification:_identify(.) by extensions ['ros']
[0.414s] Level 1:colcon.colcon_core.package_identification:_identify(.) by extension 'ros'
[0.429s] Level 1:colcon.colcon_core.package_identification:_identify(.) by extensions ['cmake', 'python']
[0.430s] Level 1:colcon.colcon_core.package_identification:_identify(.) by extension 'cmake'
[0.430s] Level 1:colcon.colcon_core.package_identification:_identify(.) by extension 'python'
[0.430s] Level 1:colcon.colcon_core.package_identification:_identify(.) by extensions ['python_setup_py']
[0.430s] Level 1:colcon.colcon_core.package_identification:_identify(.) by extension 'python_setup_py'
[0.430s] Level 1:colcon.colcon_core.package_identification:_identify(build) by extensions ['ignore', 'ignore_ament_install']
[0.430s] Level 1:colcon.colcon_core.package_identification:_identify(build) by extension 'ignore'
[0.430s] Level 1:colcon.colcon_core.package_identification:_identify(build) ignored
[0.430s] Level 1:colcon.colcon_core.package_identification:_identify(install) by extensions ['ignore', 'ignore_ament_install']
[0.430s] Level 1:colcon.colcon_core.package_identification:_identify(install) by extension 'ignore'
[0.431s] Level 1:colcon.colcon_core.package_identification:_identify(install) ignored
[0.431s] Level 1:colcon.colcon_core.package_identification:_identify(log) by extensions ['ignore', 'ignore_ament_install']
[0.431s] Level 1:colcon.colcon_core.package_identification:_identify(log) by extension 'ignore'
[0.431s] Level 1:colcon.colcon_core.package_identification:_identify(log) ignored
[0.431s] Level 1:colcon.colcon_core.package_identification:_identify(manual_input_controller) by extensions ['ignore', 'ignore_ament_install']
[0.431s] Level 1:colcon.colcon_core.package_identification:_identify(manual_input_controller) by extension 'ignore'
[0.431s] Level 1:colcon.colcon_core.package_identification:_identify(manual_input_controller) by extension 'ignore_ament_install'
[0.431s] Level 1:colcon.colcon_core.package_identification:_identify(manual_input_controller) by extensions ['colcon_pkg']
[0.431s] Level 1:colcon.colcon_core.package_identification:_identify(manual_input_controller) by extension 'colcon_pkg'
[0.431s] Level 1:colcon.colcon_core.package_identification:_identify(manual_input_controller) by extensions ['colcon_meta']
[0.431s] Level 1:colcon.colcon_core.package_identification:_identify(manual_input_controller) by extension 'colcon_meta'
[0.431s] Level 1:colcon.colcon_core.package_identification:_identify(manual_input_controller) by extensions ['ros']
[0.431s] Level 1:colcon.colcon_core.package_identification:_identify(manual_input_controller) by extension 'ros'
[0.434s] DEBUG:colcon.colcon_core.package_identification:Package 'manual_input_controller' with type 'ros.ament_cmake' and name 'manual_input_controller'
[0.434s] Level 1:colcon.colcon_core.package_identification:_identify(tpod_driver) by extensions ['ignore', 'ignore_ament_install']
[0.434s] Level 1:colcon.colcon_core.package_identification:_identify(tpod_driver) by extension 'ignore'
[0.434s] Level 1:colcon.colcon_core.package_identification:_identify(tpod_driver) by extension 'ignore_ament_install'
[0.434s] Level 1:colcon.colcon_core.package_identification:_identify(tpod_driver) by extensions ['colcon_pkg']
[0.434s] Level 1:colcon.colcon_core.package_identification:_identify(tpod_driver) by extension 'colcon_pkg'
[0.434s] Level 1:colcon.colcon_core.package_identification:_identify(tpod_driver) by extensions ['colcon_meta']
[0.434s] Level 1:colcon.colcon_core.package_identification:_identify(tpod_driver) by extension 'colcon_meta'
[0.435s] Level 1:colcon.colcon_core.package_identification:_identify(tpod_driver) by extensions ['ros']
[0.435s] Level 1:colcon.colcon_core.package_identification:_identify(tpod_driver) by extension 'ros'
[0.435s] DEBUG:colcon.colcon_core.package_identification:Package 'tpod_driver' with type 'ros.catkin' and name 'tpod_driver'
[0.435s] Level 1:colcon.colcon_core.package_discovery:discover_packages(recursive) using defaults
[0.435s] Level 1:colcon.colcon_core.package_discovery:discover_packages(ignore) discover
[0.435s] Level 1:colcon.colcon_core.package_discovery:discover_packages(ignore) using defaults
[0.435s] Level 1:colcon.colcon_core.package_discovery:discover_packages(path) discover
[0.435s] Level 1:colcon.colcon_core.package_discovery:discover_packages(path) using defaults
[0.477s] INFO:colcon.colcon_core.package_selection:Skipping not selected package 'manual_input_controller' in 'manual_input_controller'
[0.484s] Level 5:colcon.colcon_core.verb:set package 'tpod_driver' build argument 'cmake_args' from command line to 'None'
[0.484s] Level 5:colcon.colcon_core.verb:set package 'tpod_driver' build argument 'cmake_target' from command line to 'None'
[0.484s] Level 5:colcon.colcon_core.verb:set package 'tpod_driver' build argument 'cmake_target_skip_unavailable' from command line to 'False'
[0.484s] Level 5:colcon.colcon_core.verb:set package 'tpod_driver' build argument 'cmake_clean_cache' from command line to 'False'
[0.484s] Level 5:colcon.colcon_core.verb:set package 'tpod_driver' build argument 'cmake_clean_first' from command line to 'False'
[0.484s] Level 5:colcon.colcon_core.verb:set package 'tpod_driver' build argument 'cmake_force_configure' from command line to 'False'
[0.484s] Level 5:colcon.colcon_core.verb:set package 'tpod_driver' build argument 'ament_cmake_args' from command line to 'None'
[0.484s] Level 5:colcon.colcon_core.verb:set package 'tpod_driver' build argument 'catkin_cmake_args' from command line to 'None'
[0.484s] Level 5:colcon.colcon_core.verb:set package 'tpod_driver' build argument 'catkin_skip_building_tests' from command line to 'False'
[0.484s] DEBUG:colcon.colcon_core.verb:Building package 'tpod_driver' with the following arguments: {'ament_cmake_args': None, 'build_base': '/home/frederik/git/20gr560/ros_ws/src/build/tpod_driver', 'catkin_cmake_args': None, 'catkin_skip_building_tests': False, 'cmake_args': None, 'cmake_clean_cache': False, 'cmake_clean_first': False, 'cmake_force_configure': False, 'cmake_target': None, 'cmake_target_skip_unavailable': False, 'install_base': '/home/frederik/git/20gr560/ros_ws/src/install/tpod_driver', 'merge_install': False, 'path': '/home/frederik/git/20gr560/ros_ws/src/tpod_driver', 'symlink_install': False, 'test_result_base': None}
[0.485s] INFO:colcon.colcon_core.executor:Executing jobs using 'parallel' executor
[0.488s] DEBUG:colcon.colcon_parallel_executor.executor.parallel:run_until_complete
[0.488s] INFO:colcon.colcon_ros.task.catkin.build:Building ROS package in '/home/frederik/git/20gr560/ros_ws/src/tpod_driver' with build type 'catkin'
[0.489s] INFO:colcon.colcon_cmake.task.cmake.build:Building CMake package in '/home/frederik/git/20gr560/ros_ws/src/tpod_driver'
[0.497s] INFO:colcon.colcon_core.plugin_system:Skipping extension 'colcon_core.shell.bat': Not used on non-Windows systems
[0.498s] INFO:colcon.colcon_core.shell:Skip shell extension 'powershell' for command environment: Not usable outside of PowerShell
[0.498s] DEBUG:colcon.colcon_core.shell:Skip shell extension 'dsv' for command environment
[0.534s] DEBUG:colcon.colcon_core.shell:Ignoring prefix path '/opt/ros/noetic'
[0.549s] DEBUG:colcon.colcon_core.event_handler.log_command:Invoking command in '/home/frederik/git/20gr560/ros_ws/src/build/tpod_driver': /usr/bin/cmake /home/frederik/git/20gr560/ros_ws/src/tpod_driver -DCATKIN_INSTALL_INTO_PREFIX_ROOT=0 -DCMAKE_INSTALL_PREFIX=/home/frederik/git/20gr560/ros_ws/src/install/tpod_driver
[10.250s] DEBUG:colcon.colcon_core.event_handler.log_command:Invoked command in '/home/frederik/git/20gr560/ros_ws/src/build/tpod_driver' returned '0': /usr/bin/cmake /home/frederik/git/20gr560/ros_ws/src/tpod_driver -DCATKIN_INSTALL_INTO_PREFIX_ROOT=0 -DCMAKE_INSTALL_PREFIX=/home/frederik/git/20gr560/ros_ws/src/install/tpod_driver
[10.253s] DEBUG:colcon.colcon_core.event_handler.log_command:Invoking command in '/home/frederik/git/20gr560/ros_ws/src/build/tpod_driver': /usr/bin/cmake --build /home/frederik/git/20gr560/ros_ws/src/build/tpod_driver -- -j4 -l4
[16.330s] DEBUG:colcon.colcon_core.event_handler.log_command:Invoked command in '/home/frederik/git/20gr560/ros_ws/src/build/tpod_driver' returned '0': /usr/bin/cmake --build /home/frederik/git/20gr560/ros_ws/src/build/tpod_driver -- -j4 -l4
[16.510s] DEBUG:colcon.colcon_core.event_handler.log_command:Invoking command in '/home/frederik/git/20gr560/ros_ws/src/build/tpod_driver': /usr/bin/cmake --build /home/frederik/git/20gr560/ros_ws/src/build/tpod_driver --target tests -- -j4 -l4
[16.728s] DEBUG:colcon.colcon_core.event_handler.log_command:Invoked command in '/home/frederik/git/20gr560/ros_ws/src/build/tpod_driver' returned '0': /usr/bin/cmake --build /home/frederik/git/20gr560/ros_ws/src/build/tpod_driver --target tests -- -j4 -l4
[16.953s] DEBUG:colcon.colcon_core.event_handler.log_command:Invoking command in '/home/frederik/git/20gr560/ros_ws/src/build/tpod_driver': /usr/bin/cmake --install /home/frederik/git/20gr560/ros_ws/src/build/tpod_driver
[16.977s] DEBUG:colcon.colcon_core.event_handler.log_command:Invoked command in '/home/frederik/git/20gr560/ros_ws/src/build/tpod_driver' returned '0': /usr/bin/cmake --install /home/frederik/git/20gr560/ros_ws/src/build/tpod_driver
[17.154s] Level 1:colcon.colcon_core.shell:create_environment_hook('tpod_driver', 'ros_package_path')
[17.156s] INFO:colcon.colcon_core.shell:Creating environment hook '/home/frederik/git/20gr560/ros_ws/src/install/tpod_driver/share/tpod_driver/hook/ros_package_path.ps1'
[17.157s] INFO:colcon.colcon_core.shell:Creating environment descriptor '/home/frederik/git/20gr560/ros_ws/src/install/tpod_driver/share/tpod_driver/hook/ros_package_path.dsv'
[17.158s] INFO:colcon.colcon_core.shell:Creating environment hook '/home/frederik/git/20gr560/ros_ws/src/install/tpod_driver/share/tpod_driver/hook/ros_package_path.sh'
[17.159s] Level 1:colcon.colcon_ros.task.catkin:checking '/home/frederik/git/20gr560/ros_ws/src/install/tpod_driver/lib/python3/dist-packages'
[17.160s] Level 1:colcon.colcon_core.shell:create_environment_hook('tpod_driver', 'pkg_config_path')
[17.161s] INFO:colcon.colcon_core.shell:Creating environment hook '/home/frederik/git/20gr560/ros_ws/src/install/tpod_driver/share/tpod_driver/hook/pkg_config_path.ps1'
[17.162s] INFO:colcon.colcon_core.shell:Creating environment descriptor '/home/frederik/git/20gr560/ros_ws/src/install/tpod_driver/share/tpod_driver/hook/pkg_config_path.dsv'
[17.162s] INFO:colcon.colcon_core.shell:Creating environment hook '/home/frederik/git/20gr560/ros_ws/src/install/tpod_driver/share/tpod_driver/hook/pkg_config_path.sh'
[17.172s] Level 1:colcon.colcon_core.shell:create_environment_hook('tpod_driver', 'pkg_config_path_multiarch')
[17.175s] INFO:colcon.colcon_core.shell:Creating environment hook '/home/frederik/git/20gr560/ros_ws/src/install/tpod_driver/share/tpod_driver/hook/pkg_config_path_multiarch.ps1'
[17.177s] INFO:colcon.colcon_core.shell:Creating environment descriptor '/home/frederik/git/20gr560/ros_ws/src/install/tpod_driver/share/tpod_driver/hook/pkg_config_path_multiarch.dsv'
[17.177s] INFO:colcon.colcon_core.shell:Creating environment hook '/home/frederik/git/20gr560/ros_ws/src/install/tpod_driver/share/tpod_driver/hook/pkg_config_path_multiarch.sh'
[17.180s] Level 1:colcon.colcon_core.environment:create_environment_scripts_only(tpod_driver)
[17.190s] Level 1:colcon.colcon_core.environment:checking '/home/frederik/git/20gr560/ros_ws/src/install/tpod_driver' for CMake module files
[17.191s] Level 1:colcon.colcon_core.environment:checking '/home/frederik/git/20gr560/ros_ws/src/install/tpod_driver' for CMake config files
[17.191s] Level 1:colcon.colcon_core.shell:create_environment_hook('tpod_driver', 'cmake_prefix_path')
[17.192s] INFO:colcon.colcon_core.shell:Creating environment hook '/home/frederik/git/20gr560/ros_ws/src/install/tpod_driver/share/tpod_driver/hook/cmake_prefix_path.ps1'
[17.192s] INFO:colcon.colcon_core.shell:Creating environment descriptor '/home/frederik/git/20gr560/ros_ws/src/install/tpod_driver/share/tpod_driver/hook/cmake_prefix_path.dsv'
[17.192s] INFO:colcon.colcon_core.shell:Creating environment hook '/home/frederik/git/20gr560/ros_ws/src/install/tpod_driver/share/tpod_driver/hook/cmake_prefix_path.sh'
[17.193s] Level 1:colcon.colcon_core.environment:checking '/home/frederik/git/20gr560/ros_ws/src/install/tpod_driver/lib'
[17.193s] Level 1:colcon.colcon_core.environment:checking '/home/frederik/git/20gr560/ros_ws/src/install/tpod_driver/bin'
[17.193s] Level 1:colcon.colcon_core.environment:checking '/home/frederik/git/20gr560/ros_ws/src/install/tpod_driver/lib/pkgconfig/tpod_driver.pc'
[17.193s] Level 1:colcon.colcon_core.shell:create_environment_hook('tpod_driver', 'pkg_config')
[17.194s] INFO:colcon.colcon_core.shell:Creating environment hook '/home/frederik/git/20gr560/ros_ws/src/install/tpod_driver/share/tpod_driver/hook/pkg_config.ps1'
[17.195s] INFO:colcon.colcon_core.shell:Creating environment descriptor '/home/frederik/git/20gr560/ros_ws/src/install/tpod_driver/share/tpod_driver/hook/pkg_config.dsv'
[17.195s] INFO:colcon.colcon_core.shell:Creating environment hook '/home/frederik/git/20gr560/ros_ws/src/install/tpod_driver/share/tpod_driver/hook/pkg_config.sh'
[17.195s] Level 1:colcon.colcon_core.environment:checking '/home/frederik/git/20gr560/ros_ws/src/install/tpod_driver/lib/python3.8/site-packages'
[17.196s] INFO:colcon.colcon_core.shell:Creating package script '/home/frederik/git/20gr560/ros_ws/src/install/tpod_driver/share/tpod_driver/package.ps1'
[17.197s] INFO:colcon.colcon_core.shell:Creating package descriptor '/home/frederik/git/20gr560/ros_ws/src/install/tpod_driver/share/tpod_driver/package.dsv'
[17.198s] INFO:colcon.colcon_core.shell:Creating package script '/home/frederik/git/20gr560/ros_ws/src/install/tpod_driver/share/tpod_driver/package.sh'
[17.199s] INFO:colcon.colcon_core.shell:Creating package script '/home/frederik/git/20gr560/ros_ws/src/install/tpod_driver/share/tpod_driver/package.bash'
[17.200s] INFO:colcon.colcon_core.shell:Creating package script '/home/frederik/git/20gr560/ros_ws/src/install/tpod_driver/share/tpod_driver/package.zsh'
[17.200s] Level 1:colcon.colcon_core.environment:create_file_with_runtime_dependencies(/home/frederik/git/20gr560/ros_ws/src/install/tpod_driver/share/colcon-core/packages/tpod_driver)
[17.201s] DEBUG:colcon.colcon_parallel_executor.executor.parallel:closing loop
[17.202s] DEBUG:colcon.colcon_parallel_executor.executor.parallel:loop closed
[17.202s] DEBUG:colcon.colcon_parallel_executor.executor.parallel:run_until_complete finished with '0'
[17.202s] DEBUG:colcon.colcon_core.event_reactor:joining thread
[17.224s] INFO:colcon.colcon_core.plugin_system:Skipping extension 'colcon_notification.desktop_notification.terminal_notifier': Not used on non-Darwin systems
[17.224s] INFO:colcon.colcon_core.plugin_system:Skipping extension 'colcon_notification.desktop_notification.win32': Not used on non-Windows systems
[17.224s] INFO:colcon.colcon_notification.desktop_notification:Sending desktop notification using 'notify2'
[17.246s] DEBUG:colcon.colcon_core.event_reactor:joined thread
[17.248s] INFO:colcon.colcon_core.shell:Creating prefix script '/home/frederik/git/20gr560/ros_ws/src/install/local_setup.ps1'
[17.249s] INFO:colcon.colcon_core.shell:Creating prefix util module '/home/frederik/git/20gr560/ros_ws/src/install/_local_setup_util_ps1.py'
[17.252s] INFO:colcon.colcon_core.shell:Creating prefix chain script '/home/frederik/git/20gr560/ros_ws/src/install/setup.ps1'
[17.278s] INFO:colcon.colcon_core.shell:Creating prefix script '/home/frederik/git/20gr560/ros_ws/src/install/local_setup.sh'
[17.279s] INFO:colcon.colcon_core.shell:Creating prefix util module '/home/frederik/git/20gr560/ros_ws/src/install/_local_setup_util_sh.py'
[17.280s] INFO:colcon.colcon_core.shell:Creating prefix chain script '/home/frederik/git/20gr560/ros_ws/src/install/setup.sh'
[17.300s] INFO:colcon.colcon_core.shell:Creating prefix script '/home/frederik/git/20gr560/ros_ws/src/install/local_setup.bash'
[17.301s] INFO:colcon.colcon_core.shell:Creating prefix chain script '/home/frederik/git/20gr560/ros_ws/src/install/setup.bash'
[17.321s] INFO:colcon.colcon_core.shell:Creating prefix script '/home/frederik/git/20gr560/ros_ws/src/install/local_setup.zsh'
[17.322s] INFO:colcon.colcon_core.shell:Creating prefix chain script '/home/frederik/git/20gr560/ros_ws/src/install/setup.zsh'
