[01m[K/home/vdr/ros2/src/subpub/src/scanner.cpp:[m[K In member function ‘[01m[Kvoid Poggers::topic_callback(sensor_msgs::msg::LaserScan_<std::allocator<void> >::SharedPtr) const[m[K’:
[01m[K/home/vdr/ros2/src/subpub/src/scanner.cpp:28:22:[m[K [01;35m[Kwarning: [m[Kcomparison between signed and unsigned integer expressions [[01;35m[K-Wsign-compare[m[K]
         for(int i=0;[01;35m[Ki<scan->ranges.size()[m[K;i++){
                     [01;35m[K~^~~~~~~~~~~~~~~~~~~~[m[K
In file included from [01m[K/opt/ros/dashing/include/rclcpp/service.hpp:33:0[m[K,
                 from [01m[K/opt/ros/dashing/include/rclcpp/callback_group.hpp:25[m[K,
                 from [01m[K/opt/ros/dashing/include/rclcpp/any_executable.hpp:20[m[K,
                 from [01m[K/opt/ros/dashing/include/rclcpp/memory_strategy.hpp:24[m[K,
                 from [01m[K/opt/ros/dashing/include/rclcpp/memory_strategies.hpp:18[m[K,
                 from [01m[K/opt/ros/dashing/include/rclcpp/executor.hpp:33[m[K,
                 from [01m[K/opt/ros/dashing/include/rclcpp/executors/multi_threaded_executor.hpp:24[m[K,
                 from [01m[K/opt/ros/dashing/include/rclcpp/executors.hpp:21[m[K,
                 from [01m[K/opt/ros/dashing/include/rclcpp/rclcpp.hpp:144[m[K,
                 from [01m[K/home/vdr/ros2/src/subpub/src/scanner.cpp:5[m[K:
[01m[K/opt/ros/dashing/include/rclcpp/logging.hpp:213:3:[m[K [01;31m[Kerror: [m[Kexpected ‘[01m[K;[m[K’ before ‘[01m[Kdo[m[K’
   [01;31m[Kd[m[Ko { \
   [01;31m[K^[m[K
[01m[K/home/vdr/ros2/src/subpub/src/scanner.cpp:32:17:[m[K [01;36m[Knote: [m[Kin expansion of macro ‘[01m[KRCLCPP_INFO[m[K’
                 [01;36m[KRCLCPP_INFO[m[K(this->get_logger(), "kill me: [%d)", message.ranges[i]);
                 [01;36m[K^~~~~~~~~~~[m[K
make[2]: *** [CMakeFiles/scanner.dir/src/scanner.cpp.o] Error 1
make[1]: *** [CMakeFiles/scanner.dir/all] Error 2
make: *** [all] Error 2
