[0.010s] Invoking command in '/home/vdr/ros2/build/subpub': CMAKE_PREFIX_PATH=/opt/ros/dashing /usr/bin/cmake --build /home/vdr/ros2/build/subpub -- -j8 -l8
[0.052s] [35m[1mScanning dependencies of target scanner[0m
[0.060s] [ 33%] Built target talker
[0.064s] [ 66%] Built target listener
[0.070s] [ 83%] [32mBuilding CXX object CMakeFiles/scanner.dir/src/scanner.cpp.o[0m
[2.049s] [100%] [32m[1mLinking CXX executable scanner[0m
[2.334s] [100%] Built target scanner
[2.343s] Invoked command in '/home/vdr/ros2/build/subpub' returned '0': CMAKE_PREFIX_PATH=/opt/ros/dashing /usr/bin/cmake --build /home/vdr/ros2/build/subpub -- -j8 -l8
[2.376s] Invoking command in '/home/vdr/ros2/build/subpub': CMAKE_PREFIX_PATH=/opt/ros/dashing /usr/bin/cmake --build /home/vdr/ros2/build/subpub --target install -- -j8 -l8
[2.426s] [ 33%] Built target talker
[2.428s] [100%] Built target scanner
[2.428s] [100%] Built target listener
[2.445s] [36mInstall the project...[0m
[2.453s] -- Install configuration: ""
[2.453s] -- Up-to-date: /home/vdr/ros2/install/subpub/lib/subpub/talker
[2.453s] -- Up-to-date: /home/vdr/ros2/install/subpub/lib/subpub/listener
[2.453s] -- Up-to-date: /home/vdr/ros2/install/subpub/share/ament_index/resource_index/package_run_dependencies/subpub
[2.453s] -- Up-to-date: /home/vdr/ros2/install/subpub/share/ament_index/resource_index/parent_prefix_path/subpub
[2.453s] -- Up-to-date: /home/vdr/ros2/install/subpub/share/subpub/environment/ament_prefix_path.sh
[2.453s] -- Up-to-date: /home/vdr/ros2/install/subpub/share/subpub/environment/path.sh
[2.454s] -- Up-to-date: /home/vdr/ros2/install/subpub/share/subpub/local_setup.bash
[2.454s] -- Up-to-date: /home/vdr/ros2/install/subpub/share/subpub/local_setup.sh
[2.454s] -- Up-to-date: /home/vdr/ros2/install/subpub/share/subpub/local_setup.zsh
[2.454s] -- Up-to-date: /home/vdr/ros2/install/subpub/share/ament_index/resource_index/packages/subpub
[2.454s] -- Up-to-date: /home/vdr/ros2/install/subpub/share/subpub/cmake/subpubConfig.cmake
[2.454s] -- Up-to-date: /home/vdr/ros2/install/subpub/share/subpub/cmake/subpubConfig-version.cmake
[2.454s] -- Up-to-date: /home/vdr/ros2/install/subpub/share/subpub/package.xml
[2.456s] Invoked command in '/home/vdr/ros2/build/subpub' returned '0': CMAKE_PREFIX_PATH=/opt/ros/dashing /usr/bin/cmake --build /home/vdr/ros2/build/subpub --target install -- -j8 -l8
