-- The C compiler identification is GNU 9.3.0
-- The CXX compiler identification is GNU 9.3.0
-- Check for working C compiler: /usr/bin/cc
-- Check for working C compiler: /usr/bin/cc -- works
-- Detecting C compiler ABI info
-- Detecting C compiler ABI info - done
-- Detecting C compile features
-- Detecting C compile features - done
-- Check for working CXX compiler: /usr/bin/c++
-- Check for working CXX compiler: /usr/bin/c++ -- works
-- Detecting CXX compiler ABI info
-- Detecting CXX compiler ABI info - done
-- Detecting CXX compile features
-- Detecting CXX compile features - done
-- Using CATKIN_DEVEL_PREFIX: /home/frederik/git/20gr560/ros_ws/build/tpod_driver/devel
-- Using CMAKE_PREFIX_PATH: /opt/ros/noetic
-- This workspace overlays: /opt/ros/noetic
-- Found PythonInterp: /usr/bin/python3 (found suitable version "3.8.5", minimum required is "3") 
-- Using PYTHON_EXECUTABLE: /usr/bin/python3
-- Using Debian Python package layout
-- Found PY_em: /usr/lib/python3/dist-packages/em.py  
-- Using empy: /usr/lib/python3/dist-packages/em.py
-- Using CATKIN_ENABLE_TESTING: ON
-- Call enable_testing()
-- Using CATKIN_TEST_RESULTS_DIR: /home/frederik/git/20gr560/ros_ws/build/tpod_driver/test_results
-- Forcing gtest/gmock from source, though one was otherwise available.
-- Found gtest sources under '/usr/src/googletest': gtests will be built
-- Found gmock sources under '/usr/src/googletest': gmock will be built
-- Found PythonInterp: /usr/bin/python3 (found version "3.8.5") 
-- Found Threads: TRUE  
-- Using Python nosetests: /usr/bin/nosetests3
-- catkin 0.8.8
-- BUILD_SHARED_LIBS is on
-- Configuring done
-- Generating done
-- Build files have been written to: /home/frederik/git/20gr560/ros_ws/build/tpod_driver
[35m[1mScanning dependencies of target tpod_driver_node[0m
[ 50%] [32mBuilding CXX object CMakeFiles/tpod_driver_node.dir/src/tpod_driver.cpp.o[0m
[100%] [32m[1mLinking CXX executable devel/lib/tpod_driver/tpod_driver_node[0m
[100%] Built target tpod_driver_node
[35m[1mScanning dependencies of target tests[0m
Built target tests
-- Install configuration: ""
-- Installing: /home/frederik/git/20gr560/ros_ws/install/tpod_driver/lib/pkgconfig/tpod_driver.pc
-- Installing: /home/frederik/git/20gr560/ros_ws/install/tpod_driver/share/tpod_driver/cmake/tpod_driverConfig.cmake
-- Installing: /home/frederik/git/20gr560/ros_ws/install/tpod_driver/share/tpod_driver/cmake/tpod_driverConfig-version.cmake
-- Installing: /home/frederik/git/20gr560/ros_ws/install/tpod_driver/share/tpod_driver/package.xml
