[0.037s] Invoking command in '/home/frederik/git/20gr560/ros_ws/build/tpod_driver': /usr/bin/cmake /home/frederik/git/20gr560/ros_ws/src/tpod_driver -DCATKIN_INSTALL_INTO_PREFIX_ROOT=0 -DCMAKE_INSTALL_PREFIX=/home/frederik/git/20gr560/ros_ws/install/tpod_driver
[0.131s] -- The C compiler identification is GNU 9.3.0
[0.217s] -- The CXX compiler identification is GNU 9.3.0
[0.226s] -- Check for working C compiler: /usr/bin/cc
[0.316s] -- Check for working C compiler: /usr/bin/cc -- works
[0.318s] -- Detecting C compiler ABI info
[0.418s] -- Detecting C compiler ABI info - done
[0.449s] -- Detecting C compile features
[0.450s] -- Detecting C compile features - done
[0.457s] -- Check for working CXX compiler: /usr/bin/c++
[0.566s] -- Check for working CXX compiler: /usr/bin/c++ -- works
[0.567s] -- Detecting CXX compiler ABI info
[0.691s] -- Detecting CXX compiler ABI info - done
[0.729s] -- Detecting CXX compile features
[0.731s] -- Detecting CXX compile features - done
[0.734s] -- Using CATKIN_DEVEL_PREFIX: /home/frederik/git/20gr560/ros_ws/build/tpod_driver/devel
[0.735s] -- Using CMAKE_PREFIX_PATH: /opt/ros/noetic
[0.735s] -- This workspace overlays: /opt/ros/noetic
[0.769s] -- Found PythonInterp: /usr/bin/python3 (found suitable version "3.8.5", minimum required is "3") 
[0.769s] -- Using PYTHON_EXECUTABLE: /usr/bin/python3
[0.770s] -- Using Debian Python package layout
[0.820s] -- Found PY_em: /usr/lib/python3/dist-packages/em.py  
[0.820s] -- Using empy: /usr/lib/python3/dist-packages/em.py
[1.006s] -- Using CATKIN_ENABLE_TESTING: ON
[1.006s] -- Call enable_testing()
[1.010s] -- Using CATKIN_TEST_RESULTS_DIR: /home/frederik/git/20gr560/ros_ws/build/tpod_driver/test_results
[1.419s] -- Forcing gtest/gmock from source, though one was otherwise available.
[1.420s] -- Found gtest sources under '/usr/src/googletest': gtests will be built
[1.420s] -- Found gmock sources under '/usr/src/googletest': gmock will be built
[1.454s] -- Found PythonInterp: /usr/bin/python3 (found version "3.8.5") 
[1.458s] -- Found Threads: TRUE  
[1.468s] -- Using Python nosetests: /usr/bin/nosetests3
[1.539s] -- catkin 0.8.8
[1.539s] -- BUILD_SHARED_LIBS is on
[2.068s] -- Configuring done
[2.090s] -- Generating done
[2.093s] -- Build files have been written to: /home/frederik/git/20gr560/ros_ws/build/tpod_driver
[2.101s] Invoked command in '/home/frederik/git/20gr560/ros_ws/build/tpod_driver' returned '0': /usr/bin/cmake /home/frederik/git/20gr560/ros_ws/src/tpod_driver -DCATKIN_INSTALL_INTO_PREFIX_ROOT=0 -DCMAKE_INSTALL_PREFIX=/home/frederik/git/20gr560/ros_ws/install/tpod_driver
[2.104s] Invoking command in '/home/frederik/git/20gr560/ros_ws/build/tpod_driver': /usr/bin/cmake --build /home/frederik/git/20gr560/ros_ws/build/tpod_driver -- -j4 -l4
[2.165s] [35m[1mScanning dependencies of target tpod_driver_node[0m
[2.194s] [ 50%] [32mBuilding CXX object CMakeFiles/tpod_driver_node.dir/src/tpod_driver.cpp.o[0m
[7.999s] [100%] [32m[1mLinking CXX executable devel/lib/tpod_driver/tpod_driver_node[0m
[8.231s] [100%] Built target tpod_driver_node
[8.243s] Invoked command in '/home/frederik/git/20gr560/ros_ws/build/tpod_driver' returned '0': /usr/bin/cmake --build /home/frederik/git/20gr560/ros_ws/build/tpod_driver -- -j4 -l4
[8.292s] Invoking command in '/home/frederik/git/20gr560/ros_ws/build/tpod_driver': /usr/bin/cmake --build /home/frederik/git/20gr560/ros_ws/build/tpod_driver --target tests -- -j4 -l4
[8.369s] [35m[1mScanning dependencies of target tests[0m
[8.387s] Built target tests
[8.407s] Invoked command in '/home/frederik/git/20gr560/ros_ws/build/tpod_driver' returned '0': /usr/bin/cmake --build /home/frederik/git/20gr560/ros_ws/build/tpod_driver --target tests -- -j4 -l4
[8.456s] Invoking command in '/home/frederik/git/20gr560/ros_ws/build/tpod_driver': /usr/bin/cmake --install /home/frederik/git/20gr560/ros_ws/build/tpod_driver
[8.467s] -- Install configuration: ""
[8.467s] -- Installing: /home/frederik/git/20gr560/ros_ws/install/tpod_driver/lib/pkgconfig/tpod_driver.pc
[8.467s] -- Installing: /home/frederik/git/20gr560/ros_ws/install/tpod_driver/share/tpod_driver/cmake/tpod_driverConfig.cmake
[8.468s] -- Installing: /home/frederik/git/20gr560/ros_ws/install/tpod_driver/share/tpod_driver/cmake/tpod_driverConfig-version.cmake
[8.468s] -- Installing: /home/frederik/git/20gr560/ros_ws/install/tpod_driver/share/tpod_driver/package.xml
[8.471s] Invoked command in '/home/frederik/git/20gr560/ros_ws/build/tpod_driver' returned '0': /usr/bin/cmake --install /home/frederik/git/20gr560/ros_ws/build/tpod_driver
