[0.015s] Invoking command in '/home/vdr/ros2/build/subpub': CMAKE_PREFIX_PATH=/opt/ros/dashing /usr/bin/cmake --build /home/vdr/ros2/build/subpub -- -j8 -l8
[0.057s] [35m[1mScanning dependencies of target scanner[0m
[0.072s] [ 33%] Built target listener
[0.073s] [ 66%] Built target talker
[0.082s] [ 83%] [32mBuilding CXX object CMakeFiles/scanner.dir/src/scanner.cpp.o[0m
[2.266s] [100%] [32m[1mLinking CXX executable scanner[0m
[2.436s] [100%] Built target scanner
[2.447s] Invoked command in '/home/vdr/ros2/build/subpub' returned '0': CMAKE_PREFIX_PATH=/opt/ros/dashing /usr/bin/cmake --build /home/vdr/ros2/build/subpub -- -j8 -l8
[2.485s] Invoking command in '/home/vdr/ros2/build/subpub': CMAKE_PREFIX_PATH=/opt/ros/dashing /usr/bin/cmake --build /home/vdr/ros2/build/subpub --target install -- -j8 -l8
[2.539s] [ 33%] Built target talker
[2.540s] [ 66%] Built target listener
[2.541s] [100%] Built target scanner
[2.561s] [36mInstall the project...[0m
[2.569s] -- Install configuration: ""
[2.569s] -- Up-to-date: /home/vdr/ros2/install/subpub/lib/subpub/talker
[2.569s] -- Up-to-date: /home/vdr/ros2/install/subpub/lib/subpub/listener
[2.570s] -- Installing: /home/vdr/ros2/install/subpub/lib/subpub/scanner
[2.571s] -- Set runtime path of "/home/vdr/ros2/install/subpub/lib/subpub/scanner" to ""
[2.571s] -- Up-to-date: /home/vdr/ros2/install/subpub/share/ament_index/resource_index/package_run_dependencies/subpub
[2.571s] -- Up-to-date: /home/vdr/ros2/install/subpub/share/ament_index/resource_index/parent_prefix_path/subpub
[2.571s] -- Up-to-date: /home/vdr/ros2/install/subpub/share/subpub/environment/ament_prefix_path.sh
[2.571s] -- Up-to-date: /home/vdr/ros2/install/subpub/share/subpub/environment/path.sh
[2.571s] -- Up-to-date: /home/vdr/ros2/install/subpub/share/subpub/local_setup.bash
[2.571s] -- Up-to-date: /home/vdr/ros2/install/subpub/share/subpub/local_setup.sh
[2.571s] -- Up-to-date: /home/vdr/ros2/install/subpub/share/subpub/local_setup.zsh
[2.572s] -- Up-to-date: /home/vdr/ros2/install/subpub/share/ament_index/resource_index/packages/subpub
[2.572s] -- Up-to-date: /home/vdr/ros2/install/subpub/share/subpub/cmake/subpubConfig.cmake
[2.572s] -- Up-to-date: /home/vdr/ros2/install/subpub/share/subpub/cmake/subpubConfig-version.cmake
[2.572s] -- Up-to-date: /home/vdr/ros2/install/subpub/share/subpub/package.xml
[2.574s] Invoked command in '/home/vdr/ros2/build/subpub' returned '0': CMAKE_PREFIX_PATH=/opt/ros/dashing /usr/bin/cmake --build /home/vdr/ros2/build/subpub --target install -- -j8 -l8
