[0.015s] Invoking command in '/home/frederik/git/20gr560/build/tpod_driver': /usr/bin/cmake /home/frederik/git/20gr560/ros_ws/src/tpod_driver -DCATKIN_INSTALL_INTO_PREFIX_ROOT=0 -DCMAKE_INSTALL_PREFIX=/home/frederik/git/20gr560/install/tpod_driver
[0.114s] -- The C compiler identification is GNU 9.3.0
[0.202s] -- The CXX compiler identification is GNU 9.3.0
[0.212s] -- Check for working C compiler: /usr/bin/cc
[0.300s] -- Check for working C compiler: /usr/bin/cc -- works
[0.303s] -- Detecting C compiler ABI info
[0.404s] -- Detecting C compiler ABI info - done
[0.426s] -- Detecting C compile features
[0.427s] -- Detecting C compile features - done
[0.432s] -- Check for working CXX compiler: /usr/bin/c++
[0.542s] -- Check for working CXX compiler: /usr/bin/c++ -- works
[0.544s] -- Detecting CXX compiler ABI info
[0.651s] -- Detecting CXX compiler ABI info - done
[0.673s] -- Detecting CXX compile features
[0.673s] -- Detecting CXX compile features - done
[0.676s] -- Using CATKIN_DEVEL_PREFIX: /home/frederik/git/20gr560/build/tpod_driver/devel
[0.676s] -- Using CMAKE_PREFIX_PATH: /opt/ros/noetic
[0.676s] -- This workspace overlays: /opt/ros/noetic
[0.706s] -- Found PythonInterp: /usr/bin/python3 (found suitable version "3.8.5", minimum required is "3") 
[0.706s] -- Using PYTHON_EXECUTABLE: /usr/bin/python3
[0.706s] -- Using Debian Python package layout
[0.747s] -- Found PY_em: /usr/lib/python3/dist-packages/em.py  
[0.747s] -- Using empy: /usr/lib/python3/dist-packages/em.py
[0.902s] -- Using CATKIN_ENABLE_TESTING: ON
[0.902s] -- Call enable_testing()
[0.906s] -- Using CATKIN_TEST_RESULTS_DIR: /home/frederik/git/20gr560/build/tpod_driver/test_results
[1.347s] -- Forcing gtest/gmock from source, though one was otherwise available.
[1.347s] -- Found gtest sources under '/usr/src/googletest': gtests will be built
[1.347s] -- Found gmock sources under '/usr/src/googletest': gmock will be built
[1.382s] -- Found PythonInterp: /usr/bin/python3 (found version "3.8.5") 
[1.384s] -- Found Threads: TRUE  
[1.394s] -- Using Python nosetests: /usr/bin/nosetests3
[1.461s] -- catkin 0.8.8
[1.461s] -- BUILD_SHARED_LIBS is on
[1.989s] -- Configuring done
[2.009s] -- Generating done
[2.013s] -- Build files have been written to: /home/frederik/git/20gr560/build/tpod_driver
[2.020s] Invoked command in '/home/frederik/git/20gr560/build/tpod_driver' returned '0': /usr/bin/cmake /home/frederik/git/20gr560/ros_ws/src/tpod_driver -DCATKIN_INSTALL_INTO_PREFIX_ROOT=0 -DCMAKE_INSTALL_PREFIX=/home/frederik/git/20gr560/install/tpod_driver
[2.025s] Invoking command in '/home/frederik/git/20gr560/build/tpod_driver': /usr/bin/cmake --build /home/frederik/git/20gr560/build/tpod_driver -- -j4 -l4
[2.082s] [35m[1mScanning dependencies of target tpod_driver_node[0m
[2.103s] [ 50%] [32mBuilding CXX object CMakeFiles/tpod_driver_node.dir/src/tpod_driver.cpp.o[0m
[7.727s] [100%] [32m[1mLinking CXX executable devel/lib/tpod_driver/tpod_driver_node[0m
[7.967s] [100%] Built target tpod_driver_node
[7.983s] Invoked command in '/home/frederik/git/20gr560/build/tpod_driver' returned '0': /usr/bin/cmake --build /home/frederik/git/20gr560/build/tpod_driver -- -j4 -l4
[8.046s] Invoking command in '/home/frederik/git/20gr560/build/tpod_driver': /usr/bin/cmake --build /home/frederik/git/20gr560/build/tpod_driver --target tests -- -j4 -l4
[8.119s] [35m[1mScanning dependencies of target tests[0m
[8.134s] Built target tests
[8.155s] Invoked command in '/home/frederik/git/20gr560/build/tpod_driver' returned '0': /usr/bin/cmake --build /home/frederik/git/20gr560/build/tpod_driver --target tests -- -j4 -l4
[8.224s] Invoking command in '/home/frederik/git/20gr560/build/tpod_driver': /usr/bin/cmake --install /home/frederik/git/20gr560/build/tpod_driver
[8.236s] -- Install configuration: ""
[8.236s] -- Installing: /home/frederik/git/20gr560/install/tpod_driver/lib/pkgconfig/tpod_driver.pc
[8.237s] -- Installing: /home/frederik/git/20gr560/install/tpod_driver/share/tpod_driver/cmake/tpod_driverConfig.cmake
[8.237s] -- Installing: /home/frederik/git/20gr560/install/tpod_driver/share/tpod_driver/cmake/tpod_driverConfig-version.cmake
[8.237s] -- Installing: /home/frederik/git/20gr560/install/tpod_driver/share/tpod_driver/package.xml
[8.239s] Invoked command in '/home/frederik/git/20gr560/build/tpod_driver' returned '0': /usr/bin/cmake --install /home/frederik/git/20gr560/build/tpod_driver
