[0.142s] Invoking command in '/home/vdr/ros2/build/slam_toolbox': CMAKE_PREFIX_PATH=${CMAKE_PREFIX_PATH}:/opt/ros/dashing /usr/bin/cmake /home/vdr/ros2/src/slam_toolbox -DCMAKE_INSTALL_PREFIX=/home/vdr/ros2/install/slam_toolbox
[0.572s] -- Found ament_cmake: 0.7.5 (/opt/ros/dashing/share/ament_cmake/cmake)
[0.770s] -- Using PYTHON_EXECUTABLE: /usr/bin/python3
[1.501s] -- Found message_filters: 3.1.3 (/opt/ros/dashing/share/message_filters/cmake)
[1.553s] -- Found nav_msgs: 0.7.0 (/opt/ros/dashing/share/nav_msgs/cmake)
[1.766s] -- Found rosidl_adapter: 0.7.9 (/opt/ros/dashing/share/rosidl_adapter/cmake)
[2.010s] -- Found rclcpp: 0.7.14 (/opt/ros/dashing/share/rclcpp/cmake)
[2.092s] -- Found rmw_implementation_cmake: 0.7.2 (/opt/ros/dashing/share/rmw_implementation_cmake/cmake)
[2.110s] -- Using RMW implementation 'rmw_fastrtps_cpp' as default
[2.280s] -- Found sensor_msgs: 0.7.0 (/opt/ros/dashing/share/sensor_msgs/cmake)
[2.317s] -- Found tf2: 0.11.6 (/opt/ros/dashing/share/tf2/cmake)
[2.352s] -- Found tf2_ros: 0.11.6 (/opt/ros/dashing/share/tf2_ros/cmake)
[2.539s] -- Found visualization_msgs: 0.7.0 (/opt/ros/dashing/share/visualization_msgs/cmake)
[2.590s] -- Found pluginlib: 2.3.3 (/opt/ros/dashing/share/pluginlib/cmake)
[2.602s] -- Found tinyxml2_vendor:  (/opt/ros/dashing/share/tinyxml2_vendor/cmake)
[2.663s] -- Found poco_vendor:  (/opt/ros/dashing/share/poco_vendor/cmake)
[2.815s] -- Found tf2_geometry_msgs: 0.11.6 (/opt/ros/dashing/share/tf2_geometry_msgs/cmake)
[2.838s] -- Found eigen3_cmake_module: 0.1.1 (/opt/ros/dashing/share/eigen3_cmake_module/cmake)
[2.971s] -- Found tf2_sensor_msgs: 0.11.6 (/opt/ros/dashing/share/tf2_sensor_msgs/cmake)
[3.084s] -- Found std_srvs: 0.7.0 (/opt/ros/dashing/share/std_srvs/cmake)
[3.112s] -- Found rosidl_default_generators: 0.7.0 (/opt/ros/dashing/share/rosidl_default_generators/cmake)
[3.481s] -- Found nav2_map_server: 0.2.6 (/opt/ros/dashing/share/nav2_map_server/cmake)
[3.593s] -- Boost version: 1.65.1
[3.594s] -- Found the following Boost libraries:
[3.594s] --   system
[3.594s] --   serialization
[3.594s] --   filesystem
[3.594s] --   thread
[3.594s] --   chrono
[3.594s] --   date_time
[3.594s] --   atomic
[4.048s] -- Could NOT find CSPARSE (missing: CSPARSE_INCLUDE_DIR CSPARSE_LIBRARY) 
[4.093s] -- Could NOT find CHOLMOD (missing: CHOLMOD_INCLUDE_DIR CHOLMOD_LIBRARIES) 
[4.121s] -- Looking for dgemm_
[4.860s] -- Looking for dgemm_ - found
[4.869s] -- A library with BLAS API found.
[4.877s] -- A library with LAPACK API found.
[4.900s] -- Found required Ceres dependency: Eigen version 3.3.4 in /usr/include/eigen3
[4.904s] -- Found required Ceres dependency: glog
[4.946s] -- Found required Ceres dependency: gflags
[4.949s] CMake Error at /usr/local/lib/cmake/Ceres/CeresConfig.cmake:85 (message):
[4.949s]   Failed to find Ceres - Missing requested Ceres components: [SuiteSparse]
[4.950s]   (components requested: [SuiteSparse]).  Detected Ceres version: 2.0.0
[4.950s]   installed in: /usr/local with components: [EigenSparse,
[4.950s]   SparseLinearAlgebraLibrary, LAPACK, SchurSpecializations, Multithreading].
[4.950s] Call Stack (most recent call first):
[4.951s]   /usr/local/lib/cmake/Ceres/CeresConfig.cmake:313 (ceres_report_not_found)
[4.951s]   CMakeLists.txt:73 (find_package)
[4.951s] 
[4.951s] 
[4.952s] CMake Error at CMakeLists.txt:73 (find_package):
[4.952s]   Found package configuration file:
[4.952s] 
[4.952s]     /usr/local/lib/cmake/Ceres/CeresConfig.cmake
[4.953s] 
[4.953s]   but it set Ceres_FOUND to FALSE so package "Ceres" is considered to be NOT
[4.953s]   FOUND.
[4.953s] 
[4.954s] 
[4.956s] -- Configuring incomplete, errors occurred!
[4.956s] See also "/home/vdr/ros2/build/slam_toolbox/CMakeFiles/CMakeOutput.log".
[4.957s] See also "/home/vdr/ros2/build/slam_toolbox/CMakeFiles/CMakeError.log".
[4.970s] Invoked command in '/home/vdr/ros2/build/slam_toolbox' returned '1': CMAKE_PREFIX_PATH=${CMAKE_PREFIX_PATH}:/opt/ros/dashing /usr/bin/cmake /home/vdr/ros2/src/slam_toolbox -DCMAKE_INSTALL_PREFIX=/home/vdr/ros2/install/slam_toolbox
