[0.010s] Invoking command in '/home/vdr/ros_bridge/build/ros1_bridge': CMAKE_PREFIX_PATH=/opt/ros/dashing:${CMAKE_PREFIX_PATH} /usr/bin/cmake /home/vdr/ros_bridge/src/ros1_bridge -DAMENT_CMAKE_SYMLINK_INSTALL=1 -DCMAKE_INSTALL_PREFIX=/home/vdr/ros_bridge/install/ros1_bridge
[0.024s] -- Found rmw: 0.7.2 (/opt/ros/dashing/share/rmw/cmake)
[0.045s] -- Using PYTHON_EXECUTABLE: /usr/bin/python3
[0.202s] -- Override CMake install command with custom implementation using symlinks instead of copying resources
[0.212s] -- Found rosidl_adapter: 0.7.9 (/opt/ros/dashing/share/rosidl_adapter/cmake)
[0.216s] -- Found rclcpp: 0.7.14 (/opt/ros/dashing/share/rclcpp/cmake)
[0.244s] -- Found rmw_implementation_cmake: 0.7.2 (/opt/ros/dashing/share/rmw_implementation_cmake/cmake)
[0.245s] -- Using RMW implementation 'rmw_fastrtps_cpp' as default
[0.260s] -- Found std_msgs: 0.7.0 (/opt/ros/dashing/share/std_msgs/cmake)
[0.637s] -- Found ament_lint_auto: 0.7.12 (/opt/ros/dashing/share/ament_lint_auto/cmake)
[0.637s] -- Found diagnostic_msgs: 0.7.0 (/opt/ros/dashing/share/diagnostic_msgs/cmake)
[0.740s] -- Added test 'copyright' to check for copyright in CMake / C / C++ / Python code
[0.743s] -- Added test 'cppcheck' to perform static code analysis on C / C++ code
[0.743s] -- Configured cppcheck include dirs: 
[0.746s] -- Added test 'cpplint' to check C / C++ code against the Google style
[0.747s] -- Added test 'flake8' to check Python code syntax and style conventions
[0.748s] -- Added test 'lint_cmake' to check CMake code style
[0.748s] -- Added test 'pep257' to check Python code against some of the style conventions in PEP 257
[0.752s] -- Added test 'uncrustify' to check C / C++ code style
[0.752s] -- Added test 'xmllint' to check XML markup files
[0.763s] -- Found action_msgs: 0.7.4 (/opt/ros/dashing/share/action_msgs/cmake)
[0.767s] -- Found action_tutorials: 0.7.9 (/opt/ros/dashing/share/action_tutorials/cmake)
[0.772s] -- Found actionlib_msgs: 0.7.0 (/opt/ros/dashing/share/actionlib_msgs/cmake)
[0.773s] -- Found builtin_interfaces: 0.7.4 (/opt/ros/dashing/share/builtin_interfaces/cmake)
[0.777s] -- Found composition_interfaces: 0.7.4 (/opt/ros/dashing/share/composition_interfaces/cmake)
[0.777s] -- Found diagnostic_msgs: 0.7.0 (/opt/ros/dashing/share/diagnostic_msgs/cmake)
[0.783s] -- Found example_interfaces: 0.7.1 (/opt/ros/dashing/share/example_interfaces/cmake)
[0.787s] -- Found geometry_msgs: 0.7.0 (/opt/ros/dashing/share/geometry_msgs/cmake)
[0.791s] -- Found lifecycle_msgs: 0.7.4 (/opt/ros/dashing/share/lifecycle_msgs/cmake)
[0.793s] -- Found logging_demo: 0.7.9 (/opt/ros/dashing/share/logging_demo/cmake)
[0.828s] -- Found map_msgs: 2.0.2 (/opt/ros/dashing/share/map_msgs/cmake)
[0.828s] -- Found nav_msgs: 0.7.0 (/opt/ros/dashing/share/nav_msgs/cmake)
[0.831s] -- Found pendulum_msgs: 0.7.9 (/opt/ros/dashing/share/pendulum_msgs/cmake)
[0.831s] -- Found rcl_interfaces: 0.7.4 (/opt/ros/dashing/share/rcl_interfaces/cmake)
[0.832s] -- Found rosgraph_msgs: 0.7.4 (/opt/ros/dashing/share/rosgraph_msgs/cmake)
[0.835s] -- Found rqt_py_common: 1.0.5 (/opt/ros/dashing/share/rqt_py_common/cmake)
[0.835s] -- Found sensor_msgs: 0.7.0 (/opt/ros/dashing/share/sensor_msgs/cmake)
[0.841s] -- Found shape_msgs: 0.7.0 (/opt/ros/dashing/share/shape_msgs/cmake)
[0.842s] -- Found std_msgs: 0.7.0 (/opt/ros/dashing/share/std_msgs/cmake)
[0.845s] -- Found std_srvs: 0.7.0 (/opt/ros/dashing/share/std_srvs/cmake)
[0.856s] -- Found stereo_msgs: 0.7.0 (/opt/ros/dashing/share/stereo_msgs/cmake)
[0.869s] -- Found tf2_msgs: 0.11.6 (/opt/ros/dashing/share/tf2_msgs/cmake)
[0.878s] -- Found trajectory_msgs: 0.7.0 (/opt/ros/dashing/share/trajectory_msgs/cmake)
[0.882s] -- Found turtlesim: 1.0.3 (/opt/ros/dashing/share/turtlesim/cmake)
[0.882s] -- Found unique_identifier_msgs: 2.1.1 (/opt/ros/dashing/share/unique_identifier_msgs/cmake)
[0.890s] -- Found visualization_msgs: 0.7.0 (/opt/ros/dashing/share/visualization_msgs/cmake)
[2.854s] CMake Error at CMakeLists.txt:255 (find_package):
[2.854s]   By not providing "Findlaunch_testing_ament_cmake.cmake" in
[2.854s]   CMAKE_MODULE_PATH this project has asked CMake to find a package
[2.854s]   configuration file provided by "launch_testing_ament_cmake", but CMake did
[2.854s]   not find one.
[2.854s] 
[2.854s]   Could not find a package configuration file provided by
[2.854s]   "launch_testing_ament_cmake" with any of the following names:
[2.854s] 
[2.854s]     launch_testing_ament_cmakeConfig.cmake
[2.854s]     launch_testing_ament_cmake-config.cmake
[2.854s] 
[2.854s]   Add the installation prefix of "launch_testing_ament_cmake" to
[2.854s]   CMAKE_PREFIX_PATH or set "launch_testing_ament_cmake_DIR" to a directory
[2.854s]   containing one of the above files.  If "launch_testing_ament_cmake"
[2.855s]   provides a separate development package or SDK, be sure it has been
[2.855s]   installed.
[2.855s] 
[2.855s] 
[2.855s] -- Configuring incomplete, errors occurred!
[2.855s] See also "/home/vdr/ros_bridge/build/ros1_bridge/CMakeFiles/CMakeOutput.log".
[2.855s] See also "/home/vdr/ros_bridge/build/ros1_bridge/CMakeFiles/CMakeError.log".
[2.860s] Invoked command in '/home/vdr/ros_bridge/build/ros1_bridge' returned '1': CMAKE_PREFIX_PATH=/opt/ros/dashing:${CMAKE_PREFIX_PATH} /usr/bin/cmake /home/vdr/ros_bridge/src/ros1_bridge -DAMENT_CMAKE_SYMLINK_INSTALL=1 -DCMAKE_INSTALL_PREFIX=/home/vdr/ros_bridge/install/ros1_bridge
