[0.010s] Invoking command in '/home/vdr/ros2/build/subpub': CMAKE_PREFIX_PATH=${CMAKE_PREFIX_PATH}:/opt/ros/dashing /usr/bin/cmake --build /home/vdr/ros2/build/subpub -- -j8 -l8
[0.294s] [35m[1mScanning dependencies of target scanner[0m
[0.303s] [ 33%] Built target talker
[0.309s] [ 66%] Built target listener
[0.317s] [ 83%] [32mBuilding CXX object CMakeFiles/scanner.dir/src/scanner.cpp.o[0m
[1.062s] [01m[K/home/vdr/ros2/src/subpub/src/scanner.cpp:[m[K In member function ‘[01m[Kvoid Poggers::topic_callback(sensor_msgs::msg::LaserScan_<std::allocator<void> >::SharedPtr) const[m[K’:
[1.062s] [01m[K/home/vdr/ros2/src/subpub/src/scanner.cpp:26:9:[m[K [01;31m[Kerror: [m[K‘[01m[KRCPCPP_INFO[m[K’ was not declared in this scope
[1.062s]          [01;31m[KRCPCPP_INFO[m[K(this->get_logger(), "Welcome to poggers!");
[1.062s]          [01;31m[K^~~~~~~~~~~[m[K
[1.064s] [01m[K/home/vdr/ros2/src/subpub/src/scanner.cpp:26:9:[m[K [01;36m[Knote: [m[Ksuggested alternative: ‘[01m[KRCLCPP_INFO[m[K’
[1.064s]          [01;36m[KRCPCPP_INFO[m[K(this->get_logger(), "Welcome to poggers!");
[1.064s]          [01;36m[K^~~~~~~~~~~[m[K
[1.064s]          [32m[KRCLCPP_INFO[m[K
[1.708s] make[2]: *** [CMakeFiles/scanner.dir/src/scanner.cpp.o] Error 1
[1.709s] CMakeFiles/scanner.dir/build.make:62: recipe for target 'CMakeFiles/scanner.dir/src/scanner.cpp.o' failed
[1.710s] CMakeFiles/Makefile2:173: recipe for target 'CMakeFiles/scanner.dir/all' failed
[1.710s] make[1]: *** [CMakeFiles/scanner.dir/all] Error 2
[1.710s] make: *** [all] Error 2
[1.711s] Makefile:140: recipe for target 'all' failed
[1.715s] Invoked command in '/home/vdr/ros2/build/subpub' returned '2': CMAKE_PREFIX_PATH=${CMAKE_PREFIX_PATH}:/opt/ros/dashing /usr/bin/cmake --build /home/vdr/ros2/build/subpub -- -j8 -l8
