[0.015s] Invoking command in '/home/frederik/git/20gr560/ros_ws/src/build/tpod_driver': /usr/bin/cmake /home/frederik/git/20gr560/ros_ws/src/tpod_driver -DCATKIN_INSTALL_INTO_PREFIX_ROOT=0 -DCMAKE_INSTALL_PREFIX=/home/frederik/git/20gr560/ros_ws/src/install/tpod_driver
[0.114s] -- The C compiler identification is GNU 9.3.0
[0.196s] -- The CXX compiler identification is GNU 9.3.0
[0.206s] -- Check for working C compiler: /usr/bin/cc
[0.303s] -- Check for working C compiler: /usr/bin/cc -- works
[0.305s] -- Detecting C compiler ABI info
[0.407s] -- Detecting C compiler ABI info - done
[0.433s] -- Detecting C compile features
[0.433s] -- Detecting C compile features - done
[0.438s] -- Check for working CXX compiler: /usr/bin/c++
[0.538s] -- Check for working CXX compiler: /usr/bin/c++ -- works
[0.540s] -- Detecting CXX compiler ABI info
[0.652s] -- Detecting CXX compiler ABI info - done
[0.675s] -- Detecting CXX compile features
[0.676s] -- Detecting CXX compile features - done
[0.678s] -- Using CATKIN_DEVEL_PREFIX: /home/frederik/git/20gr560/ros_ws/src/build/tpod_driver/devel
[0.678s] -- Using CMAKE_PREFIX_PATH: /opt/ros/noetic
[0.678s] -- This workspace overlays: /opt/ros/noetic
[0.711s] -- Found PythonInterp: /usr/bin/python3 (found suitable version "3.8.5", minimum required is "3") 
[0.712s] -- Using PYTHON_EXECUTABLE: /usr/bin/python3
[0.712s] -- Using Debian Python package layout
[0.757s] -- Found PY_em: /usr/lib/python3/dist-packages/em.py  
[0.758s] -- Using empy: /usr/lib/python3/dist-packages/em.py
[0.912s] -- Using CATKIN_ENABLE_TESTING: ON
[0.912s] -- Call enable_testing()
[0.915s] -- Using CATKIN_TEST_RESULTS_DIR: /home/frederik/git/20gr560/ros_ws/src/build/tpod_driver/test_results
[1.351s] -- Forcing gtest/gmock from source, though one was otherwise available.
[1.352s] -- Found gtest sources under '/usr/src/googletest': gtests will be built
[1.352s] -- Found gmock sources under '/usr/src/googletest': gmock will be built
[1.388s] -- Found PythonInterp: /usr/bin/python3 (found version "3.8.5") 
[1.392s] -- Found Threads: TRUE  
[1.402s] -- Using Python nosetests: /usr/bin/nosetests3
[1.478s] -- catkin 0.8.8
[1.478s] -- BUILD_SHARED_LIBS is on
[1.995s] -- Configuring done
[2.019s] -- Generating done
[2.022s] -- Build files have been written to: /home/frederik/git/20gr560/ros_ws/src/build/tpod_driver
[2.030s] Invoked command in '/home/frederik/git/20gr560/ros_ws/src/build/tpod_driver' returned '0': /usr/bin/cmake /home/frederik/git/20gr560/ros_ws/src/tpod_driver -DCATKIN_INSTALL_INTO_PREFIX_ROOT=0 -DCMAKE_INSTALL_PREFIX=/home/frederik/git/20gr560/ros_ws/src/install/tpod_driver
[2.034s] Invoking command in '/home/frederik/git/20gr560/ros_ws/src/build/tpod_driver': /usr/bin/cmake --build /home/frederik/git/20gr560/ros_ws/src/build/tpod_driver -- -j4 -l4
[2.095s] [35m[1mScanning dependencies of target tpod_driver_node[0m
[2.116s] [ 50%] [32mBuilding CXX object CMakeFiles/tpod_driver_node.dir/src/tpod_driver.cpp.o[0m
[7.824s] [100%] [32m[1mLinking CXX executable devel/lib/tpod_driver/tpod_driver_node[0m
[8.062s] [100%] Built target tpod_driver_node
[8.077s] Invoked command in '/home/frederik/git/20gr560/ros_ws/src/build/tpod_driver' returned '0': /usr/bin/cmake --build /home/frederik/git/20gr560/ros_ws/src/build/tpod_driver -- -j4 -l4
[8.131s] Invoking command in '/home/frederik/git/20gr560/ros_ws/src/build/tpod_driver': /usr/bin/cmake --build /home/frederik/git/20gr560/ros_ws/src/build/tpod_driver --target tests -- -j4 -l4
[8.199s] [35m[1mScanning dependencies of target tests[0m
[8.214s] Built target tests
[8.232s] Invoked command in '/home/frederik/git/20gr560/ros_ws/src/build/tpod_driver' returned '0': /usr/bin/cmake --build /home/frederik/git/20gr560/ros_ws/src/build/tpod_driver --target tests -- -j4 -l4
[8.293s] Invoking command in '/home/frederik/git/20gr560/ros_ws/src/build/tpod_driver': /usr/bin/cmake --install /home/frederik/git/20gr560/ros_ws/src/build/tpod_driver
[8.307s] -- Install configuration: ""
[8.307s] -- Installing: /home/frederik/git/20gr560/ros_ws/src/install/tpod_driver/lib/pkgconfig/tpod_driver.pc
[8.307s] -- Installing: /home/frederik/git/20gr560/ros_ws/src/install/tpod_driver/share/tpod_driver/cmake/tpod_driverConfig.cmake
[8.307s] -- Installing: /home/frederik/git/20gr560/ros_ws/src/install/tpod_driver/share/tpod_driver/cmake/tpod_driverConfig-version.cmake
[8.307s] -- Installing: /home/frederik/git/20gr560/ros_ws/src/install/tpod_driver/share/tpod_driver/package.xml
[8.310s] Invoked command in '/home/frederik/git/20gr560/ros_ws/src/build/tpod_driver' returned '0': /usr/bin/cmake --install /home/frederik/git/20gr560/ros_ws/src/build/tpod_driver
