[0.174s] DEBUG:colcon:Command line arguments: ['/usr/bin/colcon', 'build']
[0.174s] DEBUG:colcon:Parsed command line arguments: Namespace(ament_cmake_args=None, base_paths=['.'], build_base='build', catkin_cmake_args=None, catkin_skip_building_tests=False, cmake_args=None, cmake_clean_cache=False, cmake_clean_first=False, cmake_force_configure=False, cmake_target=None, cmake_target_skip_unavailable=False, continue_on_error=False, event_handlers=None, executor='parallel', ignore_user_meta=False, install_base='install', log_base=None, log_level=None, main=<bound method BuildVerb.main of <colcon_core.verb.build.BuildVerb object at 0x7f8b9851a3a0>>, merge_install=False, metas=['./colcon.meta'], packages_above=None, packages_above_and_dependencies=None, packages_above_depth=None, packages_end=None, packages_ignore=None, packages_ignore_regex=None, packages_select=None, packages_select_build_failed=False, packages_select_by_dep=None, packages_select_regex=None, packages_select_test_failures=False, packages_skip=None, packages_skip_build_finished=False, packages_skip_by_dep=None, packages_skip_regex=None, packages_skip_test_passed=False, packages_skip_up_to=None, packages_start=None, packages_up_to=None, packages_up_to_regex=None, parallel_workers=4, paths=None, symlink_install=False, test_result_base=None, verb_extension=<colcon_core.verb.build.BuildVerb object at 0x7f8b9851a3a0>, verb_name='build', verb_parser=<colcon_defaults.argument_parser.defaults.DefaultArgumentsDecorator object at 0x7f8b9851a8e0>)
[0.181s] Level 1:colcon.colcon_core.package_discovery:discover_packages(colcon_meta) check parameters
[0.181s] Level 1:colcon.colcon_core.package_discovery:discover_packages(recursive) check parameters
[0.181s] Level 1:colcon.colcon_core.package_discovery:discover_packages(ignore) check parameters
[0.181s] Level 1:colcon.colcon_core.package_discovery:discover_packages(path) check parameters
[0.181s] Level 1:colcon.colcon_core.package_discovery:discover_packages(colcon_meta) discover
[0.182s] Level 1:colcon.colcon_core.package_discovery:discover_packages(recursive) discover
[0.182s] INFO:colcon.colcon_core.package_discovery:Crawling recursively for packages in '/home/frederik/git/20gr560/ros_ws'
[0.182s] Level 1:colcon.colcon_core.package_identification:_identify(.) by extensions ['ignore', 'ignore_ament_install']
[0.182s] Level 1:colcon.colcon_core.package_identification:_identify(.) by extension 'ignore'
[0.182s] Level 1:colcon.colcon_core.package_identification:_identify(.) by extension 'ignore_ament_install'
[0.182s] Level 1:colcon.colcon_core.package_identification:_identify(.) by extensions ['colcon_pkg']
[0.182s] Level 1:colcon.colcon_core.package_identification:_identify(.) by extension 'colcon_pkg'
[0.182s] Level 1:colcon.colcon_core.package_identification:_identify(.) by extensions ['colcon_meta']
[0.182s] Level 1:colcon.colcon_core.package_identification:_identify(.) by extension 'colcon_meta'
[0.182s] Level 1:colcon.colcon_core.package_identification:_identify(.) by extensions ['ros']
[0.182s] Level 1:colcon.colcon_core.package_identification:_identify(.) by extension 'ros'
[0.194s] Level 1:colcon.colcon_core.package_identification:_identify(.) by extensions ['cmake', 'python']
[0.195s] Level 1:colcon.colcon_core.package_identification:_identify(.) by extension 'cmake'
[0.195s] Level 1:colcon.colcon_core.package_identification:_identify(.) by extension 'python'
[0.195s] Level 1:colcon.colcon_core.package_identification:_identify(.) by extensions ['python_setup_py']
[0.195s] Level 1:colcon.colcon_core.package_identification:_identify(.) by extension 'python_setup_py'
[0.195s] Level 1:colcon.colcon_core.package_identification:_identify(build) by extensions ['ignore', 'ignore_ament_install']
[0.195s] Level 1:colcon.colcon_core.package_identification:_identify(build) by extension 'ignore'
[0.195s] Level 1:colcon.colcon_core.package_identification:_identify(build) ignored
[0.195s] Level 1:colcon.colcon_core.package_identification:_identify(install) by extensions ['ignore', 'ignore_ament_install']
[0.195s] Level 1:colcon.colcon_core.package_identification:_identify(install) by extension 'ignore'
[0.195s] Level 1:colcon.colcon_core.package_identification:_identify(install) ignored
[0.195s] Level 1:colcon.colcon_core.package_identification:_identify(log) by extensions ['ignore', 'ignore_ament_install']
[0.196s] Level 1:colcon.colcon_core.package_identification:_identify(log) by extension 'ignore'
[0.196s] Level 1:colcon.colcon_core.package_identification:_identify(log) ignored
[0.196s] Level 1:colcon.colcon_core.package_identification:_identify(src) by extensions ['ignore', 'ignore_ament_install']
[0.196s] Level 1:colcon.colcon_core.package_identification:_identify(src) by extension 'ignore'
[0.196s] Level 1:colcon.colcon_core.package_identification:_identify(src) by extension 'ignore_ament_install'
[0.196s] Level 1:colcon.colcon_core.package_identification:_identify(src) by extensions ['colcon_pkg']
[0.196s] Level 1:colcon.colcon_core.package_identification:_identify(src) by extension 'colcon_pkg'
[0.196s] Level 1:colcon.colcon_core.package_identification:_identify(src) by extensions ['colcon_meta']
[0.196s] Level 1:colcon.colcon_core.package_identification:_identify(src) by extension 'colcon_meta'
[0.196s] Level 1:colcon.colcon_core.package_identification:_identify(src) by extensions ['ros']
[0.196s] Level 1:colcon.colcon_core.package_identification:_identify(src) by extension 'ros'
[0.196s] Level 1:colcon.colcon_core.package_identification:_identify(src) by extensions ['cmake', 'python']
[0.196s] Level 1:colcon.colcon_core.package_identification:_identify(src) by extension 'cmake'
[0.196s] Level 1:colcon.colcon_core.package_identification:_identify(src) by extension 'python'
[0.196s] Level 1:colcon.colcon_core.package_identification:_identify(src) by extensions ['python_setup_py']
[0.196s] Level 1:colcon.colcon_core.package_identification:_identify(src) by extension 'python_setup_py'
[0.197s] Level 1:colcon.colcon_core.package_identification:_identify(src/ros2_tpod) by extensions ['ignore', 'ignore_ament_install']
[0.197s] Level 1:colcon.colcon_core.package_identification:_identify(src/ros2_tpod) by extension 'ignore'
[0.197s] Level 1:colcon.colcon_core.package_identification:_identify(src/ros2_tpod) by extension 'ignore_ament_install'
[0.197s] Level 1:colcon.colcon_core.package_identification:_identify(src/ros2_tpod) by extensions ['colcon_pkg']
[0.197s] Level 1:colcon.colcon_core.package_identification:_identify(src/ros2_tpod) by extension 'colcon_pkg'
[0.197s] Level 1:colcon.colcon_core.package_identification:_identify(src/ros2_tpod) by extensions ['colcon_meta']
[0.197s] Level 1:colcon.colcon_core.package_identification:_identify(src/ros2_tpod) by extension 'colcon_meta'
[0.197s] Level 1:colcon.colcon_core.package_identification:_identify(src/ros2_tpod) by extensions ['ros']
[0.197s] Level 1:colcon.colcon_core.package_identification:_identify(src/ros2_tpod) by extension 'ros'
[0.200s] DEBUG:colcon.colcon_core.package_identification:Package 'src/ros2_tpod' with type 'ros.ament_cmake' and name 'ros2_tpod'
[0.200s] Level 1:colcon.colcon_core.package_identification:_identify(src/ros_tutorials) by extensions ['ignore', 'ignore_ament_install']
[0.200s] Level 1:colcon.colcon_core.package_identification:_identify(src/ros_tutorials) by extension 'ignore'
[0.200s] Level 1:colcon.colcon_core.package_identification:_identify(src/ros_tutorials) by extension 'ignore_ament_install'
[0.201s] Level 1:colcon.colcon_core.package_identification:_identify(src/ros_tutorials) by extensions ['colcon_pkg']
[0.201s] Level 1:colcon.colcon_core.package_identification:_identify(src/ros_tutorials) by extension 'colcon_pkg'
[0.201s] Level 1:colcon.colcon_core.package_identification:_identify(src/ros_tutorials) by extensions ['colcon_meta']
[0.201s] Level 1:colcon.colcon_core.package_identification:_identify(src/ros_tutorials) by extension 'colcon_meta'
[0.201s] Level 1:colcon.colcon_core.package_identification:_identify(src/ros_tutorials) by extensions ['ros']
[0.201s] Level 1:colcon.colcon_core.package_identification:_identify(src/ros_tutorials) by extension 'ros'
[0.201s] Level 1:colcon.colcon_core.package_identification:_identify(src/ros_tutorials) by extensions ['cmake', 'python']
[0.201s] Level 1:colcon.colcon_core.package_identification:_identify(src/ros_tutorials) by extension 'cmake'
[0.201s] Level 1:colcon.colcon_core.package_identification:_identify(src/ros_tutorials) by extension 'python'
[0.201s] Level 1:colcon.colcon_core.package_identification:_identify(src/ros_tutorials) by extensions ['python_setup_py']
[0.201s] Level 1:colcon.colcon_core.package_identification:_identify(src/ros_tutorials) by extension 'python_setup_py'
[0.202s] Level 1:colcon.colcon_core.package_identification:_identify(src/ros_tutorials/ros_tutorials) by extensions ['ignore', 'ignore_ament_install']
[0.202s] Level 1:colcon.colcon_core.package_identification:_identify(src/ros_tutorials/ros_tutorials) by extension 'ignore'
[0.202s] Level 1:colcon.colcon_core.package_identification:_identify(src/ros_tutorials/ros_tutorials) ignored
[0.202s] Level 1:colcon.colcon_core.package_identification:_identify(src/ros_tutorials/roscpp_tutorials) by extensions ['ignore', 'ignore_ament_install']
[0.202s] Level 1:colcon.colcon_core.package_identification:_identify(src/ros_tutorials/roscpp_tutorials) by extension 'ignore'
[0.202s] Level 1:colcon.colcon_core.package_identification:_identify(src/ros_tutorials/roscpp_tutorials) ignored
[0.203s] Level 1:colcon.colcon_core.package_identification:_identify(src/ros_tutorials/rospy_tutorials) by extensions ['ignore', 'ignore_ament_install']
[0.203s] Level 1:colcon.colcon_core.package_identification:_identify(src/ros_tutorials/rospy_tutorials) by extension 'ignore'
[0.203s] Level 1:colcon.colcon_core.package_identification:_identify(src/ros_tutorials/rospy_tutorials) ignored
[0.203s] Level 1:colcon.colcon_core.package_identification:_identify(src/ros_tutorials/turtlesim) by extensions ['ignore', 'ignore_ament_install']
[0.203s] Level 1:colcon.colcon_core.package_identification:_identify(src/ros_tutorials/turtlesim) by extension 'ignore'
[0.203s] Level 1:colcon.colcon_core.package_identification:_identify(src/ros_tutorials/turtlesim) by extension 'ignore_ament_install'
[0.203s] Level 1:colcon.colcon_core.package_identification:_identify(src/ros_tutorials/turtlesim) by extensions ['colcon_pkg']
[0.203s] Level 1:colcon.colcon_core.package_identification:_identify(src/ros_tutorials/turtlesim) by extension 'colcon_pkg'
[0.203s] Level 1:colcon.colcon_core.package_identification:_identify(src/ros_tutorials/turtlesim) by extensions ['colcon_meta']
[0.204s] Level 1:colcon.colcon_core.package_identification:_identify(src/ros_tutorials/turtlesim) by extension 'colcon_meta'
[0.204s] Level 1:colcon.colcon_core.package_identification:_identify(src/ros_tutorials/turtlesim) by extensions ['ros']
[0.204s] Level 1:colcon.colcon_core.package_identification:_identify(src/ros_tutorials/turtlesim) by extension 'ros'
[0.205s] DEBUG:colcon.colcon_core.package_identification:Package 'src/ros_tutorials/turtlesim' with type 'ros.ament_cmake' and name 'turtlesim'
[0.205s] Level 1:colcon.colcon_core.package_identification:_identify(src/tpod_driver) by extensions ['ignore', 'ignore_ament_install']
[0.205s] Level 1:colcon.colcon_core.package_identification:_identify(src/tpod_driver) by extension 'ignore'
[0.206s] Level 1:colcon.colcon_core.package_identification:_identify(src/tpod_driver) by extension 'ignore_ament_install'
[0.206s] Level 1:colcon.colcon_core.package_identification:_identify(src/tpod_driver) by extensions ['colcon_pkg']
[0.206s] Level 1:colcon.colcon_core.package_identification:_identify(src/tpod_driver) by extension 'colcon_pkg'
[0.206s] Level 1:colcon.colcon_core.package_identification:_identify(src/tpod_driver) by extensions ['colcon_meta']
[0.206s] Level 1:colcon.colcon_core.package_identification:_identify(src/tpod_driver) by extension 'colcon_meta'
[0.206s] Level 1:colcon.colcon_core.package_identification:_identify(src/tpod_driver) by extensions ['ros']
[0.206s] Level 1:colcon.colcon_core.package_identification:_identify(src/tpod_driver) by extension 'ros'
[0.206s] DEBUG:colcon.colcon_core.package_identification:Package 'src/tpod_driver' with type 'ros.catkin' and name 'tpod_driver'
[0.207s] Level 1:colcon.colcon_core.package_discovery:discover_packages(recursive) using defaults
[0.207s] Level 1:colcon.colcon_core.package_discovery:discover_packages(ignore) discover
[0.207s] Level 1:colcon.colcon_core.package_discovery:discover_packages(ignore) using defaults
[0.207s] Level 1:colcon.colcon_core.package_discovery:discover_packages(path) discover
[0.207s] Level 1:colcon.colcon_core.package_discovery:discover_packages(path) using defaults
[0.229s] Level 5:colcon.colcon_core.verb:set package 'ros2_tpod' build argument 'cmake_args' from command line to 'None'
[0.229s] Level 5:colcon.colcon_core.verb:set package 'ros2_tpod' build argument 'cmake_target' from command line to 'None'
[0.229s] Level 5:colcon.colcon_core.verb:set package 'ros2_tpod' build argument 'cmake_target_skip_unavailable' from command line to 'False'
[0.229s] Level 5:colcon.colcon_core.verb:set package 'ros2_tpod' build argument 'cmake_clean_cache' from command line to 'False'
[0.229s] Level 5:colcon.colcon_core.verb:set package 'ros2_tpod' build argument 'cmake_clean_first' from command line to 'False'
[0.229s] Level 5:colcon.colcon_core.verb:set package 'ros2_tpod' build argument 'cmake_force_configure' from command line to 'False'
[0.230s] Level 5:colcon.colcon_core.verb:set package 'ros2_tpod' build argument 'ament_cmake_args' from command line to 'None'
[0.230s] Level 5:colcon.colcon_core.verb:set package 'ros2_tpod' build argument 'catkin_cmake_args' from command line to 'None'
[0.230s] Level 5:colcon.colcon_core.verb:set package 'ros2_tpod' build argument 'catkin_skip_building_tests' from command line to 'False'
[0.230s] DEBUG:colcon.colcon_core.verb:Building package 'ros2_tpod' with the following arguments: {'ament_cmake_args': None, 'build_base': '/home/frederik/git/20gr560/ros_ws/build/ros2_tpod', 'catkin_cmake_args': None, 'catkin_skip_building_tests': False, 'cmake_args': None, 'cmake_clean_cache': False, 'cmake_clean_first': False, 'cmake_force_configure': False, 'cmake_target': None, 'cmake_target_skip_unavailable': False, 'install_base': '/home/frederik/git/20gr560/ros_ws/install/ros2_tpod', 'merge_install': False, 'path': '/home/frederik/git/20gr560/ros_ws/src/ros2_tpod', 'symlink_install': False, 'test_result_base': None}
[0.233s] Level 5:colcon.colcon_core.verb:set package 'tpod_driver' build argument 'cmake_args' from command line to 'None'
[0.233s] Level 5:colcon.colcon_core.verb:set package 'tpod_driver' build argument 'cmake_target' from command line to 'None'
[0.233s] Level 5:colcon.colcon_core.verb:set package 'tpod_driver' build argument 'cmake_target_skip_unavailable' from command line to 'False'
[0.233s] Level 5:colcon.colcon_core.verb:set package 'tpod_driver' build argument 'cmake_clean_cache' from command line to 'False'
[0.233s] Level 5:colcon.colcon_core.verb:set package 'tpod_driver' build argument 'cmake_clean_first' from command line to 'False'
[0.233s] Level 5:colcon.colcon_core.verb:set package 'tpod_driver' build argument 'cmake_force_configure' from command line to 'False'
[0.233s] Level 5:colcon.colcon_core.verb:set package 'tpod_driver' build argument 'ament_cmake_args' from command line to 'None'
[0.233s] Level 5:colcon.colcon_core.verb:set package 'tpod_driver' build argument 'catkin_cmake_args' from command line to 'None'
[0.233s] Level 5:colcon.colcon_core.verb:set package 'tpod_driver' build argument 'catkin_skip_building_tests' from command line to 'False'
[0.233s] DEBUG:colcon.colcon_core.verb:Building package 'tpod_driver' with the following arguments: {'ament_cmake_args': None, 'build_base': '/home/frederik/git/20gr560/ros_ws/build/tpod_driver', 'catkin_cmake_args': None, 'catkin_skip_building_tests': False, 'cmake_args': None, 'cmake_clean_cache': False, 'cmake_clean_first': False, 'cmake_force_configure': False, 'cmake_target': None, 'cmake_target_skip_unavailable': False, 'install_base': '/home/frederik/git/20gr560/ros_ws/install/tpod_driver', 'merge_install': False, 'path': '/home/frederik/git/20gr560/ros_ws/src/tpod_driver', 'symlink_install': False, 'test_result_base': None}
[0.237s] Level 5:colcon.colcon_core.verb:set package 'turtlesim' build argument 'cmake_args' from command line to 'None'
[0.237s] Level 5:colcon.colcon_core.verb:set package 'turtlesim' build argument 'cmake_target' from command line to 'None'
[0.237s] Level 5:colcon.colcon_core.verb:set package 'turtlesim' build argument 'cmake_target_skip_unavailable' from command line to 'False'
[0.237s] Level 5:colcon.colcon_core.verb:set package 'turtlesim' build argument 'cmake_clean_cache' from command line to 'False'
[0.237s] Level 5:colcon.colcon_core.verb:set package 'turtlesim' build argument 'cmake_clean_first' from command line to 'False'
[0.237s] Level 5:colcon.colcon_core.verb:set package 'turtlesim' build argument 'cmake_force_configure' from command line to 'False'
[0.237s] Level 5:colcon.colcon_core.verb:set package 'turtlesim' build argument 'ament_cmake_args' from command line to 'None'
[0.237s] Level 5:colcon.colcon_core.verb:set package 'turtlesim' build argument 'catkin_cmake_args' from command line to 'None'
[0.237s] Level 5:colcon.colcon_core.verb:set package 'turtlesim' build argument 'catkin_skip_building_tests' from command line to 'False'
[0.237s] DEBUG:colcon.colcon_core.verb:Building package 'turtlesim' with the following arguments: {'ament_cmake_args': None, 'build_base': '/home/frederik/git/20gr560/ros_ws/build/turtlesim', 'catkin_cmake_args': None, 'catkin_skip_building_tests': False, 'cmake_args': None, 'cmake_clean_cache': False, 'cmake_clean_first': False, 'cmake_force_configure': False, 'cmake_target': None, 'cmake_target_skip_unavailable': False, 'install_base': '/home/frederik/git/20gr560/ros_ws/install/turtlesim', 'merge_install': False, 'path': '/home/frederik/git/20gr560/ros_ws/src/ros_tutorials/turtlesim', 'symlink_install': False, 'test_result_base': None}
[0.237s] INFO:colcon.colcon_core.executor:Executing jobs using 'parallel' executor
[0.240s] DEBUG:colcon.colcon_parallel_executor.executor.parallel:run_until_complete
[0.240s] INFO:colcon.colcon_ros.task.ament_cmake.build:Building ROS package in '/home/frederik/git/20gr560/ros_ws/src/ros2_tpod' with build type 'ament_cmake'
[0.240s] INFO:colcon.colcon_cmake.task.cmake.build:Building CMake package in '/home/frederik/git/20gr560/ros_ws/src/ros2_tpod'
[0.245s] INFO:colcon.colcon_core.plugin_system:Skipping extension 'colcon_core.shell.bat': Not used on non-Windows systems
[0.245s] INFO:colcon.colcon_core.shell:Skip shell extension 'powershell' for command environment: Not usable outside of PowerShell
[0.245s] DEBUG:colcon.colcon_core.shell:Skip shell extension 'dsv' for command environment
[0.248s] DEBUG:colcon.colcon_core.shell:Ignoring prefix path '/opt/ros/noetic'
[0.251s] INFO:colcon.colcon_ros.task.catkin.build:Building ROS package in '/home/frederik/git/20gr560/ros_ws/src/tpod_driver' with build type 'catkin'
[0.251s] INFO:colcon.colcon_cmake.task.cmake.build:Building CMake package in '/home/frederik/git/20gr560/ros_ws/src/tpod_driver'
[0.253s] INFO:colcon.colcon_core.shell:Skip shell extension 'powershell' for command environment: Not usable outside of PowerShell
[0.253s] DEBUG:colcon.colcon_core.shell:Skip shell extension 'dsv' for command environment
[0.257s] DEBUG:colcon.colcon_core.shell:Ignoring prefix path '/opt/ros/noetic'
[0.261s] INFO:colcon.colcon_ros.task.ament_cmake.build:Building ROS package in '/home/frederik/git/20gr560/ros_ws/src/ros_tutorials/turtlesim' with build type 'ament_cmake'
[0.261s] INFO:colcon.colcon_cmake.task.cmake.build:Building CMake package in '/home/frederik/git/20gr560/ros_ws/src/ros_tutorials/turtlesim'
[0.263s] INFO:colcon.colcon_core.shell:Skip shell extension 'powershell' for command environment: Not usable outside of PowerShell
[0.263s] DEBUG:colcon.colcon_core.shell:Skip shell extension 'dsv' for command environment
[0.266s] DEBUG:colcon.colcon_core.shell:Ignoring prefix path '/opt/ros/noetic'
[0.281s] DEBUG:colcon.colcon_core.event_handler.log_command:Invoking command in '/home/frederik/git/20gr560/ros_ws/build/ros2_tpod': /usr/bin/cmake --build /home/frederik/git/20gr560/ros_ws/build/ros2_tpod -- -j4 -l4
[0.290s] DEBUG:colcon.colcon_core.event_handler.log_command:Invoking command in '/home/frederik/git/20gr560/ros_ws/build/tpod_driver': /usr/bin/cmake /home/frederik/git/20gr560/ros_ws/src/tpod_driver -DCATKIN_INSTALL_INTO_PREFIX_ROOT=0 -DCMAKE_INSTALL_PREFIX=/home/frederik/git/20gr560/ros_ws/install/tpod_driver
[0.300s] DEBUG:colcon.colcon_core.event_handler.log_command:Invoking command in '/home/frederik/git/20gr560/ros_ws/build/turtlesim': /usr/bin/cmake --build /home/frederik/git/20gr560/ros_ws/build/turtlesim -- -j4 -l4
[0.483s] DEBUG:colcon.colcon_core.event_handler.log_command:Invoked command in '/home/frederik/git/20gr560/ros_ws/build/ros2_tpod' returned '0': /usr/bin/cmake --build /home/frederik/git/20gr560/ros_ws/build/ros2_tpod -- -j4 -l4
[0.518s] DEBUG:colcon.colcon_core.event_handler.log_command:Invoking command in '/home/frederik/git/20gr560/ros_ws/build/ros2_tpod': /usr/bin/cmake --install /home/frederik/git/20gr560/ros_ws/build/ros2_tpod
[0.540s] Level 1:colcon.colcon_core.environment:create_environment_scripts_only(ros2_tpod)
[0.542s] DEBUG:colcon.colcon_core.event_handler.log_command:Invoked command in '/home/frederik/git/20gr560/ros_ws/build/ros2_tpod' returned '0': /usr/bin/cmake --install /home/frederik/git/20gr560/ros_ws/build/ros2_tpod
[0.547s] Level 1:colcon.colcon_core.environment:checking '/home/frederik/git/20gr560/ros_ws/install/ros2_tpod' for CMake module files
[0.549s] Level 1:colcon.colcon_core.environment:checking '/home/frederik/git/20gr560/ros_ws/install/ros2_tpod' for CMake config files
[0.549s] Level 1:colcon.colcon_core.shell:create_environment_hook('ros2_tpod', 'cmake_prefix_path')
[0.550s] INFO:colcon.colcon_core.shell:Creating environment hook '/home/frederik/git/20gr560/ros_ws/install/ros2_tpod/share/ros2_tpod/hook/cmake_prefix_path.ps1'
[0.551s] INFO:colcon.colcon_core.shell:Creating environment descriptor '/home/frederik/git/20gr560/ros_ws/install/ros2_tpod/share/ros2_tpod/hook/cmake_prefix_path.dsv'
[0.552s] INFO:colcon.colcon_core.shell:Creating environment hook '/home/frederik/git/20gr560/ros_ws/install/ros2_tpod/share/ros2_tpod/hook/cmake_prefix_path.sh'
[0.553s] Level 1:colcon.colcon_core.environment:checking '/home/frederik/git/20gr560/ros_ws/install/ros2_tpod/lib'
[0.553s] Level 1:colcon.colcon_core.environment:checking '/home/frederik/git/20gr560/ros_ws/install/ros2_tpod/bin'
[0.554s] Level 1:colcon.colcon_core.environment:checking '/home/frederik/git/20gr560/ros_ws/install/ros2_tpod/lib/pkgconfig/ros2_tpod.pc'
[0.554s] Level 1:colcon.colcon_core.environment:checking '/home/frederik/git/20gr560/ros_ws/install/ros2_tpod/lib/python3.8/site-packages'
[0.555s] INFO:colcon.colcon_core.shell:Creating package script '/home/frederik/git/20gr560/ros_ws/install/ros2_tpod/share/ros2_tpod/package.ps1'
[0.556s] INFO:colcon.colcon_core.shell:Creating package descriptor '/home/frederik/git/20gr560/ros_ws/install/ros2_tpod/share/ros2_tpod/package.dsv'
[0.556s] INFO:colcon.colcon_core.shell:Creating package script '/home/frederik/git/20gr560/ros_ws/install/ros2_tpod/share/ros2_tpod/package.sh'
[0.558s] INFO:colcon.colcon_core.shell:Creating package script '/home/frederik/git/20gr560/ros_ws/install/ros2_tpod/share/ros2_tpod/package.bash'
[0.558s] INFO:colcon.colcon_core.shell:Creating package script '/home/frederik/git/20gr560/ros_ws/install/ros2_tpod/share/ros2_tpod/package.zsh'
[0.559s] Level 1:colcon.colcon_core.environment:create_file_with_runtime_dependencies(/home/frederik/git/20gr560/ros_ws/install/ros2_tpod/share/colcon-core/packages/ros2_tpod)
[0.591s] Level 1:colcon.colcon_core.environment:create_environment_scripts_only(ros2_tpod)
[0.593s] Level 1:colcon.colcon_core.environment:checking '/home/frederik/git/20gr560/ros_ws/install/ros2_tpod' for CMake module files
[0.594s] Level 1:colcon.colcon_core.environment:checking '/home/frederik/git/20gr560/ros_ws/install/ros2_tpod' for CMake config files
[0.594s] Level 1:colcon.colcon_core.shell:create_environment_hook('ros2_tpod', 'cmake_prefix_path')
[0.595s] INFO:colcon.colcon_core.shell:Creating environment hook '/home/frederik/git/20gr560/ros_ws/install/ros2_tpod/share/ros2_tpod/hook/cmake_prefix_path.ps1'
[0.596s] INFO:colcon.colcon_core.shell:Creating environment descriptor '/home/frederik/git/20gr560/ros_ws/install/ros2_tpod/share/ros2_tpod/hook/cmake_prefix_path.dsv'
[0.597s] INFO:colcon.colcon_core.shell:Creating environment hook '/home/frederik/git/20gr560/ros_ws/install/ros2_tpod/share/ros2_tpod/hook/cmake_prefix_path.sh'
[0.598s] Level 1:colcon.colcon_core.environment:checking '/home/frederik/git/20gr560/ros_ws/install/ros2_tpod/lib'
[0.598s] Level 1:colcon.colcon_core.environment:checking '/home/frederik/git/20gr560/ros_ws/install/ros2_tpod/bin'
[0.598s] Level 1:colcon.colcon_core.environment:checking '/home/frederik/git/20gr560/ros_ws/install/ros2_tpod/lib/pkgconfig/ros2_tpod.pc'
[0.598s] Level 1:colcon.colcon_core.environment:checking '/home/frederik/git/20gr560/ros_ws/install/ros2_tpod/lib/python3.8/site-packages'
[0.600s] INFO:colcon.colcon_core.shell:Creating package script '/home/frederik/git/20gr560/ros_ws/install/ros2_tpod/share/ros2_tpod/package.ps1'
[0.600s] INFO:colcon.colcon_core.shell:Creating package descriptor '/home/frederik/git/20gr560/ros_ws/install/ros2_tpod/share/ros2_tpod/package.dsv'
[0.601s] INFO:colcon.colcon_core.shell:Creating package script '/home/frederik/git/20gr560/ros_ws/install/ros2_tpod/share/ros2_tpod/package.sh'
[0.602s] INFO:colcon.colcon_core.shell:Creating package script '/home/frederik/git/20gr560/ros_ws/install/ros2_tpod/share/ros2_tpod/package.bash'
[0.603s] INFO:colcon.colcon_core.shell:Creating package script '/home/frederik/git/20gr560/ros_ws/install/ros2_tpod/share/ros2_tpod/package.zsh'
[0.603s] Level 1:colcon.colcon_core.environment:create_file_with_runtime_dependencies(/home/frederik/git/20gr560/ros_ws/install/ros2_tpod/share/colcon-core/packages/ros2_tpod)
[1.093s] DEBUG:colcon.colcon_core.event_handler.log_command:Invoked command in '/home/frederik/git/20gr560/ros_ws/build/turtlesim' returned '0': /usr/bin/cmake --build /home/frederik/git/20gr560/ros_ws/build/turtlesim -- -j4 -l4
[1.253s] DEBUG:colcon.colcon_core.event_handler.log_command:Invoking command in '/home/frederik/git/20gr560/ros_ws/build/turtlesim': /usr/bin/cmake --install /home/frederik/git/20gr560/ros_ws/build/turtlesim
[1.365s] Level 1:colcon.colcon_core.environment:create_environment_scripts_only(turtlesim)
[1.367s] Level 1:colcon.colcon_core.environment:checking '/home/frederik/git/20gr560/ros_ws/install/turtlesim' for CMake module files
[1.368s] DEBUG:colcon.colcon_core.event_handler.log_command:Invoked command in '/home/frederik/git/20gr560/ros_ws/build/turtlesim' returned '0': /usr/bin/cmake --install /home/frederik/git/20gr560/ros_ws/build/turtlesim
[1.370s] Level 1:colcon.colcon_core.environment:checking '/home/frederik/git/20gr560/ros_ws/install/turtlesim' for CMake config files
[1.371s] Level 1:colcon.colcon_core.shell:create_environment_hook('turtlesim', 'cmake_prefix_path')
[1.372s] INFO:colcon.colcon_core.shell:Creating environment hook '/home/frederik/git/20gr560/ros_ws/install/turtlesim/share/turtlesim/hook/cmake_prefix_path.ps1'
[1.375s] INFO:colcon.colcon_core.shell:Creating environment descriptor '/home/frederik/git/20gr560/ros_ws/install/turtlesim/share/turtlesim/hook/cmake_prefix_path.dsv'
[1.376s] INFO:colcon.colcon_core.shell:Creating environment hook '/home/frederik/git/20gr560/ros_ws/install/turtlesim/share/turtlesim/hook/cmake_prefix_path.sh'
[1.377s] Level 1:colcon.colcon_core.environment:checking '/home/frederik/git/20gr560/ros_ws/install/turtlesim/lib'
[1.377s] Level 1:colcon.colcon_core.shell:create_environment_hook('turtlesim', 'ld_library_path_lib')
[1.378s] INFO:colcon.colcon_core.shell:Creating environment hook '/home/frederik/git/20gr560/ros_ws/install/turtlesim/share/turtlesim/hook/ld_library_path_lib.ps1'
[1.379s] INFO:colcon.colcon_core.shell:Creating environment descriptor '/home/frederik/git/20gr560/ros_ws/install/turtlesim/share/turtlesim/hook/ld_library_path_lib.dsv'
[1.380s] INFO:colcon.colcon_core.shell:Creating environment hook '/home/frederik/git/20gr560/ros_ws/install/turtlesim/share/turtlesim/hook/ld_library_path_lib.sh'
[1.380s] Level 1:colcon.colcon_core.environment:checking '/home/frederik/git/20gr560/ros_ws/install/turtlesim/bin'
[1.380s] Level 1:colcon.colcon_core.environment:checking '/home/frederik/git/20gr560/ros_ws/install/turtlesim/lib/pkgconfig/turtlesim.pc'
[1.381s] Level 1:colcon.colcon_core.environment:checking '/home/frederik/git/20gr560/ros_ws/install/turtlesim/lib/python3.8/site-packages'
[1.381s] Level 1:colcon.colcon_core.shell:create_environment_hook('turtlesim', 'pythonpath')
[1.382s] INFO:colcon.colcon_core.shell:Creating environment hook '/home/frederik/git/20gr560/ros_ws/install/turtlesim/share/turtlesim/hook/pythonpath.ps1'
[1.383s] INFO:colcon.colcon_core.shell:Creating environment descriptor '/home/frederik/git/20gr560/ros_ws/install/turtlesim/share/turtlesim/hook/pythonpath.dsv'
[1.383s] INFO:colcon.colcon_core.shell:Creating environment hook '/home/frederik/git/20gr560/ros_ws/install/turtlesim/share/turtlesim/hook/pythonpath.sh'
[1.385s] INFO:colcon.colcon_core.shell:Creating package script '/home/frederik/git/20gr560/ros_ws/install/turtlesim/share/turtlesim/package.ps1'
[1.386s] INFO:colcon.colcon_core.shell:Creating package descriptor '/home/frederik/git/20gr560/ros_ws/install/turtlesim/share/turtlesim/package.dsv'
[1.386s] INFO:colcon.colcon_core.shell:Creating package script '/home/frederik/git/20gr560/ros_ws/install/turtlesim/share/turtlesim/package.sh'
[1.387s] INFO:colcon.colcon_core.shell:Creating package script '/home/frederik/git/20gr560/ros_ws/install/turtlesim/share/turtlesim/package.bash'
[1.388s] INFO:colcon.colcon_core.shell:Creating package script '/home/frederik/git/20gr560/ros_ws/install/turtlesim/share/turtlesim/package.zsh'
[1.388s] Level 1:colcon.colcon_core.environment:create_file_with_runtime_dependencies(/home/frederik/git/20gr560/ros_ws/install/turtlesim/share/colcon-core/packages/turtlesim)
[1.557s] Level 1:colcon.colcon_core.environment:create_environment_scripts_only(turtlesim)
[1.558s] Level 1:colcon.colcon_core.environment:checking '/home/frederik/git/20gr560/ros_ws/install/turtlesim' for CMake module files
[1.559s] Level 1:colcon.colcon_core.environment:checking '/home/frederik/git/20gr560/ros_ws/install/turtlesim' for CMake config files
[1.560s] Level 1:colcon.colcon_core.shell:create_environment_hook('turtlesim', 'cmake_prefix_path')
[1.560s] INFO:colcon.colcon_core.shell:Creating environment hook '/home/frederik/git/20gr560/ros_ws/install/turtlesim/share/turtlesim/hook/cmake_prefix_path.ps1'
[1.561s] INFO:colcon.colcon_core.shell:Creating environment descriptor '/home/frederik/git/20gr560/ros_ws/install/turtlesim/share/turtlesim/hook/cmake_prefix_path.dsv'
[1.561s] INFO:colcon.colcon_core.shell:Creating environment hook '/home/frederik/git/20gr560/ros_ws/install/turtlesim/share/turtlesim/hook/cmake_prefix_path.sh'
[1.562s] Level 1:colcon.colcon_core.environment:checking '/home/frederik/git/20gr560/ros_ws/install/turtlesim/lib'
[1.562s] Level 1:colcon.colcon_core.shell:create_environment_hook('turtlesim', 'ld_library_path_lib')
[1.563s] INFO:colcon.colcon_core.shell:Creating environment hook '/home/frederik/git/20gr560/ros_ws/install/turtlesim/share/turtlesim/hook/ld_library_path_lib.ps1'
[1.563s] INFO:colcon.colcon_core.shell:Creating environment descriptor '/home/frederik/git/20gr560/ros_ws/install/turtlesim/share/turtlesim/hook/ld_library_path_lib.dsv'
[1.563s] INFO:colcon.colcon_core.shell:Creating environment hook '/home/frederik/git/20gr560/ros_ws/install/turtlesim/share/turtlesim/hook/ld_library_path_lib.sh'
[1.564s] Level 1:colcon.colcon_core.environment:checking '/home/frederik/git/20gr560/ros_ws/install/turtlesim/bin'
[1.564s] Level 1:colcon.colcon_core.environment:checking '/home/frederik/git/20gr560/ros_ws/install/turtlesim/lib/pkgconfig/turtlesim.pc'
[1.564s] Level 1:colcon.colcon_core.environment:checking '/home/frederik/git/20gr560/ros_ws/install/turtlesim/lib/python3.8/site-packages'
[1.564s] Level 1:colcon.colcon_core.shell:create_environment_hook('turtlesim', 'pythonpath')
[1.565s] INFO:colcon.colcon_core.shell:Creating environment hook '/home/frederik/git/20gr560/ros_ws/install/turtlesim/share/turtlesim/hook/pythonpath.ps1'
[1.566s] INFO:colcon.colcon_core.shell:Creating environment descriptor '/home/frederik/git/20gr560/ros_ws/install/turtlesim/share/turtlesim/hook/pythonpath.dsv'
[1.567s] INFO:colcon.colcon_core.shell:Creating environment hook '/home/frederik/git/20gr560/ros_ws/install/turtlesim/share/turtlesim/hook/pythonpath.sh'
[1.568s] INFO:colcon.colcon_core.shell:Creating package script '/home/frederik/git/20gr560/ros_ws/install/turtlesim/share/turtlesim/package.ps1'
[1.569s] INFO:colcon.colcon_core.shell:Creating package descriptor '/home/frederik/git/20gr560/ros_ws/install/turtlesim/share/turtlesim/package.dsv'
[1.570s] INFO:colcon.colcon_core.shell:Creating package script '/home/frederik/git/20gr560/ros_ws/install/turtlesim/share/turtlesim/package.sh'
[1.572s] INFO:colcon.colcon_core.shell:Creating package script '/home/frederik/git/20gr560/ros_ws/install/turtlesim/share/turtlesim/package.bash'
[1.572s] INFO:colcon.colcon_core.shell:Creating package script '/home/frederik/git/20gr560/ros_ws/install/turtlesim/share/turtlesim/package.zsh'
[1.573s] Level 1:colcon.colcon_core.environment:create_file_with_runtime_dependencies(/home/frederik/git/20gr560/ros_ws/install/turtlesim/share/colcon-core/packages/turtlesim)
[2.354s] DEBUG:colcon.colcon_core.event_handler.log_command:Invoked command in '/home/frederik/git/20gr560/ros_ws/build/tpod_driver' returned '0': /usr/bin/cmake /home/frederik/git/20gr560/ros_ws/src/tpod_driver -DCATKIN_INSTALL_INTO_PREFIX_ROOT=0 -DCMAKE_INSTALL_PREFIX=/home/frederik/git/20gr560/ros_ws/install/tpod_driver
[2.357s] DEBUG:colcon.colcon_core.event_handler.log_command:Invoking command in '/home/frederik/git/20gr560/ros_ws/build/tpod_driver': /usr/bin/cmake --build /home/frederik/git/20gr560/ros_ws/build/tpod_driver -- -j4 -l4
[8.496s] DEBUG:colcon.colcon_core.event_handler.log_command:Invoked command in '/home/frederik/git/20gr560/ros_ws/build/tpod_driver' returned '0': /usr/bin/cmake --build /home/frederik/git/20gr560/ros_ws/build/tpod_driver -- -j4 -l4
[8.546s] DEBUG:colcon.colcon_core.event_handler.log_command:Invoking command in '/home/frederik/git/20gr560/ros_ws/build/tpod_driver': /usr/bin/cmake --build /home/frederik/git/20gr560/ros_ws/build/tpod_driver --target tests -- -j4 -l4
[8.660s] DEBUG:colcon.colcon_core.event_handler.log_command:Invoked command in '/home/frederik/git/20gr560/ros_ws/build/tpod_driver' returned '0': /usr/bin/cmake --build /home/frederik/git/20gr560/ros_ws/build/tpod_driver --target tests -- -j4 -l4
[8.709s] DEBUG:colcon.colcon_core.event_handler.log_command:Invoking command in '/home/frederik/git/20gr560/ros_ws/build/tpod_driver': /usr/bin/cmake --install /home/frederik/git/20gr560/ros_ws/build/tpod_driver
[8.724s] DEBUG:colcon.colcon_core.event_handler.log_command:Invoked command in '/home/frederik/git/20gr560/ros_ws/build/tpod_driver' returned '0': /usr/bin/cmake --install /home/frederik/git/20gr560/ros_ws/build/tpod_driver
[8.774s] Level 1:colcon.colcon_core.shell:create_environment_hook('tpod_driver', 'ros_package_path')
[8.776s] INFO:colcon.colcon_core.shell:Creating environment hook '/home/frederik/git/20gr560/ros_ws/install/tpod_driver/share/tpod_driver/hook/ros_package_path.ps1'
[8.777s] INFO:colcon.colcon_core.shell:Creating environment descriptor '/home/frederik/git/20gr560/ros_ws/install/tpod_driver/share/tpod_driver/hook/ros_package_path.dsv'
[8.777s] INFO:colcon.colcon_core.shell:Creating environment hook '/home/frederik/git/20gr560/ros_ws/install/tpod_driver/share/tpod_driver/hook/ros_package_path.sh'
[8.778s] Level 1:colcon.colcon_ros.task.catkin:checking '/home/frederik/git/20gr560/ros_ws/install/tpod_driver/lib/python3/dist-packages'
[8.778s] Level 1:colcon.colcon_core.shell:create_environment_hook('tpod_driver', 'pkg_config_path')
[8.779s] INFO:colcon.colcon_core.shell:Creating environment hook '/home/frederik/git/20gr560/ros_ws/install/tpod_driver/share/tpod_driver/hook/pkg_config_path.ps1'
[8.780s] INFO:colcon.colcon_core.shell:Creating environment descriptor '/home/frederik/git/20gr560/ros_ws/install/tpod_driver/share/tpod_driver/hook/pkg_config_path.dsv'
[8.780s] INFO:colcon.colcon_core.shell:Creating environment hook '/home/frederik/git/20gr560/ros_ws/install/tpod_driver/share/tpod_driver/hook/pkg_config_path.sh'
[8.785s] Level 1:colcon.colcon_core.shell:create_environment_hook('tpod_driver', 'pkg_config_path_multiarch')
[8.786s] INFO:colcon.colcon_core.shell:Creating environment hook '/home/frederik/git/20gr560/ros_ws/install/tpod_driver/share/tpod_driver/hook/pkg_config_path_multiarch.ps1'
[8.787s] INFO:colcon.colcon_core.shell:Creating environment descriptor '/home/frederik/git/20gr560/ros_ws/install/tpod_driver/share/tpod_driver/hook/pkg_config_path_multiarch.dsv'
[8.788s] INFO:colcon.colcon_core.shell:Creating environment hook '/home/frederik/git/20gr560/ros_ws/install/tpod_driver/share/tpod_driver/hook/pkg_config_path_multiarch.sh'
[8.789s] Level 1:colcon.colcon_core.environment:create_environment_scripts_only(tpod_driver)
[8.790s] Level 1:colcon.colcon_core.environment:checking '/home/frederik/git/20gr560/ros_ws/install/tpod_driver' for CMake module files
[8.791s] Level 1:colcon.colcon_core.environment:checking '/home/frederik/git/20gr560/ros_ws/install/tpod_driver' for CMake config files
[8.791s] Level 1:colcon.colcon_core.shell:create_environment_hook('tpod_driver', 'cmake_prefix_path')
[8.792s] INFO:colcon.colcon_core.shell:Creating environment hook '/home/frederik/git/20gr560/ros_ws/install/tpod_driver/share/tpod_driver/hook/cmake_prefix_path.ps1'
[8.792s] INFO:colcon.colcon_core.shell:Creating environment descriptor '/home/frederik/git/20gr560/ros_ws/install/tpod_driver/share/tpod_driver/hook/cmake_prefix_path.dsv'
[8.792s] INFO:colcon.colcon_core.shell:Creating environment hook '/home/frederik/git/20gr560/ros_ws/install/tpod_driver/share/tpod_driver/hook/cmake_prefix_path.sh'
[8.793s] Level 1:colcon.colcon_core.environment:checking '/home/frederik/git/20gr560/ros_ws/install/tpod_driver/lib'
[8.793s] Level 1:colcon.colcon_core.environment:checking '/home/frederik/git/20gr560/ros_ws/install/tpod_driver/bin'
[8.793s] Level 1:colcon.colcon_core.environment:checking '/home/frederik/git/20gr560/ros_ws/install/tpod_driver/lib/pkgconfig/tpod_driver.pc'
[8.793s] Level 1:colcon.colcon_core.shell:create_environment_hook('tpod_driver', 'pkg_config')
[8.794s] INFO:colcon.colcon_core.shell:Creating environment hook '/home/frederik/git/20gr560/ros_ws/install/tpod_driver/share/tpod_driver/hook/pkg_config.ps1'
[8.794s] INFO:colcon.colcon_core.shell:Creating environment descriptor '/home/frederik/git/20gr560/ros_ws/install/tpod_driver/share/tpod_driver/hook/pkg_config.dsv'
[8.795s] INFO:colcon.colcon_core.shell:Creating environment hook '/home/frederik/git/20gr560/ros_ws/install/tpod_driver/share/tpod_driver/hook/pkg_config.sh'
[8.795s] Level 1:colcon.colcon_core.environment:checking '/home/frederik/git/20gr560/ros_ws/install/tpod_driver/lib/python3.8/site-packages'
[8.796s] INFO:colcon.colcon_core.shell:Creating package script '/home/frederik/git/20gr560/ros_ws/install/tpod_driver/share/tpod_driver/package.ps1'
[8.797s] INFO:colcon.colcon_core.shell:Creating package descriptor '/home/frederik/git/20gr560/ros_ws/install/tpod_driver/share/tpod_driver/package.dsv'
[8.798s] INFO:colcon.colcon_core.shell:Creating package script '/home/frederik/git/20gr560/ros_ws/install/tpod_driver/share/tpod_driver/package.sh'
[8.798s] INFO:colcon.colcon_core.shell:Creating package script '/home/frederik/git/20gr560/ros_ws/install/tpod_driver/share/tpod_driver/package.bash'
[8.799s] INFO:colcon.colcon_core.shell:Creating package script '/home/frederik/git/20gr560/ros_ws/install/tpod_driver/share/tpod_driver/package.zsh'
[8.799s] Level 1:colcon.colcon_core.environment:create_file_with_runtime_dependencies(/home/frederik/git/20gr560/ros_ws/install/tpod_driver/share/colcon-core/packages/tpod_driver)
[8.799s] DEBUG:colcon.colcon_parallel_executor.executor.parallel:closing loop
[8.800s] DEBUG:colcon.colcon_parallel_executor.executor.parallel:loop closed
[8.800s] DEBUG:colcon.colcon_parallel_executor.executor.parallel:run_until_complete finished with '0'
[8.801s] DEBUG:colcon.colcon_core.event_reactor:joining thread
[8.812s] INFO:colcon.colcon_core.plugin_system:Skipping extension 'colcon_notification.desktop_notification.terminal_notifier': Not used on non-Darwin systems
[8.812s] INFO:colcon.colcon_core.plugin_system:Skipping extension 'colcon_notification.desktop_notification.win32': Not used on non-Windows systems
[8.812s] INFO:colcon.colcon_notification.desktop_notification:Sending desktop notification using 'notify2'
[8.836s] DEBUG:colcon.colcon_core.event_reactor:joined thread
[8.838s] INFO:colcon.colcon_core.shell:Creating prefix script '/home/frederik/git/20gr560/ros_ws/install/local_setup.ps1'
[8.840s] INFO:colcon.colcon_core.shell:Creating prefix util module '/home/frederik/git/20gr560/ros_ws/install/_local_setup_util_ps1.py'
[8.843s] INFO:colcon.colcon_core.shell:Creating prefix chain script '/home/frederik/git/20gr560/ros_ws/install/setup.ps1'
[8.850s] INFO:colcon.colcon_core.shell:Creating prefix script '/home/frederik/git/20gr560/ros_ws/install/local_setup.sh'
[8.851s] INFO:colcon.colcon_core.shell:Creating prefix util module '/home/frederik/git/20gr560/ros_ws/install/_local_setup_util_sh.py'
[8.852s] INFO:colcon.colcon_core.shell:Creating prefix chain script '/home/frederik/git/20gr560/ros_ws/install/setup.sh'
[8.856s] INFO:colcon.colcon_core.shell:Creating prefix script '/home/frederik/git/20gr560/ros_ws/install/local_setup.bash'
[8.857s] INFO:colcon.colcon_core.shell:Creating prefix chain script '/home/frederik/git/20gr560/ros_ws/install/setup.bash'
[8.859s] INFO:colcon.colcon_core.shell:Creating prefix script '/home/frederik/git/20gr560/ros_ws/install/local_setup.zsh'
[8.860s] INFO:colcon.colcon_core.shell:Creating prefix chain script '/home/frederik/git/20gr560/ros_ws/install/setup.zsh'
