[0.138s] DEBUG:colcon:Command line arguments: ['/usr/bin/colcon', 'build', '--symlink-install', '--packages-select', 'ros1_bridge', '--cmake-force-configure']
[0.138s] DEBUG:colcon:Parsed command line arguments: Namespace(ament_cmake_args=None, base_paths=['.'], build_base='build', catkin_cmake_args=None, catkin_skip_building_tests=False, cmake_args=None, cmake_clean_cache=False, cmake_clean_first=False, cmake_force_configure=True, cmake_target=None, cmake_target_skip_unavailable=False, continue_on_error=False, event_handlers=None, executor='parallel', ignore_user_meta=False, install_base='install', log_base=None, log_level=None, main=<bound method BuildVerb.main of <colcon_core.verb.build.BuildVerb object at 0x7f4fb2e7c898>>, merge_install=False, metas=['./colcon.meta'], packages_above=None, packages_above_and_dependencies=None, packages_above_depth=None, packages_end=None, packages_ignore=None, packages_ignore_regex=None, packages_select=['ros1_bridge'], packages_select_build_failed=False, packages_select_by_dep=None, packages_select_regex=None, packages_select_test_failures=False, packages_skip=None, packages_skip_build_finished=False, packages_skip_by_dep=None, packages_skip_regex=None, packages_skip_test_passed=False, packages_skip_up_to=None, packages_start=None, packages_up_to=None, packages_up_to_regex=None, parallel_workers=8, paths=None, symlink_install=True, test_result_base=None, verb_extension=<colcon_core.verb.build.BuildVerb object at 0x7f4fb2e7c898>, verb_name='build', verb_parser=<colcon_defaults.argument_parser.defaults.DefaultArgumentsDecorator object at 0x7f4fb2e7cc50>)
[0.142s] Level 1:colcon.colcon_core.package_discovery:discover_packages(colcon_meta) check parameters
[0.143s] Level 1:colcon.colcon_core.package_discovery:discover_packages(recursive) check parameters
[0.143s] Level 1:colcon.colcon_core.package_discovery:discover_packages(ignore) check parameters
[0.143s] Level 1:colcon.colcon_core.package_discovery:discover_packages(path) check parameters
[0.143s] Level 1:colcon.colcon_core.package_discovery:discover_packages(colcon_meta) discover
[0.143s] Level 1:colcon.colcon_core.package_discovery:discover_packages(recursive) discover
[0.143s] INFO:colcon.colcon_core.package_discovery:Crawling recursively for packages in '/home/vdr/ros_bridge'
[0.143s] Level 1:colcon.colcon_core.package_identification:_identify(.) by extensions ['ignore', 'ignore_ament_install']
[0.143s] Level 1:colcon.colcon_core.package_identification:_identify(.) by extension 'ignore'
[0.143s] Level 1:colcon.colcon_core.package_identification:_identify(.) by extension 'ignore_ament_install'
[0.143s] Level 1:colcon.colcon_core.package_identification:_identify(.) by extensions ['colcon_pkg']
[0.143s] Level 1:colcon.colcon_core.package_identification:_identify(.) by extension 'colcon_pkg'
[0.143s] Level 1:colcon.colcon_core.package_identification:_identify(.) by extensions ['colcon_meta']
[0.143s] Level 1:colcon.colcon_core.package_identification:_identify(.) by extension 'colcon_meta'
[0.143s] Level 1:colcon.colcon_core.package_identification:_identify(.) by extensions ['ros']
[0.143s] Level 1:colcon.colcon_core.package_identification:_identify(.) by extension 'ros'
[0.152s] Level 1:colcon.colcon_core.package_identification:_identify(.) by extensions ['cmake', 'python']
[0.152s] Level 1:colcon.colcon_core.package_identification:_identify(.) by extension 'cmake'
[0.152s] Level 1:colcon.colcon_core.package_identification:_identify(.) by extension 'python'
[0.152s] Level 1:colcon.colcon_core.package_identification:_identify(.) by extensions ['python_setup_py']
[0.152s] Level 1:colcon.colcon_core.package_identification:_identify(.) by extension 'python_setup_py'
[0.152s] Level 1:colcon.colcon_core.package_identification:_identify(build) by extensions ['ignore', 'ignore_ament_install']
[0.152s] Level 1:colcon.colcon_core.package_identification:_identify(build) by extension 'ignore'
[0.153s] Level 1:colcon.colcon_core.package_identification:_identify(build) ignored
[0.153s] Level 1:colcon.colcon_core.package_identification:_identify(install) by extensions ['ignore', 'ignore_ament_install']
[0.153s] Level 1:colcon.colcon_core.package_identification:_identify(install) by extension 'ignore'
[0.153s] Level 1:colcon.colcon_core.package_identification:_identify(install) ignored
[0.153s] Level 1:colcon.colcon_core.package_identification:_identify(log) by extensions ['ignore', 'ignore_ament_install']
[0.153s] Level 1:colcon.colcon_core.package_identification:_identify(log) by extension 'ignore'
[0.153s] Level 1:colcon.colcon_core.package_identification:_identify(log) ignored
[0.153s] Level 1:colcon.colcon_core.package_identification:_identify(src) by extensions ['ignore', 'ignore_ament_install']
[0.153s] Level 1:colcon.colcon_core.package_identification:_identify(src) by extension 'ignore'
[0.153s] Level 1:colcon.colcon_core.package_identification:_identify(src) by extension 'ignore_ament_install'
[0.153s] Level 1:colcon.colcon_core.package_identification:_identify(src) by extensions ['colcon_pkg']
[0.153s] Level 1:colcon.colcon_core.package_identification:_identify(src) by extension 'colcon_pkg'
[0.153s] Level 1:colcon.colcon_core.package_identification:_identify(src) by extensions ['colcon_meta']
[0.153s] Level 1:colcon.colcon_core.package_identification:_identify(src) by extension 'colcon_meta'
[0.154s] Level 1:colcon.colcon_core.package_identification:_identify(src) by extensions ['ros']
[0.154s] Level 1:colcon.colcon_core.package_identification:_identify(src) by extension 'ros'
[0.154s] Level 1:colcon.colcon_core.package_identification:_identify(src) by extensions ['cmake', 'python']
[0.154s] Level 1:colcon.colcon_core.package_identification:_identify(src) by extension 'cmake'
[0.154s] Level 1:colcon.colcon_core.package_identification:_identify(src) by extension 'python'
[0.154s] Level 1:colcon.colcon_core.package_identification:_identify(src) by extensions ['python_setup_py']
[0.154s] Level 1:colcon.colcon_core.package_identification:_identify(src) by extension 'python_setup_py'
[0.154s] Level 1:colcon.colcon_core.package_identification:_identify(src/ros1_bridge) by extensions ['ignore', 'ignore_ament_install']
[0.154s] Level 1:colcon.colcon_core.package_identification:_identify(src/ros1_bridge) by extension 'ignore'
[0.154s] Level 1:colcon.colcon_core.package_identification:_identify(src/ros1_bridge) by extension 'ignore_ament_install'
[0.154s] Level 1:colcon.colcon_core.package_identification:_identify(src/ros1_bridge) by extensions ['colcon_pkg']
[0.154s] Level 1:colcon.colcon_core.package_identification:_identify(src/ros1_bridge) by extension 'colcon_pkg'
[0.154s] Level 1:colcon.colcon_core.package_identification:_identify(src/ros1_bridge) by extensions ['colcon_meta']
[0.154s] Level 1:colcon.colcon_core.package_identification:_identify(src/ros1_bridge) by extension 'colcon_meta'
[0.154s] Level 1:colcon.colcon_core.package_identification:_identify(src/ros1_bridge) by extensions ['ros']
[0.154s] Level 1:colcon.colcon_core.package_identification:_identify(src/ros1_bridge) by extension 'ros'
[0.156s] DEBUG:colcon.colcon_core.package_identification:Package 'src/ros1_bridge' with type 'ros.ament_cmake' and name 'ros1_bridge'
[0.156s] Level 1:colcon.colcon_core.package_discovery:discover_packages(recursive) using defaults
[0.156s] Level 1:colcon.colcon_core.package_discovery:discover_packages(ignore) discover
[0.156s] Level 1:colcon.colcon_core.package_discovery:discover_packages(ignore) using defaults
[0.156s] Level 1:colcon.colcon_core.package_discovery:discover_packages(path) discover
[0.157s] Level 1:colcon.colcon_core.package_discovery:discover_packages(path) using defaults
[0.173s] Level 5:colcon.colcon_core.verb:set package 'ros1_bridge' build argument 'cmake_args' from command line to 'None'
[0.173s] Level 5:colcon.colcon_core.verb:set package 'ros1_bridge' build argument 'cmake_target' from command line to 'None'
[0.173s] Level 5:colcon.colcon_core.verb:set package 'ros1_bridge' build argument 'cmake_target_skip_unavailable' from command line to 'False'
[0.173s] Level 5:colcon.colcon_core.verb:set package 'ros1_bridge' build argument 'cmake_clean_cache' from command line to 'False'
[0.173s] Level 5:colcon.colcon_core.verb:set package 'ros1_bridge' build argument 'cmake_clean_first' from command line to 'False'
[0.173s] Level 5:colcon.colcon_core.verb:set package 'ros1_bridge' build argument 'cmake_force_configure' from command line to 'True'
[0.173s] Level 5:colcon.colcon_core.verb:set package 'ros1_bridge' build argument 'ament_cmake_args' from command line to 'None'
[0.173s] Level 5:colcon.colcon_core.verb:set package 'ros1_bridge' build argument 'catkin_cmake_args' from command line to 'None'
[0.173s] Level 5:colcon.colcon_core.verb:set package 'ros1_bridge' build argument 'catkin_skip_building_tests' from command line to 'False'
[0.174s] DEBUG:colcon.colcon_core.verb:Building package 'ros1_bridge' with the following arguments: {'ament_cmake_args': None, 'build_base': '/home/vdr/ros_bridge/build/ros1_bridge', 'catkin_cmake_args': None, 'catkin_skip_building_tests': False, 'cmake_args': None, 'cmake_clean_cache': False, 'cmake_clean_first': False, 'cmake_force_configure': True, 'cmake_target': None, 'cmake_target_skip_unavailable': False, 'install_base': '/home/vdr/ros_bridge/install/ros1_bridge', 'merge_install': False, 'path': '/home/vdr/ros_bridge/src/ros1_bridge', 'symlink_install': True, 'test_result_base': None}
[0.174s] INFO:colcon.colcon_core.executor:Executing jobs using 'parallel' executor
[0.175s] DEBUG:colcon.colcon_parallel_executor.executor.parallel:run_until_complete
[0.175s] INFO:colcon.colcon_ros.task.ament_cmake.build:Building ROS package in '/home/vdr/ros_bridge/src/ros1_bridge' with build type 'ament_cmake'
[0.176s] INFO:colcon.colcon_cmake.task.cmake.build:Building CMake package in '/home/vdr/ros_bridge/src/ros1_bridge'
[0.178s] INFO:colcon.colcon_core.plugin_system:Skipping extension 'colcon_core.shell.bat': Not used on non-Windows systems
[0.179s] INFO:colcon.colcon_core.shell:Skip shell extension 'powershell' for command environment: Not usable outside of PowerShell
[0.179s] DEBUG:colcon.colcon_core.shell:Skip shell extension 'dsv' for command environment
[0.180s] DEBUG:colcon.colcon_core.shell:Ignoring prefix path '/opt/ros/dashing'
[0.180s] DEBUG:colcon.colcon_core.shell:Ignoring prefix path '/opt/ros/melodic'
[0.187s] DEBUG:colcon.colcon_core.event_handler.log_command:Invoking command in '/home/vdr/ros_bridge/build/ros1_bridge': CMAKE_PREFIX_PATH=/opt/ros/dashing:${CMAKE_PREFIX_PATH} /usr/bin/cmake /home/vdr/ros_bridge/src/ros1_bridge -DAMENT_CMAKE_SYMLINK_INSTALL=1 -DCMAKE_INSTALL_PREFIX=/home/vdr/ros_bridge/install/ros1_bridge
[4.753s] DEBUG:colcon.colcon_core.event_handler.log_command:Invoked command in '/home/vdr/ros_bridge/build/ros1_bridge' returned '0': CMAKE_PREFIX_PATH=/opt/ros/dashing:${CMAKE_PREFIX_PATH} /usr/bin/cmake /home/vdr/ros_bridge/src/ros1_bridge -DAMENT_CMAKE_SYMLINK_INSTALL=1 -DCMAKE_INSTALL_PREFIX=/home/vdr/ros_bridge/install/ros1_bridge
[4.756s] DEBUG:colcon.colcon_core.event_handler.log_command:Invoking command in '/home/vdr/ros_bridge/build/ros1_bridge': CMAKE_PREFIX_PATH=/opt/ros/dashing:${CMAKE_PREFIX_PATH} /usr/bin/cmake --build /home/vdr/ros_bridge/build/ros1_bridge -- -j8 -l8
[305.269s] DEBUG:colcon.colcon_core.event_handler.log_command:Invoked command in '/home/vdr/ros_bridge/build/ros1_bridge' returned '0': CMAKE_PREFIX_PATH=/opt/ros/dashing:${CMAKE_PREFIX_PATH} /usr/bin/cmake --build /home/vdr/ros_bridge/build/ros1_bridge -- -j8 -l8
[306.900s] DEBUG:colcon.colcon_core.event_handler.log_command:Invoking command in '/home/vdr/ros_bridge/build/ros1_bridge': CMAKE_PREFIX_PATH=/opt/ros/dashing:${CMAKE_PREFIX_PATH} /usr/bin/cmake --build /home/vdr/ros_bridge/build/ros1_bridge --target install -- -j8 -l8
[313.233s] Level 1:colcon.colcon_core.environment:create_environment_scripts_only(ros1_bridge)
[313.234s] DEBUG:colcon.colcon_core.event_handler.log_command:Invoked command in '/home/vdr/ros_bridge/build/ros1_bridge' returned '0': CMAKE_PREFIX_PATH=/opt/ros/dashing:${CMAKE_PREFIX_PATH} /usr/bin/cmake --build /home/vdr/ros_bridge/build/ros1_bridge --target install -- -j8 -l8
[314.122s] Level 1:colcon.colcon_core.environment:checking '/home/vdr/ros_bridge/install/ros1_bridge' for CMake module files
[314.123s] Level 1:colcon.colcon_core.environment:checking '/home/vdr/ros_bridge/install/ros1_bridge' for CMake config files
[314.123s] Level 1:colcon.colcon_core.shell:create_environment_hook('ros1_bridge', 'cmake_prefix_path')
[314.123s] INFO:colcon.colcon_core.shell:Creating environment hook '/home/vdr/ros_bridge/install/ros1_bridge/share/ros1_bridge/hook/cmake_prefix_path.ps1'
[314.153s] INFO:colcon.colcon_core.shell:Creating environment descriptor '/home/vdr/ros_bridge/install/ros1_bridge/share/ros1_bridge/hook/cmake_prefix_path.dsv'
[314.204s] INFO:colcon.colcon_core.shell:Creating environment hook '/home/vdr/ros_bridge/install/ros1_bridge/share/ros1_bridge/hook/cmake_prefix_path.sh'
[314.217s] Level 1:colcon.colcon_core.environment:checking '/home/vdr/ros_bridge/install/ros1_bridge/lib'
[314.218s] Level 1:colcon.colcon_core.shell:create_environment_hook('ros1_bridge', 'ld_library_path_lib')
[314.220s] INFO:colcon.colcon_core.shell:Creating environment hook '/home/vdr/ros_bridge/install/ros1_bridge/share/ros1_bridge/hook/ld_library_path_lib.ps1'
[314.222s] INFO:colcon.colcon_core.shell:Creating environment descriptor '/home/vdr/ros_bridge/install/ros1_bridge/share/ros1_bridge/hook/ld_library_path_lib.dsv'
[314.223s] INFO:colcon.colcon_core.shell:Creating environment hook '/home/vdr/ros_bridge/install/ros1_bridge/share/ros1_bridge/hook/ld_library_path_lib.sh'
[314.224s] Level 1:colcon.colcon_core.environment:checking '/home/vdr/ros_bridge/install/ros1_bridge/bin'
[314.224s] Level 1:colcon.colcon_core.environment:checking '/home/vdr/ros_bridge/install/ros1_bridge/lib/pkgconfig/ros1_bridge.pc'
[314.225s] Level 1:colcon.colcon_core.environment:checking '/home/vdr/ros_bridge/install/ros1_bridge/lib/python3.6/site-packages'
[314.225s] Level 1:colcon.colcon_core.shell:create_environment_hook('ros1_bridge', 'pythonpath')
[314.227s] INFO:colcon.colcon_core.shell:Creating environment hook '/home/vdr/ros_bridge/install/ros1_bridge/share/ros1_bridge/hook/pythonpath.ps1'
[314.228s] INFO:colcon.colcon_core.shell:Creating environment descriptor '/home/vdr/ros_bridge/install/ros1_bridge/share/ros1_bridge/hook/pythonpath.dsv'
[314.229s] INFO:colcon.colcon_core.shell:Creating environment hook '/home/vdr/ros_bridge/install/ros1_bridge/share/ros1_bridge/hook/pythonpath.sh'
[314.232s] INFO:colcon.colcon_core.shell:Creating package script '/home/vdr/ros_bridge/install/ros1_bridge/share/ros1_bridge/package.ps1'
[314.288s] INFO:colcon.colcon_core.shell:Creating package descriptor '/home/vdr/ros_bridge/install/ros1_bridge/share/ros1_bridge/package.dsv'
[314.324s] INFO:colcon.colcon_core.shell:Creating package script '/home/vdr/ros_bridge/install/ros1_bridge/share/ros1_bridge/package.sh'
[314.362s] INFO:colcon.colcon_core.shell:Creating package script '/home/vdr/ros_bridge/install/ros1_bridge/share/ros1_bridge/package.bash'
[314.409s] INFO:colcon.colcon_core.shell:Creating package script '/home/vdr/ros_bridge/install/ros1_bridge/share/ros1_bridge/package.zsh'
[314.526s] Level 1:colcon.colcon_core.environment:create_file_with_runtime_dependencies(/home/vdr/ros_bridge/install/ros1_bridge/share/colcon-core/packages/ros1_bridge)
[315.342s] Level 1:colcon.colcon_core.environment:create_environment_scripts_only(ros1_bridge)
[315.344s] Level 1:colcon.colcon_core.environment:checking '/home/vdr/ros_bridge/install/ros1_bridge' for CMake module files
[315.345s] Level 1:colcon.colcon_core.environment:checking '/home/vdr/ros_bridge/install/ros1_bridge' for CMake config files
[315.346s] Level 1:colcon.colcon_core.shell:create_environment_hook('ros1_bridge', 'cmake_prefix_path')
[315.347s] INFO:colcon.colcon_core.shell:Creating environment hook '/home/vdr/ros_bridge/install/ros1_bridge/share/ros1_bridge/hook/cmake_prefix_path.ps1'
[315.348s] INFO:colcon.colcon_core.shell:Creating environment descriptor '/home/vdr/ros_bridge/install/ros1_bridge/share/ros1_bridge/hook/cmake_prefix_path.dsv'
[315.348s] INFO:colcon.colcon_core.shell:Creating environment hook '/home/vdr/ros_bridge/install/ros1_bridge/share/ros1_bridge/hook/cmake_prefix_path.sh'
[315.350s] Level 1:colcon.colcon_core.environment:checking '/home/vdr/ros_bridge/install/ros1_bridge/lib'
[315.350s] Level 1:colcon.colcon_core.shell:create_environment_hook('ros1_bridge', 'ld_library_path_lib')
[315.351s] INFO:colcon.colcon_core.shell:Creating environment hook '/home/vdr/ros_bridge/install/ros1_bridge/share/ros1_bridge/hook/ld_library_path_lib.ps1'
[315.352s] INFO:colcon.colcon_core.shell:Creating environment descriptor '/home/vdr/ros_bridge/install/ros1_bridge/share/ros1_bridge/hook/ld_library_path_lib.dsv'
[315.352s] INFO:colcon.colcon_core.shell:Creating environment hook '/home/vdr/ros_bridge/install/ros1_bridge/share/ros1_bridge/hook/ld_library_path_lib.sh'
[315.353s] Level 1:colcon.colcon_core.environment:checking '/home/vdr/ros_bridge/install/ros1_bridge/bin'
[315.353s] Level 1:colcon.colcon_core.environment:checking '/home/vdr/ros_bridge/install/ros1_bridge/lib/pkgconfig/ros1_bridge.pc'
[315.353s] Level 1:colcon.colcon_core.environment:checking '/home/vdr/ros_bridge/install/ros1_bridge/lib/python3.6/site-packages'
[315.353s] Level 1:colcon.colcon_core.shell:create_environment_hook('ros1_bridge', 'pythonpath')
[315.354s] INFO:colcon.colcon_core.shell:Creating environment hook '/home/vdr/ros_bridge/install/ros1_bridge/share/ros1_bridge/hook/pythonpath.ps1'
[315.355s] INFO:colcon.colcon_core.shell:Creating environment descriptor '/home/vdr/ros_bridge/install/ros1_bridge/share/ros1_bridge/hook/pythonpath.dsv'
[315.356s] INFO:colcon.colcon_core.shell:Creating environment hook '/home/vdr/ros_bridge/install/ros1_bridge/share/ros1_bridge/hook/pythonpath.sh'
[315.357s] INFO:colcon.colcon_core.shell:Creating package script '/home/vdr/ros_bridge/install/ros1_bridge/share/ros1_bridge/package.ps1'
[315.358s] INFO:colcon.colcon_core.shell:Creating package descriptor '/home/vdr/ros_bridge/install/ros1_bridge/share/ros1_bridge/package.dsv'
[315.359s] INFO:colcon.colcon_core.shell:Creating package script '/home/vdr/ros_bridge/install/ros1_bridge/share/ros1_bridge/package.sh'
[315.360s] INFO:colcon.colcon_core.shell:Creating package script '/home/vdr/ros_bridge/install/ros1_bridge/share/ros1_bridge/package.bash'
[315.361s] INFO:colcon.colcon_core.shell:Creating package script '/home/vdr/ros_bridge/install/ros1_bridge/share/ros1_bridge/package.zsh'
[315.361s] Level 1:colcon.colcon_core.environment:create_file_with_runtime_dependencies(/home/vdr/ros_bridge/install/ros1_bridge/share/colcon-core/packages/ros1_bridge)
[315.362s] DEBUG:colcon.colcon_parallel_executor.executor.parallel:closing loop
[315.362s] DEBUG:colcon.colcon_parallel_executor.executor.parallel:loop closed
[315.363s] DEBUG:colcon.colcon_parallel_executor.executor.parallel:run_until_complete finished with '0'
[315.363s] DEBUG:colcon.colcon_core.event_reactor:joining thread
[315.867s] INFO:colcon.colcon_core.plugin_system:Skipping extension 'colcon_notification.desktop_notification.terminal_notifier': Not used on non-Darwin systems
[315.868s] INFO:colcon.colcon_core.plugin_system:Skipping extension 'colcon_notification.desktop_notification.win32': Not used on non-Windows systems
[315.868s] INFO:colcon.colcon_notification.desktop_notification:Sending desktop notification using 'notify2'
[315.877s] DEBUG:colcon.colcon_core.event_reactor:joined thread
[315.880s] INFO:colcon.colcon_core.shell:Creating prefix script '/home/vdr/ros_bridge/install/local_setup.ps1'
[315.926s] INFO:colcon.colcon_core.shell:Creating prefix util module '/home/vdr/ros_bridge/install/_local_setup_util_ps1.py'
[315.975s] INFO:colcon.colcon_core.shell:Creating prefix chain script '/home/vdr/ros_bridge/install/setup.ps1'
[316.058s] INFO:colcon.colcon_core.shell:Creating prefix script '/home/vdr/ros_bridge/install/local_setup.sh'
[316.257s] INFO:colcon.colcon_core.shell:Creating prefix util module '/home/vdr/ros_bridge/install/_local_setup_util_sh.py'
[316.259s] INFO:colcon.colcon_core.shell:Creating prefix chain script '/home/vdr/ros_bridge/install/setup.sh'
[316.472s] INFO:colcon.colcon_core.shell:Creating prefix script '/home/vdr/ros_bridge/install/local_setup.bash'
[316.509s] INFO:colcon.colcon_core.shell:Creating prefix chain script '/home/vdr/ros_bridge/install/setup.bash'
[317.006s] INFO:colcon.colcon_core.shell:Creating prefix script '/home/vdr/ros_bridge/install/local_setup.zsh'
[317.054s] INFO:colcon.colcon_core.shell:Creating prefix chain script '/home/vdr/ros_bridge/install/setup.zsh'
