[35m[1mScanning dependencies of target scanner[0m
[ 33%] Built target talker
[ 66%] Built target listener
[ 83%] [32mBuilding CXX object CMakeFiles/scanner.dir/src/scanner.cpp.o[0m
[01m[K/home/vdr/ros2/src/subpub/src/scanner.cpp:[m[K In member function ‘[01m[Kvoid Poggers::topic_callback(sensor_msgs::msg::LaserScan_<std::allocator<void> >::SharedPtr) const[m[K’:
[01m[K/home/vdr/ros2/src/subpub/src/scanner.cpp:28:22:[m[K [01;35m[Kwarning: [m[Kcomparison between signed and unsigned integer expressions [[01;35m[K-Wsign-compare[m[K]
         for(int i=0;[01;35m[Ki<scan->ranges.size()[m[K;i++){
                     [01;35m[K~^~~~~~~~~~~~~~~~~~~~[m[K
[100%] [32m[1mLinking CXX executable scanner[0m
[100%] Built target scanner
[ 33%] Built target listener
[ 66%] Built target scanner
[100%] Built target talker
[36mInstall the project...[0m
-- Install configuration: ""
-- Up-to-date: /home/vdr/ros2/install/subpub/lib/subpub/talker
-- Up-to-date: /home/vdr/ros2/install/subpub/lib/subpub/listener
-- Installing: /home/vdr/ros2/install/subpub/lib/subpub/scanner
-- Set runtime path of "/home/vdr/ros2/install/subpub/lib/subpub/scanner" to ""
-- Up-to-date: /home/vdr/ros2/install/subpub/share/ament_index/resource_index/package_run_dependencies/subpub
-- Up-to-date: /home/vdr/ros2/install/subpub/share/ament_index/resource_index/parent_prefix_path/subpub
-- Up-to-date: /home/vdr/ros2/install/subpub/share/subpub/environment/ament_prefix_path.sh
-- Up-to-date: /home/vdr/ros2/install/subpub/share/subpub/environment/path.sh
-- Up-to-date: /home/vdr/ros2/install/subpub/share/subpub/local_setup.bash
-- Up-to-date: /home/vdr/ros2/install/subpub/share/subpub/local_setup.sh
-- Up-to-date: /home/vdr/ros2/install/subpub/share/subpub/local_setup.zsh
-- Up-to-date: /home/vdr/ros2/install/subpub/share/ament_index/resource_index/packages/subpub
-- Up-to-date: /home/vdr/ros2/install/subpub/share/subpub/cmake/subpubConfig.cmake
-- Up-to-date: /home/vdr/ros2/install/subpub/share/subpub/cmake/subpubConfig-version.cmake
-- Up-to-date: /home/vdr/ros2/install/subpub/share/subpub/package.xml
