[0.327s] DEBUG:colcon:Command line arguments: ['/usr/bin/colcon', 'build']
[0.327s] DEBUG:colcon:Parsed command line arguments: Namespace(ament_cmake_args=None, base_paths=['.'], build_base='build', catkin_cmake_args=None, catkin_skip_building_tests=False, cmake_args=None, cmake_clean_cache=False, cmake_clean_first=False, cmake_force_configure=False, cmake_target=None, cmake_target_skip_unavailable=False, continue_on_error=False, event_handlers=None, executor='parallel', ignore_user_meta=False, install_base='install', log_base=None, log_level=None, main=<bound method BuildVerb.main of <colcon_core.verb.build.BuildVerb object at 0x7f2ee8148a30>>, merge_install=False, metas=['./colcon.meta'], packages_above=None, packages_above_and_dependencies=None, packages_above_depth=None, packages_end=None, packages_ignore=None, packages_ignore_regex=None, packages_select=None, packages_select_build_failed=False, packages_select_by_dep=None, packages_select_regex=None, packages_select_test_failures=False, packages_skip=None, packages_skip_build_finished=False, packages_skip_by_dep=None, packages_skip_regex=None, packages_skip_test_passed=False, packages_skip_up_to=None, packages_start=None, packages_up_to=None, packages_up_to_regex=None, parallel_workers=4, paths=None, symlink_install=False, test_result_base=None, verb_extension=<colcon_core.verb.build.BuildVerb object at 0x7f2ee8148a30>, verb_name='build', verb_parser=<colcon_defaults.argument_parser.defaults.DefaultArgumentsDecorator object at 0x7f2ee8148fa0>)
[0.341s] Level 1:colcon.colcon_core.package_discovery:discover_packages(colcon_meta) check parameters
[0.341s] Level 1:colcon.colcon_core.package_discovery:discover_packages(recursive) check parameters
[0.341s] Level 1:colcon.colcon_core.package_discovery:discover_packages(ignore) check parameters
[0.341s] Level 1:colcon.colcon_core.package_discovery:discover_packages(path) check parameters
[0.341s] Level 1:colcon.colcon_core.package_discovery:discover_packages(colcon_meta) discover
[0.341s] Level 1:colcon.colcon_core.package_discovery:discover_packages(recursive) discover
[0.341s] INFO:colcon.colcon_core.package_discovery:Crawling recursively for packages in '/home/frederik/git/20gr560/ros_ws'
[0.341s] Level 1:colcon.colcon_core.package_identification:_identify(.) by extensions ['ignore', 'ignore_ament_install']
[0.341s] Level 1:colcon.colcon_core.package_identification:_identify(.) by extension 'ignore'
[0.341s] Level 1:colcon.colcon_core.package_identification:_identify(.) by extension 'ignore_ament_install'
[0.341s] Level 1:colcon.colcon_core.package_identification:_identify(.) by extensions ['colcon_pkg']
[0.342s] Level 1:colcon.colcon_core.package_identification:_identify(.) by extension 'colcon_pkg'
[0.342s] Level 1:colcon.colcon_core.package_identification:_identify(.) by extensions ['colcon_meta']
[0.342s] Level 1:colcon.colcon_core.package_identification:_identify(.) by extension 'colcon_meta'
[0.342s] Level 1:colcon.colcon_core.package_identification:_identify(.) by extensions ['ros']
[0.342s] Level 1:colcon.colcon_core.package_identification:_identify(.) by extension 'ros'
[0.357s] Level 1:colcon.colcon_core.package_identification:_identify(.) by extensions ['cmake', 'python']
[0.357s] Level 1:colcon.colcon_core.package_identification:_identify(.) by extension 'cmake'
[0.357s] Level 1:colcon.colcon_core.package_identification:_identify(.) by extension 'python'
[0.357s] Level 1:colcon.colcon_core.package_identification:_identify(.) by extensions ['python_setup_py']
[0.357s] Level 1:colcon.colcon_core.package_identification:_identify(.) by extension 'python_setup_py'
[0.357s] Level 1:colcon.colcon_core.package_identification:_identify(build) by extensions ['ignore', 'ignore_ament_install']
[0.357s] Level 1:colcon.colcon_core.package_identification:_identify(build) by extension 'ignore'
[0.357s] Level 1:colcon.colcon_core.package_identification:_identify(build) ignored
[0.358s] Level 1:colcon.colcon_core.package_identification:_identify(install) by extensions ['ignore', 'ignore_ament_install']
[0.358s] Level 1:colcon.colcon_core.package_identification:_identify(install) by extension 'ignore'
[0.358s] Level 1:colcon.colcon_core.package_identification:_identify(install) ignored
[0.358s] Level 1:colcon.colcon_core.package_identification:_identify(log) by extensions ['ignore', 'ignore_ament_install']
[0.358s] Level 1:colcon.colcon_core.package_identification:_identify(log) by extension 'ignore'
[0.358s] Level 1:colcon.colcon_core.package_identification:_identify(log) ignored
[0.358s] Level 1:colcon.colcon_core.package_identification:_identify(src) by extensions ['ignore', 'ignore_ament_install']
[0.358s] Level 1:colcon.colcon_core.package_identification:_identify(src) by extension 'ignore'
[0.358s] Level 1:colcon.colcon_core.package_identification:_identify(src) by extension 'ignore_ament_install'
[0.358s] Level 1:colcon.colcon_core.package_identification:_identify(src) by extensions ['colcon_pkg']
[0.358s] Level 1:colcon.colcon_core.package_identification:_identify(src) by extension 'colcon_pkg'
[0.358s] Level 1:colcon.colcon_core.package_identification:_identify(src) by extensions ['colcon_meta']
[0.358s] Level 1:colcon.colcon_core.package_identification:_identify(src) by extension 'colcon_meta'
[0.359s] Level 1:colcon.colcon_core.package_identification:_identify(src) by extensions ['ros']
[0.359s] Level 1:colcon.colcon_core.package_identification:_identify(src) by extension 'ros'
[0.359s] Level 1:colcon.colcon_core.package_identification:_identify(src) by extensions ['cmake', 'python']
[0.359s] Level 1:colcon.colcon_core.package_identification:_identify(src) by extension 'cmake'
[0.359s] Level 1:colcon.colcon_core.package_identification:_identify(src) by extension 'python'
[0.359s] Level 1:colcon.colcon_core.package_identification:_identify(src) by extensions ['python_setup_py']
[0.359s] Level 1:colcon.colcon_core.package_identification:_identify(src) by extension 'python_setup_py'
[0.359s] Level 1:colcon.colcon_core.package_identification:_identify(src/ros2_tpod) by extensions ['ignore', 'ignore_ament_install']
[0.359s] Level 1:colcon.colcon_core.package_identification:_identify(src/ros2_tpod) by extension 'ignore'
[0.359s] Level 1:colcon.colcon_core.package_identification:_identify(src/ros2_tpod) by extension 'ignore_ament_install'
[0.359s] Level 1:colcon.colcon_core.package_identification:_identify(src/ros2_tpod) by extensions ['colcon_pkg']
[0.359s] Level 1:colcon.colcon_core.package_identification:_identify(src/ros2_tpod) by extension 'colcon_pkg'
[0.359s] Level 1:colcon.colcon_core.package_identification:_identify(src/ros2_tpod) by extensions ['colcon_meta']
[0.359s] Level 1:colcon.colcon_core.package_identification:_identify(src/ros2_tpod) by extension 'colcon_meta'
[0.359s] Level 1:colcon.colcon_core.package_identification:_identify(src/ros2_tpod) by extensions ['ros']
[0.359s] Level 1:colcon.colcon_core.package_identification:_identify(src/ros2_tpod) by extension 'ros'
[0.362s] DEBUG:colcon.colcon_core.package_identification:Package 'src/ros2_tpod' with type 'ros.ament_cmake' and name 'ros2_tpod'
[0.362s] Level 1:colcon.colcon_core.package_identification:_identify(src/ros_tutorials) by extensions ['ignore', 'ignore_ament_install']
[0.362s] Level 1:colcon.colcon_core.package_identification:_identify(src/ros_tutorials) by extension 'ignore'
[0.362s] Level 1:colcon.colcon_core.package_identification:_identify(src/ros_tutorials) by extension 'ignore_ament_install'
[0.362s] Level 1:colcon.colcon_core.package_identification:_identify(src/ros_tutorials) by extensions ['colcon_pkg']
[0.362s] Level 1:colcon.colcon_core.package_identification:_identify(src/ros_tutorials) by extension 'colcon_pkg'
[0.362s] Level 1:colcon.colcon_core.package_identification:_identify(src/ros_tutorials) by extensions ['colcon_meta']
[0.362s] Level 1:colcon.colcon_core.package_identification:_identify(src/ros_tutorials) by extension 'colcon_meta'
[0.362s] Level 1:colcon.colcon_core.package_identification:_identify(src/ros_tutorials) by extensions ['ros']
[0.362s] Level 1:colcon.colcon_core.package_identification:_identify(src/ros_tutorials) by extension 'ros'
[0.363s] Level 1:colcon.colcon_core.package_identification:_identify(src/ros_tutorials) by extensions ['cmake', 'python']
[0.363s] Level 1:colcon.colcon_core.package_identification:_identify(src/ros_tutorials) by extension 'cmake'
[0.363s] Level 1:colcon.colcon_core.package_identification:_identify(src/ros_tutorials) by extension 'python'
[0.363s] Level 1:colcon.colcon_core.package_identification:_identify(src/ros_tutorials) by extensions ['python_setup_py']
[0.363s] Level 1:colcon.colcon_core.package_identification:_identify(src/ros_tutorials) by extension 'python_setup_py'
[0.363s] Level 1:colcon.colcon_core.package_identification:_identify(src/ros_tutorials/ros_tutorials) by extensions ['ignore', 'ignore_ament_install']
[0.363s] Level 1:colcon.colcon_core.package_identification:_identify(src/ros_tutorials/ros_tutorials) by extension 'ignore'
[0.363s] Level 1:colcon.colcon_core.package_identification:_identify(src/ros_tutorials/ros_tutorials) ignored
[0.363s] Level 1:colcon.colcon_core.package_identification:_identify(src/ros_tutorials/roscpp_tutorials) by extensions ['ignore', 'ignore_ament_install']
[0.363s] Level 1:colcon.colcon_core.package_identification:_identify(src/ros_tutorials/roscpp_tutorials) by extension 'ignore'
[0.363s] Level 1:colcon.colcon_core.package_identification:_identify(src/ros_tutorials/roscpp_tutorials) ignored
[0.363s] Level 1:colcon.colcon_core.package_identification:_identify(src/ros_tutorials/rospy_tutorials) by extensions ['ignore', 'ignore_ament_install']
[0.364s] Level 1:colcon.colcon_core.package_identification:_identify(src/ros_tutorials/rospy_tutorials) by extension 'ignore'
[0.364s] Level 1:colcon.colcon_core.package_identification:_identify(src/ros_tutorials/rospy_tutorials) ignored
[0.364s] Level 1:colcon.colcon_core.package_identification:_identify(src/ros_tutorials/turtlesim) by extensions ['ignore', 'ignore_ament_install']
[0.364s] Level 1:colcon.colcon_core.package_identification:_identify(src/ros_tutorials/turtlesim) by extension 'ignore'
[0.364s] Level 1:colcon.colcon_core.package_identification:_identify(src/ros_tutorials/turtlesim) by extension 'ignore_ament_install'
[0.364s] Level 1:colcon.colcon_core.package_identification:_identify(src/ros_tutorials/turtlesim) by extensions ['colcon_pkg']
[0.364s] Level 1:colcon.colcon_core.package_identification:_identify(src/ros_tutorials/turtlesim) by extension 'colcon_pkg'
[0.364s] Level 1:colcon.colcon_core.package_identification:_identify(src/ros_tutorials/turtlesim) by extensions ['colcon_meta']
[0.364s] Level 1:colcon.colcon_core.package_identification:_identify(src/ros_tutorials/turtlesim) by extension 'colcon_meta'
[0.364s] Level 1:colcon.colcon_core.package_identification:_identify(src/ros_tutorials/turtlesim) by extensions ['ros']
[0.364s] Level 1:colcon.colcon_core.package_identification:_identify(src/ros_tutorials/turtlesim) by extension 'ros'
[0.365s] DEBUG:colcon.colcon_core.package_identification:Package 'src/ros_tutorials/turtlesim' with type 'ros.ament_cmake' and name 'turtlesim'
[0.366s] Level 1:colcon.colcon_core.package_discovery:discover_packages(recursive) using defaults
[0.366s] Level 1:colcon.colcon_core.package_discovery:discover_packages(ignore) discover
[0.366s] Level 1:colcon.colcon_core.package_discovery:discover_packages(ignore) using defaults
[0.366s] Level 1:colcon.colcon_core.package_discovery:discover_packages(path) discover
[0.366s] Level 1:colcon.colcon_core.package_discovery:discover_packages(path) using defaults
[0.411s] Level 5:colcon.colcon_core.verb:set package 'ros2_tpod' build argument 'cmake_args' from command line to 'None'
[0.411s] Level 5:colcon.colcon_core.verb:set package 'ros2_tpod' build argument 'cmake_target' from command line to 'None'
[0.411s] Level 5:colcon.colcon_core.verb:set package 'ros2_tpod' build argument 'cmake_target_skip_unavailable' from command line to 'False'
[0.411s] Level 5:colcon.colcon_core.verb:set package 'ros2_tpod' build argument 'cmake_clean_cache' from command line to 'False'
[0.411s] Level 5:colcon.colcon_core.verb:set package 'ros2_tpod' build argument 'cmake_clean_first' from command line to 'False'
[0.411s] Level 5:colcon.colcon_core.verb:set package 'ros2_tpod' build argument 'cmake_force_configure' from command line to 'False'
[0.411s] Level 5:colcon.colcon_core.verb:set package 'ros2_tpod' build argument 'ament_cmake_args' from command line to 'None'
[0.411s] Level 5:colcon.colcon_core.verb:set package 'ros2_tpod' build argument 'catkin_cmake_args' from command line to 'None'
[0.411s] Level 5:colcon.colcon_core.verb:set package 'ros2_tpod' build argument 'catkin_skip_building_tests' from command line to 'False'
[0.411s] DEBUG:colcon.colcon_core.verb:Building package 'ros2_tpod' with the following arguments: {'ament_cmake_args': None, 'build_base': '/home/frederik/git/20gr560/ros_ws/build/ros2_tpod', 'catkin_cmake_args': None, 'catkin_skip_building_tests': False, 'cmake_args': None, 'cmake_clean_cache': False, 'cmake_clean_first': False, 'cmake_force_configure': False, 'cmake_target': None, 'cmake_target_skip_unavailable': False, 'install_base': '/home/frederik/git/20gr560/ros_ws/install/ros2_tpod', 'merge_install': False, 'path': '/home/frederik/git/20gr560/ros_ws/src/ros2_tpod', 'symlink_install': False, 'test_result_base': None}
[0.416s] Level 5:colcon.colcon_core.verb:set package 'turtlesim' build argument 'cmake_args' from command line to 'None'
[0.417s] Level 5:colcon.colcon_core.verb:set package 'turtlesim' build argument 'cmake_target' from command line to 'None'
[0.417s] Level 5:colcon.colcon_core.verb:set package 'turtlesim' build argument 'cmake_target_skip_unavailable' from command line to 'False'
[0.417s] Level 5:colcon.colcon_core.verb:set package 'turtlesim' build argument 'cmake_clean_cache' from command line to 'False'
[0.417s] Level 5:colcon.colcon_core.verb:set package 'turtlesim' build argument 'cmake_clean_first' from command line to 'False'
[0.417s] Level 5:colcon.colcon_core.verb:set package 'turtlesim' build argument 'cmake_force_configure' from command line to 'False'
[0.417s] Level 5:colcon.colcon_core.verb:set package 'turtlesim' build argument 'ament_cmake_args' from command line to 'None'
[0.417s] Level 5:colcon.colcon_core.verb:set package 'turtlesim' build argument 'catkin_cmake_args' from command line to 'None'
[0.417s] Level 5:colcon.colcon_core.verb:set package 'turtlesim' build argument 'catkin_skip_building_tests' from command line to 'False'
[0.417s] DEBUG:colcon.colcon_core.verb:Building package 'turtlesim' with the following arguments: {'ament_cmake_args': None, 'build_base': '/home/frederik/git/20gr560/ros_ws/build/turtlesim', 'catkin_cmake_args': None, 'catkin_skip_building_tests': False, 'cmake_args': None, 'cmake_clean_cache': False, 'cmake_clean_first': False, 'cmake_force_configure': False, 'cmake_target': None, 'cmake_target_skip_unavailable': False, 'install_base': '/home/frederik/git/20gr560/ros_ws/install/turtlesim', 'merge_install': False, 'path': '/home/frederik/git/20gr560/ros_ws/src/ros_tutorials/turtlesim', 'symlink_install': False, 'test_result_base': None}
[0.417s] INFO:colcon.colcon_core.executor:Executing jobs using 'parallel' executor
[0.421s] DEBUG:colcon.colcon_parallel_executor.executor.parallel:run_until_complete
[0.421s] INFO:colcon.colcon_ros.task.ament_cmake.build:Building ROS package in '/home/frederik/git/20gr560/ros_ws/src/ros2_tpod' with build type 'ament_cmake'
[0.421s] INFO:colcon.colcon_cmake.task.cmake.build:Building CMake package in '/home/frederik/git/20gr560/ros_ws/src/ros2_tpod'
[0.431s] INFO:colcon.colcon_core.plugin_system:Skipping extension 'colcon_core.shell.bat': Not used on non-Windows systems
[0.431s] INFO:colcon.colcon_core.shell:Skip shell extension 'powershell' for command environment: Not usable outside of PowerShell
[0.431s] DEBUG:colcon.colcon_core.shell:Skip shell extension 'dsv' for command environment
[0.435s] WARNING:colcon.colcon_ros.prefix_path.ament:The path '/home/frederik/git/20gr560/ros_ws/install/turtlesim' in the environment variable AMENT_PREFIX_PATH doesn't exist
[0.435s] WARNING:colcon.colcon_ros.prefix_path.ament:The path '/home/frederik/git/20gr560/ros_ws/install/ros2_tpod' in the environment variable AMENT_PREFIX_PATH doesn't exist
[0.435s] WARNING:colcon.colcon_ros.prefix_path.ament:The path '/home/frederik/git/20gr560/ros_ws/install/ros2_compatible_tpod_driver' in the environment variable AMENT_PREFIX_PATH doesn't exist
[0.451s] WARNING:colcon.colcon_ros.prefix_path.catkin:The path '/home/frederik/git/20gr560/ros_ws/install/turtlesim' in the environment variable CMAKE_PREFIX_PATH doesn't exist
[0.451s] WARNING:colcon.colcon_ros.prefix_path.catkin:The path '/home/frederik/git/20gr560/ros_ws/install/ros2_tpod' in the environment variable CMAKE_PREFIX_PATH doesn't exist
[0.451s] WARNING:colcon.colcon_ros.prefix_path.catkin:The path '/home/frederik/git/20gr560/ros_ws/install/ros2_compatible_tpod_driver' in the environment variable CMAKE_PREFIX_PATH doesn't exist
[0.468s] INFO:colcon.colcon_ros.task.ament_cmake.build:Building ROS package in '/home/frederik/git/20gr560/ros_ws/src/ros_tutorials/turtlesim' with build type 'ament_cmake'
[0.468s] INFO:colcon.colcon_cmake.task.cmake.build:Building CMake package in '/home/frederik/git/20gr560/ros_ws/src/ros_tutorials/turtlesim'
[0.470s] INFO:colcon.colcon_core.shell:Skip shell extension 'powershell' for command environment: Not usable outside of PowerShell
[0.470s] DEBUG:colcon.colcon_core.shell:Skip shell extension 'dsv' for command environment
[0.513s] DEBUG:colcon.colcon_core.event_handler.log_command:Invoking command in '/home/frederik/git/20gr560/ros_ws/build/ros2_tpod': CMAKE_PREFIX_PATH=${CMAKE_PREFIX_PATH}:/home/frederik/ros2_foxy/install/ros2bag:/home/frederik/ros2_foxy/install/tracetools_launch:/home/frederik/ros2_foxy/install/topic_monitor:/home/frederik/ros2_foxy/install/examples_tf2_py:/home/frederik/ros2_foxy/install/sros2:/home/frederik/ros2_foxy/install/rqt_topic:/home/frederik/ros2_foxy/install/rqt_reconfigure:/home/frederik/ros2_foxy/install/rqt_action:/home/frederik/ros2_foxy/install/rqt:/home/frederik/ros2_foxy/install/rqt_graph:/home/frederik/ros2_foxy/install/rqt_gui_py:/home/frederik/ros2_foxy/install/rqt_gui:/home/frederik/ros2_foxy/install/ros2trace:/home/frederik/ros2_foxy/install/ros2topic:/home/frederik/ros2_foxy/install/ros2test:/home/frederik/ros2_foxy/install/ros2component:/home/frederik/ros2_foxy/install/ros2param:/home/frederik/ros2_foxy/install/ros2lifecycle:/home/frederik/ros2_foxy/install/ros2service:/home/frederik/ros2_foxy/install/ros2run:/home/frederik/ros2_foxy/install/ros2launch:/home/frederik/ros2_foxy/install/ros2pkg:/home/frederik/ros2_foxy/install/ros2node:/home/frederik/ros2_foxy/install/ros2multicast:/home/frederik/ros2_foxy/install/ros2interface:/home/frederik/ros2_foxy/install/ros2doctor:/home/frederik/ros2_foxy/install/ros2action:/home/frederik/ros2_foxy/install/ros2cli:/home/frederik/ros2_foxy/install/quality_of_service_demo_py:/home/frederik/ros2_foxy/install/launch_testing_ros:/home/frederik/ros2_foxy/install/launch_ros:/home/frederik/ros2_foxy/install/examples_rclpy_minimal_subscriber:/home/frederik/ros2_foxy/install/examples_rclpy_minimal_service:/home/frederik/ros2_foxy/install/examples_rclpy_minimal_publisher:/home/frederik/ros2_foxy/install/examples_rclpy_minimal_client:/home/frederik/ros2_foxy/install/examples_rclpy_minimal_action_server:/home/frederik/ros2_foxy/install/examples_rclpy_minimal_action_client:/home/frederik/ros2_foxy/install/examples_rclpy_executors:/home/frederik/ros2_foxy/install/demo_nodes_py:/home/frederik/ros2_foxy/install/action_tutorials_py:/home/frederik/ros2_foxy/install/ament_uncrustify:/home/frederik/ros2_foxy/install/tracetools_trace:/home/frederik/ros2_foxy/install/tracetools_read:/home/frederik/ros2_foxy/install/test_launch_ros:/home/frederik/ros2_foxy/install/rpyutils:/home/frederik/ros2_foxy/install/rosidl_runtime_py:/home/frederik/ros2_foxy/install/launch_yaml:/home/frederik/ros2_foxy/install/launch_xml:/home/frederik/ros2_foxy/install/launch_testing:/home/frederik/ros2_foxy/install/launch:/home/frederik/ros2_foxy/install/osrf_pycommon:/home/frederik/ros2_foxy/install/domain_coordinator:/home/frederik/ros2_foxy/install/ament_xmllint:/home/frederik/ros2_foxy/install/ament_pyflakes:/home/frederik/ros2_foxy/install/ament_pycodestyle:/home/frederik/ros2_foxy/install/ament_pep257:/home/frederik/ros2_foxy/install/ament_pclint:/home/frederik/ros2_foxy/install/ament_package:/home/frederik/ros2_foxy/install/ament_mypy:/home/frederik/ros2_foxy/install/ament_lint_cmake:/home/frederik/ros2_foxy/install/ament_flake8:/home/frederik/ros2_foxy/install/ament_copyright:/home/frederik/ros2_foxy/install/ament_lint:/home/frederik/ros2_foxy/install/ament_index_python:/home/frederik/ros2_foxy/install/ament_cpplint:/home/frederik/ros2_foxy/install/ament_cppcheck:/home/frederik/ros2_foxy/install/ament_clang_tidy:/home/frederik/ros2_foxy/install/ament_clang_format /usr/bin/cmake /home/frederik/git/20gr560/ros_ws/src/ros2_tpod -DCMAKE_INSTALL_PREFIX=/home/frederik/git/20gr560/ros_ws/install/ros2_tpod
[0.532s] DEBUG:colcon.colcon_core.event_handler.log_command:Invoking command in '/home/frederik/git/20gr560/ros_ws/build/turtlesim': CMAKE_PREFIX_PATH=${CMAKE_PREFIX_PATH}:/home/frederik/ros2_foxy/install/ros2bag:/home/frederik/ros2_foxy/install/tracetools_launch:/home/frederik/ros2_foxy/install/topic_monitor:/home/frederik/ros2_foxy/install/examples_tf2_py:/home/frederik/ros2_foxy/install/sros2:/home/frederik/ros2_foxy/install/rqt_topic:/home/frederik/ros2_foxy/install/rqt_reconfigure:/home/frederik/ros2_foxy/install/rqt_action:/home/frederik/ros2_foxy/install/rqt:/home/frederik/ros2_foxy/install/rqt_graph:/home/frederik/ros2_foxy/install/rqt_gui_py:/home/frederik/ros2_foxy/install/rqt_gui:/home/frederik/ros2_foxy/install/ros2trace:/home/frederik/ros2_foxy/install/ros2topic:/home/frederik/ros2_foxy/install/ros2test:/home/frederik/ros2_foxy/install/ros2component:/home/frederik/ros2_foxy/install/ros2param:/home/frederik/ros2_foxy/install/ros2lifecycle:/home/frederik/ros2_foxy/install/ros2service:/home/frederik/ros2_foxy/install/ros2run:/home/frederik/ros2_foxy/install/ros2launch:/home/frederik/ros2_foxy/install/ros2pkg:/home/frederik/ros2_foxy/install/ros2node:/home/frederik/ros2_foxy/install/ros2multicast:/home/frederik/ros2_foxy/install/ros2interface:/home/frederik/ros2_foxy/install/ros2doctor:/home/frederik/ros2_foxy/install/ros2action:/home/frederik/ros2_foxy/install/ros2cli:/home/frederik/ros2_foxy/install/quality_of_service_demo_py:/home/frederik/ros2_foxy/install/launch_testing_ros:/home/frederik/ros2_foxy/install/launch_ros:/home/frederik/ros2_foxy/install/examples_rclpy_minimal_subscriber:/home/frederik/ros2_foxy/install/examples_rclpy_minimal_service:/home/frederik/ros2_foxy/install/examples_rclpy_minimal_publisher:/home/frederik/ros2_foxy/install/examples_rclpy_minimal_client:/home/frederik/ros2_foxy/install/examples_rclpy_minimal_action_server:/home/frederik/ros2_foxy/install/examples_rclpy_minimal_action_client:/home/frederik/ros2_foxy/install/examples_rclpy_executors:/home/frederik/ros2_foxy/install/demo_nodes_py:/home/frederik/ros2_foxy/install/action_tutorials_py:/home/frederik/ros2_foxy/install/ament_uncrustify:/home/frederik/ros2_foxy/install/tracetools_trace:/home/frederik/ros2_foxy/install/tracetools_read:/home/frederik/ros2_foxy/install/test_launch_ros:/home/frederik/ros2_foxy/install/rpyutils:/home/frederik/ros2_foxy/install/rosidl_runtime_py:/home/frederik/ros2_foxy/install/launch_yaml:/home/frederik/ros2_foxy/install/launch_xml:/home/frederik/ros2_foxy/install/launch_testing:/home/frederik/ros2_foxy/install/launch:/home/frederik/ros2_foxy/install/osrf_pycommon:/home/frederik/ros2_foxy/install/domain_coordinator:/home/frederik/ros2_foxy/install/ament_xmllint:/home/frederik/ros2_foxy/install/ament_pyflakes:/home/frederik/ros2_foxy/install/ament_pycodestyle:/home/frederik/ros2_foxy/install/ament_pep257:/home/frederik/ros2_foxy/install/ament_pclint:/home/frederik/ros2_foxy/install/ament_package:/home/frederik/ros2_foxy/install/ament_mypy:/home/frederik/ros2_foxy/install/ament_lint_cmake:/home/frederik/ros2_foxy/install/ament_flake8:/home/frederik/ros2_foxy/install/ament_copyright:/home/frederik/ros2_foxy/install/ament_lint:/home/frederik/ros2_foxy/install/ament_index_python:/home/frederik/ros2_foxy/install/ament_cpplint:/home/frederik/ros2_foxy/install/ament_cppcheck:/home/frederik/ros2_foxy/install/ament_clang_tidy:/home/frederik/ros2_foxy/install/ament_clang_format /usr/bin/cmake /home/frederik/git/20gr560/ros_ws/src/ros_tutorials/turtlesim -DCMAKE_INSTALL_PREFIX=/home/frederik/git/20gr560/ros_ws/install/turtlesim
[4.204s] DEBUG:colcon.colcon_core.event_handler.log_command:Invoked command in '/home/frederik/git/20gr560/ros_ws/build/ros2_tpod' returned '0': CMAKE_PREFIX_PATH=${CMAKE_PREFIX_PATH}:/home/frederik/ros2_foxy/install/ros2bag:/home/frederik/ros2_foxy/install/tracetools_launch:/home/frederik/ros2_foxy/install/topic_monitor:/home/frederik/ros2_foxy/install/examples_tf2_py:/home/frederik/ros2_foxy/install/sros2:/home/frederik/ros2_foxy/install/rqt_topic:/home/frederik/ros2_foxy/install/rqt_reconfigure:/home/frederik/ros2_foxy/install/rqt_action:/home/frederik/ros2_foxy/install/rqt:/home/frederik/ros2_foxy/install/rqt_graph:/home/frederik/ros2_foxy/install/rqt_gui_py:/home/frederik/ros2_foxy/install/rqt_gui:/home/frederik/ros2_foxy/install/ros2trace:/home/frederik/ros2_foxy/install/ros2topic:/home/frederik/ros2_foxy/install/ros2test:/home/frederik/ros2_foxy/install/ros2component:/home/frederik/ros2_foxy/install/ros2param:/home/frederik/ros2_foxy/install/ros2lifecycle:/home/frederik/ros2_foxy/install/ros2service:/home/frederik/ros2_foxy/install/ros2run:/home/frederik/ros2_foxy/install/ros2launch:/home/frederik/ros2_foxy/install/ros2pkg:/home/frederik/ros2_foxy/install/ros2node:/home/frederik/ros2_foxy/install/ros2multicast:/home/frederik/ros2_foxy/install/ros2interface:/home/frederik/ros2_foxy/install/ros2doctor:/home/frederik/ros2_foxy/install/ros2action:/home/frederik/ros2_foxy/install/ros2cli:/home/frederik/ros2_foxy/install/quality_of_service_demo_py:/home/frederik/ros2_foxy/install/launch_testing_ros:/home/frederik/ros2_foxy/install/launch_ros:/home/frederik/ros2_foxy/install/examples_rclpy_minimal_subscriber:/home/frederik/ros2_foxy/install/examples_rclpy_minimal_service:/home/frederik/ros2_foxy/install/examples_rclpy_minimal_publisher:/home/frederik/ros2_foxy/install/examples_rclpy_minimal_client:/home/frederik/ros2_foxy/install/examples_rclpy_minimal_action_server:/home/frederik/ros2_foxy/install/examples_rclpy_minimal_action_client:/home/frederik/ros2_foxy/install/examples_rclpy_executors:/home/frederik/ros2_foxy/install/demo_nodes_py:/home/frederik/ros2_foxy/install/action_tutorials_py:/home/frederik/ros2_foxy/install/ament_uncrustify:/home/frederik/ros2_foxy/install/tracetools_trace:/home/frederik/ros2_foxy/install/tracetools_read:/home/frederik/ros2_foxy/install/test_launch_ros:/home/frederik/ros2_foxy/install/rpyutils:/home/frederik/ros2_foxy/install/rosidl_runtime_py:/home/frederik/ros2_foxy/install/launch_yaml:/home/frederik/ros2_foxy/install/launch_xml:/home/frederik/ros2_foxy/install/launch_testing:/home/frederik/ros2_foxy/install/launch:/home/frederik/ros2_foxy/install/osrf_pycommon:/home/frederik/ros2_foxy/install/domain_coordinator:/home/frederik/ros2_foxy/install/ament_xmllint:/home/frederik/ros2_foxy/install/ament_pyflakes:/home/frederik/ros2_foxy/install/ament_pycodestyle:/home/frederik/ros2_foxy/install/ament_pep257:/home/frederik/ros2_foxy/install/ament_pclint:/home/frederik/ros2_foxy/install/ament_package:/home/frederik/ros2_foxy/install/ament_mypy:/home/frederik/ros2_foxy/install/ament_lint_cmake:/home/frederik/ros2_foxy/install/ament_flake8:/home/frederik/ros2_foxy/install/ament_copyright:/home/frederik/ros2_foxy/install/ament_lint:/home/frederik/ros2_foxy/install/ament_index_python:/home/frederik/ros2_foxy/install/ament_cpplint:/home/frederik/ros2_foxy/install/ament_cppcheck:/home/frederik/ros2_foxy/install/ament_clang_tidy:/home/frederik/ros2_foxy/install/ament_clang_format /usr/bin/cmake /home/frederik/git/20gr560/ros_ws/src/ros2_tpod -DCMAKE_INSTALL_PREFIX=/home/frederik/git/20gr560/ros_ws/install/ros2_tpod
[4.208s] DEBUG:colcon.colcon_core.event_handler.log_command:Invoking command in '/home/frederik/git/20gr560/ros_ws/build/ros2_tpod': CMAKE_PREFIX_PATH=${CMAKE_PREFIX_PATH}:/home/frederik/ros2_foxy/install/ros2bag:/home/frederik/ros2_foxy/install/tracetools_launch:/home/frederik/ros2_foxy/install/topic_monitor:/home/frederik/ros2_foxy/install/examples_tf2_py:/home/frederik/ros2_foxy/install/sros2:/home/frederik/ros2_foxy/install/rqt_topic:/home/frederik/ros2_foxy/install/rqt_reconfigure:/home/frederik/ros2_foxy/install/rqt_action:/home/frederik/ros2_foxy/install/rqt:/home/frederik/ros2_foxy/install/rqt_graph:/home/frederik/ros2_foxy/install/rqt_gui_py:/home/frederik/ros2_foxy/install/rqt_gui:/home/frederik/ros2_foxy/install/ros2trace:/home/frederik/ros2_foxy/install/ros2topic:/home/frederik/ros2_foxy/install/ros2test:/home/frederik/ros2_foxy/install/ros2component:/home/frederik/ros2_foxy/install/ros2param:/home/frederik/ros2_foxy/install/ros2lifecycle:/home/frederik/ros2_foxy/install/ros2service:/home/frederik/ros2_foxy/install/ros2run:/home/frederik/ros2_foxy/install/ros2launch:/home/frederik/ros2_foxy/install/ros2pkg:/home/frederik/ros2_foxy/install/ros2node:/home/frederik/ros2_foxy/install/ros2multicast:/home/frederik/ros2_foxy/install/ros2interface:/home/frederik/ros2_foxy/install/ros2doctor:/home/frederik/ros2_foxy/install/ros2action:/home/frederik/ros2_foxy/install/ros2cli:/home/frederik/ros2_foxy/install/quality_of_service_demo_py:/home/frederik/ros2_foxy/install/launch_testing_ros:/home/frederik/ros2_foxy/install/launch_ros:/home/frederik/ros2_foxy/install/examples_rclpy_minimal_subscriber:/home/frederik/ros2_foxy/install/examples_rclpy_minimal_service:/home/frederik/ros2_foxy/install/examples_rclpy_minimal_publisher:/home/frederik/ros2_foxy/install/examples_rclpy_minimal_client:/home/frederik/ros2_foxy/install/examples_rclpy_minimal_action_server:/home/frederik/ros2_foxy/install/examples_rclpy_minimal_action_client:/home/frederik/ros2_foxy/install/examples_rclpy_executors:/home/frederik/ros2_foxy/install/demo_nodes_py:/home/frederik/ros2_foxy/install/action_tutorials_py:/home/frederik/ros2_foxy/install/ament_uncrustify:/home/frederik/ros2_foxy/install/tracetools_trace:/home/frederik/ros2_foxy/install/tracetools_read:/home/frederik/ros2_foxy/install/test_launch_ros:/home/frederik/ros2_foxy/install/rpyutils:/home/frederik/ros2_foxy/install/rosidl_runtime_py:/home/frederik/ros2_foxy/install/launch_yaml:/home/frederik/ros2_foxy/install/launch_xml:/home/frederik/ros2_foxy/install/launch_testing:/home/frederik/ros2_foxy/install/launch:/home/frederik/ros2_foxy/install/osrf_pycommon:/home/frederik/ros2_foxy/install/domain_coordinator:/home/frederik/ros2_foxy/install/ament_xmllint:/home/frederik/ros2_foxy/install/ament_pyflakes:/home/frederik/ros2_foxy/install/ament_pycodestyle:/home/frederik/ros2_foxy/install/ament_pep257:/home/frederik/ros2_foxy/install/ament_pclint:/home/frederik/ros2_foxy/install/ament_package:/home/frederik/ros2_foxy/install/ament_mypy:/home/frederik/ros2_foxy/install/ament_lint_cmake:/home/frederik/ros2_foxy/install/ament_flake8:/home/frederik/ros2_foxy/install/ament_copyright:/home/frederik/ros2_foxy/install/ament_lint:/home/frederik/ros2_foxy/install/ament_index_python:/home/frederik/ros2_foxy/install/ament_cpplint:/home/frederik/ros2_foxy/install/ament_cppcheck:/home/frederik/ros2_foxy/install/ament_clang_tidy:/home/frederik/ros2_foxy/install/ament_clang_format /usr/bin/cmake --build /home/frederik/git/20gr560/ros_ws/build/ros2_tpod -- -j4 -l4
[4.542s] DEBUG:colcon.colcon_core.event_handler.log_command:Invoked command in '/home/frederik/git/20gr560/ros_ws/build/ros2_tpod' returned '0': CMAKE_PREFIX_PATH=${CMAKE_PREFIX_PATH}:/home/frederik/ros2_foxy/install/ros2bag:/home/frederik/ros2_foxy/install/tracetools_launch:/home/frederik/ros2_foxy/install/topic_monitor:/home/frederik/ros2_foxy/install/examples_tf2_py:/home/frederik/ros2_foxy/install/sros2:/home/frederik/ros2_foxy/install/rqt_topic:/home/frederik/ros2_foxy/install/rqt_reconfigure:/home/frederik/ros2_foxy/install/rqt_action:/home/frederik/ros2_foxy/install/rqt:/home/frederik/ros2_foxy/install/rqt_graph:/home/frederik/ros2_foxy/install/rqt_gui_py:/home/frederik/ros2_foxy/install/rqt_gui:/home/frederik/ros2_foxy/install/ros2trace:/home/frederik/ros2_foxy/install/ros2topic:/home/frederik/ros2_foxy/install/ros2test:/home/frederik/ros2_foxy/install/ros2component:/home/frederik/ros2_foxy/install/ros2param:/home/frederik/ros2_foxy/install/ros2lifecycle:/home/frederik/ros2_foxy/install/ros2service:/home/frederik/ros2_foxy/install/ros2run:/home/frederik/ros2_foxy/install/ros2launch:/home/frederik/ros2_foxy/install/ros2pkg:/home/frederik/ros2_foxy/install/ros2node:/home/frederik/ros2_foxy/install/ros2multicast:/home/frederik/ros2_foxy/install/ros2interface:/home/frederik/ros2_foxy/install/ros2doctor:/home/frederik/ros2_foxy/install/ros2action:/home/frederik/ros2_foxy/install/ros2cli:/home/frederik/ros2_foxy/install/quality_of_service_demo_py:/home/frederik/ros2_foxy/install/launch_testing_ros:/home/frederik/ros2_foxy/install/launch_ros:/home/frederik/ros2_foxy/install/examples_rclpy_minimal_subscriber:/home/frederik/ros2_foxy/install/examples_rclpy_minimal_service:/home/frederik/ros2_foxy/install/examples_rclpy_minimal_publisher:/home/frederik/ros2_foxy/install/examples_rclpy_minimal_client:/home/frederik/ros2_foxy/install/examples_rclpy_minimal_action_server:/home/frederik/ros2_foxy/install/examples_rclpy_minimal_action_client:/home/frederik/ros2_foxy/install/examples_rclpy_executors:/home/frederik/ros2_foxy/install/demo_nodes_py:/home/frederik/ros2_foxy/install/action_tutorials_py:/home/frederik/ros2_foxy/install/ament_uncrustify:/home/frederik/ros2_foxy/install/tracetools_trace:/home/frederik/ros2_foxy/install/tracetools_read:/home/frederik/ros2_foxy/install/test_launch_ros:/home/frederik/ros2_foxy/install/rpyutils:/home/frederik/ros2_foxy/install/rosidl_runtime_py:/home/frederik/ros2_foxy/install/launch_yaml:/home/frederik/ros2_foxy/install/launch_xml:/home/frederik/ros2_foxy/install/launch_testing:/home/frederik/ros2_foxy/install/launch:/home/frederik/ros2_foxy/install/osrf_pycommon:/home/frederik/ros2_foxy/install/domain_coordinator:/home/frederik/ros2_foxy/install/ament_xmllint:/home/frederik/ros2_foxy/install/ament_pyflakes:/home/frederik/ros2_foxy/install/ament_pycodestyle:/home/frederik/ros2_foxy/install/ament_pep257:/home/frederik/ros2_foxy/install/ament_pclint:/home/frederik/ros2_foxy/install/ament_package:/home/frederik/ros2_foxy/install/ament_mypy:/home/frederik/ros2_foxy/install/ament_lint_cmake:/home/frederik/ros2_foxy/install/ament_flake8:/home/frederik/ros2_foxy/install/ament_copyright:/home/frederik/ros2_foxy/install/ament_lint:/home/frederik/ros2_foxy/install/ament_index_python:/home/frederik/ros2_foxy/install/ament_cpplint:/home/frederik/ros2_foxy/install/ament_cppcheck:/home/frederik/ros2_foxy/install/ament_clang_tidy:/home/frederik/ros2_foxy/install/ament_clang_format /usr/bin/cmake --build /home/frederik/git/20gr560/ros_ws/build/ros2_tpod -- -j4 -l4
[4.672s] DEBUG:colcon.colcon_core.event_handler.log_command:Invoking command in '/home/frederik/git/20gr560/ros_ws/build/ros2_tpod': CMAKE_PREFIX_PATH=${CMAKE_PREFIX_PATH}:/home/frederik/ros2_foxy/install/ros2bag:/home/frederik/ros2_foxy/install/tracetools_launch:/home/frederik/ros2_foxy/install/topic_monitor:/home/frederik/ros2_foxy/install/examples_tf2_py:/home/frederik/ros2_foxy/install/sros2:/home/frederik/ros2_foxy/install/rqt_topic:/home/frederik/ros2_foxy/install/rqt_reconfigure:/home/frederik/ros2_foxy/install/rqt_action:/home/frederik/ros2_foxy/install/rqt:/home/frederik/ros2_foxy/install/rqt_graph:/home/frederik/ros2_foxy/install/rqt_gui_py:/home/frederik/ros2_foxy/install/rqt_gui:/home/frederik/ros2_foxy/install/ros2trace:/home/frederik/ros2_foxy/install/ros2topic:/home/frederik/ros2_foxy/install/ros2test:/home/frederik/ros2_foxy/install/ros2component:/home/frederik/ros2_foxy/install/ros2param:/home/frederik/ros2_foxy/install/ros2lifecycle:/home/frederik/ros2_foxy/install/ros2service:/home/frederik/ros2_foxy/install/ros2run:/home/frederik/ros2_foxy/install/ros2launch:/home/frederik/ros2_foxy/install/ros2pkg:/home/frederik/ros2_foxy/install/ros2node:/home/frederik/ros2_foxy/install/ros2multicast:/home/frederik/ros2_foxy/install/ros2interface:/home/frederik/ros2_foxy/install/ros2doctor:/home/frederik/ros2_foxy/install/ros2action:/home/frederik/ros2_foxy/install/ros2cli:/home/frederik/ros2_foxy/install/quality_of_service_demo_py:/home/frederik/ros2_foxy/install/launch_testing_ros:/home/frederik/ros2_foxy/install/launch_ros:/home/frederik/ros2_foxy/install/examples_rclpy_minimal_subscriber:/home/frederik/ros2_foxy/install/examples_rclpy_minimal_service:/home/frederik/ros2_foxy/install/examples_rclpy_minimal_publisher:/home/frederik/ros2_foxy/install/examples_rclpy_minimal_client:/home/frederik/ros2_foxy/install/examples_rclpy_minimal_action_server:/home/frederik/ros2_foxy/install/examples_rclpy_minimal_action_client:/home/frederik/ros2_foxy/install/examples_rclpy_executors:/home/frederik/ros2_foxy/install/demo_nodes_py:/home/frederik/ros2_foxy/install/action_tutorials_py:/home/frederik/ros2_foxy/install/ament_uncrustify:/home/frederik/ros2_foxy/install/tracetools_trace:/home/frederik/ros2_foxy/install/tracetools_read:/home/frederik/ros2_foxy/install/test_launch_ros:/home/frederik/ros2_foxy/install/rpyutils:/home/frederik/ros2_foxy/install/rosidl_runtime_py:/home/frederik/ros2_foxy/install/launch_yaml:/home/frederik/ros2_foxy/install/launch_xml:/home/frederik/ros2_foxy/install/launch_testing:/home/frederik/ros2_foxy/install/launch:/home/frederik/ros2_foxy/install/osrf_pycommon:/home/frederik/ros2_foxy/install/domain_coordinator:/home/frederik/ros2_foxy/install/ament_xmllint:/home/frederik/ros2_foxy/install/ament_pyflakes:/home/frederik/ros2_foxy/install/ament_pycodestyle:/home/frederik/ros2_foxy/install/ament_pep257:/home/frederik/ros2_foxy/install/ament_pclint:/home/frederik/ros2_foxy/install/ament_package:/home/frederik/ros2_foxy/install/ament_mypy:/home/frederik/ros2_foxy/install/ament_lint_cmake:/home/frederik/ros2_foxy/install/ament_flake8:/home/frederik/ros2_foxy/install/ament_copyright:/home/frederik/ros2_foxy/install/ament_lint:/home/frederik/ros2_foxy/install/ament_index_python:/home/frederik/ros2_foxy/install/ament_cpplint:/home/frederik/ros2_foxy/install/ament_cppcheck:/home/frederik/ros2_foxy/install/ament_clang_tidy:/home/frederik/ros2_foxy/install/ament_clang_format /usr/bin/cmake --install /home/frederik/git/20gr560/ros_ws/build/ros2_tpod
[4.698s] Level 1:colcon.colcon_core.environment:create_environment_scripts_only(ros2_tpod)
[4.700s] DEBUG:colcon.colcon_core.event_handler.log_command:Invoked command in '/home/frederik/git/20gr560/ros_ws/build/ros2_tpod' returned '0': CMAKE_PREFIX_PATH=${CMAKE_PREFIX_PATH}:/home/frederik/ros2_foxy/install/ros2bag:/home/frederik/ros2_foxy/install/tracetools_launch:/home/frederik/ros2_foxy/install/topic_monitor:/home/frederik/ros2_foxy/install/examples_tf2_py:/home/frederik/ros2_foxy/install/sros2:/home/frederik/ros2_foxy/install/rqt_topic:/home/frederik/ros2_foxy/install/rqt_reconfigure:/home/frederik/ros2_foxy/install/rqt_action:/home/frederik/ros2_foxy/install/rqt:/home/frederik/ros2_foxy/install/rqt_graph:/home/frederik/ros2_foxy/install/rqt_gui_py:/home/frederik/ros2_foxy/install/rqt_gui:/home/frederik/ros2_foxy/install/ros2trace:/home/frederik/ros2_foxy/install/ros2topic:/home/frederik/ros2_foxy/install/ros2test:/home/frederik/ros2_foxy/install/ros2component:/home/frederik/ros2_foxy/install/ros2param:/home/frederik/ros2_foxy/install/ros2lifecycle:/home/frederik/ros2_foxy/install/ros2service:/home/frederik/ros2_foxy/install/ros2run:/home/frederik/ros2_foxy/install/ros2launch:/home/frederik/ros2_foxy/install/ros2pkg:/home/frederik/ros2_foxy/install/ros2node:/home/frederik/ros2_foxy/install/ros2multicast:/home/frederik/ros2_foxy/install/ros2interface:/home/frederik/ros2_foxy/install/ros2doctor:/home/frederik/ros2_foxy/install/ros2action:/home/frederik/ros2_foxy/install/ros2cli:/home/frederik/ros2_foxy/install/quality_of_service_demo_py:/home/frederik/ros2_foxy/install/launch_testing_ros:/home/frederik/ros2_foxy/install/launch_ros:/home/frederik/ros2_foxy/install/examples_rclpy_minimal_subscriber:/home/frederik/ros2_foxy/install/examples_rclpy_minimal_service:/home/frederik/ros2_foxy/install/examples_rclpy_minimal_publisher:/home/frederik/ros2_foxy/install/examples_rclpy_minimal_client:/home/frederik/ros2_foxy/install/examples_rclpy_minimal_action_server:/home/frederik/ros2_foxy/install/examples_rclpy_minimal_action_client:/home/frederik/ros2_foxy/install/examples_rclpy_executors:/home/frederik/ros2_foxy/install/demo_nodes_py:/home/frederik/ros2_foxy/install/action_tutorials_py:/home/frederik/ros2_foxy/install/ament_uncrustify:/home/frederik/ros2_foxy/install/tracetools_trace:/home/frederik/ros2_foxy/install/tracetools_read:/home/frederik/ros2_foxy/install/test_launch_ros:/home/frederik/ros2_foxy/install/rpyutils:/home/frederik/ros2_foxy/install/rosidl_runtime_py:/home/frederik/ros2_foxy/install/launch_yaml:/home/frederik/ros2_foxy/install/launch_xml:/home/frederik/ros2_foxy/install/launch_testing:/home/frederik/ros2_foxy/install/launch:/home/frederik/ros2_foxy/install/osrf_pycommon:/home/frederik/ros2_foxy/install/domain_coordinator:/home/frederik/ros2_foxy/install/ament_xmllint:/home/frederik/ros2_foxy/install/ament_pyflakes:/home/frederik/ros2_foxy/install/ament_pycodestyle:/home/frederik/ros2_foxy/install/ament_pep257:/home/frederik/ros2_foxy/install/ament_pclint:/home/frederik/ros2_foxy/install/ament_package:/home/frederik/ros2_foxy/install/ament_mypy:/home/frederik/ros2_foxy/install/ament_lint_cmake:/home/frederik/ros2_foxy/install/ament_flake8:/home/frederik/ros2_foxy/install/ament_copyright:/home/frederik/ros2_foxy/install/ament_lint:/home/frederik/ros2_foxy/install/ament_index_python:/home/frederik/ros2_foxy/install/ament_cpplint:/home/frederik/ros2_foxy/install/ament_cppcheck:/home/frederik/ros2_foxy/install/ament_clang_tidy:/home/frederik/ros2_foxy/install/ament_clang_format /usr/bin/cmake --install /home/frederik/git/20gr560/ros_ws/build/ros2_tpod
[4.713s] Level 1:colcon.colcon_core.environment:checking '/home/frederik/git/20gr560/ros_ws/install/ros2_tpod' for CMake module files
[4.714s] Level 1:colcon.colcon_core.environment:checking '/home/frederik/git/20gr560/ros_ws/install/ros2_tpod' for CMake config files
[4.715s] Level 1:colcon.colcon_core.shell:create_environment_hook('ros2_tpod', 'cmake_prefix_path')
[4.716s] INFO:colcon.colcon_core.shell:Creating environment hook '/home/frederik/git/20gr560/ros_ws/install/ros2_tpod/share/ros2_tpod/hook/cmake_prefix_path.ps1'
[4.717s] INFO:colcon.colcon_core.shell:Creating environment descriptor '/home/frederik/git/20gr560/ros_ws/install/ros2_tpod/share/ros2_tpod/hook/cmake_prefix_path.dsv'
[4.718s] INFO:colcon.colcon_core.shell:Creating environment hook '/home/frederik/git/20gr560/ros_ws/install/ros2_tpod/share/ros2_tpod/hook/cmake_prefix_path.sh'
[4.720s] Level 1:colcon.colcon_core.environment:checking '/home/frederik/git/20gr560/ros_ws/install/ros2_tpod/lib'
[4.720s] Level 1:colcon.colcon_core.environment:checking '/home/frederik/git/20gr560/ros_ws/install/ros2_tpod/bin'
[4.720s] Level 1:colcon.colcon_core.environment:checking '/home/frederik/git/20gr560/ros_ws/install/ros2_tpod/lib/pkgconfig/ros2_tpod.pc'
[4.720s] Level 1:colcon.colcon_core.environment:checking '/home/frederik/git/20gr560/ros_ws/install/ros2_tpod/lib/python3.8/site-packages'
[4.722s] INFO:colcon.colcon_core.shell:Creating package script '/home/frederik/git/20gr560/ros_ws/install/ros2_tpod/share/ros2_tpod/package.ps1'
[4.723s] INFO:colcon.colcon_core.shell:Creating package descriptor '/home/frederik/git/20gr560/ros_ws/install/ros2_tpod/share/ros2_tpod/package.dsv'
[4.724s] INFO:colcon.colcon_core.shell:Creating package script '/home/frederik/git/20gr560/ros_ws/install/ros2_tpod/share/ros2_tpod/package.sh'
[4.724s] INFO:colcon.colcon_core.shell:Creating package script '/home/frederik/git/20gr560/ros_ws/install/ros2_tpod/share/ros2_tpod/package.bash'
[4.725s] INFO:colcon.colcon_core.shell:Creating package script '/home/frederik/git/20gr560/ros_ws/install/ros2_tpod/share/ros2_tpod/package.zsh'
[4.726s] Level 1:colcon.colcon_core.environment:create_file_with_runtime_dependencies(/home/frederik/git/20gr560/ros_ws/install/ros2_tpod/share/colcon-core/packages/ros2_tpod)
[4.825s] Level 1:colcon.colcon_core.environment:create_environment_scripts_only(ros2_tpod)
[4.827s] Level 1:colcon.colcon_core.environment:checking '/home/frederik/git/20gr560/ros_ws/install/ros2_tpod' for CMake module files
[4.828s] Level 1:colcon.colcon_core.environment:checking '/home/frederik/git/20gr560/ros_ws/install/ros2_tpod' for CMake config files
[4.829s] Level 1:colcon.colcon_core.shell:create_environment_hook('ros2_tpod', 'cmake_prefix_path')
[4.829s] INFO:colcon.colcon_core.shell:Creating environment hook '/home/frederik/git/20gr560/ros_ws/install/ros2_tpod/share/ros2_tpod/hook/cmake_prefix_path.ps1'
[4.830s] INFO:colcon.colcon_core.shell:Creating environment descriptor '/home/frederik/git/20gr560/ros_ws/install/ros2_tpod/share/ros2_tpod/hook/cmake_prefix_path.dsv'
[4.831s] INFO:colcon.colcon_core.shell:Creating environment hook '/home/frederik/git/20gr560/ros_ws/install/ros2_tpod/share/ros2_tpod/hook/cmake_prefix_path.sh'
[4.832s] Level 1:colcon.colcon_core.environment:checking '/home/frederik/git/20gr560/ros_ws/install/ros2_tpod/lib'
[4.832s] Level 1:colcon.colcon_core.environment:checking '/home/frederik/git/20gr560/ros_ws/install/ros2_tpod/bin'
[4.832s] Level 1:colcon.colcon_core.environment:checking '/home/frederik/git/20gr560/ros_ws/install/ros2_tpod/lib/pkgconfig/ros2_tpod.pc'
[4.832s] Level 1:colcon.colcon_core.environment:checking '/home/frederik/git/20gr560/ros_ws/install/ros2_tpod/lib/python3.8/site-packages'
[4.833s] INFO:colcon.colcon_core.shell:Creating package script '/home/frederik/git/20gr560/ros_ws/install/ros2_tpod/share/ros2_tpod/package.ps1'
[4.834s] INFO:colcon.colcon_core.shell:Creating package descriptor '/home/frederik/git/20gr560/ros_ws/install/ros2_tpod/share/ros2_tpod/package.dsv'
[4.835s] INFO:colcon.colcon_core.shell:Creating package script '/home/frederik/git/20gr560/ros_ws/install/ros2_tpod/share/ros2_tpod/package.sh'
[4.835s] INFO:colcon.colcon_core.shell:Creating package script '/home/frederik/git/20gr560/ros_ws/install/ros2_tpod/share/ros2_tpod/package.bash'
[4.836s] INFO:colcon.colcon_core.shell:Creating package script '/home/frederik/git/20gr560/ros_ws/install/ros2_tpod/share/ros2_tpod/package.zsh'
[4.836s] Level 1:colcon.colcon_core.environment:create_file_with_runtime_dependencies(/home/frederik/git/20gr560/ros_ws/install/ros2_tpod/share/colcon-core/packages/ros2_tpod)
[12.055s] DEBUG:colcon.colcon_core.event_handler.log_command:Invoked command in '/home/frederik/git/20gr560/ros_ws/build/turtlesim' returned '0': CMAKE_PREFIX_PATH=${CMAKE_PREFIX_PATH}:/home/frederik/ros2_foxy/install/ros2bag:/home/frederik/ros2_foxy/install/tracetools_launch:/home/frederik/ros2_foxy/install/topic_monitor:/home/frederik/ros2_foxy/install/examples_tf2_py:/home/frederik/ros2_foxy/install/sros2:/home/frederik/ros2_foxy/install/rqt_topic:/home/frederik/ros2_foxy/install/rqt_reconfigure:/home/frederik/ros2_foxy/install/rqt_action:/home/frederik/ros2_foxy/install/rqt:/home/frederik/ros2_foxy/install/rqt_graph:/home/frederik/ros2_foxy/install/rqt_gui_py:/home/frederik/ros2_foxy/install/rqt_gui:/home/frederik/ros2_foxy/install/ros2trace:/home/frederik/ros2_foxy/install/ros2topic:/home/frederik/ros2_foxy/install/ros2test:/home/frederik/ros2_foxy/install/ros2component:/home/frederik/ros2_foxy/install/ros2param:/home/frederik/ros2_foxy/install/ros2lifecycle:/home/frederik/ros2_foxy/install/ros2service:/home/frederik/ros2_foxy/install/ros2run:/home/frederik/ros2_foxy/install/ros2launch:/home/frederik/ros2_foxy/install/ros2pkg:/home/frederik/ros2_foxy/install/ros2node:/home/frederik/ros2_foxy/install/ros2multicast:/home/frederik/ros2_foxy/install/ros2interface:/home/frederik/ros2_foxy/install/ros2doctor:/home/frederik/ros2_foxy/install/ros2action:/home/frederik/ros2_foxy/install/ros2cli:/home/frederik/ros2_foxy/install/quality_of_service_demo_py:/home/frederik/ros2_foxy/install/launch_testing_ros:/home/frederik/ros2_foxy/install/launch_ros:/home/frederik/ros2_foxy/install/examples_rclpy_minimal_subscriber:/home/frederik/ros2_foxy/install/examples_rclpy_minimal_service:/home/frederik/ros2_foxy/install/examples_rclpy_minimal_publisher:/home/frederik/ros2_foxy/install/examples_rclpy_minimal_client:/home/frederik/ros2_foxy/install/examples_rclpy_minimal_action_server:/home/frederik/ros2_foxy/install/examples_rclpy_minimal_action_client:/home/frederik/ros2_foxy/install/examples_rclpy_executors:/home/frederik/ros2_foxy/install/demo_nodes_py:/home/frederik/ros2_foxy/install/action_tutorials_py:/home/frederik/ros2_foxy/install/ament_uncrustify:/home/frederik/ros2_foxy/install/tracetools_trace:/home/frederik/ros2_foxy/install/tracetools_read:/home/frederik/ros2_foxy/install/test_launch_ros:/home/frederik/ros2_foxy/install/rpyutils:/home/frederik/ros2_foxy/install/rosidl_runtime_py:/home/frederik/ros2_foxy/install/launch_yaml:/home/frederik/ros2_foxy/install/launch_xml:/home/frederik/ros2_foxy/install/launch_testing:/home/frederik/ros2_foxy/install/launch:/home/frederik/ros2_foxy/install/osrf_pycommon:/home/frederik/ros2_foxy/install/domain_coordinator:/home/frederik/ros2_foxy/install/ament_xmllint:/home/frederik/ros2_foxy/install/ament_pyflakes:/home/frederik/ros2_foxy/install/ament_pycodestyle:/home/frederik/ros2_foxy/install/ament_pep257:/home/frederik/ros2_foxy/install/ament_pclint:/home/frederik/ros2_foxy/install/ament_package:/home/frederik/ros2_foxy/install/ament_mypy:/home/frederik/ros2_foxy/install/ament_lint_cmake:/home/frederik/ros2_foxy/install/ament_flake8:/home/frederik/ros2_foxy/install/ament_copyright:/home/frederik/ros2_foxy/install/ament_lint:/home/frederik/ros2_foxy/install/ament_index_python:/home/frederik/ros2_foxy/install/ament_cpplint:/home/frederik/ros2_foxy/install/ament_cppcheck:/home/frederik/ros2_foxy/install/ament_clang_tidy:/home/frederik/ros2_foxy/install/ament_clang_format /usr/bin/cmake /home/frederik/git/20gr560/ros_ws/src/ros_tutorials/turtlesim -DCMAKE_INSTALL_PREFIX=/home/frederik/git/20gr560/ros_ws/install/turtlesim
[12.060s] DEBUG:colcon.colcon_core.event_handler.log_command:Invoking command in '/home/frederik/git/20gr560/ros_ws/build/turtlesim': CMAKE_PREFIX_PATH=${CMAKE_PREFIX_PATH}:/home/frederik/ros2_foxy/install/ros2bag:/home/frederik/ros2_foxy/install/tracetools_launch:/home/frederik/ros2_foxy/install/topic_monitor:/home/frederik/ros2_foxy/install/examples_tf2_py:/home/frederik/ros2_foxy/install/sros2:/home/frederik/ros2_foxy/install/rqt_topic:/home/frederik/ros2_foxy/install/rqt_reconfigure:/home/frederik/ros2_foxy/install/rqt_action:/home/frederik/ros2_foxy/install/rqt:/home/frederik/ros2_foxy/install/rqt_graph:/home/frederik/ros2_foxy/install/rqt_gui_py:/home/frederik/ros2_foxy/install/rqt_gui:/home/frederik/ros2_foxy/install/ros2trace:/home/frederik/ros2_foxy/install/ros2topic:/home/frederik/ros2_foxy/install/ros2test:/home/frederik/ros2_foxy/install/ros2component:/home/frederik/ros2_foxy/install/ros2param:/home/frederik/ros2_foxy/install/ros2lifecycle:/home/frederik/ros2_foxy/install/ros2service:/home/frederik/ros2_foxy/install/ros2run:/home/frederik/ros2_foxy/install/ros2launch:/home/frederik/ros2_foxy/install/ros2pkg:/home/frederik/ros2_foxy/install/ros2node:/home/frederik/ros2_foxy/install/ros2multicast:/home/frederik/ros2_foxy/install/ros2interface:/home/frederik/ros2_foxy/install/ros2doctor:/home/frederik/ros2_foxy/install/ros2action:/home/frederik/ros2_foxy/install/ros2cli:/home/frederik/ros2_foxy/install/quality_of_service_demo_py:/home/frederik/ros2_foxy/install/launch_testing_ros:/home/frederik/ros2_foxy/install/launch_ros:/home/frederik/ros2_foxy/install/examples_rclpy_minimal_subscriber:/home/frederik/ros2_foxy/install/examples_rclpy_minimal_service:/home/frederik/ros2_foxy/install/examples_rclpy_minimal_publisher:/home/frederik/ros2_foxy/install/examples_rclpy_minimal_client:/home/frederik/ros2_foxy/install/examples_rclpy_minimal_action_server:/home/frederik/ros2_foxy/install/examples_rclpy_minimal_action_client:/home/frederik/ros2_foxy/install/examples_rclpy_executors:/home/frederik/ros2_foxy/install/demo_nodes_py:/home/frederik/ros2_foxy/install/action_tutorials_py:/home/frederik/ros2_foxy/install/ament_uncrustify:/home/frederik/ros2_foxy/install/tracetools_trace:/home/frederik/ros2_foxy/install/tracetools_read:/home/frederik/ros2_foxy/install/test_launch_ros:/home/frederik/ros2_foxy/install/rpyutils:/home/frederik/ros2_foxy/install/rosidl_runtime_py:/home/frederik/ros2_foxy/install/launch_yaml:/home/frederik/ros2_foxy/install/launch_xml:/home/frederik/ros2_foxy/install/launch_testing:/home/frederik/ros2_foxy/install/launch:/home/frederik/ros2_foxy/install/osrf_pycommon:/home/frederik/ros2_foxy/install/domain_coordinator:/home/frederik/ros2_foxy/install/ament_xmllint:/home/frederik/ros2_foxy/install/ament_pyflakes:/home/frederik/ros2_foxy/install/ament_pycodestyle:/home/frederik/ros2_foxy/install/ament_pep257:/home/frederik/ros2_foxy/install/ament_pclint:/home/frederik/ros2_foxy/install/ament_package:/home/frederik/ros2_foxy/install/ament_mypy:/home/frederik/ros2_foxy/install/ament_lint_cmake:/home/frederik/ros2_foxy/install/ament_flake8:/home/frederik/ros2_foxy/install/ament_copyright:/home/frederik/ros2_foxy/install/ament_lint:/home/frederik/ros2_foxy/install/ament_index_python:/home/frederik/ros2_foxy/install/ament_cpplint:/home/frederik/ros2_foxy/install/ament_cppcheck:/home/frederik/ros2_foxy/install/ament_clang_tidy:/home/frederik/ros2_foxy/install/ament_clang_format /usr/bin/cmake --build /home/frederik/git/20gr560/ros_ws/build/turtlesim -- -j4 -l4
[57.426s] DEBUG:colcon.colcon_core.event_handler.log_command:Invoked command in '/home/frederik/git/20gr560/ros_ws/build/turtlesim' returned '0': CMAKE_PREFIX_PATH=${CMAKE_PREFIX_PATH}:/home/frederik/ros2_foxy/install/ros2bag:/home/frederik/ros2_foxy/install/tracetools_launch:/home/frederik/ros2_foxy/install/topic_monitor:/home/frederik/ros2_foxy/install/examples_tf2_py:/home/frederik/ros2_foxy/install/sros2:/home/frederik/ros2_foxy/install/rqt_topic:/home/frederik/ros2_foxy/install/rqt_reconfigure:/home/frederik/ros2_foxy/install/rqt_action:/home/frederik/ros2_foxy/install/rqt:/home/frederik/ros2_foxy/install/rqt_graph:/home/frederik/ros2_foxy/install/rqt_gui_py:/home/frederik/ros2_foxy/install/rqt_gui:/home/frederik/ros2_foxy/install/ros2trace:/home/frederik/ros2_foxy/install/ros2topic:/home/frederik/ros2_foxy/install/ros2test:/home/frederik/ros2_foxy/install/ros2component:/home/frederik/ros2_foxy/install/ros2param:/home/frederik/ros2_foxy/install/ros2lifecycle:/home/frederik/ros2_foxy/install/ros2service:/home/frederik/ros2_foxy/install/ros2run:/home/frederik/ros2_foxy/install/ros2launch:/home/frederik/ros2_foxy/install/ros2pkg:/home/frederik/ros2_foxy/install/ros2node:/home/frederik/ros2_foxy/install/ros2multicast:/home/frederik/ros2_foxy/install/ros2interface:/home/frederik/ros2_foxy/install/ros2doctor:/home/frederik/ros2_foxy/install/ros2action:/home/frederik/ros2_foxy/install/ros2cli:/home/frederik/ros2_foxy/install/quality_of_service_demo_py:/home/frederik/ros2_foxy/install/launch_testing_ros:/home/frederik/ros2_foxy/install/launch_ros:/home/frederik/ros2_foxy/install/examples_rclpy_minimal_subscriber:/home/frederik/ros2_foxy/install/examples_rclpy_minimal_service:/home/frederik/ros2_foxy/install/examples_rclpy_minimal_publisher:/home/frederik/ros2_foxy/install/examples_rclpy_minimal_client:/home/frederik/ros2_foxy/install/examples_rclpy_minimal_action_server:/home/frederik/ros2_foxy/install/examples_rclpy_minimal_action_client:/home/frederik/ros2_foxy/install/examples_rclpy_executors:/home/frederik/ros2_foxy/install/demo_nodes_py:/home/frederik/ros2_foxy/install/action_tutorials_py:/home/frederik/ros2_foxy/install/ament_uncrustify:/home/frederik/ros2_foxy/install/tracetools_trace:/home/frederik/ros2_foxy/install/tracetools_read:/home/frederik/ros2_foxy/install/test_launch_ros:/home/frederik/ros2_foxy/install/rpyutils:/home/frederik/ros2_foxy/install/rosidl_runtime_py:/home/frederik/ros2_foxy/install/launch_yaml:/home/frederik/ros2_foxy/install/launch_xml:/home/frederik/ros2_foxy/install/launch_testing:/home/frederik/ros2_foxy/install/launch:/home/frederik/ros2_foxy/install/osrf_pycommon:/home/frederik/ros2_foxy/install/domain_coordinator:/home/frederik/ros2_foxy/install/ament_xmllint:/home/frederik/ros2_foxy/install/ament_pyflakes:/home/frederik/ros2_foxy/install/ament_pycodestyle:/home/frederik/ros2_foxy/install/ament_pep257:/home/frederik/ros2_foxy/install/ament_pclint:/home/frederik/ros2_foxy/install/ament_package:/home/frederik/ros2_foxy/install/ament_mypy:/home/frederik/ros2_foxy/install/ament_lint_cmake:/home/frederik/ros2_foxy/install/ament_flake8:/home/frederik/ros2_foxy/install/ament_copyright:/home/frederik/ros2_foxy/install/ament_lint:/home/frederik/ros2_foxy/install/ament_index_python:/home/frederik/ros2_foxy/install/ament_cpplint:/home/frederik/ros2_foxy/install/ament_cppcheck:/home/frederik/ros2_foxy/install/ament_clang_tidy:/home/frederik/ros2_foxy/install/ament_clang_format /usr/bin/cmake --build /home/frederik/git/20gr560/ros_ws/build/turtlesim -- -j4 -l4
[58.456s] DEBUG:colcon.colcon_core.event_handler.log_command:Invoking command in '/home/frederik/git/20gr560/ros_ws/build/turtlesim': CMAKE_PREFIX_PATH=${CMAKE_PREFIX_PATH}:/home/frederik/ros2_foxy/install/ros2bag:/home/frederik/ros2_foxy/install/tracetools_launch:/home/frederik/ros2_foxy/install/topic_monitor:/home/frederik/ros2_foxy/install/examples_tf2_py:/home/frederik/ros2_foxy/install/sros2:/home/frederik/ros2_foxy/install/rqt_topic:/home/frederik/ros2_foxy/install/rqt_reconfigure:/home/frederik/ros2_foxy/install/rqt_action:/home/frederik/ros2_foxy/install/rqt:/home/frederik/ros2_foxy/install/rqt_graph:/home/frederik/ros2_foxy/install/rqt_gui_py:/home/frederik/ros2_foxy/install/rqt_gui:/home/frederik/ros2_foxy/install/ros2trace:/home/frederik/ros2_foxy/install/ros2topic:/home/frederik/ros2_foxy/install/ros2test:/home/frederik/ros2_foxy/install/ros2component:/home/frederik/ros2_foxy/install/ros2param:/home/frederik/ros2_foxy/install/ros2lifecycle:/home/frederik/ros2_foxy/install/ros2service:/home/frederik/ros2_foxy/install/ros2run:/home/frederik/ros2_foxy/install/ros2launch:/home/frederik/ros2_foxy/install/ros2pkg:/home/frederik/ros2_foxy/install/ros2node:/home/frederik/ros2_foxy/install/ros2multicast:/home/frederik/ros2_foxy/install/ros2interface:/home/frederik/ros2_foxy/install/ros2doctor:/home/frederik/ros2_foxy/install/ros2action:/home/frederik/ros2_foxy/install/ros2cli:/home/frederik/ros2_foxy/install/quality_of_service_demo_py:/home/frederik/ros2_foxy/install/launch_testing_ros:/home/frederik/ros2_foxy/install/launch_ros:/home/frederik/ros2_foxy/install/examples_rclpy_minimal_subscriber:/home/frederik/ros2_foxy/install/examples_rclpy_minimal_service:/home/frederik/ros2_foxy/install/examples_rclpy_minimal_publisher:/home/frederik/ros2_foxy/install/examples_rclpy_minimal_client:/home/frederik/ros2_foxy/install/examples_rclpy_minimal_action_server:/home/frederik/ros2_foxy/install/examples_rclpy_minimal_action_client:/home/frederik/ros2_foxy/install/examples_rclpy_executors:/home/frederik/ros2_foxy/install/demo_nodes_py:/home/frederik/ros2_foxy/install/action_tutorials_py:/home/frederik/ros2_foxy/install/ament_uncrustify:/home/frederik/ros2_foxy/install/tracetools_trace:/home/frederik/ros2_foxy/install/tracetools_read:/home/frederik/ros2_foxy/install/test_launch_ros:/home/frederik/ros2_foxy/install/rpyutils:/home/frederik/ros2_foxy/install/rosidl_runtime_py:/home/frederik/ros2_foxy/install/launch_yaml:/home/frederik/ros2_foxy/install/launch_xml:/home/frederik/ros2_foxy/install/launch_testing:/home/frederik/ros2_foxy/install/launch:/home/frederik/ros2_foxy/install/osrf_pycommon:/home/frederik/ros2_foxy/install/domain_coordinator:/home/frederik/ros2_foxy/install/ament_xmllint:/home/frederik/ros2_foxy/install/ament_pyflakes:/home/frederik/ros2_foxy/install/ament_pycodestyle:/home/frederik/ros2_foxy/install/ament_pep257:/home/frederik/ros2_foxy/install/ament_pclint:/home/frederik/ros2_foxy/install/ament_package:/home/frederik/ros2_foxy/install/ament_mypy:/home/frederik/ros2_foxy/install/ament_lint_cmake:/home/frederik/ros2_foxy/install/ament_flake8:/home/frederik/ros2_foxy/install/ament_copyright:/home/frederik/ros2_foxy/install/ament_lint:/home/frederik/ros2_foxy/install/ament_index_python:/home/frederik/ros2_foxy/install/ament_cpplint:/home/frederik/ros2_foxy/install/ament_cppcheck:/home/frederik/ros2_foxy/install/ament_clang_tidy:/home/frederik/ros2_foxy/install/ament_clang_format /usr/bin/cmake --install /home/frederik/git/20gr560/ros_ws/build/turtlesim
[59.103s] Level 1:colcon.colcon_core.environment:create_environment_scripts_only(turtlesim)
[59.106s] Level 1:colcon.colcon_core.environment:checking '/home/frederik/git/20gr560/ros_ws/install/turtlesim' for CMake module files
[59.107s] DEBUG:colcon.colcon_core.event_handler.log_command:Invoked command in '/home/frederik/git/20gr560/ros_ws/build/turtlesim' returned '0': CMAKE_PREFIX_PATH=${CMAKE_PREFIX_PATH}:/home/frederik/ros2_foxy/install/ros2bag:/home/frederik/ros2_foxy/install/tracetools_launch:/home/frederik/ros2_foxy/install/topic_monitor:/home/frederik/ros2_foxy/install/examples_tf2_py:/home/frederik/ros2_foxy/install/sros2:/home/frederik/ros2_foxy/install/rqt_topic:/home/frederik/ros2_foxy/install/rqt_reconfigure:/home/frederik/ros2_foxy/install/rqt_action:/home/frederik/ros2_foxy/install/rqt:/home/frederik/ros2_foxy/install/rqt_graph:/home/frederik/ros2_foxy/install/rqt_gui_py:/home/frederik/ros2_foxy/install/rqt_gui:/home/frederik/ros2_foxy/install/ros2trace:/home/frederik/ros2_foxy/install/ros2topic:/home/frederik/ros2_foxy/install/ros2test:/home/frederik/ros2_foxy/install/ros2component:/home/frederik/ros2_foxy/install/ros2param:/home/frederik/ros2_foxy/install/ros2lifecycle:/home/frederik/ros2_foxy/install/ros2service:/home/frederik/ros2_foxy/install/ros2run:/home/frederik/ros2_foxy/install/ros2launch:/home/frederik/ros2_foxy/install/ros2pkg:/home/frederik/ros2_foxy/install/ros2node:/home/frederik/ros2_foxy/install/ros2multicast:/home/frederik/ros2_foxy/install/ros2interface:/home/frederik/ros2_foxy/install/ros2doctor:/home/frederik/ros2_foxy/install/ros2action:/home/frederik/ros2_foxy/install/ros2cli:/home/frederik/ros2_foxy/install/quality_of_service_demo_py:/home/frederik/ros2_foxy/install/launch_testing_ros:/home/frederik/ros2_foxy/install/launch_ros:/home/frederik/ros2_foxy/install/examples_rclpy_minimal_subscriber:/home/frederik/ros2_foxy/install/examples_rclpy_minimal_service:/home/frederik/ros2_foxy/install/examples_rclpy_minimal_publisher:/home/frederik/ros2_foxy/install/examples_rclpy_minimal_client:/home/frederik/ros2_foxy/install/examples_rclpy_minimal_action_server:/home/frederik/ros2_foxy/install/examples_rclpy_minimal_action_client:/home/frederik/ros2_foxy/install/examples_rclpy_executors:/home/frederik/ros2_foxy/install/demo_nodes_py:/home/frederik/ros2_foxy/install/action_tutorials_py:/home/frederik/ros2_foxy/install/ament_uncrustify:/home/frederik/ros2_foxy/install/tracetools_trace:/home/frederik/ros2_foxy/install/tracetools_read:/home/frederik/ros2_foxy/install/test_launch_ros:/home/frederik/ros2_foxy/install/rpyutils:/home/frederik/ros2_foxy/install/rosidl_runtime_py:/home/frederik/ros2_foxy/install/launch_yaml:/home/frederik/ros2_foxy/install/launch_xml:/home/frederik/ros2_foxy/install/launch_testing:/home/frederik/ros2_foxy/install/launch:/home/frederik/ros2_foxy/install/osrf_pycommon:/home/frederik/ros2_foxy/install/domain_coordinator:/home/frederik/ros2_foxy/install/ament_xmllint:/home/frederik/ros2_foxy/install/ament_pyflakes:/home/frederik/ros2_foxy/install/ament_pycodestyle:/home/frederik/ros2_foxy/install/ament_pep257:/home/frederik/ros2_foxy/install/ament_pclint:/home/frederik/ros2_foxy/install/ament_package:/home/frederik/ros2_foxy/install/ament_mypy:/home/frederik/ros2_foxy/install/ament_lint_cmake:/home/frederik/ros2_foxy/install/ament_flake8:/home/frederik/ros2_foxy/install/ament_copyright:/home/frederik/ros2_foxy/install/ament_lint:/home/frederik/ros2_foxy/install/ament_index_python:/home/frederik/ros2_foxy/install/ament_cpplint:/home/frederik/ros2_foxy/install/ament_cppcheck:/home/frederik/ros2_foxy/install/ament_clang_tidy:/home/frederik/ros2_foxy/install/ament_clang_format /usr/bin/cmake --install /home/frederik/git/20gr560/ros_ws/build/turtlesim
[59.108s] Level 1:colcon.colcon_core.environment:checking '/home/frederik/git/20gr560/ros_ws/install/turtlesim' for CMake config files
[59.109s] Level 1:colcon.colcon_core.shell:create_environment_hook('turtlesim', 'cmake_prefix_path')
[59.110s] INFO:colcon.colcon_core.shell:Creating environment hook '/home/frederik/git/20gr560/ros_ws/install/turtlesim/share/turtlesim/hook/cmake_prefix_path.ps1'
[59.111s] INFO:colcon.colcon_core.shell:Creating environment descriptor '/home/frederik/git/20gr560/ros_ws/install/turtlesim/share/turtlesim/hook/cmake_prefix_path.dsv'
[59.111s] INFO:colcon.colcon_core.shell:Creating environment hook '/home/frederik/git/20gr560/ros_ws/install/turtlesim/share/turtlesim/hook/cmake_prefix_path.sh'
[59.112s] Level 1:colcon.colcon_core.environment:checking '/home/frederik/git/20gr560/ros_ws/install/turtlesim/lib'
[59.112s] Level 1:colcon.colcon_core.shell:create_environment_hook('turtlesim', 'ld_library_path_lib')
[59.113s] INFO:colcon.colcon_core.shell:Creating environment hook '/home/frederik/git/20gr560/ros_ws/install/turtlesim/share/turtlesim/hook/ld_library_path_lib.ps1'
[59.114s] INFO:colcon.colcon_core.shell:Creating environment descriptor '/home/frederik/git/20gr560/ros_ws/install/turtlesim/share/turtlesim/hook/ld_library_path_lib.dsv'
[59.114s] INFO:colcon.colcon_core.shell:Creating environment hook '/home/frederik/git/20gr560/ros_ws/install/turtlesim/share/turtlesim/hook/ld_library_path_lib.sh'
[59.115s] Level 1:colcon.colcon_core.environment:checking '/home/frederik/git/20gr560/ros_ws/install/turtlesim/bin'
[59.115s] Level 1:colcon.colcon_core.environment:checking '/home/frederik/git/20gr560/ros_ws/install/turtlesim/lib/pkgconfig/turtlesim.pc'
[59.115s] Level 1:colcon.colcon_core.environment:checking '/home/frederik/git/20gr560/ros_ws/install/turtlesim/lib/python3.8/site-packages'
[59.115s] Level 1:colcon.colcon_core.shell:create_environment_hook('turtlesim', 'pythonpath')
[59.116s] INFO:colcon.colcon_core.shell:Creating environment hook '/home/frederik/git/20gr560/ros_ws/install/turtlesim/share/turtlesim/hook/pythonpath.ps1'
[59.117s] INFO:colcon.colcon_core.shell:Creating environment descriptor '/home/frederik/git/20gr560/ros_ws/install/turtlesim/share/turtlesim/hook/pythonpath.dsv'
[59.117s] INFO:colcon.colcon_core.shell:Creating environment hook '/home/frederik/git/20gr560/ros_ws/install/turtlesim/share/turtlesim/hook/pythonpath.sh'
[59.119s] INFO:colcon.colcon_core.shell:Creating package script '/home/frederik/git/20gr560/ros_ws/install/turtlesim/share/turtlesim/package.ps1'
[59.119s] INFO:colcon.colcon_core.shell:Creating package descriptor '/home/frederik/git/20gr560/ros_ws/install/turtlesim/share/turtlesim/package.dsv'
[59.120s] INFO:colcon.colcon_core.shell:Creating package script '/home/frederik/git/20gr560/ros_ws/install/turtlesim/share/turtlesim/package.sh'
[59.120s] INFO:colcon.colcon_core.shell:Creating package script '/home/frederik/git/20gr560/ros_ws/install/turtlesim/share/turtlesim/package.bash'
[59.121s] INFO:colcon.colcon_core.shell:Creating package script '/home/frederik/git/20gr560/ros_ws/install/turtlesim/share/turtlesim/package.zsh'
[59.121s] Level 1:colcon.colcon_core.environment:create_file_with_runtime_dependencies(/home/frederik/git/20gr560/ros_ws/install/turtlesim/share/colcon-core/packages/turtlesim)
[60.188s] Level 1:colcon.colcon_core.environment:create_environment_scripts_only(turtlesim)
[60.192s] Level 1:colcon.colcon_core.environment:checking '/home/frederik/git/20gr560/ros_ws/install/turtlesim' for CMake module files
[60.194s] Level 1:colcon.colcon_core.environment:checking '/home/frederik/git/20gr560/ros_ws/install/turtlesim' for CMake config files
[60.196s] Level 1:colcon.colcon_core.shell:create_environment_hook('turtlesim', 'cmake_prefix_path')
[60.198s] INFO:colcon.colcon_core.shell:Creating environment hook '/home/frederik/git/20gr560/ros_ws/install/turtlesim/share/turtlesim/hook/cmake_prefix_path.ps1'
[60.199s] INFO:colcon.colcon_core.shell:Creating environment descriptor '/home/frederik/git/20gr560/ros_ws/install/turtlesim/share/turtlesim/hook/cmake_prefix_path.dsv'
[60.199s] INFO:colcon.colcon_core.shell:Creating environment hook '/home/frederik/git/20gr560/ros_ws/install/turtlesim/share/turtlesim/hook/cmake_prefix_path.sh'
[60.200s] Level 1:colcon.colcon_core.environment:checking '/home/frederik/git/20gr560/ros_ws/install/turtlesim/lib'
[60.200s] Level 1:colcon.colcon_core.shell:create_environment_hook('turtlesim', 'ld_library_path_lib')
[60.201s] INFO:colcon.colcon_core.shell:Creating environment hook '/home/frederik/git/20gr560/ros_ws/install/turtlesim/share/turtlesim/hook/ld_library_path_lib.ps1'
[60.201s] INFO:colcon.colcon_core.shell:Creating environment descriptor '/home/frederik/git/20gr560/ros_ws/install/turtlesim/share/turtlesim/hook/ld_library_path_lib.dsv'
[60.201s] INFO:colcon.colcon_core.shell:Creating environment hook '/home/frederik/git/20gr560/ros_ws/install/turtlesim/share/turtlesim/hook/ld_library_path_lib.sh'
[60.202s] Level 1:colcon.colcon_core.environment:checking '/home/frederik/git/20gr560/ros_ws/install/turtlesim/bin'
[60.202s] Level 1:colcon.colcon_core.environment:checking '/home/frederik/git/20gr560/ros_ws/install/turtlesim/lib/pkgconfig/turtlesim.pc'
[60.202s] Level 1:colcon.colcon_core.environment:checking '/home/frederik/git/20gr560/ros_ws/install/turtlesim/lib/python3.8/site-packages'
[60.202s] Level 1:colcon.colcon_core.shell:create_environment_hook('turtlesim', 'pythonpath')
[60.203s] INFO:colcon.colcon_core.shell:Creating environment hook '/home/frederik/git/20gr560/ros_ws/install/turtlesim/share/turtlesim/hook/pythonpath.ps1'
[60.203s] INFO:colcon.colcon_core.shell:Creating environment descriptor '/home/frederik/git/20gr560/ros_ws/install/turtlesim/share/turtlesim/hook/pythonpath.dsv'
[60.203s] INFO:colcon.colcon_core.shell:Creating environment hook '/home/frederik/git/20gr560/ros_ws/install/turtlesim/share/turtlesim/hook/pythonpath.sh'
[60.204s] INFO:colcon.colcon_core.shell:Creating package script '/home/frederik/git/20gr560/ros_ws/install/turtlesim/share/turtlesim/package.ps1'
[60.205s] INFO:colcon.colcon_core.shell:Creating package descriptor '/home/frederik/git/20gr560/ros_ws/install/turtlesim/share/turtlesim/package.dsv'
[60.206s] INFO:colcon.colcon_core.shell:Creating package script '/home/frederik/git/20gr560/ros_ws/install/turtlesim/share/turtlesim/package.sh'
[60.206s] INFO:colcon.colcon_core.shell:Creating package script '/home/frederik/git/20gr560/ros_ws/install/turtlesim/share/turtlesim/package.bash'
[60.207s] INFO:colcon.colcon_core.shell:Creating package script '/home/frederik/git/20gr560/ros_ws/install/turtlesim/share/turtlesim/package.zsh'
[60.207s] Level 1:colcon.colcon_core.environment:create_file_with_runtime_dependencies(/home/frederik/git/20gr560/ros_ws/install/turtlesim/share/colcon-core/packages/turtlesim)
[60.208s] DEBUG:colcon.colcon_parallel_executor.executor.parallel:closing loop
[60.209s] DEBUG:colcon.colcon_parallel_executor.executor.parallel:loop closed
[60.209s] DEBUG:colcon.colcon_parallel_executor.executor.parallel:run_until_complete finished with '0'
[60.209s] DEBUG:colcon.colcon_core.event_reactor:joining thread
[60.230s] INFO:colcon.colcon_core.plugin_system:Skipping extension 'colcon_notification.desktop_notification.terminal_notifier': Not used on non-Darwin systems
[60.231s] INFO:colcon.colcon_core.plugin_system:Skipping extension 'colcon_notification.desktop_notification.win32': Not used on non-Windows systems
[60.231s] INFO:colcon.colcon_notification.desktop_notification:Sending desktop notification using 'notify2'
[60.253s] DEBUG:colcon.colcon_core.event_reactor:joined thread
[60.254s] INFO:colcon.colcon_core.shell:Creating prefix script '/home/frederik/git/20gr560/ros_ws/install/local_setup.ps1'
[60.255s] INFO:colcon.colcon_core.shell:Creating prefix util module '/home/frederik/git/20gr560/ros_ws/install/_local_setup_util_ps1.py'
[60.257s] INFO:colcon.colcon_core.shell:Creating prefix chain script '/home/frederik/git/20gr560/ros_ws/install/setup.ps1'
[60.277s] INFO:colcon.colcon_core.shell:Creating prefix script '/home/frederik/git/20gr560/ros_ws/install/local_setup.sh'
[60.278s] INFO:colcon.colcon_core.shell:Creating prefix util module '/home/frederik/git/20gr560/ros_ws/install/_local_setup_util_sh.py'
[60.278s] INFO:colcon.colcon_core.shell:Creating prefix chain script '/home/frederik/git/20gr560/ros_ws/install/setup.sh'
[60.300s] INFO:colcon.colcon_core.shell:Creating prefix script '/home/frederik/git/20gr560/ros_ws/install/local_setup.bash'
[60.301s] INFO:colcon.colcon_core.shell:Creating prefix chain script '/home/frederik/git/20gr560/ros_ws/install/setup.bash'
[60.325s] INFO:colcon.colcon_core.shell:Creating prefix script '/home/frederik/git/20gr560/ros_ws/install/local_setup.zsh'
[60.326s] INFO:colcon.colcon_core.shell:Creating prefix chain script '/home/frederik/git/20gr560/ros_ws/install/setup.zsh'
