[0.012s] Invoking command in '/home/vdr/ros2/build/subpub': CMAKE_PREFIX_PATH=${CMAKE_PREFIX_PATH}:/opt/ros/dashing /usr/bin/cmake --build /home/vdr/ros2/build/subpub -- -j8 -l8
[0.047s] [35m[1mScanning dependencies of target scanner[0m
[0.059s] [ 66%] Built target listener
[0.059s] [ 66%] Built target talker
[0.066s] [ 83%] [32mBuilding CXX object CMakeFiles/scanner.dir/src/scanner.cpp.o[0m
[0.797s] [01m[K/home/vdr/ros2/src/subpub/src/scanner.cpp:[m[K In member function ‘[01m[Kvoid Poggers::topic_callback(sensor_msgs::msg::LaserScan_<std::allocator<void> >::SharedPtr) const[m[K’:
[0.797s] [01m[K/home/vdr/ros2/src/subpub/src/scanner.cpp:29:22:[m[K [01;35m[Kwarning: [m[Kcomparison between signed and unsigned integer expressions [[01;35m[K-Wsign-compare[m[K]
[0.797s]          for(int i=0;[01;35m[Ki<scan->ranges.size()[m[K;i++){
[0.797s]                      [01;35m[K~^~~~~~~~~~~~~~~~~~~~[m[K
[1.798s] [100%] [32m[1mLinking CXX executable scanner[0m
[1.930s] [100%] Built target scanner
[1.939s] Invoked command in '/home/vdr/ros2/build/subpub' returned '0': CMAKE_PREFIX_PATH=${CMAKE_PREFIX_PATH}:/opt/ros/dashing /usr/bin/cmake --build /home/vdr/ros2/build/subpub -- -j8 -l8
[1.972s] Invoking command in '/home/vdr/ros2/build/subpub': CMAKE_PREFIX_PATH=${CMAKE_PREFIX_PATH}:/opt/ros/dashing /usr/bin/cmake --build /home/vdr/ros2/build/subpub --target install -- -j8 -l8
[2.020s] [ 33%] Built target scanner
[2.021s] [ 66%] Built target talker
[2.021s] [100%] Built target listener
[2.038s] [36mInstall the project...[0m
[2.045s] -- Install configuration: ""
[2.045s] -- Up-to-date: /home/vdr/ros2/install/subpub/lib/subpub/talker
[2.045s] -- Up-to-date: /home/vdr/ros2/install/subpub/lib/subpub/listener
[2.046s] -- Installing: /home/vdr/ros2/install/subpub/lib/subpub/scanner
[2.046s] -- Set runtime path of "/home/vdr/ros2/install/subpub/lib/subpub/scanner" to ""
[2.046s] -- Up-to-date: /home/vdr/ros2/install/subpub/share/ament_index/resource_index/package_run_dependencies/subpub
[2.047s] -- Up-to-date: /home/vdr/ros2/install/subpub/share/ament_index/resource_index/parent_prefix_path/subpub
[2.047s] -- Up-to-date: /home/vdr/ros2/install/subpub/share/subpub/environment/ament_prefix_path.sh
[2.047s] -- Up-to-date: /home/vdr/ros2/install/subpub/share/subpub/environment/path.sh
[2.047s] -- Up-to-date: /home/vdr/ros2/install/subpub/share/subpub/local_setup.bash
[2.047s] -- Up-to-date: /home/vdr/ros2/install/subpub/share/subpub/local_setup.sh
[2.047s] -- Up-to-date: /home/vdr/ros2/install/subpub/share/subpub/local_setup.zsh
[2.047s] -- Up-to-date: /home/vdr/ros2/install/subpub/share/ament_index/resource_index/packages/subpub
[2.047s] -- Up-to-date: /home/vdr/ros2/install/subpub/share/subpub/cmake/subpubConfig.cmake
[2.047s] -- Up-to-date: /home/vdr/ros2/install/subpub/share/subpub/cmake/subpubConfig-version.cmake
[2.047s] -- Up-to-date: /home/vdr/ros2/install/subpub/share/subpub/package.xml
[2.050s] Invoked command in '/home/vdr/ros2/build/subpub' returned '0': CMAKE_PREFIX_PATH=${CMAKE_PREFIX_PATH}:/opt/ros/dashing /usr/bin/cmake --build /home/vdr/ros2/build/subpub --target install -- -j8 -l8
